#
# A fatal error has been detected by the Java Runtime Environment:
#
#  SIGSEGV (0xb) at pc=0x000000010393d8f2, pid=3014, tid=33027
#
# JRE version: Java(TM) SE Runtime Environment (8.0_60-b27) (build 1.8.0_60-b27)
# Java VM: Java HotSpot(TM) 64-Bit Server VM (25.60-b23 mixed mode bsd-amd64 compressed oops)
# Problematic frame:
# J 706 C2 de.uniduesseldorf.dxram.core.chunk.storage.CIDTable.getEntry(JJI)J (88 bytes) @ 0x000000010393d8f2 [0x000000010393d860+0x92]
#
# Failed to write core dump. Core dumps have been disabled. To enable core dumping, try "ulimit -c unlimited" before starting Java again
#
# If you would like to submit a bug report, please visit:
#   http://bugreport.java.com/bugreport/crash.jsp
#

---------------  T H R E A D  ---------------

Current thread (0x00007fef7b06a800):  JavaThread "MessageHandler-thread-6" daemon [_thread_in_Java, id=33027, stack(0x000000011fadd000,0x000000011fbdd000)]

siginfo: si_signo: 11 (SIGSEGV), si_code: 1 (SEGV_MAPERR), si_addr: 0x00000008d6052047

Registers:
RAX=0x000000ffffffffff, RBX=0x00000008d6052045, RCX=0x0000000000000000, RDX=0x000000ffffffffff
RSP=0x000000011fbdc3d0, RBP=0x000000011d043000, RSI=0x00000007b900f03b, RDI=0x000000000000c181
R8 =0xc181000000000002, R9 =0x0000000000000001, R10=0x0000000000000000, R11=0x00000008d6052045
R12=0x0000000000000000, R13=0x0000000740016190, R14=0x000000011fbdc430, R15=0x00007fef7b06a800
RIP=0x000000010393d8f2, EFLAGS=0x0000000000010206, ERR=0x0000000000000004
  TRAPNO=0x000000000000000e

Top of Stack: (sp=0x000000011fbdc3d0)
0x000000011fbdc3d0:   000000011d048004 000000011d048004
0x000000011fbdc3e0:   000000011fbdc430 00007fef7b06a9f8
0x000000011fbdc3f0:   000000011fbdc440 00000001039193f1
0x000000011fbdc400:   000000011d043000 000000010393d96c
0x000000011fbdc410:   00000007400161e0 00000007400161b8
0x000000011fbdc420:   0000000740016190 fffffffe00000000
0x000000011fbdc430:   00000007400001e0 0000000000000202
0x000000011fbdc440:   c181000000000002 0000000103959924
0x000000011fbdc450:   0000000740016360 c181000000000002
0x000000011fbdc460:   0000000000000000 000000000003c785
0x000000011fbdc470:   0000000000000000 0000000000000000
0x000000011fbdc480:   0000000000000000 0000000000000000
0x000000011fbdc490:   000000011fbdc500 0000000103693aa4
0x000000011fbdc4a0:   c181000000000002 deaddeaf00000000
0x000000011fbdc4b0:   0000000797620258 0000000797620258
0x000000011fbdc4c0:   000000011fbdc4c0 0000000118151590
0x000000011fbdc4d0:   000000011fbdc528 00000001181531a0
0x000000011fbdc4e0:   0000000000000000 00000001181515f0
0x000000011fbdc4f0:   000000011fbdc4a8 000000011fbdc520
0x000000011fbdc500:   000000011fbdc570 00000001036939d0
0x000000011fbdc510:   0000000000000000 0000000000000000
0x000000011fbdc520:   c181000000000002 0000000796eb65a0
0x000000011fbdc530:   000000011fbdc530 0000000118413fb3
0x000000011fbdc540:   000000011fbdc5d8 00000001184153f0
0x000000011fbdc550:   0000000000000000 00000001184140b0
0x000000011fbdc560:   000000011fbdc520 000000011fbdc5d0
0x000000011fbdc570:   000000011fbdc620 00000001036939d0
0x000000011fbdc580:   0000000000000000 c181000000000002
0x000000011fbdc590:   0000000000000000 0000000000000002
0x000000011fbdc5a0:   0000000000000000 ffffffffffffc181
0x000000011fbdc5b0:   0000000000000000 00000007400163e0
0x000000011fbdc5c0:   0000000000000000 0000000000000000 

Instructions: (pc=0x000000010393d8f2)
0x000000010393d8d2:   4c 8b db 48 ba ff ff ff ff ff 00 00 00 49 3b f1
0x000000010393d8e2:   0f 84 90 00 00 00 48 b8 ff ff ff ff ff 00 00 00
0x000000010393d8f2:   49 23 43 02 48 bb ff ff ff ff 7f 00 00 00 48 23
0x000000010393d902:   c3 45 85 d2 7e 64 33 f6 48 85 c0 0f 8e 85 00 00 

Register to memory mapping:

RAX=0x000000ffffffffff is an unknown value
RBX=0x00000008d6052045 is an unknown value
RCX=0x0000000000000000 is an unknown value
RDX=0x000000ffffffffff is an unknown value
RSP=0x000000011fbdc3d0 is pointing into the stack for thread: 0x00007fef7b06a800
RBP=0x000000011d043000 is an unknown value
RSI=0x00000007b900f03b is an unallocated location in the heap
RDI=0x000000000000c181 is an unknown value
R8 =0xc181000000000002 is an unknown value
R9 =0x0000000000000001 is an unknown value
R10=0x0000000000000000 is an unknown value
R11=0x00000008d6052045 is an unknown value
R12=0x0000000000000000 is an unknown value
R13=0x0000000740016190 is an oop
de.uniduesseldorf.dxram.core.lookup.storage.CacheTree 
 - klass: 'de/uniduesseldorf/dxram/core/lookup/storage/CacheTree'
R14=0x000000011fbdc430 is pointing into the stack for thread: 0x00007fef7b06a800
R15=0x00007fef7b06a800 is a thread


Stack: [0x000000011fadd000,0x000000011fbdd000],  sp=0x000000011fbdc3d0,  free space=1020k
Native frames: (J=compiled Java code, j=interpreted, Vv=VM code, C=native code)
J 706 C2 de.uniduesseldorf.dxram.core.chunk.storage.CIDTable.getEntry(JJI)J (88 bytes) @ 0x000000010393d8f2 [0x000000010393d860+0x92]
J 706 C2 de.uniduesseldorf.dxram.core.chunk.storage.CIDTable.getEntry(JJI)J (88 bytes) @ 0x000000010393d96c [0x000000010393d860+0x10c]
J 740% C2 de.uniduesseldorf.dxram.core.chunk.ChunkHandler.get(J)Lde/uniduesseldorf/dxram/core/chunk/Chunk; (164 bytes) @ 0x0000000103959924 [0x0000000103959840+0xe4]
j  de.uniduesseldorf.dxram.core.api.Core.get(J)Lde/uniduesseldorf/dxram/core/chunk/Chunk;+16
j  de.uniduesseldorf.dxram.commands.CmdGet.remote_execute(Ljava/lang/String;)Ljava/lang/String;+51
j  de.uniduesseldorf.dxram.commands.CommandHandler.processCmd(Ljava/lang/String;Z)Ljava/lang/String;+43
j  de.uniduesseldorf.dxram.core.chunk.ChunkHandler.incomingCommandRequest(Lde/uniduesseldorf/dxram/core/chunk/ChunkMessages$CommandRequest;)V+24
j  de.uniduesseldorf.dxram.core.chunk.ChunkHandler.onIncomingMessage(Lde/uniduesseldorf/dxram/core/net/AbstractMessage;)V+224
j  de.uniduesseldorf.dxram.core.net.NetworkHandler$Entry.newMessage(Lde/uniduesseldorf/dxram/core/net/AbstractMessage;)V+25
j  de.uniduesseldorf.dxram.core.net.NetworkHandler$MessageHandler.run()V+68
j  java.util.concurrent.ThreadPoolExecutor.runWorker(Ljava/util/concurrent/ThreadPoolExecutor$Worker;)V+95
j  java.util.concurrent.ThreadPoolExecutor$Worker.run()V+5
j  java.lang.Thread.run()V+11
v  ~StubRoutines::call_stub
V  [libjvm.dylib+0x2eab0e]  JavaCalls::call_helper(JavaValue*, methodHandle*, JavaCallArguments*, Thread*)+0x6ae
V  [libjvm.dylib+0x2eb29c]  JavaCalls::call_virtual(JavaValue*, KlassHandle, Symbol*, Symbol*, JavaCallArguments*, Thread*)+0x164
V  [libjvm.dylib+0x2eb448]  JavaCalls::call_virtual(JavaValue*, Handle, KlassHandle, Symbol*, Symbol*, Thread*)+0x4a
V  [libjvm.dylib+0x345965]  thread_entry(JavaThread*, Thread*)+0x7c
V  [libjvm.dylib+0x5612d3]  JavaThread::thread_main_inner()+0x9b
V  [libjvm.dylib+0x5629ce]  JavaThread::run()+0x1c2
V  [libjvm.dylib+0x48343a]  java_start(Thread*)+0xf6
C  [libsystem_pthread.dylib+0x3268]  _pthread_body+0x83
C  [libsystem_pthread.dylib+0x31e5]  _pthread_body+0x0
C  [libsystem_pthread.dylib+0x141d]  thread_start+0xd
C  0x0000000000000000


---------------  P R O C E S S  ---------------

Java Threads: ( => current thread )
  0x00007fef7b820000 JavaThread "ShutdownThread" [_thread_blocked, id=16139, stack(0x0000000120283000,0x0000000120383000)]
  0x00007fef7b9d6800 JavaThread "SIGINT handler" daemon [_thread_blocked, id=14091, stack(0x0000000120180000,0x0000000120280000)]
  0x00007fef7b1e0800 JavaThread "MessageHandler-thread-10" daemon [_thread_blocked, id=35075, stack(0x000000012007d000,0x000000012017d000)]
  0x00007fef7b1a9800 JavaThread "MessageHandler-thread-9" daemon [_thread_in_vm, id=34563, stack(0x000000011fc7c000,0x000000011fd7c000)]
  0x00007fef7b8be000 JavaThread "MessageHandler-thread-8" daemon [_thread_blocked, id=34051, stack(0x000000011ff7a000,0x000000012007a000)]
  0x00007fef7cac5000 JavaThread "MessageHandler-thread-7" daemon [_thread_in_vm, id=33539, stack(0x000000011fe77000,0x000000011ff77000)]
=>0x00007fef7b06a800 JavaThread "MessageHandler-thread-6" daemon [_thread_in_Java, id=33027, stack(0x000000011fadd000,0x000000011fbdd000)]
  0x00007fef7b9a5800 JavaThread "MessageHandler-thread-5" daemon [_thread_blocked, id=32515, stack(0x000000011f897000,0x000000011f997000)]
  0x00007fef7c15d000 JavaThread "MessageHandler-thread-4" daemon [_thread_blocked, id=32003, stack(0x000000011f4e4000,0x000000011f5e4000)]
  0x00007fef7cac2800 JavaThread "Default-thread-10" daemon [_thread_blocked, id=31491, stack(0x000000011f3e1000,0x000000011f4e1000)]
  0x00007fef7b8cb800 JavaThread "MessageHandler-thread-3" daemon [_thread_in_vm, id=30979, stack(0x000000011f2de000,0x000000011f3de000)]
  0x00007fef7b0f5000 JavaThread "Default-thread-9" daemon [_thread_in_vm, id=30467, stack(0x000000011f1db000,0x000000011f2db000)]
  0x00007fef7b128800 JavaThread "Default-thread-8" daemon [_thread_in_vm, id=29955, stack(0x000000011f0d8000,0x000000011f1d8000)]
  0x00007fef7b143800 JavaThread "MessageHandler-thread-2" daemon [_thread_blocked, id=29443, stack(0x000000011efd5000,0x000000011f0d5000)]
  0x00007fef7ca4f000 JavaThread "StatisticsManager" daemon [_thread_blocked, id=27907, stack(0x000000011eccc000,0x000000011edcc000)]
  0x00007fef7c28a800 JavaThread "MessageHandler-thread-1" daemon [_thread_blocked, id=27395, stack(0x000000011ebc9000,0x000000011ecc9000)]
  0x00007fef7ca4e000 JavaThread "Default-thread-5" daemon [_thread_in_vm, id=26883, stack(0x000000011eac6000,0x000000011ebc6000)]
  0x00007fef7c90b800 JavaThread "NetworkStatistic" daemon [_thread_blocked, id=24323, stack(0x000000011cd3b000,0x000000011ce3b000)]
  0x00007fef7c90f000 JavaThread "NIO-thread-1" daemon [_thread_blocked, id=23811, stack(0x000000011cc38000,0x000000011cd38000)]
  0x00007fef7c8af000 JavaThread "main-SendThread(localhost:2181)" daemon [_thread_blocked, id=23047, stack(0x000000011c866000,0x000000011c966000)]
  0x00007fef7c029800 JavaThread "Service Thread" daemon [_thread_blocked, id=20739, stack(0x000000011c599000,0x000000011c699000)]
  0x00007fef7b029800 JavaThread "C1 CompilerThread3" daemon [_thread_blocked, id=20227, stack(0x000000011c496000,0x000000011c596000)]
  0x00007fef7b024800 JavaThread "C2 CompilerThread2" daemon [_thread_blocked, id=19715, stack(0x000000011c393000,0x000000011c493000)]
  0x00007fef7b023800 JavaThread "C2 CompilerThread1" daemon [_thread_blocked, id=19203, stack(0x000000011c290000,0x000000011c390000)]
  0x00007fef7c007000 JavaThread "C2 CompilerThread0" daemon [_thread_blocked, id=18691, stack(0x000000011c18d000,0x000000011c28d000)]
  0x00007fef7c01d800 JavaThread "Signal Dispatcher" daemon [_thread_blocked, id=15383, stack(0x000000011c08a000,0x000000011c18a000)]
  0x00007fef7c81e800 JavaThread "Finalizer" daemon [_thread_blocked, id=13571, stack(0x000000011a665000,0x000000011a765000)]
  0x00007fef7c81d800 JavaThread "Reference Handler" daemon [_thread_blocked, id=13059, stack(0x000000011a562000,0x000000011a662000)]
  0x00007fef7b011800 JavaThread "main" [_thread_blocked, id=4867, stack(0x000000010358a000,0x000000010368a000)]

Other Threads:
  0x00007fef7b819800 VMThread [stack: 0x000000011a45f000,0x000000011a55f000] [id=12547]
  0x00007fef7c01e800 WatcherThread [stack: 0x000000011c69c000,0x000000011c79c000] [id=21251]

VM state:synchronizing (normal execution)

VM Mutex/Monitor currently owned by a thread:  ([mutex/lock_event])
[0x00007fef7ac1e770] Safepoint_lock - owner thread: 0x00007fef7b819800
[0x00007fef7ac1e7f0] Threads_lock - owner thread: 0x00007fef7b819800

Heap:
 PSYoungGen      total 24576K, used 20090K [0x0000000795580000, 0x00000007a3880000, 0x00000007c0000000)
  eden space 24064K, 83% used [0x0000000795580000,0x000000079690eaa8,0x0000000796d00000)
  from space 512K, 12% used [0x00000007a3800000,0x00000007a3810000,0x00000007a3880000)
  to   space 512K, 0% used [0x00000007a3780000,0x00000007a3780000,0x00000007a3800000)
 ParOldGen       total 87552K, used 5496K [0x0000000740000000, 0x0000000745580000, 0x0000000795580000)
  object space 87552K, 6% used [0x0000000740000000,0x000000074055e360,0x0000000745580000)
 Metaspace       used 8284K, capacity 8486K, committed 8704K, reserved 1056768K
  class space    used 941K, capacity 1017K, committed 1024K, reserved 1048576K

Card table byte_map: [0x0000000112a4c000,0x0000000112e4d000] byte_map_base: 0x000000010f04c000

Marking Bits: (ParMarkBitMap*) 0x0000000102edee20
 Begin Bits: [0x0000000113910000, 0x0000000115910000)
 End Bits:   [0x0000000115910000, 0x0000000117910000)

Polling page: 0x00000001015be000

CodeCache: size=245760Kb used=2692Kb max_used=2941Kb free=243067Kb
 bounds [0x000000010368c000, 0x000000010397c000, 0x000000011268c000]
 total_blobs=1076 nmethods=735 adapters=255
 compilation: enabled

Compilation events (10 events):
Event: 104.885 Thread 0x00007fef7b024800  819       4       sun.nio.ch.KQueueArrayWrapper::getReventOps (55 bytes)
Event: 104.886 Thread 0x00007fef7b024800 nmethod 819 0x00000001038b44d0 code [0x00000001038b4620, 0x00000001038b46f8]
Event: 104.897 Thread 0x00007fef7b023800  820       4       java.util.HashMap$KeyIterator::next (8 bytes)
Event: 104.901 Thread 0x00007fef7b023800 nmethod 820 0x00000001037b2810 code [0x00000001037b2960, 0x00000001037b2bd8]
Event: 104.904 Thread 0x00007fef7c007000  821       4       sun.nio.ch.SocketChannelImpl::translateAndSetReadyOps (8 bytes)
Event: 104.906 Thread 0x00007fef7c007000 nmethod 821 0x0000000103942590 code [0x0000000103942700, 0x0000000103942918]
Event: 104.937 Thread 0x00007fef7b024800  822       4       java.util.HashMap::removeNode (291 bytes)
Event: 104.945 Thread 0x00007fef7b024800 nmethod 822 0x000000010393c6d0 code [0x000000010393c880, 0x000000010393cee8]
Event: 105.075 Thread 0x00007fef7b023800  823       4       java.util.HashMap::clear (50 bytes)
Event: 105.077 Thread 0x00007fef7b023800 nmethod 823 0x0000000103860990 code [0x0000000103860ae0, 0x0000000103860bd8]

GC Heap History (10 events):
Event: 104.713 GC heap before
{Heap before GC invocations=982 (full 0):
 PSYoungGen      total 24576K, used 24128K [0x0000000795580000, 0x00000007a3880000, 0x00000007c0000000)
  eden space 24064K, 100% used [0x0000000795580000,0x0000000796d00000,0x0000000796d00000)
  from space 512K, 12% used [0x00000007a3780000,0x00000007a3790000,0x00000007a3800000)
  to   space 512K, 0% used [0x00000007a3800000,0x00000007a3800000,0x00000007a3880000)
 ParOldGen       total 87552K, used 5408K [0x0000000740000000, 0x0000000745580000, 0x0000000795580000)
  object space 87552K, 6% used [0x0000000740000000,0x0000000740548360,0x0000000745580000)
 Metaspace       used 8260K, capacity 8390K, committed 8448K, reserved 1056768K
  class space    used 938K, capacity 985K, committed 1024K, reserved 1048576K
Event: 104.713 GC heap after
Heap after GC invocations=982 (full 0):
 PSYoungGen      total 24576K, used 96K [0x0000000795580000, 0x00000007a3880000, 0x00000007c0000000)
  eden space 24064K, 0% used [0x0000000795580000,0x0000000795580000,0x0000000796d00000)
  from space 512K, 18% used [0x00000007a3800000,0x00000007a3818000,0x00000007a3880000)
  to   space 512K, 0% used [0x00000007a3780000,0x00000007a3780000,0x00000007a3800000)
 ParOldGen       total 87552K, used 5408K [0x0000000740000000, 0x0000000745580000, 0x0000000795580000)
  object space 87552K, 6% used [0x0000000740000000,0x0000000740548360,0x0000000745580000)
 Metaspace       used 8260K, capacity 8390K, committed 8448K, reserved 1056768K
  class space    used 938K, capacity 985K, committed 1024K, reserved 1048576K
}
Event: 104.797 GC heap before
{Heap before GC invocations=983 (full 0):
 PSYoungGen      total 24576K, used 24160K [0x0000000795580000, 0x00000007a3880000, 0x00000007c0000000)
  eden space 24064K, 100% used [0x0000000795580000,0x0000000796d00000,0x0000000796d00000)
  from space 512K, 18% used [0x00000007a3800000,0x00000007a3818000,0x00000007a3880000)
  to   space 512K, 0% used [0x00000007a3780000,0x00000007a3780000,0x00000007a3800000)
 ParOldGen       total 87552K, used 5408K [0x0000000740000000, 0x0000000745580000, 0x0000000795580000)
  object space 87552K, 6% used [0x0000000740000000,0x0000000740548360,0x0000000745580000)
 Metaspace       used 8260K, capacity 8390K, committed 8448K, reserved 1056768K
  class space    used 938K, capacity 985K, committed 1024K, reserved 1048576K
Event: 104.798 GC heap after
Heap after GC invocations=983 (full 0):
 PSYoungGen      total 24576K, used 96K [0x0000000795580000, 0x00000007a3880000, 0x00000007c0000000)
  eden space 24064K, 0% used [0x0000000795580000,0x0000000795580000,0x0000000796d00000)
  from space 512K, 18% used [0x00000007a3780000,0x00000007a3798000,0x00000007a3800000)
  to   space 512K, 0% used [0x00000007a3800000,0x00000007a3800000,0x00000007a3880000)
 ParOldGen       total 87552K, used 5408K [0x0000000740000000, 0x0000000745580000, 0x0000000795580000)
  object space 87552K, 6% used [0x0000000740000000,0x0000000740548360,0x0000000745580000)
 Metaspace       used 8260K, capacity 8390K, committed 8448K, reserved 1056768K
  class space    used 938K, capacity 985K, committed 1024K, reserved 1048576K
}
Event: 104.889 GC heap before
{Heap before GC invocations=984 (full 0):
 PSYoungGen      total 24576K, used 24160K [0x0000000795580000, 0x00000007a3880000, 0x00000007c0000000)
  eden space 24064K, 100% used [0x0000000795580000,0x0000000796d00000,0x0000000796d00000)
  from space 512K, 18% used [0x00000007a3780000,0x00000007a3798000,0x00000007a3800000)
  to   space 512K, 0% used [0x00000007a3800000,0x00000007a3800000,0x00000007a3880000)
 ParOldGen       total 87552K, used 5408K [0x0000000740000000, 0x0000000745580000, 0x0000000795580000)
  object space 87552K, 6% used [0x0000000740000000,0x0000000740548360,0x0000000745580000)
 Metaspace       used 8260K, capacity 8390K, committed 8448K, reserved 1056768K
  class space    used 938K, capacity 985K, committed 1024K, reserved 1048576K
Event: 104.889 GC heap after
Heap after GC invocations=984 (full 0):
 PSYoungGen      total 24576K, used 64K [0x0000000795580000, 0x00000007a3880000, 0x00000007c0000000)
  eden space 24064K, 0% used [0x0000000795580000,0x0000000795580000,0x0000000796d00000)
  from space 512K, 12% used [0x00000007a3800000,0x00000007a3810000,0x00000007a3880000)
  to   space 512K, 0% used [0x00000007a3780000,0x00000007a3780000,0x00000007a3800000)
 ParOldGen       total 87552K, used 5448K [0x0000000740000000, 0x0000000745580000, 0x0000000795580000)
  object space 87552K, 6% used [0x0000000740000000,0x0000000740552360,0x0000000745580000)
 Metaspace       used 8260K, capacity 8390K, committed 8448K, reserved 1056768K
  class space    used 938K, capacity 985K, committed 1024K, reserved 1048576K
}
Event: 104.969 GC heap before
{Heap before GC invocations=985 (full 0):
 PSYoungGen      total 24576K, used 24128K [0x0000000795580000, 0x00000007a3880000, 0x00000007c0000000)
  eden space 24064K, 100% used [0x0000000795580000,0x0000000796d00000,0x0000000796d00000)
  from space 512K, 12% used [0x00000007a3800000,0x00000007a3810000,0x00000007a3880000)
  to   space 512K, 0% used [0x00000007a3780000,0x00000007a3780000,0x00000007a3800000)
 ParOldGen       total 87552K, used 5448K [0x0000000740000000, 0x0000000745580000, 0x0000000795580000)
  object space 87552K, 6% used [0x0000000740000000,0x0000000740552360,0x0000000745580000)
 Metaspace       used 8260K, capacity 8390K, committed 8448K, reserved 1056768K
  class space    used 938K, capacity 985K, committed 1024K, reserved 1048576K
Event: 104.970 GC heap after
Heap after GC invocations=985 (full 0):
 PSYoungGen      total 24576K, used 64K [0x0000000795580000, 0x00000007a3880000, 0x00000007c0000000)
  eden space 24064K, 0% used [0x0000000795580000,0x0000000795580000,0x0000000796d00000)
  from space 512K, 12% used [0x00000007a3780000,0x00000007a3790000,0x00000007a3800000)
  to   space 512K, 0% used [0x00000007a3800000,0x00000007a3800000,0x00000007a3880000)
 ParOldGen       total 87552K, used 5496K [0x0000000740000000, 0x0000000745580000, 0x0000000795580000)
  object space 87552K, 6% used [0x0000000740000000,0x000000074055e360,0x0000000745580000)
 Metaspace       used 8260K, capacity 8390K, committed 8448K, reserved 1056768K
  class space    used 938K, capacity 985K, committed 1024K, reserved 1048576K
}
Event: 105.049 GC heap before
{Heap before GC invocations=986 (full 0):
 PSYoungGen      total 24576K, used 24128K [0x0000000795580000, 0x00000007a3880000, 0x00000007c0000000)
  eden space 24064K, 100% used [0x0000000795580000,0x0000000796d00000,0x0000000796d00000)
  from space 512K, 12% used [0x00000007a3780000,0x00000007a3790000,0x00000007a3800000)
  to   space 512K, 0% used [0x00000007a3800000,0x00000007a3800000,0x00000007a3880000)
 ParOldGen       total 87552K, used 5496K [0x0000000740000000, 0x0000000745580000, 0x0000000795580000)
  object space 87552K, 6% used [0x0000000740000000,0x000000074055e360,0x0000000745580000)
 Metaspace       used 8260K, capacity 8390K, committed 8448K, reserved 1056768K
  class space    used 938K, capacity 985K, committed 1024K, reserved 1048576K
Event: 105.050 GC heap after
Heap after GC invocations=986 (full 0):
 PSYoungGen      total 24576K, used 64K [0x0000000795580000, 0x00000007a3880000, 0x00000007c0000000)
  eden space 24064K, 0% used [0x0000000795580000,0x0000000795580000,0x0000000796d00000)
  from space 512K, 12% used [0x00000007a3800000,0x00000007a3810000,0x00000007a3880000)
  to   space 512K, 0% used [0x00000007a3780000,0x00000007a3780000,0x00000007a3800000)
 ParOldGen       total 87552K, used 5496K [0x0000000740000000, 0x0000000745580000, 0x0000000795580000)
  object space 87552K, 6% used [0x0000000740000000,0x000000074055e360,0x0000000745580000)
 Metaspace       used 8260K, capacity 8390K, committed 8448K, reserved 1056768K
  class space    used 938K, capacity 985K, committed 1024K, reserved 1048576K
}

Deoptimization events (10 events):
Event: 0.294 Thread 0x00007fef7c8af000 Uncommon trap: reason=unstable_if action=reinterpret pc=0x00000001037f36d4 method=java.lang.String.lastIndexOf([CII[CIII)I @ 66
Event: 0.440 Thread 0x00007fef7b011800 Uncommon trap: reason=unstable_if action=reinterpret pc=0x0000000103855cdc method=java.lang.String.replace(CC)Ljava/lang/String; @ 26
Event: 2.136 Thread 0x00007fef7c8af000 Uncommon trap: reason=unstable_if action=reinterpret pc=0x00000001038f37d8 method=java.util.concurrent.locks.AbstractQueuedSynchronizer.release(I)Z @ 14
Event: 6.502 Thread 0x00007fef7c90f000 Uncommon trap: reason=class_check action=maybe_recompile pc=0x000000010390cc7c method=sun.nio.ch.KQueueSelectorImpl.updateSelectedKeys(I)I @ 174
Event: 6.506 Thread 0x00007fef7c90f000 Uncommon trap: reason=null_check action=make_not_entrant pc=0x000000010390e1a4 method=de.uniduesseldorf.dxram.core.net.NIOConnectionCreator$Worker.dispatch(Ljava/nio/channels/SelectionKey;)V @ 4
Event: 6.516 Thread 0x00007fef7c90f000 Uncommon trap: reason=unstable_if action=reinterpret pc=0x00000001038f50bc method=java.util.ArrayDeque.isEmpty()Z @ 8
Event: 10.576 Thread 0x00007fef7cac2800 Uncommon trap: reason=unstable_if action=reinterpret pc=0x00000001038fd1c0 method=java.util.concurrent.locks.ReentrantLock$Sync.nonfairTryAcquire(I)Z @ 10
Event: 12.705 Thread 0x00007fef7b06a800 Uncommon trap: reason=bimorphic action=maybe_recompile pc=0x00000001038f87d0 method=java.util.concurrent.locks.AbstractQueuedSynchronizer.release(I)Z @ 2
Event: 14.585 Thread 0x00007fef7c23e000 Uncommon trap: reason=unstable_if action=reinterpret pc=0x00000001038f4578 method=java.util.concurrent.locks.ReentrantLock$Sync.nonfairTryAcquire(I)Z @ 10
Event: 103.778 Thread 0x00007fef7c90f000 Uncommon trap: reason=unstable_if action=reinterpret pc=0x000000010392cc44 method=sun.nio.ch.SelectorImpl.processDeregisterQueue()V @ 15

Internal exceptions (10 events):
Event: 0.160 Thread 0x00007fef7b011800 Exception <a 'java/lang/ArrayIndexOutOfBoundsException': 160> (0x00000007958e6020) thrown at [/Users/java_re/workspace/8-2-build-macosx-x86_64/jdk8u60/4407/hotspot/src/share/vm/interpreter/interpreterRuntime.cpp, line 366]
Event: 0.163 Thread 0x00007fef7b011800 Exception <a 'java/lang/ClassNotFoundException': org/apache/log4j/LayoutCustomizer> (0x00000007958edf00) thrown at [/Users/java_re/workspace/8-2-build-macosx-x86_64/jdk8u60/4407/hotspot/src/share/vm/classfile/systemDictionary.cpp, line 210]
Event: 0.165 Thread 0x00007fef7b011800 Exception <a 'java/lang/ClassNotFoundException': org/apache/log4j/PatternLayoutCustomizer> (0x0000000795902ea0) thrown at [/Users/java_re/workspace/8-2-build-macosx-x86_64/jdk8u60/4407/hotspot/src/share/vm/classfile/systemDictionary.cpp, line 210]
Event: 0.180 Thread 0x00007fef7b011800 Exception <a 'java/security/PrivilegedActionException'> (0x0000000795954f78) thrown at [/Users/java_re/workspace/8-2-build-macosx-x86_64/jdk8u60/4407/hotspot/src/share/vm/prims/jvm.cpp, line 1386]
Event: 0.181 Thread 0x00007fef7b011800 Exception <a 'java/security/PrivilegedActionException'> (0x0000000795955370) thrown at [/Users/java_re/workspace/8-2-build-macosx-x86_64/jdk8u60/4407/hotspot/src/share/vm/prims/jvm.cpp, line 1386]
Event: 0.181 Thread 0x00007fef7b011800 Exception <a 'java/security/PrivilegedActionException'> (0x00000007959589e0) thrown at [/Users/java_re/workspace/8-2-build-macosx-x86_64/jdk8u60/4407/hotspot/src/share/vm/prims/jvm.cpp, line 1386]
Event: 0.181 Thread 0x00007fef7b011800 Exception <a 'java/security/PrivilegedActionException'> (0x0000000795958dd8) thrown at [/Users/java_re/workspace/8-2-build-macosx-x86_64/jdk8u60/4407/hotspot/src/share/vm/prims/jvm.cpp, line 1386]
Event: 0.332 Thread 0x00007fef7c8af000 Exception <a 'java/lang/NoSuchFieldError': method resolution failed> (0x0000000795d87ce8) thrown at [/Users/java_re/workspace/8-2-build-macosx-x86_64/jdk8u60/4407/hotspot/src/share/vm/prims/methodHandles.cpp, line 1146]
Event: 0.334 Thread 0x00007fef7c8af000 Exception <a 'java/lang/NoSuchFieldError': method resolution failed> (0x0000000795d951f0) thrown at [/Users/java_re/workspace/8-2-build-macosx-x86_64/jdk8u60/4407/hotspot/src/share/vm/prims/methodHandles.cpp, line 1146]
Event: 6.506 Thread 0x00007fef7c90f000 Implicit null exception at 0x000000010390a895 to 0x000000010390e181

Events (10 events):
Event: 105.107 loading class sun/misc/Signal$1
Event: 105.107 loading class sun/misc/Signal$1 done
Event: 105.107 Thread 0x00007fef7b9d6800 Thread added: 0x00007fef7b9d6800
Event: 105.107 loading class java/util/IdentityHashMap$KeySet
Event: 105.107 loading class java/util/IdentityHashMap$KeySet done
Event: 105.107 loading class java/util/IdentityHashMap$KeyIterator
Event: 105.107 loading class java/util/IdentityHashMap$IdentityHashMapIterator
Event: 105.107 loading class java/util/IdentityHashMap$IdentityHashMapIterator done
Event: 105.107 loading class java/util/IdentityHashMap$KeyIterator done
Event: 105.108 Thread 0x00007fef7b820000 Thread added: 0x00007fef7b820000


Dynamic libraries:
0x0000000002ae4000 	/System/Library/Frameworks/Cocoa.framework/Versions/A/Cocoa
0x0000000002ae4000 	/System/Library/Frameworks/Security.framework/Versions/A/Security
0x0000000002ae4000 	/System/Library/Frameworks/ApplicationServices.framework/Versions/A/ApplicationServices
0x0000000002ae4000 	/usr/lib/libz.1.dylib
0x0000000002ae4000 	/usr/lib/libSystem.B.dylib
0x0000000002ae4000 	/usr/lib/libobjc.A.dylib
0x0000000002ae4000 	/System/Library/Frameworks/CoreFoundation.framework/Versions/A/CoreFoundation
0x0000000002ae4000 	/System/Library/Frameworks/Foundation.framework/Versions/C/Foundation
0x0000000002ae4000 	/System/Library/Frameworks/AppKit.framework/Versions/C/AppKit
0x0000000002ae4000 	/System/Library/Frameworks/CoreData.framework/Versions/A/CoreData
0x0000000002ae4000 	/System/Library/PrivateFrameworks/RemoteViewServices.framework/Versions/A/RemoteViewServices
0x0000000002ae4000 	/System/Library/PrivateFrameworks/UIFoundation.framework/Versions/A/UIFoundation
0x0000000002ae4000 	/System/Library/Frameworks/IOSurface.framework/Versions/A/IOSurface
0x0000000002ae4000 	/System/Library/Frameworks/AudioToolbox.framework/Versions/A/AudioToolbox
0x0000000002ae4000 	/System/Library/Frameworks/AudioUnit.framework/Versions/A/AudioUnit
0x0000000002ae4000 	/System/Library/PrivateFrameworks/DataDetectorsCore.framework/Versions/A/DataDetectorsCore
0x0000000002ae4000 	/System/Library/PrivateFrameworks/DesktopServicesPriv.framework/Versions/A/DesktopServicesPriv
0x0000000002ae4000 	/System/Library/Frameworks/Carbon.framework/Versions/A/Frameworks/HIToolbox.framework/Versions/A/HIToolbox
0x0000000002ae4000 	/System/Library/Frameworks/QuartzCore.framework/Versions/A/QuartzCore
0x0000000002ae4000 	/System/Library/Frameworks/Carbon.framework/Versions/A/Frameworks/SpeechRecognition.framework/Versions/A/SpeechRecognition
0x0000000002ae4000 	/usr/lib/libauto.dylib
0x0000000002ae4000 	/usr/lib/libicucore.A.dylib
0x0000000002ae4000 	/usr/lib/libxml2.2.dylib
0x0000000002ae4000 	/System/Library/PrivateFrameworks/CoreUI.framework/Versions/A/CoreUI
0x0000000002ae4000 	/System/Library/Frameworks/CoreAudio.framework/Versions/A/CoreAudio
0x0000000002ae4000 	/System/Library/Frameworks/DiskArbitration.framework/Versions/A/DiskArbitration
0x0000000002ae4000 	/usr/lib/liblangid.dylib
0x0000000002ae4000 	/System/Library/PrivateFrameworks/MultitouchSupport.framework/Versions/A/MultitouchSupport
0x0000000002ae4000 	/System/Library/Frameworks/IOKit.framework/Versions/A/IOKit
0x0000000002ae4000 	/usr/lib/libDiagnosticMessagesClient.dylib
0x0000000002ae4000 	/System/Library/Frameworks/CoreServices.framework/Versions/A/CoreServices
0x0000000002ae4000 	/System/Library/PrivateFrameworks/PerformanceAnalysis.framework/Versions/A/PerformanceAnalysis
0x0000000002ae4000 	/System/Library/PrivateFrameworks/GenerationalStorage.framework/Versions/A/GenerationalStorage
0x0000000002ae4000 	/System/Library/Frameworks/OpenGL.framework/Versions/A/OpenGL
0x0000000002ae4000 	/System/Library/PrivateFrameworks/Sharing.framework/Versions/A/Sharing
0x0000000002ae4000 	/System/Library/Frameworks/CoreGraphics.framework/Versions/A/CoreGraphics
0x0000000002ae4000 	/System/Library/Frameworks/CoreText.framework/Versions/A/CoreText
0x0000000002ae4000 	/System/Library/Frameworks/ImageIO.framework/Versions/A/ImageIO
0x0000000002ae4000 	/usr/lib/libextension.dylib
0x0000000002ae4000 	/System/Library/PrivateFrameworks/Backup.framework/Versions/A/Backup
0x0000000002ae4000 	/usr/lib/libarchive.2.dylib
0x0000000002ae4000 	/System/Library/Frameworks/CFNetwork.framework/Versions/A/CFNetwork
0x0000000002ae4000 	/System/Library/Frameworks/SystemConfiguration.framework/Versions/A/SystemConfiguration
0x0000000002ae4000 	/usr/lib/libCRFSuite.dylib
0x0000000002ae4000 	/usr/lib/libc++.1.dylib
0x0000000002ae4000 	/usr/lib/libc++abi.dylib
0x0000000002ae4000 	/usr/lib/system/libcache.dylib
0x0000000002ae4000 	/usr/lib/system/libcommonCrypto.dylib
0x0000000002ae4000 	/usr/lib/system/libcompiler_rt.dylib
0x0000000002ae4000 	/usr/lib/system/libcopyfile.dylib
0x0000000002ae4000 	/usr/lib/system/libcorecrypto.dylib
0x0000000002ae4000 	/usr/lib/system/libdispatch.dylib
0x0000000002ae4000 	/usr/lib/system/libdyld.dylib
0x0000000002ae4000 	/usr/lib/system/libkeymgr.dylib
0x0000000002ae4000 	/usr/lib/system/liblaunch.dylib
0x0000000002ae4000 	/usr/lib/system/libmacho.dylib
0x0000000002ae4000 	/usr/lib/system/libquarantine.dylib
0x0000000002ae4000 	/usr/lib/system/libremovefile.dylib
0x0000000002ae4000 	/usr/lib/system/libsystem_asl.dylib
0x0000000002ae4000 	/usr/lib/system/libsystem_blocks.dylib
0x0000000002ae4000 	/usr/lib/system/libsystem_c.dylib
0x0000000002ae4000 	/usr/lib/system/libsystem_configuration.dylib
0x0000000002ae4000 	/usr/lib/system/libsystem_coreservices.dylib
0x0000000002ae4000 	/usr/lib/system/libsystem_coretls.dylib
0x0000000002ae4000 	/usr/lib/system/libsystem_dnssd.dylib
0x0000000002ae4000 	/usr/lib/system/libsystem_info.dylib
0x0000000002ae4000 	/usr/lib/system/libsystem_kernel.dylib
0x0000000002ae4000 	/usr/lib/system/libsystem_m.dylib
0x0000000002ae4000 	/usr/lib/system/libsystem_malloc.dylib
0x0000000002ae4000 	/usr/lib/system/libsystem_network.dylib
0x0000000002ae4000 	/usr/lib/system/libsystem_networkextension.dylib
0x0000000002ae4000 	/usr/lib/system/libsystem_notify.dylib
0x0000000002ae4000 	/usr/lib/system/libsystem_platform.dylib
0x0000000002ae4000 	/usr/lib/system/libsystem_pthread.dylib
0x0000000002ae4000 	/usr/lib/system/libsystem_sandbox.dylib
0x0000000002ae4000 	/usr/lib/system/libsystem_secinit.dylib
0x0000000002ae4000 	/usr/lib/system/libsystem_stats.dylib
0x0000000002ae4000 	/usr/lib/system/libsystem_trace.dylib
0x0000000002ae4000 	/usr/lib/system/libunc.dylib
0x0000000002ae4000 	/usr/lib/system/libunwind.dylib
0x0000000002ae4000 	/usr/lib/system/libxpc.dylib
0x0000000002ae4000 	/usr/lib/libbz2.1.0.dylib
0x0000000002ae4000 	/usr/lib/liblzma.5.dylib
0x0000000002ae4000 	/usr/lib/libbsm.0.dylib
0x0000000002ae4000 	/usr/lib/libsqlite3.dylib
0x0000000002ae4000 	/usr/lib/system/libkxld.dylib
0x0000000002ae4000 	/usr/lib/libxar.1.dylib
0x0000000002ae4000 	/usr/lib/libpam.2.dylib
0x0000000002ae4000 	/usr/lib/libOpenScriptingUtil.dylib
0x0000000002ae4000 	/System/Library/Frameworks/CoreServices.framework/Versions/A/Frameworks/FSEvents.framework/Versions/A/FSEvents
0x0000000002ae4000 	/System/Library/Frameworks/CoreServices.framework/Versions/A/Frameworks/CarbonCore.framework/Versions/A/CarbonCore
0x0000000002ae4000 	/System/Library/Frameworks/CoreServices.framework/Versions/A/Frameworks/Metadata.framework/Versions/A/Metadata
0x0000000002ae4000 	/System/Library/Frameworks/CoreServices.framework/Versions/A/Frameworks/OSServices.framework/Versions/A/OSServices
0x0000000002ae4000 	/System/Library/Frameworks/CoreServices.framework/Versions/A/Frameworks/SearchKit.framework/Versions/A/SearchKit
0x0000000002ae4000 	/System/Library/Frameworks/CoreServices.framework/Versions/A/Frameworks/AE.framework/Versions/A/AE
0x0000000002ae4000 	/System/Library/Frameworks/CoreServices.framework/Versions/A/Frameworks/LaunchServices.framework/Versions/A/LaunchServices
0x0000000002ae4000 	/System/Library/Frameworks/CoreServices.framework/Versions/A/Frameworks/DictionaryServices.framework/Versions/A/DictionaryServices
0x0000000002ae4000 	/System/Library/Frameworks/NetFS.framework/Versions/A/NetFS
0x0000000002ae4000 	/System/Library/PrivateFrameworks/NetAuth.framework/Versions/A/NetAuth
0x0000000002ae4000 	/System/Library/PrivateFrameworks/login.framework/Versions/A/Frameworks/loginsupport.framework/Versions/A/loginsupport
0x0000000002ae4000 	/System/Library/PrivateFrameworks/TCC.framework/Versions/A/TCC
0x0000000002ae4000 	/usr/lib/libmecabra.dylib
0x0000000002ae4000 	/System/Library/Frameworks/ApplicationServices.framework/Versions/A/Frameworks/ATS.framework/Versions/A/ATS
0x0000000002ae4000 	/System/Library/Frameworks/ApplicationServices.framework/Versions/A/Frameworks/ColorSync.framework/Versions/A/ColorSync
0x0000000002ae4000 	/System/Library/Frameworks/ApplicationServices.framework/Versions/A/Frameworks/HIServices.framework/Versions/A/HIServices
0x0000000002ae4000 	/System/Library/Frameworks/ApplicationServices.framework/Versions/A/Frameworks/LangAnalysis.framework/Versions/A/LangAnalysis
0x0000000002ae4000 	/System/Library/Frameworks/ApplicationServices.framework/Versions/A/Frameworks/PrintCore.framework/Versions/A/PrintCore
0x0000000002ae4000 	/System/Library/Frameworks/ApplicationServices.framework/Versions/A/Frameworks/QD.framework/Versions/A/QD
0x0000000002ae4000 	/System/Library/Frameworks/ApplicationServices.framework/Versions/A/Frameworks/SpeechSynthesis.framework/Versions/A/SpeechSynthesis
0x0000000002ae4000 	/System/Library/Frameworks/Accelerate.framework/Versions/A/Accelerate
0x0000000002ae4000 	/System/Library/Frameworks/Accelerate.framework/Versions/A/Frameworks/vImage.framework/Versions/A/vImage
0x0000000002ae4000 	/System/Library/Frameworks/Accelerate.framework/Versions/A/Frameworks/vecLib.framework/Versions/A/vecLib
0x0000000002ae4000 	/System/Library/Frameworks/Accelerate.framework/Versions/A/Frameworks/vecLib.framework/Versions/A/libvDSP.dylib
0x0000000002ae4000 	/System/Library/Frameworks/Accelerate.framework/Versions/A/Frameworks/vecLib.framework/Versions/A/libvMisc.dylib
0x0000000002ae4000 	/System/Library/Frameworks/Accelerate.framework/Versions/A/Frameworks/vecLib.framework/Versions/A/libLAPACK.dylib
0x0000000002ae4000 	/System/Library/Frameworks/Accelerate.framework/Versions/A/Frameworks/vecLib.framework/Versions/A/libBLAS.dylib
0x0000000002ae4000 	/System/Library/Frameworks/Accelerate.framework/Versions/A/Frameworks/vecLib.framework/Versions/A/libLinearAlgebra.dylib
0x0000000002ae4000 	/System/Library/Frameworks/ApplicationServices.framework/Versions/A/Frameworks/ATS.framework/Versions/A/Resources/libFontParser.dylib
0x0000000002ae4000 	/System/Library/Frameworks/ApplicationServices.framework/Versions/A/Frameworks/ATS.framework/Versions/A/Resources/libFontRegistry.dylib
0x0000000002ae4000 	/System/Library/PrivateFrameworks/AppleVPA.framework/Versions/A/AppleVPA
0x0000000002ae4000 	/System/Library/PrivateFrameworks/AppleJPEG.framework/Versions/A/AppleJPEG
0x0000000002ae4000 	/System/Library/Frameworks/ImageIO.framework/Versions/A/Resources/libJPEG.dylib
0x0000000002ae4000 	/System/Library/Frameworks/ImageIO.framework/Versions/A/Resources/libTIFF.dylib
0x0000000002ae4000 	/System/Library/Frameworks/ImageIO.framework/Versions/A/Resources/libPng.dylib
0x0000000002ae4000 	/System/Library/Frameworks/ImageIO.framework/Versions/A/Resources/libGIF.dylib
0x0000000002ae4000 	/System/Library/Frameworks/ImageIO.framework/Versions/A/Resources/libJP2.dylib
0x0000000002ae4000 	/System/Library/Frameworks/ImageIO.framework/Versions/A/Resources/libRadiance.dylib
0x0000000002ae4000 	/System/Library/Frameworks/CoreVideo.framework/Versions/A/CoreVideo
0x0000000002ae4000 	/System/Library/Frameworks/OpenGL.framework/Versions/A/Libraries/libGLU.dylib
0x0000000002ae4000 	/System/Library/Frameworks/OpenGL.framework/Versions/A/Libraries/libGFXShared.dylib
0x0000000002ae4000 	/System/Library/Frameworks/OpenGL.framework/Versions/A/Libraries/libGL.dylib
0x0000000002ae4000 	/System/Library/Frameworks/OpenGL.framework/Versions/A/Libraries/libGLImage.dylib
0x0000000002ae4000 	/System/Library/Frameworks/OpenGL.framework/Versions/A/Libraries/libCVMSPluginSupport.dylib
0x0000000002ae4000 	/System/Library/Frameworks/OpenGL.framework/Versions/A/Libraries/libCoreVMClient.dylib
0x0000000002ae4000 	/usr/lib/libcups.2.dylib
0x0000000002ae4000 	/System/Library/Frameworks/Kerberos.framework/Versions/A/Kerberos
0x0000000002ae4000 	/System/Library/Frameworks/GSS.framework/Versions/A/GSS
0x0000000002ae4000 	/usr/lib/libresolv.9.dylib
0x0000000002ae4000 	/usr/lib/libiconv.2.dylib
0x0000000002ae4000 	/System/Library/PrivateFrameworks/Heimdal.framework/Versions/A/Heimdal
0x0000000002ae4000 	/usr/lib/libheimdal-asn1.dylib
0x0000000002ae4000 	/System/Library/Frameworks/OpenDirectory.framework/Versions/A/OpenDirectory
0x0000000002ae4000 	/System/Library/PrivateFrameworks/CommonAuth.framework/Versions/A/CommonAuth
0x0000000002ae4000 	/System/Library/Frameworks/OpenDirectory.framework/Versions/A/Frameworks/CFOpenDirectory.framework/Versions/A/CFOpenDirectory
0x0000000002ae4000 	/System/Library/Frameworks/SecurityFoundation.framework/Versions/A/SecurityFoundation
0x0000000002ae4000 	/System/Library/PrivateFrameworks/LanguageModeling.framework/Versions/A/LanguageModeling
0x0000000002ae4000 	/usr/lib/libcmph.dylib
0x0000000002ae4000 	/System/Library/Frameworks/ServiceManagement.framework/Versions/A/ServiceManagement
0x0000000002ae4000 	/usr/lib/libxslt.1.dylib
0x0000000002ae4000 	/System/Library/Frameworks/Carbon.framework/Versions/A/Frameworks/Ink.framework/Versions/A/Ink
0x0000000002ae4000 	/System/Library/Frameworks/QuartzCore.framework/Versions/A/Frameworks/CoreImage.framework/Versions/A/CoreImage
0x0000000002ae4000 	/System/Library/PrivateFrameworks/CrashReporterSupport.framework/Versions/A/CrashReporterSupport
0x0000000002ae4000 	/System/Library/Frameworks/OpenCL.framework/Versions/A/OpenCL
0x0000000002ae4000 	/System/Library/PrivateFrameworks/FaceCore.framework/Versions/A/FaceCore
0x0000000002ae4000 	/System/Library/PrivateFrameworks/Ubiquity.framework/Versions/A/Ubiquity
0x0000000002ae4000 	/System/Library/PrivateFrameworks/IconServices.framework/Versions/A/IconServices
0x0000000002ae4000 	/System/Library/PrivateFrameworks/ChunkingLibrary.framework/Versions/A/ChunkingLibrary
0x0000000002ae4000 	/System/Library/PrivateFrameworks/Apple80211.framework/Versions/A/Apple80211
0x0000000002ae4000 	/System/Library/Frameworks/CoreWLAN.framework/Versions/A/CoreWLAN
0x0000000002ae4000 	/System/Library/Frameworks/IOBluetooth.framework/Versions/A/IOBluetooth
0x0000000002ae4000 	/System/Library/PrivateFrameworks/CoreWiFi.framework/Versions/A/CoreWiFi
0x0000000002ae4000 	/System/Library/Frameworks/CoreBluetooth.framework/Versions/A/CoreBluetooth
0x0000000002ae4000 	/System/Library/PrivateFrameworks/DebugSymbols.framework/Versions/A/DebugSymbols
0x0000000002ae4000 	/System/Library/PrivateFrameworks/CoreSymbolication.framework/Versions/A/CoreSymbolication
0x0000000002ae4000 	/System/Library/PrivateFrameworks/Symbolication.framework/Versions/A/Symbolication
0x0000000002ae4000 	/System/Library/PrivateFrameworks/SpeechRecognitionCore.framework/Versions/A/SpeechRecognitionCore
0x0000000102600000 	/Library/Java/JavaVirtualMachines/jdk1.8.0_60.jdk/Contents/Home/jre/lib/server/libjvm.dylib
0x0000000002ae4000 	/usr/lib/libstdc++.6.dylib
0x000000010157b000 	/Library/Java/JavaVirtualMachines/jdk1.8.0_60.jdk/Contents/Home/jre/lib/libverify.dylib
0x0000000101589000 	/Library/Java/JavaVirtualMachines/jdk1.8.0_60.jdk/Contents/Home/jre/lib/libjava.dylib
0x00000001015c8000 	/Library/Java/JavaVirtualMachines/jdk1.8.0_60.jdk/Contents/Home/jre/lib/libzip.dylib
0x000000011a767000 	/System/Library/Frameworks/JavaVM.framework/Frameworks/JavaRuntimeSupport.framework/JavaRuntimeSupport
0x000000011a77f000 	/System/Library/Frameworks/JavaVM.framework/Versions/A/Frameworks/JavaNativeFoundation.framework/Versions/A/JavaNativeFoundation
0x000000011a794000 	/System/Library/Frameworks/JavaVM.framework/Versions/A/JavaVM
0x0000000002ae4000 	/System/Library/Frameworks/Carbon.framework/Versions/A/Carbon
0x000000011a7a1000 	/System/Library/PrivateFrameworks/JavaLaunching.framework/Versions/A/JavaLaunching
0x0000000002ae4000 	/System/Library/Frameworks/Carbon.framework/Versions/A/Frameworks/CommonPanels.framework/Versions/A/CommonPanels
0x0000000002ae4000 	/System/Library/Frameworks/Carbon.framework/Versions/A/Frameworks/Help.framework/Versions/A/Help
0x0000000002ae4000 	/System/Library/Frameworks/Carbon.framework/Versions/A/Frameworks/ImageCapture.framework/Versions/A/ImageCapture
0x0000000002ae4000 	/System/Library/Frameworks/Carbon.framework/Versions/A/Frameworks/OpenScripting.framework/Versions/A/OpenScripting
0x0000000002ae4000 	/System/Library/Frameworks/Carbon.framework/Versions/A/Frameworks/Print.framework/Versions/A/Print
0x0000000002ae4000 	/System/Library/Frameworks/Carbon.framework/Versions/A/Frameworks/SecurityHI.framework/Versions/A/SecurityHI
0x000000011c7f2000 	/Library/Java/JavaVirtualMachines/jdk1.8.0_60.jdk/Contents/Home/jre/lib/libnet.dylib
0x000000011c855000 	/Library/Java/JavaVirtualMachines/jdk1.8.0_60.jdk/Contents/Home/jre/lib/libnio.dylib
0x000000011cb7e000 	/Users/mschoett1/Code/DXRAM/dxram/jni/libJNILock.dylib

VM Arguments:
jvm_args: -Dnetwork.ip=127.0.0.1 -Dnetwork.port=22222 -Dlog4j.configuration=file:////Users/mschoett1/Code/DXRAM/dxram/config/log4j.properties 
java_command: de.uniduesseldorf.dxram.run.Peer
java_class_path (initial): lib/slf4j-log4j12-1.6.1.jar:lib/slf4j-api-1.6.1.jar:lib/zookeeper-3.4.3.jar:lib/log4j-1.2.16.jar:bin/
Launcher Type: SUN_STANDARD

Environment Variables:
JAVA_HOME=/Library/Java/JavaVirtualMachines/jdk1.8.0_60.jdk/Contents/Home
PATH=/Users/mschoett1/Scripts:/Users/mschoett1/Code/apache-ant-1.9.4/bin:/Users/mschoett1/Code/apache-maven-3.3.1/bin:/Users/mschoett1/Code/apache-spark-1.3.0/bin:/usr/local/bin:/usr/bin:/bin:/usr/sbin:/sbin:/opt/X11/bin:/usr/local/MacGPG2/bin:/Users/mschoett1/Code/myCPU/cc65/bin
SHELL=/bin/bash
DISPLAY=/private/tmp/com.apple.launchd.wRw0rWMDFv/org.macosforge.xquartz:0

Signal Handlers:
SIGSEGV: [libjvm.dylib+0x5a6d31], sa_mask[0]=11111111011111110111111111111111, sa_flags=SA_ONSTACK|SA_RESTART|SA_SIGINFO
SIGBUS: [libjvm.dylib+0x5a6d31], sa_mask[0]=11111111011111110111111111111111, sa_flags=SA_RESTART|SA_SIGINFO
SIGFPE: [libjvm.dylib+0x480a4c], sa_mask[0]=11111111011111110111111111111111, sa_flags=SA_RESTART|SA_SIGINFO
SIGPIPE: [libjvm.dylib+0x480a4c], sa_mask[0]=11111111011111110111111111111111, sa_flags=SA_RESTART|SA_SIGINFO
SIGXFSZ: [libjvm.dylib+0x480a4c], sa_mask[0]=11111111011111110111111111111111, sa_flags=SA_RESTART|SA_SIGINFO
SIGILL: [libjvm.dylib+0x480a4c], sa_mask[0]=11111111011111110111111111111111, sa_flags=SA_RESTART|SA_SIGINFO
SIGUSR1: SIG_DFL, sa_mask[0]=11011111011111100000000111000110, sa_flags=none
SIGUSR2: [libjvm.dylib+0x48056a], sa_mask[0]=00000000000000000000000000000000, sa_flags=SA_RESTART|SA_SIGINFO
SIGHUP: [libjvm.dylib+0x47eb41], sa_mask[0]=11111111011111110111111111111111, sa_flags=SA_RESTART|SA_SIGINFO
SIGINT: [libjvm.dylib+0x47eb41], sa_mask[0]=11111111011111110111111111111111, sa_flags=SA_RESTART|SA_SIGINFO
SIGTERM: [libjvm.dylib+0x47eb41], sa_mask[0]=11111111011111110111111111111111, sa_flags=SA_RESTART|SA_SIGINFO
SIGQUIT: [libjvm.dylib+0x47eb41], sa_mask[0]=11111111011111110111111111111111, sa_flags=SA_RESTART|SA_SIGINFO


---------------  S Y S T E M  ---------------

OS:Bsduname:Darwin 14.4.0 Darwin Kernel Version 14.4.0: Thu May 28 11:35:04 PDT 2015; root:xnu-2782.30.5~1/RELEASE_X86_64 x86_64
rlimit: STACK 8192k, CORE 0k, NPROC 709, NOFILE 10240, AS infinity
load average:3.71 2.49 1.79

CPU:total 8 (4 cores per cpu, 2 threads per core) family 6 model 42 stepping 7, cmov, cx8, fxsr, mmx, sse, sse2, sse3, ssse3, sse4.1, sse4.2, popcnt, avx, aes, clmul, ht, tsc, tscinvbit

Memory: 4k page, physical 8388608k(180224k free)

/proc/meminfo:


vm_info: Java HotSpot(TM) 64-Bit Server VM (25.60-b23) for bsd-amd64 JRE (1.8.0_60-b27), built on Aug  4 2015 10:47:24 by "java_re" with gcc 4.2.1 (Based on Apple Inc. build 5658) (LLVM build 2336.11.00)

time: Fri Aug 28 12:36:47 2015
elapsed time: 105 seconds (0d 0h 1m 45s)

