#
# A fatal error has been detected by the Java Runtime Environment:
#
#  SIGSEGV (0xb) at pc=0x0000000122100d0c, pid=5982, tid=33027
#
# JRE version: Java(TM) SE Runtime Environment (8.0_60-b27) (build 1.8.0_60-b27)
# Java VM: Java HotSpot(TM) 64-Bit Server VM (25.60-b23 mixed mode bsd-amd64 compressed oops)
# Problematic frame:
# C  [libJNILock.dylib+0xd0c]  Java_de_uniduesseldorf_dxram_utils_locks_JNILock_readUnlock+0x1c
#
# Failed to write core dump. Core dumps have been disabled. To enable core dumping, try "ulimit -c unlimited" before starting Java again
#
# If you would like to submit a bug report, please visit:
#   http://bugreport.java.com/bugreport/crash.jsp
# The crash happened outside the Java Virtual Machine in native code.
# See problematic frame for where to report the bug.
#

---------------  T H R E A D  ---------------

Current thread (0x00007fd6f5141800):  JavaThread "MessageHandler-thread-6" daemon [_thread_in_native, id=33027, stack(0x0000000165f4c000,0x000000016604c000)]

siginfo: si_signo: 11 (SIGSEGV), si_code: 1 (SEGV_MAPERR), si_addr: 0x00000001248ed003

Registers:
RAX=0x00000001248ed003, RBX=0x000000011fc43350, RCX=0x000000011fc43d58, RDX=0x00000001248ed003
RSP=0x000000016604b2a0, RBP=0x000000016604b2a0, RSI=0x000000016604b2e0, RDI=0x00007fd6f51419f8
R8 =0x0000000000000006, R9 =0x00007fd6f3e00000, R10=0x000000010b162401, R11=0x0000000000000000
R12=0x0000000000000000, R13=0x000000016604b338, R14=0x000000016604b2e0, R15=0x00007fd6f5141800
RIP=0x0000000122100d0c, EFLAGS=0x0000000000010246, ERR=0x0000000000000004
  TRAPNO=0x000000000000000e

Top of Stack: (sp=0x000000016604b2a0)
0x000000016604b2a0:   000000016604b2f0 000000010b162471
0x000000016604b2b0:   000000016604b340 000000011fc43d58
0x000000016604b2c0:   000000011fc90770 000000011fc424b8
0x000000016604b2d0:   0000000000000000 000000016604b320
0x000000016604b2e0:   00000007400001c8 000000010aec8760
0x000000016604b2f0:   000000016604b388 000000010b189a18
0x000000016604b300:   0000000000000000 0000000000000000
0x000000016604b310:   0000000000000000 0000000000000000
0x000000016604b320:   000000016604b388 000000010aec8c4d
0x000000016604b330:   000000010aec8c4d 0000000000000000
0x000000016604b340:   0000000000000000 000000016604b348
0x000000016604b350:   000000011fc4233a 000000016604b3b0
0x000000016604b360:   000000011fc43d58 000000011fc91988
0x000000016604b370:   000000011fc42368 000000016604b338
0x000000016604b380:   000000016604b3a8 000000016604b3f8
0x000000016604b390:   000000010aec8760 0000000000000000
0x000000016604b3a0:   0000000000000000 0000000000000000
0x000000016604b3b0:   0000000000000000 000000016604b3b8
0x000000016604b3c0:   000000011fc334db 000000016604b430
0x000000016604b3d0:   000000011fc338f8 000000011fc917b8
0x000000016604b3e0:   000000011fc33540 000000016604b3a8
0x000000016604b3f0:   000000016604b428 000000016604b478
0x000000016604b400:   000000010aec89d0 0000000000000000
0x000000016604b410:   0000000000000000 0000000000000000
0x000000016604b420:   0000000000000000 c181000000000002
0x000000016604b430:   deaddeaf00000000 000000016604b438
0x000000016604b440:   000000011fb96cac 000000016604b4c0
0x000000016604b450:   000000011fbcd398 000000011fc94828
0x000000016604b460:   000000011fb96d88 000000016604b428
0x000000016604b470:   000000016604b4b0 000000016604b510
0x000000016604b480:   000000010aec8aa4 0000000000000000
0x000000016604b490:   0000000000000000 0000000000000000 

Instructions: (pc=0x0000000122100d0c)
0x0000000122100cec:   00 00 00 00 55 48 89 e5 48 89 7d f8 48 89 75 f0
0x0000000122100cfc:   48 89 55 e8 48 8b 55 e8 48 89 55 e0 48 8b 45 e0
0x0000000122100d0c:   8b 08 89 4d dc 8b 4d dc 81 e9 01 00 00 00 89 4d
0x0000000122100d1c:   d8 48 8b 45 e0 8b 4d dc 8b 55 d8 48 89 45 d0 89 

Register to memory mapping:

RAX=0x00000001248ed003 is an unknown value
RBX={method} {0x000000011fc43350} 'readUnlock' '(J)V' in 'de/uniduesseldorf/dxram/core/chunk/storage/CIDTable'
RCX=0x000000011fc43d58 is pointing into metadata
RDX=0x00000001248ed003 is an unknown value
RSP=0x000000016604b2a0 is pointing into the stack for thread: 0x00007fd6f5141800
RBP=0x000000016604b2a0 is pointing into the stack for thread: 0x00007fd6f5141800
RSI=0x000000016604b2e0 is pointing into the stack for thread: 0x00007fd6f5141800
RDI=0x00007fd6f51419f8 is an unknown value
R8 =0x0000000000000006 is an unknown value
R9 =0x00007fd6f3e00000 is an unknown value
R10=0x000000010b162401 is at entry_point+65 in (nmethod*)0x000000010b162250
R11=0x0000000000000000 is an unknown value
R12=0x0000000000000000 is an unknown value
R13=0x000000016604b338 is pointing into the stack for thread: 0x00007fd6f5141800
R14=0x000000016604b2e0 is pointing into the stack for thread: 0x00007fd6f5141800
R15=0x00007fd6f5141800 is a thread


Stack: [0x0000000165f4c000,0x000000016604c000],  sp=0x000000016604b2a0,  free space=1020k
Native frames: (J=compiled Java code, j=interpreted, Vv=VM code, C=native code)
C  [libJNILock.dylib+0xd0c]  Java_de_uniduesseldorf_dxram_utils_locks_JNILock_readUnlock+0x1c
J 701  de.uniduesseldorf.dxram.utils.locks.JNILock.readUnlock(J)V (0 bytes) @ 0x000000010b162471 [0x000000010b1623c0+0xb1]
J 734 C2 de.uniduesseldorf.dxram.core.chunk.storage.CIDTable.readUnlock(J)V (38 bytes) @ 0x000000010b189a18 [0x000000010b1899e0+0x38]
j  de.uniduesseldorf.dxram.core.chunk.storage.CIDTable.get(J)J+18
j  de.uniduesseldorf.dxram.core.chunk.storage.MemoryManager.get(J)Lde/uniduesseldorf/dxram/core/chunk/Chunk;+3
j  de.uniduesseldorf.dxram.core.chunk.ChunkHandler.get(J)Lde/uniduesseldorf/dxram/core/chunk/Chunk;+76
j  de.uniduesseldorf.dxram.core.api.Core.get(J)Lde/uniduesseldorf/dxram/core/chunk/Chunk;+16
j  de.uniduesseldorf.dxram.commands.CmdGet.remoteExecute(Ljava/lang/String;)Ljava/lang/String;+30
j  de.uniduesseldorf.dxram.commands.CommandHandler.processCmd(Ljava/lang/String;Z)Ljava/lang/String;+41
j  de.uniduesseldorf.dxram.core.chunk.ChunkHandler.incomingCommandRequest(Lde/uniduesseldorf/dxram/core/chunk/ChunkMessages$ChunkCommandRequest;)V+81
j  de.uniduesseldorf.dxram.core.chunk.ChunkHandler.onIncomingMessage(Lde/uniduesseldorf/dxram/core/net/AbstractMessage;)V+224
j  de.uniduesseldorf.dxram.core.net.NetworkHandler$Entry.newMessage(Lde/uniduesseldorf/dxram/core/net/AbstractMessage;)V+25
j  de.uniduesseldorf.dxram.core.net.NetworkHandler$MessageHandler.run()V+68
j  java.util.concurrent.ThreadPoolExecutor.runWorker(Ljava/util/concurrent/ThreadPoolExecutor$Worker;)V+95
j  java.util.concurrent.ThreadPoolExecutor$Worker.run()V+5
j  java.lang.Thread.run()V+11
v  ~StubRoutines::call_stub
V  [libjvm.dylib+0x2eab0e]  JavaCalls::call_helper(JavaValue*, methodHandle*, JavaCallArguments*, Thread*)+0x6ae
V  [libjvm.dylib+0x2eb29c]  JavaCalls::call_virtual(JavaValue*, KlassHandle, Symbol*, Symbol*, JavaCallArguments*, Thread*)+0x164
V  [libjvm.dylib+0x2eb448]  JavaCalls::call_virtual(JavaValue*, Handle, KlassHandle, Symbol*, Symbol*, Thread*)+0x4a
V  [libjvm.dylib+0x345965]  thread_entry(JavaThread*, Thread*)+0x7c
V  [libjvm.dylib+0x5612d3]  JavaThread::thread_main_inner()+0x9b
V  [libjvm.dylib+0x5629ce]  JavaThread::run()+0x1c2
V  [libjvm.dylib+0x48343a]  java_start(Thread*)+0xf6
C  [libsystem_pthread.dylib+0x3268]  _pthread_body+0x83
C  [libsystem_pthread.dylib+0x31e5]  _pthread_body+0x0
C  [libsystem_pthread.dylib+0x141d]  thread_start+0xd
C  0x0000000000000000

Java frames: (J=compiled Java code, j=interpreted, Vv=VM code)
J 701  de.uniduesseldorf.dxram.utils.locks.JNILock.readUnlock(J)V (0 bytes) @ 0x000000010b162401 [0x000000010b1623c0+0x41]
J 734 C2 de.uniduesseldorf.dxram.core.chunk.storage.CIDTable.readUnlock(J)V (38 bytes) @ 0x000000010b189a18 [0x000000010b1899e0+0x38]
j  de.uniduesseldorf.dxram.core.chunk.storage.CIDTable.get(J)J+18
j  de.uniduesseldorf.dxram.core.chunk.storage.MemoryManager.get(J)Lde/uniduesseldorf/dxram/core/chunk/Chunk;+3
j  de.uniduesseldorf.dxram.core.chunk.ChunkHandler.get(J)Lde/uniduesseldorf/dxram/core/chunk/Chunk;+76
j  de.uniduesseldorf.dxram.core.api.Core.get(J)Lde/uniduesseldorf/dxram/core/chunk/Chunk;+16
j  de.uniduesseldorf.dxram.commands.CmdGet.remoteExecute(Ljava/lang/String;)Ljava/lang/String;+30
j  de.uniduesseldorf.dxram.commands.CommandHandler.processCmd(Ljava/lang/String;Z)Ljava/lang/String;+41
j  de.uniduesseldorf.dxram.core.chunk.ChunkHandler.incomingCommandRequest(Lde/uniduesseldorf/dxram/core/chunk/ChunkMessages$ChunkCommandRequest;)V+81
j  de.uniduesseldorf.dxram.core.chunk.ChunkHandler.onIncomingMessage(Lde/uniduesseldorf/dxram/core/net/AbstractMessage;)V+224
j  de.uniduesseldorf.dxram.core.net.NetworkHandler$Entry.newMessage(Lde/uniduesseldorf/dxram/core/net/AbstractMessage;)V+25
j  de.uniduesseldorf.dxram.core.net.NetworkHandler$MessageHandler.run()V+68
j  java.util.concurrent.ThreadPoolExecutor.runWorker(Ljava/util/concurrent/ThreadPoolExecutor$Worker;)V+95
j  java.util.concurrent.ThreadPoolExecutor$Worker.run()V+5
j  java.lang.Thread.run()V+11
v  ~StubRoutines::call_stub

---------------  P R O C E S S  ---------------

Java Threads: ( => current thread )
  0x00007fd6f4106000 JavaThread "ShutdownThread" [_thread_in_vm, id=35079, stack(0x0000000166358000,0x0000000166458000)]
  0x00007fd6f7056000 JavaThread "SIGTERM handler" daemon [_thread_blocked, id=34311, stack(0x0000000165ae2000,0x0000000165be2000)]
  0x00007fd6f4823000 JavaThread "MessageHandler-thread-10" daemon [_thread_blocked, id=14347, stack(0x0000000166255000,0x0000000166355000)]
  0x00007fd6f5259000 JavaThread "MessageHandler-thread-9" daemon [_thread_blocked, id=14087, stack(0x0000000166152000,0x0000000166252000)]
  0x00007fd6f5258000 JavaThread "MessageHandler-thread-8" daemon [_thread_blocked, id=15111, stack(0x0000000121ffe000,0x00000001220fe000)]
  0x00007fd6f5142000 JavaThread "MessageHandler-thread-7" daemon [_thread_blocked, id=33539, stack(0x000000016604f000,0x000000016614f000)]
=>0x00007fd6f5141800 JavaThread "MessageHandler-thread-6" daemon [_thread_in_native, id=33027, stack(0x0000000165f4c000,0x000000016604c000)]
  0x00007fd6f40ba800 JavaThread "MessageHandler-thread-5" daemon [_thread_blocked, id=32515, stack(0x00000001655c6000,0x00000001656c6000)]
  0x00007fd6f714c800 JavaThread "MessageHandler-thread-4" daemon [_thread_blocked, id=32003, stack(0x00000001654c3000,0x00000001655c3000)]
  0x00007fd6f70f8800 JavaThread "MessageHandler-thread-3" daemon [_thread_blocked, id=31491, stack(0x00000001653c0000,0x00000001654c0000)]
  0x00007fd6f5140000 JavaThread "Default-thread-10" daemon [_thread_blocked, id=30979, stack(0x00000001652bd000,0x00000001653bd000)]
  0x00007fd6f513f800 JavaThread "Default-thread-9" daemon [_thread_blocked, id=30467, stack(0x00000001651ba000,0x00000001652ba000)]
  0x00007fd6f7816800 JavaThread "MessageHandler-thread-2" daemon [_thread_blocked, id=29955, stack(0x00000001650b7000,0x00000001651b7000)]
  0x00007fd6f8014000 JavaThread "Default-thread-8" daemon [_thread_blocked, id=29443, stack(0x0000000164fb4000,0x00000001650b4000)]
  0x00007fd6f8013000 JavaThread "Default-thread-7" daemon [_thread_blocked, id=28931, stack(0x0000000164eb1000,0x0000000164fb1000)]
  0x00007fd6f714b800 JavaThread "StatisticsManager" daemon [_thread_blocked, id=28419, stack(0x0000000164dae000,0x0000000164eae000)]
  0x00007fd6f8008000 JavaThread "Default-thread-6" daemon [_thread_blocked, id=27907, stack(0x0000000164cab000,0x0000000164dab000)]
  0x00007fd6f5162800 JavaThread "Default-thread-5" daemon [_thread_blocked, id=27395, stack(0x0000000164ba8000,0x0000000164ca8000)]
  0x00007fd6f70d3000 JavaThread "MessageHandler-thread-1" daemon [_thread_blocked, id=26883, stack(0x0000000164aa5000,0x0000000164ba5000)]
  0x00007fd6f7816000 JavaThread "Default-thread-4" daemon [_thread_blocked, id=26371, stack(0x00000001649a2000,0x0000000164aa2000)]
  0x00007fd6f70d2000 JavaThread "Default-thread-3" daemon [_thread_blocked, id=25859, stack(0x000000016489f000,0x000000016499f000)]
  0x00007fd6f5161800 JavaThread "Default-thread-2" daemon [_thread_blocked, id=25347, stack(0x000000012479b000,0x000000012489b000)]
  0x00007fd6f495c000 JavaThread "Default-thread-1" daemon [_thread_blocked, id=24835, stack(0x0000000124698000,0x0000000124798000)]
  0x00007fd6f524c800 JavaThread "NetworkStatistic" daemon [_thread_blocked, id=24323, stack(0x0000000124595000,0x0000000124695000)]
  0x00007fd6f719a000 JavaThread "NIO-thread-1" daemon [_thread_blocked, id=23811, stack(0x0000000124492000,0x0000000124592000)]
  0x00007fd6f5053000 JavaThread "main-EventThread" daemon [_thread_blocked, id=23299, stack(0x00000001241c0000,0x00000001242c0000)]
  0x00007fd6f5031000 JavaThread "main-SendThread(localhost:2181)" daemon [_thread_in_native, id=23047, stack(0x00000001240bd000,0x00000001241bd000)]
  0x00007fd6f7016800 JavaThread "Service Thread" daemon [_thread_blocked, id=20739, stack(0x0000000123def000,0x0000000123eef000)]
  0x00007fd6f501c800 JavaThread "C1 CompilerThread3" daemon [_thread_blocked, id=20227, stack(0x0000000123cec000,0x0000000123dec000)]
  0x00007fd6f4017800 JavaThread "C2 CompilerThread2" daemon [_thread_blocked, id=19715, stack(0x0000000123be9000,0x0000000123ce9000)]
  0x00007fd6f4016800 JavaThread "C2 CompilerThread1" daemon [_thread_blocked, id=19203, stack(0x0000000123ae6000,0x0000000123be6000)]
  0x00007fd6f4019000 JavaThread "C2 CompilerThread0" daemon [_thread_blocked, id=18691, stack(0x00000001239e3000,0x0000000123ae3000)]
  0x00007fd6f4821800 JavaThread "Signal Dispatcher" daemon [_thread_blocked, id=15379, stack(0x00000001238e0000,0x00000001239e0000)]
  0x00007fd6f5010800 JavaThread "Finalizer" daemon [_thread_blocked, id=13571, stack(0x0000000121ec2000,0x0000000121fc2000)]
  0x00007fd6f500f800 JavaThread "Reference Handler" daemon [_thread_blocked, id=13059, stack(0x0000000121dbf000,0x0000000121ebf000)]
  0x00007fd6f4806000 JavaThread "main" [_thread_blocked, id=4867, stack(0x000000010ad8a000,0x000000010ae8a000)]

Other Threads:
  0x00007fd6f4005800 VMThread [stack: 0x0000000121cbc000,0x0000000121dbc000] [id=12547]
  0x00007fd6f8000000 WatcherThread [stack: 0x0000000123ef2000,0x0000000123ff2000] [id=21251]

VM state:not at safepoint (normal execution)

VM Mutex/Monitor currently owned by a thread: None

Heap:
 PSYoungGen      total 24576K, used 7285K [0x0000000795580000, 0x00000007a3780000, 0x00000007c0000000)
  eden space 24064K, 30% used [0x0000000795580000,0x0000000795c8d5e0,0x0000000796d00000)
  from space 512K, 12% used [0x00000007a3680000,0x00000007a3690000,0x00000007a3700000)
  to   space 512K, 0% used [0x00000007a3700000,0x00000007a3700000,0x00000007a3780000)
 ParOldGen       total 87552K, used 3784K [0x0000000740000000, 0x0000000745580000, 0x0000000795580000)
  object space 87552K, 4% used [0x0000000740000000,0x00000007403b2200,0x0000000745580000)
 Metaspace       used 8325K, capacity 8486K, committed 8704K, reserved 1056768K
  class space    used 951K, capacity 1017K, committed 1024K, reserved 1048576K

Card table byte_map: [0x000000011a281000,0x000000011a682000] byte_map_base: 0x0000000116881000

Marking Bits: (ParMarkBitMap*) 0x000000010a6dee20
 Begin Bits: [0x000000011b145000, 0x000000011d145000)
 End Bits:   [0x000000011d145000, 0x000000011f145000)

Polling page: 0x0000000108dde000

CodeCache: size=245760Kb used=2977Kb max_used=2988Kb free=242782Kb
 bounds [0x000000010aec1000, 0x000000010b1b1000, 0x0000000119ec1000]
 total_blobs=1134 nmethods=792 adapters=256
 compilation: enabled

Compilation events (10 events):
Event: 62.199 Thread 0x00007fd6f501c800  796       3       java.lang.reflect.Array::newInstance (6 bytes)
Event: 62.199 Thread 0x00007fd6f501c800 nmethod 796 0x000000010afce410 code [0x000000010afce580, 0x000000010afce6e8]
Event: 62.199 Thread 0x00007fd6f501c800  798       3       java.util.Arrays::copyOf (46 bytes)
Event: 62.199 Thread 0x00007fd6f501c800 nmethod 798 0x000000010afd06d0 code [0x000000010afd0880, 0x000000010afd0f08]
Event: 62.200 Thread 0x00007fd6f501c800  799       3       java.util.ArrayList$Itr::hasNext (20 bytes)
Event: 62.200 Thread 0x00007fd6f501c800 nmethod 799 0x000000010afd8890 code [0x000000010afd8a00, 0x000000010afd8bd0]
Event: 64.228 Thread 0x00007fd6f501c800  800       3       de.uniduesseldorf.dxram.core.chunk.storage.CIDTable::getEntry (88 bytes)
Event: 64.228 Thread 0x00007fd6f501c800 nmethod 800 0x000000010afdb650 code [0x000000010afdb7e0, 0x000000010afdbaf8]
Event: 64.229 Thread 0x00007fd6f4016800  801       4       de.uniduesseldorf.dxram.core.chunk.storage.CIDTable::getEntry (88 bytes)
Event: 64.229 Thread 0x00007fd6f501c800  802 %     3       de.uniduesseldorf.dxram.core.chunk.storage.CIDTable::disengage @ 19 (62 bytes)

GC Heap History (10 events):
Event: 63.888 GC heap before
{Heap before GC invocations=403 (full 0):
 PSYoungGen      total 24576K, used 24128K [0x0000000795580000, 0x00000007a3780000, 0x00000007c0000000)
  eden space 24064K, 100% used [0x0000000795580000,0x0000000796d00000,0x0000000796d00000)
  from space 512K, 12% used [0x00000007a3700000,0x00000007a3710000,0x00000007a3780000)
  to   space 512K, 0% used [0x00000007a3680000,0x00000007a3680000,0x00000007a3700000)
 ParOldGen       total 87552K, used 3784K [0x0000000740000000, 0x0000000745580000, 0x0000000795580000)
  object space 87552K, 4% used [0x0000000740000000,0x00000007403b2200,0x0000000745580000)
 Metaspace       used 8303K, capacity 8422K, committed 8448K, reserved 1056768K
  class space    used 948K, capacity 1017K, committed 1024K, reserved 1048576K
Event: 63.889 GC heap after
Heap after GC invocations=403 (full 0):
 PSYoungGen      total 24576K, used 64K [0x0000000795580000, 0x00000007a3780000, 0x00000007c0000000)
  eden space 24064K, 0% used [0x0000000795580000,0x0000000795580000,0x0000000796d00000)
  from space 512K, 12% used [0x00000007a3680000,0x00000007a3690000,0x00000007a3700000)
  to   space 512K, 0% used [0x00000007a3700000,0x00000007a3700000,0x00000007a3780000)
 ParOldGen       total 87552K, used 3784K [0x0000000740000000, 0x0000000745580000, 0x0000000795580000)
  object space 87552K, 4% used [0x0000000740000000,0x00000007403b2200,0x0000000745580000)
 Metaspace       used 8303K, capacity 8422K, committed 8448K, reserved 1056768K
  class space    used 948K, capacity 1017K, committed 1024K, reserved 1048576K
}
Event: 63.966 GC heap before
{Heap before GC invocations=404 (full 0):
 PSYoungGen      total 24576K, used 24128K [0x0000000795580000, 0x00000007a3780000, 0x00000007c0000000)
  eden space 24064K, 100% used [0x0000000795580000,0x0000000796d00000,0x0000000796d00000)
  from space 512K, 12% used [0x00000007a3680000,0x00000007a3690000,0x00000007a3700000)
  to   space 512K, 0% used [0x00000007a3700000,0x00000007a3700000,0x00000007a3780000)
 ParOldGen       total 87552K, used 3784K [0x0000000740000000, 0x0000000745580000, 0x0000000795580000)
  object space 87552K, 4% used [0x0000000740000000,0x00000007403b2200,0x0000000745580000)
 Metaspace       used 8303K, capacity 8422K, committed 8448K, reserved 1056768K
  class space    used 948K, capacity 1017K, committed 1024K, reserved 1048576K
Event: 63.966 GC heap after
Heap after GC invocations=404 (full 0):
 PSYoungGen      total 24576K, used 96K [0x0000000795580000, 0x00000007a3780000, 0x00000007c0000000)
  eden space 24064K, 0% used [0x0000000795580000,0x0000000795580000,0x0000000796d00000)
  from space 512K, 18% used [0x00000007a3700000,0x00000007a3718000,0x00000007a3780000)
  to   space 512K, 0% used [0x00000007a3680000,0x00000007a3680000,0x00000007a3700000)
 ParOldGen       total 87552K, used 3784K [0x0000000740000000, 0x0000000745580000, 0x0000000795580000)
  object space 87552K, 4% used [0x0000000740000000,0x00000007403b2200,0x0000000745580000)
 Metaspace       used 8303K, capacity 8422K, committed 8448K, reserved 1056768K
  class space    used 948K, capacity 1017K, committed 1024K, reserved 1048576K
}
Event: 64.046 GC heap before
{Heap before GC invocations=405 (full 0):
 PSYoungGen      total 24576K, used 24160K [0x0000000795580000, 0x00000007a3780000, 0x00000007c0000000)
  eden space 24064K, 100% used [0x0000000795580000,0x0000000796d00000,0x0000000796d00000)
  from space 512K, 18% used [0x00000007a3700000,0x00000007a3718000,0x00000007a3780000)
  to   space 512K, 0% used [0x00000007a3680000,0x00000007a3680000,0x00000007a3700000)
 ParOldGen       total 87552K, used 3784K [0x0000000740000000, 0x0000000745580000, 0x0000000795580000)
  object space 87552K, 4% used [0x0000000740000000,0x00000007403b2200,0x0000000745580000)
 Metaspace       used 8303K, capacity 8422K, committed 8448K, reserved 1056768K
  class space    used 948K, capacity 1017K, committed 1024K, reserved 1048576K
Event: 64.046 GC heap after
Heap after GC invocations=405 (full 0):
 PSYoungGen      total 24576K, used 96K [0x0000000795580000, 0x00000007a3780000, 0x00000007c0000000)
  eden space 24064K, 0% used [0x0000000795580000,0x0000000795580000,0x0000000796d00000)
  from space 512K, 18% used [0x00000007a3680000,0x00000007a3698000,0x00000007a3700000)
  to   space 512K, 0% used [0x00000007a3700000,0x00000007a3700000,0x00000007a3780000)
 ParOldGen       total 87552K, used 3784K [0x0000000740000000, 0x0000000745580000, 0x0000000795580000)
  object space 87552K, 4% used [0x0000000740000000,0x00000007403b2200,0x0000000745580000)
 Metaspace       used 8303K, capacity 8422K, committed 8448K, reserved 1056768K
  class space    used 948K, capacity 1017K, committed 1024K, reserved 1048576K
}
Event: 64.127 GC heap before
{Heap before GC invocations=406 (full 0):
 PSYoungGen      total 24576K, used 24160K [0x0000000795580000, 0x00000007a3780000, 0x00000007c0000000)
  eden space 24064K, 100% used [0x0000000795580000,0x0000000796d00000,0x0000000796d00000)
  from space 512K, 18% used [0x00000007a3680000,0x00000007a3698000,0x00000007a3700000)
  to   space 512K, 0% used [0x00000007a3700000,0x00000007a3700000,0x00000007a3780000)
 ParOldGen       total 87552K, used 3784K [0x0000000740000000, 0x0000000745580000, 0x0000000795580000)
  object space 87552K, 4% used [0x0000000740000000,0x00000007403b2200,0x0000000745580000)
 Metaspace       used 8303K, capacity 8422K, committed 8448K, reserved 1056768K
  class space    used 948K, capacity 1017K, committed 1024K, reserved 1048576K
Event: 64.127 GC heap after
Heap after GC invocations=406 (full 0):
 PSYoungGen      total 24576K, used 64K [0x0000000795580000, 0x00000007a3780000, 0x00000007c0000000)
  eden space 24064K, 0% used [0x0000000795580000,0x0000000795580000,0x0000000796d00000)
  from space 512K, 12% used [0x00000007a3700000,0x00000007a3710000,0x00000007a3780000)
  to   space 512K, 0% used [0x00000007a3680000,0x00000007a3680000,0x00000007a3700000)
 ParOldGen       total 87552K, used 3784K [0x0000000740000000, 0x0000000745580000, 0x0000000795580000)
  object space 87552K, 4% used [0x0000000740000000,0x00000007403b2200,0x0000000745580000)
 Metaspace       used 8303K, capacity 8422K, committed 8448K, reserved 1056768K
  class space    used 948K, capacity 1017K, committed 1024K, reserved 1048576K
}
Event: 64.207 GC heap before
{Heap before GC invocations=407 (full 0):
 PSYoungGen      total 24576K, used 24128K [0x0000000795580000, 0x00000007a3780000, 0x00000007c0000000)
  eden space 24064K, 100% used [0x0000000795580000,0x0000000796d00000,0x0000000796d00000)
  from space 512K, 12% used [0x00000007a3700000,0x00000007a3710000,0x00000007a3780000)
  to   space 512K, 0% used [0x00000007a3680000,0x00000007a3680000,0x00000007a3700000)
 ParOldGen       total 87552K, used 3784K [0x0000000740000000, 0x0000000745580000, 0x0000000795580000)
  object space 87552K, 4% used [0x0000000740000000,0x00000007403b2200,0x0000000745580000)
 Metaspace       used 8303K, capacity 8422K, committed 8448K, reserved 1056768K
  class space    used 948K, capacity 1017K, committed 1024K, reserved 1048576K
Event: 64.208 GC heap after
Heap after GC invocations=407 (full 0):
 PSYoungGen      total 24576K, used 64K [0x0000000795580000, 0x00000007a3780000, 0x00000007c0000000)
  eden space 24064K, 0% used [0x0000000795580000,0x0000000795580000,0x0000000796d00000)
  from space 512K, 12% used [0x00000007a3680000,0x00000007a3690000,0x00000007a3700000)
  to   space 512K, 0% used [0x00000007a3700000,0x00000007a3700000,0x00000007a3780000)
 ParOldGen       total 87552K, used 3784K [0x0000000740000000, 0x0000000745580000, 0x0000000795580000)
  object space 87552K, 4% used [0x0000000740000000,0x00000007403b2200,0x0000000745580000)
 Metaspace       used 8303K, capacity 8422K, committed 8448K, reserved 1056768K
  class space    used 948K, capacity 1017K, committed 1024K, reserved 1048576K
}

Deoptimization events (10 events):
Event: 11.467 Thread 0x00007fd6f8008000 Uncommon trap: reason=unstable_if action=reinterpret pc=0x000000010b134480 method=java.util.concurrent.locks.ReentrantLock$Sync.nonfairTryAcquire(I)Z @ 10
Event: 12.469 Thread 0x00007fd6f8014000 Uncommon trap: reason=unstable_if action=reinterpret pc=0x000000010b132c44 method=java.util.concurrent.locks.ReentrantLock$Sync.nonfairTryAcquire(I)Z @ 10
Event: 13.474 Thread 0x00007fd6f5140000 Uncommon trap: reason=unstable_if action=reinterpret pc=0x000000010b12e678 method=java.util.concurrent.locks.ReentrantLock$Sync.nonfairTryAcquire(I)Z @ 10
Event: 18.865 Thread 0x00007fd6f719a000 Uncommon trap: reason=class_check action=maybe_recompile pc=0x000000010b1468c4 method=sun.nio.ch.KQueueSelectorImpl.updateSelectedKeys(I)I @ 174
Event: 18.870 Thread 0x00007fd6f719a000 Uncommon trap: reason=null_check action=make_not_entrant pc=0x000000010b147e50 method=de.uniduesseldorf.dxram.core.net.NIOConnectionCreator$Worker.dispatch(Ljava/nio/channels/SelectionKey;)V @ 4
Event: 18.870 Thread 0x00007fd6f719a000 Uncommon trap: reason=null_check action=make_not_entrant pc=0x000000010b135cd0 method=de.uniduesseldorf.dxram.core.net.NIOConnectionCreator$SelectionKeyHandler.run()V @ 17
Event: 23.842 Thread 0x00007fd6f5141800 Uncommon trap: reason=bimorphic action=maybe_recompile pc=0x000000010b130e8c method=java.util.concurrent.locks.AbstractQueuedSynchronizer.release(I)Z @ 2
Event: 27.257 Thread 0x00007fd6f4823000 Uncommon trap: reason=unstable_if action=reinterpret pc=0x000000010b189e64 method=de.uniduesseldorf.dxram.core.chunk.storage.MemoryManager.get(J)Lde/uniduesseldorf/dxram/core/chunk/Chunk; @ 12
Event: 64.228 Thread 0x00007fd6f5141800 Uncommon trap: reason=unstable_if action=reinterpret pc=0x000000010b1857b4 method=de.uniduesseldorf.dxram.core.chunk.storage.CIDTable.getEntry(JJI)J @ 59
Event: 64.229 Thread 0x00007fd6f5141800 Uncommon trap: reason=unstable_if action=reinterpret pc=0x000000010b19a37c method=de.uniduesseldorf.dxram.core.chunk.storage.CIDTable.getEntry(JJI)J @ 59

Internal exceptions (10 events):
Event: 0.188 Thread 0x00007fd6f4806000 Exception <a 'java/lang/ClassNotFoundException': org/apache/log4j/LayoutCustomizer> (0x00000007958fb920) thrown at [/Users/java_re/workspace/8-2-build-macosx-x86_64/jdk8u60/4407/hotspot/src/share/vm/classfile/systemDictionary.cpp, line 210]
Event: 0.190 Thread 0x00007fd6f4806000 Exception <a 'java/lang/ClassNotFoundException': org/apache/log4j/PatternLayoutCustomizer> (0x0000000795910c30) thrown at [/Users/java_re/workspace/8-2-build-macosx-x86_64/jdk8u60/4407/hotspot/src/share/vm/classfile/systemDictionary.cpp, line 210]
Event: 0.208 Thread 0x00007fd6f4806000 Exception <a 'java/security/PrivilegedActionException'> (0x0000000795962d08) thrown at [/Users/java_re/workspace/8-2-build-macosx-x86_64/jdk8u60/4407/hotspot/src/share/vm/prims/jvm.cpp, line 1386]
Event: 0.208 Thread 0x00007fd6f4806000 Exception <a 'java/security/PrivilegedActionException'> (0x0000000795963100) thrown at [/Users/java_re/workspace/8-2-build-macosx-x86_64/jdk8u60/4407/hotspot/src/share/vm/prims/jvm.cpp, line 1386]
Event: 0.208 Thread 0x00007fd6f4806000 Exception <a 'java/security/PrivilegedActionException'> (0x0000000795966770) thrown at [/Users/java_re/workspace/8-2-build-macosx-x86_64/jdk8u60/4407/hotspot/src/share/vm/prims/jvm.cpp, line 1386]
Event: 0.208 Thread 0x00007fd6f4806000 Exception <a 'java/security/PrivilegedActionException'> (0x0000000795966bb0) thrown at [/Users/java_re/workspace/8-2-build-macosx-x86_64/jdk8u60/4407/hotspot/src/share/vm/prims/jvm.cpp, line 1386]
Event: 0.378 Thread 0x00007fd6f5031000 Exception <a 'java/lang/NoSuchFieldError': method resolution failed> (0x0000000795e2fc00) thrown at [/Users/java_re/workspace/8-2-build-macosx-x86_64/jdk8u60/4407/hotspot/src/share/vm/prims/methodHandles.cpp, line 1146]
Event: 0.382 Thread 0x00007fd6f5031000 Exception <a 'java/lang/NoSuchFieldError': method resolution failed> (0x0000000795e3d108) thrown at [/Users/java_re/workspace/8-2-build-macosx-x86_64/jdk8u60/4407/hotspot/src/share/vm/prims/methodHandles.cpp, line 1146]
Event: 18.870 Thread 0x00007fd6f719a000 Implicit null exception at 0x000000010b1445e9 to 0x000000010b147e25
Event: 18.870 Thread 0x00007fd6f719a000 Implicit null exception at 0x000000010b13572b to 0x000000010b135cc1

Events (10 events):
Event: 64.224 loading class java/util/IdentityHashMap$IdentityHashMapIterator
Event: 64.224 loading class java/util/IdentityHashMap$IdentityHashMapIterator done
Event: 64.224 loading class java/util/IdentityHashMap$KeyIterator done
Event: 64.224 Thread 0x00007fd6f4106000 Thread added: 0x00007fd6f4106000
Event: 64.228 Thread 0x00007fd6f5141800 Uncommon trap: trap_request=0xffffff65 fr.pc=0x000000010b1857b4
Event: 64.228 Thread 0x00007fd6f5141800 DEOPT PACKING pc=0x000000010b1857b4 sp=0x000000016604b420
Event: 64.228 Thread 0x00007fd6f5141800 DEOPT UNPACKING pc=0x000000010aec6229 sp=0x000000016604b2f8 mode 2
Event: 64.229 Thread 0x00007fd6f5141800 Uncommon trap: trap_request=0xffffff65 fr.pc=0x000000010b19a37c
Event: 64.229 Thread 0x00007fd6f5141800 DEOPT PACKING pc=0x000000010b19a37c sp=0x000000016604b460
Event: 64.229 Thread 0x00007fd6f5141800 DEOPT UNPACKING pc=0x000000010aec6229 sp=0x000000016604b1e0 mode 2


Dynamic libraries:
0x000000000035d000 	/System/Library/Frameworks/Cocoa.framework/Versions/A/Cocoa
0x000000000035d000 	/System/Library/Frameworks/Security.framework/Versions/A/Security
0x000000000035d000 	/System/Library/Frameworks/ApplicationServices.framework/Versions/A/ApplicationServices
0x000000000035d000 	/usr/lib/libz.1.dylib
0x000000000035d000 	/usr/lib/libSystem.B.dylib
0x000000000035d000 	/usr/lib/libobjc.A.dylib
0x000000000035d000 	/System/Library/Frameworks/CoreFoundation.framework/Versions/A/CoreFoundation
0x000000000035d000 	/System/Library/Frameworks/Foundation.framework/Versions/C/Foundation
0x000000000035d000 	/System/Library/Frameworks/AppKit.framework/Versions/C/AppKit
0x000000000035d000 	/System/Library/Frameworks/CoreData.framework/Versions/A/CoreData
0x000000000035d000 	/System/Library/PrivateFrameworks/RemoteViewServices.framework/Versions/A/RemoteViewServices
0x000000000035d000 	/System/Library/PrivateFrameworks/UIFoundation.framework/Versions/A/UIFoundation
0x000000000035d000 	/System/Library/Frameworks/IOSurface.framework/Versions/A/IOSurface
0x000000000035d000 	/System/Library/Frameworks/AudioToolbox.framework/Versions/A/AudioToolbox
0x000000000035d000 	/System/Library/Frameworks/AudioUnit.framework/Versions/A/AudioUnit
0x000000000035d000 	/System/Library/PrivateFrameworks/DataDetectorsCore.framework/Versions/A/DataDetectorsCore
0x000000000035d000 	/System/Library/PrivateFrameworks/DesktopServicesPriv.framework/Versions/A/DesktopServicesPriv
0x000000000035d000 	/System/Library/Frameworks/Carbon.framework/Versions/A/Frameworks/HIToolbox.framework/Versions/A/HIToolbox
0x000000000035d000 	/System/Library/Frameworks/QuartzCore.framework/Versions/A/QuartzCore
0x000000000035d000 	/System/Library/Frameworks/Carbon.framework/Versions/A/Frameworks/SpeechRecognition.framework/Versions/A/SpeechRecognition
0x000000000035d000 	/usr/lib/libauto.dylib
0x000000000035d000 	/usr/lib/libicucore.A.dylib
0x000000000035d000 	/usr/lib/libxml2.2.dylib
0x000000000035d000 	/System/Library/PrivateFrameworks/CoreUI.framework/Versions/A/CoreUI
0x000000000035d000 	/System/Library/Frameworks/CoreAudio.framework/Versions/A/CoreAudio
0x000000000035d000 	/System/Library/Frameworks/DiskArbitration.framework/Versions/A/DiskArbitration
0x000000000035d000 	/usr/lib/liblangid.dylib
0x000000000035d000 	/System/Library/PrivateFrameworks/MultitouchSupport.framework/Versions/A/MultitouchSupport
0x000000000035d000 	/System/Library/Frameworks/IOKit.framework/Versions/A/IOKit
0x000000000035d000 	/usr/lib/libDiagnosticMessagesClient.dylib
0x000000000035d000 	/System/Library/Frameworks/CoreServices.framework/Versions/A/CoreServices
0x000000000035d000 	/System/Library/PrivateFrameworks/PerformanceAnalysis.framework/Versions/A/PerformanceAnalysis
0x000000000035d000 	/System/Library/PrivateFrameworks/GenerationalStorage.framework/Versions/A/GenerationalStorage
0x000000000035d000 	/System/Library/Frameworks/OpenGL.framework/Versions/A/OpenGL
0x000000000035d000 	/System/Library/PrivateFrameworks/Sharing.framework/Versions/A/Sharing
0x000000000035d000 	/System/Library/Frameworks/CoreGraphics.framework/Versions/A/CoreGraphics
0x000000000035d000 	/System/Library/Frameworks/CoreText.framework/Versions/A/CoreText
0x000000000035d000 	/System/Library/Frameworks/ImageIO.framework/Versions/A/ImageIO
0x000000000035d000 	/usr/lib/libextension.dylib
0x000000000035d000 	/System/Library/PrivateFrameworks/Backup.framework/Versions/A/Backup
0x000000000035d000 	/usr/lib/libarchive.2.dylib
0x000000000035d000 	/System/Library/Frameworks/CFNetwork.framework/Versions/A/CFNetwork
0x000000000035d000 	/System/Library/Frameworks/SystemConfiguration.framework/Versions/A/SystemConfiguration
0x000000000035d000 	/usr/lib/libCRFSuite.dylib
0x000000000035d000 	/usr/lib/libc++.1.dylib
0x000000000035d000 	/usr/lib/libc++abi.dylib
0x000000000035d000 	/usr/lib/system/libcache.dylib
0x000000000035d000 	/usr/lib/system/libcommonCrypto.dylib
0x000000000035d000 	/usr/lib/system/libcompiler_rt.dylib
0x000000000035d000 	/usr/lib/system/libcopyfile.dylib
0x000000000035d000 	/usr/lib/system/libcorecrypto.dylib
0x000000000035d000 	/usr/lib/system/libdispatch.dylib
0x000000000035d000 	/usr/lib/system/libdyld.dylib
0x000000000035d000 	/usr/lib/system/libkeymgr.dylib
0x000000000035d000 	/usr/lib/system/liblaunch.dylib
0x000000000035d000 	/usr/lib/system/libmacho.dylib
0x000000000035d000 	/usr/lib/system/libquarantine.dylib
0x000000000035d000 	/usr/lib/system/libremovefile.dylib
0x000000000035d000 	/usr/lib/system/libsystem_asl.dylib
0x000000000035d000 	/usr/lib/system/libsystem_blocks.dylib
0x000000000035d000 	/usr/lib/system/libsystem_c.dylib
0x000000000035d000 	/usr/lib/system/libsystem_configuration.dylib
0x000000000035d000 	/usr/lib/system/libsystem_coreservices.dylib
0x000000000035d000 	/usr/lib/system/libsystem_coretls.dylib
0x000000000035d000 	/usr/lib/system/libsystem_dnssd.dylib
0x000000000035d000 	/usr/lib/system/libsystem_info.dylib
0x000000000035d000 	/usr/lib/system/libsystem_kernel.dylib
0x000000000035d000 	/usr/lib/system/libsystem_m.dylib
0x000000000035d000 	/usr/lib/system/libsystem_malloc.dylib
0x000000000035d000 	/usr/lib/system/libsystem_network.dylib
0x000000000035d000 	/usr/lib/system/libsystem_networkextension.dylib
0x000000000035d000 	/usr/lib/system/libsystem_notify.dylib
0x000000000035d000 	/usr/lib/system/libsystem_platform.dylib
0x000000000035d000 	/usr/lib/system/libsystem_pthread.dylib
0x000000000035d000 	/usr/lib/system/libsystem_sandbox.dylib
0x000000000035d000 	/usr/lib/system/libsystem_secinit.dylib
0x000000000035d000 	/usr/lib/system/libsystem_stats.dylib
0x000000000035d000 	/usr/lib/system/libsystem_trace.dylib
0x000000000035d000 	/usr/lib/system/libunc.dylib
0x000000000035d000 	/usr/lib/system/libunwind.dylib
0x000000000035d000 	/usr/lib/system/libxpc.dylib
0x000000000035d000 	/usr/lib/libbz2.1.0.dylib
0x000000000035d000 	/usr/lib/liblzma.5.dylib
0x000000000035d000 	/usr/lib/libbsm.0.dylib
0x000000000035d000 	/usr/lib/libsqlite3.dylib
0x000000000035d000 	/usr/lib/system/libkxld.dylib
0x000000000035d000 	/usr/lib/libxar.1.dylib
0x000000000035d000 	/usr/lib/libpam.2.dylib
0x000000000035d000 	/usr/lib/libOpenScriptingUtil.dylib
0x000000000035d000 	/System/Library/Frameworks/CoreServices.framework/Versions/A/Frameworks/FSEvents.framework/Versions/A/FSEvents
0x000000000035d000 	/System/Library/Frameworks/CoreServices.framework/Versions/A/Frameworks/CarbonCore.framework/Versions/A/CarbonCore
0x000000000035d000 	/System/Library/Frameworks/CoreServices.framework/Versions/A/Frameworks/Metadata.framework/Versions/A/Metadata
0x000000000035d000 	/System/Library/Frameworks/CoreServices.framework/Versions/A/Frameworks/OSServices.framework/Versions/A/OSServices
0x000000000035d000 	/System/Library/Frameworks/CoreServices.framework/Versions/A/Frameworks/SearchKit.framework/Versions/A/SearchKit
0x000000000035d000 	/System/Library/Frameworks/CoreServices.framework/Versions/A/Frameworks/AE.framework/Versions/A/AE
0x000000000035d000 	/System/Library/Frameworks/CoreServices.framework/Versions/A/Frameworks/LaunchServices.framework/Versions/A/LaunchServices
0x000000000035d000 	/System/Library/Frameworks/CoreServices.framework/Versions/A/Frameworks/DictionaryServices.framework/Versions/A/DictionaryServices
0x000000000035d000 	/System/Library/Frameworks/NetFS.framework/Versions/A/NetFS
0x000000000035d000 	/System/Library/PrivateFrameworks/NetAuth.framework/Versions/A/NetAuth
0x000000000035d000 	/System/Library/PrivateFrameworks/login.framework/Versions/A/Frameworks/loginsupport.framework/Versions/A/loginsupport
0x000000000035d000 	/System/Library/PrivateFrameworks/TCC.framework/Versions/A/TCC
0x000000000035d000 	/usr/lib/libmecabra.dylib
0x000000000035d000 	/System/Library/Frameworks/ApplicationServices.framework/Versions/A/Frameworks/ATS.framework/Versions/A/ATS
0x000000000035d000 	/System/Library/Frameworks/ApplicationServices.framework/Versions/A/Frameworks/ColorSync.framework/Versions/A/ColorSync
0x000000000035d000 	/System/Library/Frameworks/ApplicationServices.framework/Versions/A/Frameworks/HIServices.framework/Versions/A/HIServices
0x000000000035d000 	/System/Library/Frameworks/ApplicationServices.framework/Versions/A/Frameworks/LangAnalysis.framework/Versions/A/LangAnalysis
0x000000000035d000 	/System/Library/Frameworks/ApplicationServices.framework/Versions/A/Frameworks/PrintCore.framework/Versions/A/PrintCore
0x000000000035d000 	/System/Library/Frameworks/ApplicationServices.framework/Versions/A/Frameworks/QD.framework/Versions/A/QD
0x000000000035d000 	/System/Library/Frameworks/ApplicationServices.framework/Versions/A/Frameworks/SpeechSynthesis.framework/Versions/A/SpeechSynthesis
0x000000000035d000 	/System/Library/Frameworks/Accelerate.framework/Versions/A/Accelerate
0x000000000035d000 	/System/Library/Frameworks/Accelerate.framework/Versions/A/Frameworks/vImage.framework/Versions/A/vImage
0x000000000035d000 	/System/Library/Frameworks/Accelerate.framework/Versions/A/Frameworks/vecLib.framework/Versions/A/vecLib
0x000000000035d000 	/System/Library/Frameworks/Accelerate.framework/Versions/A/Frameworks/vecLib.framework/Versions/A/libvDSP.dylib
0x000000000035d000 	/System/Library/Frameworks/Accelerate.framework/Versions/A/Frameworks/vecLib.framework/Versions/A/libvMisc.dylib
0x000000000035d000 	/System/Library/Frameworks/Accelerate.framework/Versions/A/Frameworks/vecLib.framework/Versions/A/libLAPACK.dylib
0x000000000035d000 	/System/Library/Frameworks/Accelerate.framework/Versions/A/Frameworks/vecLib.framework/Versions/A/libBLAS.dylib
0x000000000035d000 	/System/Library/Frameworks/Accelerate.framework/Versions/A/Frameworks/vecLib.framework/Versions/A/libLinearAlgebra.dylib
0x000000000035d000 	/System/Library/Frameworks/ApplicationServices.framework/Versions/A/Frameworks/ATS.framework/Versions/A/Resources/libFontParser.dylib
0x000000000035d000 	/System/Library/Frameworks/ApplicationServices.framework/Versions/A/Frameworks/ATS.framework/Versions/A/Resources/libFontRegistry.dylib
0x000000000035d000 	/System/Library/PrivateFrameworks/AppleVPA.framework/Versions/A/AppleVPA
0x000000000035d000 	/System/Library/PrivateFrameworks/AppleJPEG.framework/Versions/A/AppleJPEG
0x000000000035d000 	/System/Library/Frameworks/ImageIO.framework/Versions/A/Resources/libJPEG.dylib
0x000000000035d000 	/System/Library/Frameworks/ImageIO.framework/Versions/A/Resources/libTIFF.dylib
0x000000000035d000 	/System/Library/Frameworks/ImageIO.framework/Versions/A/Resources/libPng.dylib
0x000000000035d000 	/System/Library/Frameworks/ImageIO.framework/Versions/A/Resources/libGIF.dylib
0x000000000035d000 	/System/Library/Frameworks/ImageIO.framework/Versions/A/Resources/libJP2.dylib
0x000000000035d000 	/System/Library/Frameworks/ImageIO.framework/Versions/A/Resources/libRadiance.dylib
0x000000000035d000 	/System/Library/Frameworks/CoreVideo.framework/Versions/A/CoreVideo
0x000000000035d000 	/System/Library/Frameworks/OpenGL.framework/Versions/A/Libraries/libGLU.dylib
0x000000000035d000 	/System/Library/Frameworks/OpenGL.framework/Versions/A/Libraries/libGFXShared.dylib
0x000000000035d000 	/System/Library/Frameworks/OpenGL.framework/Versions/A/Libraries/libGL.dylib
0x000000000035d000 	/System/Library/Frameworks/OpenGL.framework/Versions/A/Libraries/libGLImage.dylib
0x000000000035d000 	/System/Library/Frameworks/OpenGL.framework/Versions/A/Libraries/libCVMSPluginSupport.dylib
0x000000000035d000 	/System/Library/Frameworks/OpenGL.framework/Versions/A/Libraries/libCoreVMClient.dylib
0x000000000035d000 	/usr/lib/libcups.2.dylib
0x000000000035d000 	/System/Library/Frameworks/Kerberos.framework/Versions/A/Kerberos
0x000000000035d000 	/System/Library/Frameworks/GSS.framework/Versions/A/GSS
0x000000000035d000 	/usr/lib/libresolv.9.dylib
0x000000000035d000 	/usr/lib/libiconv.2.dylib
0x000000000035d000 	/System/Library/PrivateFrameworks/Heimdal.framework/Versions/A/Heimdal
0x000000000035d000 	/usr/lib/libheimdal-asn1.dylib
0x000000000035d000 	/System/Library/Frameworks/OpenDirectory.framework/Versions/A/OpenDirectory
0x000000000035d000 	/System/Library/PrivateFrameworks/CommonAuth.framework/Versions/A/CommonAuth
0x000000000035d000 	/System/Library/Frameworks/OpenDirectory.framework/Versions/A/Frameworks/CFOpenDirectory.framework/Versions/A/CFOpenDirectory
0x000000000035d000 	/System/Library/Frameworks/SecurityFoundation.framework/Versions/A/SecurityFoundation
0x000000000035d000 	/System/Library/PrivateFrameworks/LanguageModeling.framework/Versions/A/LanguageModeling
0x000000000035d000 	/usr/lib/libcmph.dylib
0x000000000035d000 	/System/Library/Frameworks/ServiceManagement.framework/Versions/A/ServiceManagement
0x000000000035d000 	/usr/lib/libxslt.1.dylib
0x000000000035d000 	/System/Library/Frameworks/Carbon.framework/Versions/A/Frameworks/Ink.framework/Versions/A/Ink
0x000000000035d000 	/System/Library/Frameworks/QuartzCore.framework/Versions/A/Frameworks/CoreImage.framework/Versions/A/CoreImage
0x000000000035d000 	/System/Library/PrivateFrameworks/CrashReporterSupport.framework/Versions/A/CrashReporterSupport
0x000000000035d000 	/System/Library/Frameworks/OpenCL.framework/Versions/A/OpenCL
0x000000000035d000 	/System/Library/PrivateFrameworks/FaceCore.framework/Versions/A/FaceCore
0x000000000035d000 	/System/Library/PrivateFrameworks/Ubiquity.framework/Versions/A/Ubiquity
0x000000000035d000 	/System/Library/PrivateFrameworks/IconServices.framework/Versions/A/IconServices
0x000000000035d000 	/System/Library/PrivateFrameworks/ChunkingLibrary.framework/Versions/A/ChunkingLibrary
0x000000000035d000 	/System/Library/PrivateFrameworks/Apple80211.framework/Versions/A/Apple80211
0x000000000035d000 	/System/Library/Frameworks/CoreWLAN.framework/Versions/A/CoreWLAN
0x000000000035d000 	/System/Library/Frameworks/IOBluetooth.framework/Versions/A/IOBluetooth
0x000000000035d000 	/System/Library/PrivateFrameworks/CoreWiFi.framework/Versions/A/CoreWiFi
0x000000000035d000 	/System/Library/Frameworks/CoreBluetooth.framework/Versions/A/CoreBluetooth
0x000000000035d000 	/System/Library/PrivateFrameworks/DebugSymbols.framework/Versions/A/DebugSymbols
0x000000000035d000 	/System/Library/PrivateFrameworks/CoreSymbolication.framework/Versions/A/CoreSymbolication
0x000000000035d000 	/System/Library/PrivateFrameworks/Symbolication.framework/Versions/A/Symbolication
0x000000000035d000 	/System/Library/PrivateFrameworks/SpeechRecognitionCore.framework/Versions/A/SpeechRecognitionCore
0x0000000109e00000 	/Library/Java/JavaVirtualMachines/jdk1.8.0_60.jdk/Contents/Home/jre/lib/server/libjvm.dylib
0x000000000035d000 	/usr/lib/libstdc++.6.dylib
0x0000000108dd0000 	/Library/Java/JavaVirtualMachines/jdk1.8.0_60.jdk/Contents/Home/jre/lib/libverify.dylib
0x000000010ae8c000 	/Library/Java/JavaVirtualMachines/jdk1.8.0_60.jdk/Contents/Home/jre/lib/libjava.dylib
0x0000000108de8000 	/Library/Java/JavaVirtualMachines/jdk1.8.0_60.jdk/Contents/Home/jre/lib/libzip.dylib
0x0000000121fc4000 	/System/Library/Frameworks/JavaVM.framework/Frameworks/JavaRuntimeSupport.framework/JavaRuntimeSupport
0x0000000121fdc000 	/System/Library/Frameworks/JavaVM.framework/Versions/A/Frameworks/JavaNativeFoundation.framework/Versions/A/JavaNativeFoundation
0x0000000108df2000 	/System/Library/Frameworks/JavaVM.framework/Versions/A/JavaVM
0x000000000035d000 	/System/Library/Frameworks/Carbon.framework/Versions/A/Carbon
0x0000000121ff1000 	/System/Library/PrivateFrameworks/JavaLaunching.framework/Versions/A/JavaLaunching
0x000000000035d000 	/System/Library/Frameworks/Carbon.framework/Versions/A/Frameworks/CommonPanels.framework/Versions/A/CommonPanels
0x000000000035d000 	/System/Library/Frameworks/Carbon.framework/Versions/A/Frameworks/Help.framework/Versions/A/Help
0x000000000035d000 	/System/Library/Frameworks/Carbon.framework/Versions/A/Frameworks/ImageCapture.framework/Versions/A/ImageCapture
0x000000000035d000 	/System/Library/Frameworks/Carbon.framework/Versions/A/Frameworks/OpenScripting.framework/Versions/A/OpenScripting
0x000000000035d000 	/System/Library/Frameworks/Carbon.framework/Versions/A/Frameworks/Print.framework/Versions/A/Print
0x000000000035d000 	/System/Library/Frameworks/Carbon.framework/Versions/A/Frameworks/SecurityHI.framework/Versions/A/SecurityHI
0x0000000124049000 	/Library/Java/JavaVirtualMachines/jdk1.8.0_60.jdk/Contents/Home/jre/lib/libnet.dylib
0x00000001240ac000 	/Library/Java/JavaVirtualMachines/jdk1.8.0_60.jdk/Contents/Home/jre/lib/libnio.dylib
0x0000000122100000 	/Users/mschoett1/Code/dxram/jni/libJNILock.dylib

VM Arguments:
jvm_args: -Dnetwork.ip=127.0.0.1 -Dnetwork.port=22222 -Dlog4j.configuration=file:////Users/mschoett1/Code/dxram/config/log4j.properties -Dfile.encoding=UTF-8 
java_command: de.uniduesseldorf.dxram.run.Peer
java_class_path (initial): /Users/mschoett1/Code/dxram/bin:/Users/mschoett1/Code/dxram/lib/log4j-1.2.16.jar:/Users/mschoett1/Code/dxram/lib/SizeOf.jar:/Users/mschoett1/Code/dxram/lib/slf4j-api-1.6.1.jar:/Users/mschoett1/Code/dxram/lib/slf4j-log4j12-1.6.1.jar:/Users/mschoett1/Code/dxram/lib/zookeeper-3.4.3.jar
Launcher Type: SUN_STANDARD

Environment Variables:
PATH=/usr/bin:/bin:/usr/sbin:/sbin
SHELL=/bin/bash
DISPLAY=/private/tmp/com.apple.launchd.Yf1yyNnSCQ/org.macosforge.xquartz:0

Signal Handlers:
SIGSEGV: [libjvm.dylib+0x5a6d31], sa_mask[0]=11111111011111110111111111111111, sa_flags=SA_ONSTACK|SA_RESTART|SA_SIGINFO
SIGBUS: [libjvm.dylib+0x5a6d31], sa_mask[0]=11111111011111110111111111111111, sa_flags=SA_RESTART|SA_SIGINFO
SIGFPE: [libjvm.dylib+0x480a4c], sa_mask[0]=11111111011111110111111111111111, sa_flags=SA_RESTART|SA_SIGINFO
SIGPIPE: [libjvm.dylib+0x480a4c], sa_mask[0]=11111111011111110111111111111111, sa_flags=SA_RESTART|SA_SIGINFO
SIGXFSZ: [libjvm.dylib+0x480a4c], sa_mask[0]=11111111011111110111111111111111, sa_flags=SA_RESTART|SA_SIGINFO
SIGILL: [libjvm.dylib+0x480a4c], sa_mask[0]=11111111011111110111111111111111, sa_flags=SA_RESTART|SA_SIGINFO
SIGUSR1: SIG_DFL, sa_mask[0]=00000000000000000000000000000000, sa_flags=none
SIGUSR2: [libjvm.dylib+0x48056a], sa_mask[0]=00100000000000000000000000000000, sa_flags=SA_RESTART|SA_SIGINFO
SIGHUP: [libjvm.dylib+0x47eb41], sa_mask[0]=11111111011111110111111111111111, sa_flags=SA_RESTART|SA_SIGINFO
SIGINT: [libjvm.dylib+0x47eb41], sa_mask[0]=11111111011111110111111111111111, sa_flags=SA_RESTART|SA_SIGINFO
SIGTERM: [libjvm.dylib+0x47eb41], sa_mask[0]=11111111011111110111111111111111, sa_flags=SA_RESTART|SA_SIGINFO
SIGQUIT: [libjvm.dylib+0x47eb41], sa_mask[0]=11111111011111110111111111111111, sa_flags=SA_RESTART|SA_SIGINFO


---------------  S Y S T E M  ---------------

OS:Bsduname:Darwin 14.4.0 Darwin Kernel Version 14.4.0: Thu May 28 11:35:04 PDT 2015; root:xnu-2782.30.5~1/RELEASE_X86_64 x86_64
rlimit: STACK 8192k, CORE 0k, NPROC 709, NOFILE 10240, AS infinity
load average:3.20 3.14 3.22

CPU:total 8 (4 cores per cpu, 2 threads per core) family 6 model 42 stepping 7, cmov, cx8, fxsr, mmx, sse, sse2, sse3, ssse3, sse4.1, sse4.2, popcnt, avx, aes, clmul, ht, tsc, tscinvbit

Memory: 4k page, physical 8388608k(33744k free)

/proc/meminfo:


vm_info: Java HotSpot(TM) 64-Bit Server VM (25.60-b23) for bsd-amd64 JRE (1.8.0_60-b27), built on Aug  4 2015 10:47:24 by "java_re" with gcc 4.2.1 (Based on Apple Inc. build 5658) (LLVM build 2336.11.00)

time: Sat Sep 12 19:38:54 2015
elapsed time: 64 seconds (0d 0h 1m 4s)

