#
# A fatal error has been detected by the Java Runtime Environment:
#
#  SIGSEGV (0xb) at pc=0x000000010b553bb2, pid=10550, tid=28419
#
# JRE version: Java(TM) SE Runtime Environment (8.0_60-b27) (build 1.8.0_60-b27)
# Java VM: Java HotSpot(TM) 64-Bit Server VM (25.60-b23 mixed mode bsd-amd64 compressed oops)
# Problematic frame:
# J 748 C2 de.uniduesseldorf.dxram.core.chunk.storage.CIDTable.getEntry(JJI)J (88 bytes) @ 0x000000010b553bb2 [0x000000010b553b20+0x92]
#
# Failed to write core dump. Core dumps have been disabled. To enable core dumping, try "ulimit -c unlimited" before starting Java again
#
# If you would like to submit a bug report, please visit:
#   http://bugreport.java.com/bugreport/crash.jsp
#

---------------  T H R E A D  ---------------

Current thread (0x00007f8411203000):  JavaThread "MessageHandler-thread-1" daemon [_thread_in_Java, id=28419, stack(0x00000001269e2000,0x0000000126ae2000)]

siginfo: si_signo: 11 (SIGSEGV), si_code: 1 (SEGV_MAPERR), si_addr: 0x00000008ddc65048

Registers:
RAX=0x000000ffffffffff, RBX=0x00000008ddc65046, RCX=0x0000000000000000, RDX=0x000000ffffffffff
RSP=0x0000000126ae1400, RBP=0x0000000124c56000, RSI=0x00000007b900f03c, RDI=0x000000000000c181
R8 =0xc181000000000002, R9 =0x0000000000000001, R10=0x0000000000000000, R11=0x00000008ddc65046
R12=0x0000000000000000, R13=0x0000000740013518, R14=0x0000000126ae1460, R15=0x00007f8411203000
RIP=0x000000010b553bb2, EFLAGS=0x0000000000010202, ERR=0x0000000000000004
  TRAPNO=0x000000000000000e

Top of Stack: (sp=0x0000000126ae1400)
0x0000000126ae1400:   0000000124c5b004 0000000124c5b004
0x0000000126ae1410:   0000000126ae1460 00007f84112031f8
0x0000000126ae1420:   0000000126ae1470 000000010b546af1
0x0000000126ae1430:   0000000124c56000 000000010b553c24
0x0000000126ae1440:   000000074008a238 000000074008a210
0x0000000126ae1450:   0000000740013518 fffffffe00000000
0x0000000126ae1460:   0000000740002218 0000000000000202
0x0000000126ae1470:   c181000000000002 000000010b55a0e4
0x0000000126ae1480:   00000007400135c0 c181000000000002
0x0000000126ae1490:   0000000000000000 000000000003c785
0x0000000126ae14a0:   0000000000000000 0000000000000000
0x0000000126ae14b0:   0000000000000000 0000000000000000
0x0000000126ae14c0:   0000000126ae1530 000000010b293aa4
0x0000000126ae14d0:   c181000000000002 deaddeaf00000000
0x0000000126ae14e0:   0000000797601f48 0000000797601f48
0x0000000126ae14f0:   0000000126ae14f0 000000011fd79578
0x0000000126ae1500:   0000000126ae1558 000000011fd7b160
0x0000000126ae1510:   0000000000000000 000000011fd795d8
0x0000000126ae1520:   0000000126ae14d8 0000000126ae1550
0x0000000126ae1530:   0000000126ae15a0 000000010b2939d0
0x0000000126ae1540:   0000000000000000 0000000000000000
0x0000000126ae1550:   c181000000000002 000000079572e770
0x0000000126ae1560:   0000000126ae1560 000000012003b75a
0x0000000126ae1570:   0000000126ae15d8 000000012003cb30
0x0000000126ae1580:   0000000000000000 000000012003b810
0x0000000126ae1590:   0000000126ae1550 0000000126ae15d0
0x0000000126ae15a0:   0000000126ae1620 000000010b2939d0
0x0000000126ae15b0:   0000000000000000 00000007400137b0
0x0000000126ae15c0:   0000000000000000 0000000000000000
0x0000000126ae15d0:   0000000740013798 0000000740013780
0x0000000126ae15e0:   0000000126ae15e0 000000011fffb703
0x0000000126ae15f0:   0000000126ae1650 000000011fffb7e0 

Instructions: (pc=0x000000010b553bb2)
0x000000010b553b92:   4c 8b db 48 ba ff ff ff ff ff 00 00 00 49 3b f1
0x000000010b553ba2:   0f 84 88 00 00 00 48 b8 ff ff ff ff ff 00 00 00
0x000000010b553bb2:   49 23 43 02 48 bb ff ff ff ff 7f 00 00 00 48 23
0x000000010b553bc2:   c3 45 85 d2 7e 5c 33 f6 48 85 c0 0f 8e 83 00 00 

Register to memory mapping:

RAX=0x000000ffffffffff is an unknown value
RBX=0x00000008ddc65046 is an unknown value
RCX=0x0000000000000000 is an unknown value
RDX=0x000000ffffffffff is an unknown value
RSP=0x0000000126ae1400 is pointing into the stack for thread: 0x00007f8411203000
RBP=0x0000000124c56000 is an unknown value
RSI=0x00000007b900f03c is an unallocated location in the heap
RDI=0x000000000000c181 is an unknown value
R8 =0xc181000000000002 is an unknown value
R9 =0x0000000000000001 is an unknown value
R10=0x0000000000000000 is an unknown value
R11=0x00000008ddc65046 is an unknown value
R12=0x0000000000000000 is an unknown value
R13=0x0000000740013518 is an oop
de.uniduesseldorf.dxram.core.lookup.storage.CacheTree 
 - klass: 'de/uniduesseldorf/dxram/core/lookup/storage/CacheTree'
R14=0x0000000126ae1460 is pointing into the stack for thread: 0x00007f8411203000
R15=0x00007f8411203000 is a thread


Stack: [0x00000001269e2000,0x0000000126ae2000],  sp=0x0000000126ae1400,  free space=1021k
Native frames: (J=compiled Java code, j=interpreted, Vv=VM code, C=native code)
J 748 C2 de.uniduesseldorf.dxram.core.chunk.storage.CIDTable.getEntry(JJI)J (88 bytes) @ 0x000000010b553bb2 [0x000000010b553b20+0x92]
J 748 C2 de.uniduesseldorf.dxram.core.chunk.storage.CIDTable.getEntry(JJI)J (88 bytes) @ 0x000000010b553c24 [0x000000010b553b20+0x104]
J 768% C2 de.uniduesseldorf.dxram.core.chunk.ChunkHandler.get(J)Lde/uniduesseldorf/dxram/core/chunk/Chunk; (164 bytes) @ 0x000000010b55a0e4 [0x000000010b55a000+0xe4]
j  de.uniduesseldorf.dxram.core.api.Core.get(J)Lde/uniduesseldorf/dxram/core/chunk/Chunk;+16
j  de.uniduesseldorf.dxram.commands.CmdGet.remote_execute(Ljava/lang/String;)Ljava/lang/String;+26
j  de.uniduesseldorf.dxram.commands.CommandHandler.processCmd(Ljava/lang/String;Z)Ljava/lang/String;+43
j  de.uniduesseldorf.dxram.core.chunk.ChunkHandler.incomingCommandRequest(Lde/uniduesseldorf/dxram/core/chunk/ChunkMessages$CommandRequest;)V+24
j  de.uniduesseldorf.dxram.core.chunk.ChunkHandler.onIncomingMessage(Lde/uniduesseldorf/dxram/core/net/AbstractMessage;)V+224
j  de.uniduesseldorf.dxram.core.net.NetworkHandler$Entry.newMessage(Lde/uniduesseldorf/dxram/core/net/AbstractMessage;)V+25
j  de.uniduesseldorf.dxram.core.net.NetworkHandler$MessageHandler.run()V+68
j  java.util.concurrent.ThreadPoolExecutor.runWorker(Ljava/util/concurrent/ThreadPoolExecutor$Worker;)V+95
j  java.util.concurrent.ThreadPoolExecutor$Worker.run()V+5
j  java.lang.Thread.run()V+11
v  ~StubRoutines::call_stub
V  [libjvm.dylib+0x2eab0e]
V  [libjvm.dylib+0x2eb29c]
V  [libjvm.dylib+0x2eb448]
V  [libjvm.dylib+0x345965]
V  [libjvm.dylib+0x5612d3]
V  [libjvm.dylib+0x5629ce]
V  [libjvm.dylib+0x48343a]
C  [libsystem_pthread.dylib+0x3268]  _pthread_body+0x83
C  [libsystem_pthread.dylib+0x31e5]  _pthread_body+0x0
C  [libsystem_pthread.dylib+0x141d]  thread_start+0xd
C  0x0000000000000000


---------------  P R O C E S S  ---------------

Java Threads: ( => current thread )
  0x00007f841587a000 JavaThread "ShutdownThread" [_thread_blocked, id=35079, stack(0x0000000127da9000,0x0000000127ea9000)]
  0x00007f841201a800 JavaThread "SIGINT handler" daemon [_thread_blocked, id=34311, stack(0x0000000127ca6000,0x0000000127da6000)]
  0x00007f841282f000 JavaThread "MessageHandler-thread-10" daemon [_thread_blocked, id=33795, stack(0x0000000127ba3000,0x0000000127ca3000)]
  0x00007f84129e9000 JavaThread "MessageHandler-thread-9" daemon [_thread_blocked, id=33283, stack(0x000000012765e000,0x000000012775e000)]
  0x00007f84121f6800 JavaThread "MessageHandler-thread-8" daemon [_thread_blocked, id=14347, stack(0x00000001274b5000,0x00000001275b5000)]
  0x00007f84110ca800 JavaThread "MessageHandler-thread-7" daemon [_thread_blocked, id=14087, stack(0x0000000127aa0000,0x0000000127ba0000)]
  0x00007f841180c800 JavaThread "MessageHandler-thread-6" daemon [_thread_blocked, id=15111, stack(0x00000001223be000,0x00000001224be000)]
  0x00007f8412903000 JavaThread "MessageHandler-thread-5" daemon [_thread_blocked, id=32515, stack(0x000000012799d000,0x0000000127a9d000)]
  0x00007f84128c5000 JavaThread "MessageHandler-thread-4" daemon [_thread_blocked, id=32003, stack(0x00000001270f7000,0x00000001271f7000)]
  0x00007f841217f800 JavaThread "MessageHandler-thread-3" daemon [_thread_blocked, id=31491, stack(0x0000000126ff4000,0x00000001270f4000)]
  0x00007f841197a000 JavaThread "Default-thread-10" daemon [_thread_blocked, id=30979, stack(0x0000000126ef1000,0x0000000126ff1000)]
  0x00007f841123d000 JavaThread "Default-thread-9" daemon [_thread_blocked, id=30467, stack(0x0000000126dee000,0x0000000126eee000)]
  0x00007f8412952000 JavaThread "MessageHandler-thread-2" daemon [_thread_blocked, id=29955, stack(0x0000000126ceb000,0x0000000126deb000)]
  0x00007f8411203800 JavaThread "Default-thread-8" daemon [_thread_blocked, id=29443, stack(0x0000000126be8000,0x0000000126ce8000)]
  0x00007f84129ac800 JavaThread "Default-thread-7" daemon [_thread_blocked, id=28931, stack(0x0000000126ae5000,0x0000000126be5000)]
=>0x00007f8411203000 JavaThread "MessageHandler-thread-1" daemon [_thread_in_Java, id=28419, stack(0x00000001269e2000,0x0000000126ae2000)]
  0x00007f84110da000 JavaThread "Default-thread-6" daemon [_thread_blocked, id=27907, stack(0x00000001268df000,0x00000001269df000)]
  0x00007f84111c1800 JavaThread "Default-thread-5" daemon [_thread_blocked, id=27395, stack(0x00000001267dc000,0x00000001268dc000)]
  0x00007f8411243800 JavaThread "StatisticsManager" daemon [_thread_blocked, id=26883, stack(0x00000001266d9000,0x00000001267d9000)]
  0x00007f8412145800 JavaThread "Default-thread-4" daemon [_thread_blocked, id=26371, stack(0x00000001265d6000,0x00000001266d6000)]
  0x00007f841197b800 JavaThread "Default-thread-3" daemon [_thread_blocked, id=25859, stack(0x00000001264d3000,0x00000001265d3000)]
  0x00007f84129ae000 JavaThread "Default-thread-2" daemon [_thread_blocked, id=25347, stack(0x0000000124b54000,0x0000000124c54000)]
  0x00007f84121ed800 JavaThread "Default-thread-1" daemon [_thread_blocked, id=24835, stack(0x0000000124a51000,0x0000000124b51000)]
  0x00007f8411995000 JavaThread "NetworkStatistic" daemon [_thread_blocked, id=24323, stack(0x000000012494e000,0x0000000124a4e000)]
  0x00007f8411994000 JavaThread "NIO-thread-1" daemon [_thread_blocked, id=23811, stack(0x000000012484b000,0x000000012494b000)]
  0x00007f8412015000 JavaThread "main-EventThread" daemon [_thread_in_Java, id=23299, stack(0x000000012457c000,0x000000012467c000)]
  0x00007f84118ab800 JavaThread "main-SendThread(localhost:2181)" daemon [_thread_in_vm, id=23047, stack(0x0000000124479000,0x0000000124579000)]
  0x00007f8411816800 JavaThread "Service Thread" daemon [_thread_blocked, id=20739, stack(0x00000001241ad000,0x00000001242ad000)]
  0x00007f841285f000 JavaThread "C1 CompilerThread3" daemon [_thread_blocked, id=20227, stack(0x00000001240aa000,0x00000001241aa000)]
  0x00007f8412837800 JavaThread "C2 CompilerThread2" daemon [_thread_blocked, id=19715, stack(0x0000000123fa7000,0x00000001240a7000)]
  0x00007f841101c000 JavaThread "C2 CompilerThread1" daemon [_thread_blocked, id=19203, stack(0x0000000123ea4000,0x0000000123fa4000)]
  0x00007f841180b800 JavaThread "C2 CompilerThread0" daemon [_thread_blocked, id=18691, stack(0x0000000123da1000,0x0000000123ea1000)]
  0x00007f8411808000 JavaThread "Signal Dispatcher" daemon [_thread_blocked, id=15379, stack(0x0000000123c9e000,0x0000000123d9e000)]
  0x00007f8411046000 JavaThread "Finalizer" daemon [_thread_blocked, id=13571, stack(0x000000012228d000,0x000000012238d000)]
  0x00007f8412826800 JavaThread "Reference Handler" daemon [_thread_blocked, id=13059, stack(0x000000012218a000,0x000000012228a000)]
  0x00007f8412003000 JavaThread "main" [_thread_blocked, id=4867, stack(0x000000010b18a000,0x000000010b28a000)]

Other Threads:
  0x00007f8411045800 VMThread [stack: 0x0000000122087000,0x0000000122187000] [id=12547]
  0x00007f841101d800 WatcherThread [stack: 0x00000001242b0000,0x00000001243b0000] [id=21251]

VM state:not at safepoint (normal execution)

VM Mutex/Monitor currently owned by a thread:  ([mutex/lock_event])
[0x00007f8410f02ab0] Patching_lock - owner thread: 0x0000000000000000

Heap:
 PSYoungGen      total 28160K, used 5539K [0x0000000795580000, 0x000000079b600000, 0x00000007c0000000)
  eden space 27648K, 20% used [0x0000000795580000,0x0000000795b0db70,0x0000000797080000)
  from space 512K, 6% used [0x000000079b500000,0x000000079b508000,0x000000079b580000)
  to   space 512K, 0% used [0x000000079b580000,0x000000079b580000,0x000000079b600000)
 ParOldGen       total 87552K, used 2956K [0x0000000740000000, 0x0000000745580000, 0x0000000795580000)
  object space 87552K, 3% used [0x0000000740000000,0x00000007402e3210,0x0000000745580000)
 Metaspace       used 8262K, capacity 8422K, committed 8448K, reserved 1056768K
  class space    used 941K, capacity 1017K, committed 1024K, reserved 1048576K

Card table byte_map: [0x000000011a64c000,0x000000011aa4d000] byte_map_base: 0x0000000116c4c000

Marking Bits: (ParMarkBitMap*) 0x000000010aadee20
 Begin Bits: [0x000000011b510000, 0x000000011d510000)
 End Bits:   [0x000000011d510000, 0x000000011f510000)

Polling page: 0x00000001091d1000

CodeCache: size=245760Kb used=3029Kb max_used=3064Kb free=242730Kb
 bounds [0x000000010b28c000, 0x000000010b59c000, 0x000000011a28c000]
 total_blobs=1139 nmethods=798 adapters=255
 compilation: enabled

Compilation events (10 events):
Event: 64.704 Thread 0x00007f8412837800  801   !   4       de.uniduesseldorf.dxram.core.net.NIOConnectionCreator$Worker::run (260 bytes)
Event: 64.855 Thread 0x00007f8412837800 nmethod 801 0x000000010b583b50 code [0x000000010b584160, 0x000000010b588980]
Event: 68.450 Thread 0x00007f841285f000  802       3       java.lang.StringBuilder::append (8 bytes)
Event: 68.451 Thread 0x00007f841285f000 nmethod 802 0x000000010b38c4d0 code [0x000000010b38c640, 0x000000010b38c7c8]
Event: 68.451 Thread 0x00007f841285f000  803       3       java.lang.AbstractStringBuilder::append (62 bytes)
Event: 68.451 Thread 0x00007f841285f000 nmethod 803 0x000000010b579a90 code [0x000000010b579c60, 0x000000010b57a348]
Event: 70.456 Thread 0x00007f841285f000  804       3       java.util.concurrent.locks.ReentrantLock$NonfairSync::tryAcquire (6 bytes)
Event: 70.456 Thread 0x00007f841285f000 nmethod 804 0x000000010b38d310 code [0x000000010b38d480, 0x000000010b38d688]
Event: 72.958 Thread 0x00007f841285f000  805       3       java.nio.HeapByteBuffer::_put (8 bytes)
Event: 72.958 Thread 0x00007f841285f000 nmethod 805 0x000000010b5796d0 code [0x000000010b579840, 0x000000010b5799b0]

GC Heap History (10 events):
Event: 73.473 GC heap before
{Heap before GC invocations=143 (full 0):
 PSYoungGen      total 30720K, used 30272K [0x0000000795580000, 0x000000079b600000, 0x00000007c0000000)
  eden space 30208K, 100% used [0x0000000795580000,0x0000000797300000,0x0000000797300000)
  from space 512K, 12% used [0x000000079b580000,0x000000079b590000,0x000000079b600000)
  to   space 512K, 0% used [0x000000079b500000,0x000000079b500000,0x000000079b580000)
 ParOldGen       total 87552K, used 2932K [0x0000000740000000, 0x0000000745580000, 0x0000000795580000)
  object space 87552K, 3% used [0x0000000740000000,0x00000007402dd210,0x0000000745580000)
 Metaspace       used 8239K, capacity 8390K, committed 8448K, reserved 1056768K
  class space    used 938K, capacity 985K, committed 1024K, reserved 1048576K
Event: 73.473 GC heap after
Heap after GC invocations=143 (full 0):
 PSYoungGen      total 30208K, used 128K [0x0000000795580000, 0x000000079b600000, 0x00000007c0000000)
  eden space 29696K, 0% used [0x0000000795580000,0x0000000795580000,0x0000000797280000)
  from space 512K, 25% used [0x000000079b500000,0x000000079b520000,0x000000079b580000)
  to   space 512K, 0% used [0x000000079b580000,0x000000079b580000,0x000000079b600000)
 ParOldGen       total 87552K, used 2932K [0x0000000740000000, 0x0000000745580000, 0x0000000795580000)
  object space 87552K, 3% used [0x0000000740000000,0x00000007402dd210,0x0000000745580000)
 Metaspace       used 8239K, capacity 8390K, committed 8448K, reserved 1056768K
  class space    used 938K, capacity 985K, committed 1024K, reserved 1048576K
}
Event: 73.571 GC heap before
{Heap before GC invocations=144 (full 0):
 PSYoungGen      total 30208K, used 29824K [0x0000000795580000, 0x000000079b600000, 0x00000007c0000000)
  eden space 29696K, 100% used [0x0000000795580000,0x0000000797280000,0x0000000797280000)
  from space 512K, 25% used [0x000000079b500000,0x000000079b520000,0x000000079b580000)
  to   space 512K, 0% used [0x000000079b580000,0x000000079b580000,0x000000079b600000)
 ParOldGen       total 87552K, used 2932K [0x0000000740000000, 0x0000000745580000, 0x0000000795580000)
  object space 87552K, 3% used [0x0000000740000000,0x00000007402dd210,0x0000000745580000)
 Metaspace       used 8239K, capacity 8390K, committed 8448K, reserved 1056768K
  class space    used 938K, capacity 985K, committed 1024K, reserved 1048576K
Event: 73.571 GC heap after
Heap after GC invocations=144 (full 0):
 PSYoungGen      total 29696K, used 64K [0x0000000795580000, 0x000000079b600000, 0x00000007c0000000)
  eden space 29184K, 0% used [0x0000000795580000,0x0000000795580000,0x0000000797200000)
  from space 512K, 12% used [0x000000079b580000,0x000000079b590000,0x000000079b600000)
  to   space 512K, 0% used [0x000000079b500000,0x000000079b500000,0x000000079b580000)
 ParOldGen       total 87552K, used 2956K [0x0000000740000000, 0x0000000745580000, 0x0000000795580000)
  object space 87552K, 3% used [0x0000000740000000,0x00000007402e3210,0x0000000745580000)
 Metaspace       used 8239K, capacity 8390K, committed 8448K, reserved 1056768K
  class space    used 938K, capacity 985K, committed 1024K, reserved 1048576K
}
Event: 73.676 GC heap before
{Heap before GC invocations=145 (full 0):
 PSYoungGen      total 29696K, used 29248K [0x0000000795580000, 0x000000079b600000, 0x00000007c0000000)
  eden space 29184K, 100% used [0x0000000795580000,0x0000000797200000,0x0000000797200000)
  from space 512K, 12% used [0x000000079b580000,0x000000079b590000,0x000000079b600000)
  to   space 512K, 0% used [0x000000079b500000,0x000000079b500000,0x000000079b580000)
 ParOldGen       total 87552K, used 2956K [0x0000000740000000, 0x0000000745580000, 0x0000000795580000)
  object space 87552K, 3% used [0x0000000740000000,0x00000007402e3210,0x0000000745580000)
 Metaspace       used 8239K, capacity 8390K, committed 8448K, reserved 1056768K
  class space    used 938K, capacity 985K, committed 1024K, reserved 1048576K
Event: 73.676 GC heap after
Heap after GC invocations=145 (full 0):
 PSYoungGen      total 29184K, used 32K [0x0000000795580000, 0x000000079b600000, 0x00000007c0000000)
  eden space 28672K, 0% used [0x0000000795580000,0x0000000795580000,0x0000000797180000)
  from space 512K, 6% used [0x000000079b500000,0x000000079b508000,0x000000079b580000)
  to   space 512K, 0% used [0x000000079b580000,0x000000079b580000,0x000000079b600000)
 ParOldGen       total 87552K, used 2956K [0x0000000740000000, 0x0000000745580000, 0x0000000795580000)
  object space 87552K, 3% used [0x0000000740000000,0x00000007402e3210,0x0000000745580000)
 Metaspace       used 8239K, capacity 8390K, committed 8448K, reserved 1056768K
  class space    used 938K, capacity 985K, committed 1024K, reserved 1048576K
}
Event: 73.774 GC heap before
{Heap before GC invocations=146 (full 0):
 PSYoungGen      total 29184K, used 28704K [0x0000000795580000, 0x000000079b600000, 0x00000007c0000000)
  eden space 28672K, 100% used [0x0000000795580000,0x0000000797180000,0x0000000797180000)
  from space 512K, 6% used [0x000000079b500000,0x000000079b508000,0x000000079b580000)
  to   space 512K, 0% used [0x000000079b580000,0x000000079b580000,0x000000079b600000)
 ParOldGen       total 87552K, used 2956K [0x0000000740000000, 0x0000000745580000, 0x0000000795580000)
  object space 87552K, 3% used [0x0000000740000000,0x00000007402e3210,0x0000000745580000)
 Metaspace       used 8239K, capacity 8390K, committed 8448K, reserved 1056768K
  class space    used 938K, capacity 985K, committed 1024K, reserved 1048576K
Event: 73.775 GC heap after
Heap after GC invocations=146 (full 0):
 PSYoungGen      total 28672K, used 32K [0x0000000795580000, 0x000000079b600000, 0x00000007c0000000)
  eden space 28160K, 0% used [0x0000000795580000,0x0000000795580000,0x0000000797100000)
  from space 512K, 6% used [0x000000079b580000,0x000000079b588000,0x000000079b600000)
  to   space 512K, 0% used [0x000000079b500000,0x000000079b500000,0x000000079b580000)
 ParOldGen       total 87552K, used 2956K [0x0000000740000000, 0x0000000745580000, 0x0000000795580000)
  object space 87552K, 3% used [0x0000000740000000,0x00000007402e3210,0x0000000745580000)
 Metaspace       used 8239K, capacity 8390K, committed 8448K, reserved 1056768K
  class space    used 938K, capacity 985K, committed 1024K, reserved 1048576K
}
Event: 73.870 GC heap before
{Heap before GC invocations=147 (full 0):
 PSYoungGen      total 28672K, used 28192K [0x0000000795580000, 0x000000079b600000, 0x00000007c0000000)
  eden space 28160K, 100% used [0x0000000795580000,0x0000000797100000,0x0000000797100000)
  from space 512K, 6% used [0x000000079b580000,0x000000079b588000,0x000000079b600000)
  to   space 512K, 0% used [0x000000079b500000,0x000000079b500000,0x000000079b580000)
 ParOldGen       total 87552K, used 2956K [0x0000000740000000, 0x0000000745580000, 0x0000000795580000)
  object space 87552K, 3% used [0x0000000740000000,0x00000007402e3210,0x0000000745580000)
 Metaspace       used 8239K, capacity 8390K, committed 8448K, reserved 1056768K
  class space    used 938K, capacity 985K, committed 1024K, reserved 1048576K
Event: 73.871 GC heap after
Heap after GC invocations=147 (full 0):
 PSYoungGen      total 28160K, used 32K [0x0000000795580000, 0x000000079b600000, 0x00000007c0000000)
  eden space 27648K, 0% used [0x0000000795580000,0x0000000795580000,0x0000000797080000)
  from space 512K, 6% used [0x000000079b500000,0x000000079b508000,0x000000079b580000)
  to   space 512K, 0% used [0x000000079b580000,0x000000079b580000,0x000000079b600000)
 ParOldGen       total 87552K, used 2956K [0x0000000740000000, 0x0000000745580000, 0x0000000795580000)
  object space 87552K, 3% used [0x0000000740000000,0x00000007402e3210,0x0000000745580000)
 Metaspace       used 8239K, capacity 8390K, committed 8448K, reserved 1056768K
  class space    used 938K, capacity 985K, committed 1024K, reserved 1048576K
}

Deoptimization events (10 events):
Event: 0.445 Thread 0x00007f8412003000 Uncommon trap: reason=unstable_if action=reinterpret pc=0x000000010b44e39c method=java.lang.String.replace(CC)Ljava/lang/String; @ 26
Event: 2.915 Thread 0x00007f84118ab800 Uncommon trap: reason=unstable_if action=reinterpret pc=0x000000010b4ef558 method=java.util.concurrent.locks.AbstractQueuedSynchronizer.release(I)Z @ 14
Event: 2.916 Thread 0x00007f84118ab800 Uncommon trap: reason=unstable_if action=reinterpret pc=0x000000010b4f0a58 method=java.util.HashMap$HashIterator.<init>(Ljava/util/HashMap;)V @ 45
Event: 6.318 Thread 0x00007f8411994000 Uncommon trap: reason=class_check action=maybe_recompile pc=0x000000010b5094b8 method=sun.nio.ch.KQueueSelectorImpl.updateSelectedKeys(I)I @ 174
Event: 6.323 Thread 0x00007f8411994000 Uncommon trap: reason=null_check action=make_not_entrant pc=0x000000010b50a9c8 method=de.uniduesseldorf.dxram.core.net.NIOConnectionCreator$Worker.dispatch(Ljava/nio/channels/SelectionKey;)V @ 4
Event: 6.331 Thread 0x00007f8411994000 Uncommon trap: reason=unstable_if action=reinterpret pc=0x000000010b4edebc method=java.util.ArrayDeque.isEmpty()Z @ 8
Event: 29.311 Thread 0x00007f84129ac800 Uncommon trap: reason=unstable_if action=reinterpret pc=0x000000010b4f1a38 method=java.util.concurrent.locks.ReentrantLock$Sync.nonfairTryAcquire(I)Z @ 10
Event: 57.413 Thread 0x00007f8412145800 Uncommon trap: reason=unstable_if action=reinterpret pc=0x000000010b4fc50c method=java.util.concurrent.locks.ReentrantLock$Sync.nonfairTryAcquire(I)Z @ 10
Event: 58.973 Thread 0x00007f8411203000 Uncommon trap: reason=bimorphic action=maybe_recompile pc=0x000000010b4f4d90 method=java.util.concurrent.locks.AbstractQueuedSynchronizer.release(I)Z @ 2
Event: 60.210 Thread 0x00007f8411994000 Uncommon trap: reason=unstable_if action=reinterpret pc=0x000000010b5208f4 method=sun.nio.ch.SelectorImpl.processDeregisterQueue()V @ 15

Internal exceptions (10 events):
Event: 0.165 Thread 0x00007f8412003000 Exception <a 'java/lang/ArrayIndexOutOfBoundsException': 160> (0x00000007958e6020) thrown at [/Users/java_re/workspace/8-2-build-macosx-x86_64/jdk8u60/4407/hotspot/src/share/vm/interpreter/interpreterRuntime.cpp, line 366]
Event: 0.168 Thread 0x00007f8412003000 Exception <a 'java/lang/ClassNotFoundException': org/apache/log4j/LayoutCustomizer> (0x00000007958edf00) thrown at [/Users/java_re/workspace/8-2-build-macosx-x86_64/jdk8u60/4407/hotspot/src/share/vm/classfile/systemDictionary.cpp, line 210]
Event: 0.170 Thread 0x00007f8412003000 Exception <a 'java/lang/ClassNotFoundException': org/apache/log4j/PatternLayoutCustomizer> (0x0000000795902ea0) thrown at [/Users/java_re/workspace/8-2-build-macosx-x86_64/jdk8u60/4407/hotspot/src/share/vm/classfile/systemDictionary.cpp, line 210]
Event: 0.185 Thread 0x00007f8412003000 Exception <a 'java/security/PrivilegedActionException'> (0x0000000795954f78) thrown at [/Users/java_re/workspace/8-2-build-macosx-x86_64/jdk8u60/4407/hotspot/src/share/vm/prims/jvm.cpp, line 1386]
Event: 0.185 Thread 0x00007f8412003000 Exception <a 'java/security/PrivilegedActionException'> (0x0000000795955370) thrown at [/Users/java_re/workspace/8-2-build-macosx-x86_64/jdk8u60/4407/hotspot/src/share/vm/prims/jvm.cpp, line 1386]
Event: 0.186 Thread 0x00007f8412003000 Exception <a 'java/security/PrivilegedActionException'> (0x00000007959589e0) thrown at [/Users/java_re/workspace/8-2-build-macosx-x86_64/jdk8u60/4407/hotspot/src/share/vm/prims/jvm.cpp, line 1386]
Event: 0.186 Thread 0x00007f8412003000 Exception <a 'java/security/PrivilegedActionException'> (0x0000000795958dd8) thrown at [/Users/java_re/workspace/8-2-build-macosx-x86_64/jdk8u60/4407/hotspot/src/share/vm/prims/jvm.cpp, line 1386]
Event: 0.338 Thread 0x00007f84118ab800 Exception <a 'java/lang/NoSuchFieldError': method resolution failed> (0x0000000795d87e98) thrown at [/Users/java_re/workspace/8-2-build-macosx-x86_64/jdk8u60/4407/hotspot/src/share/vm/prims/methodHandles.cpp, line 1146]
Event: 0.339 Thread 0x00007f84118ab800 Exception <a 'java/lang/NoSuchFieldError': method resolution failed> (0x0000000795d953a0) thrown at [/Users/java_re/workspace/8-2-build-macosx-x86_64/jdk8u60/4407/hotspot/src/share/vm/prims/methodHandles.cpp, line 1146]
Event: 6.323 Thread 0x00007f8411994000 Implicit null exception at 0x000000010b5073ea to 0x000000010b50a9a5

Events (10 events):
Event: 73.879 loading class sun/misc/Signal$1
Event: 73.879 loading class sun/misc/Signal$1 done
Event: 73.880 Thread 0x00007f841201a800 Thread added: 0x00007f841201a800
Event: 73.880 loading class java/util/IdentityHashMap$KeySet
Event: 73.880 loading class java/util/IdentityHashMap$KeySet done
Event: 73.880 loading class java/util/IdentityHashMap$KeyIterator
Event: 73.880 loading class java/util/IdentityHashMap$IdentityHashMapIterator
Event: 73.880 loading class java/util/IdentityHashMap$IdentityHashMapIterator done
Event: 73.880 loading class java/util/IdentityHashMap$KeyIterator done
Event: 73.880 Thread 0x00007f841587a000 Thread added: 0x00007f841587a000


Dynamic libraries:
0x000000000a9bf000 	/System/Library/Frameworks/Cocoa.framework/Versions/A/Cocoa
0x000000000a9bf000 	/System/Library/Frameworks/Security.framework/Versions/A/Security
0x000000000a9bf000 	/System/Library/Frameworks/ApplicationServices.framework/Versions/A/ApplicationServices
0x000000000a9bf000 	/usr/lib/libz.1.dylib
0x000000000a9bf000 	/usr/lib/libSystem.B.dylib
0x000000000a9bf000 	/usr/lib/libobjc.A.dylib
0x000000000a9bf000 	/System/Library/Frameworks/CoreFoundation.framework/Versions/A/CoreFoundation
0x000000000a9bf000 	/System/Library/Frameworks/Foundation.framework/Versions/C/Foundation
0x000000000a9bf000 	/System/Library/Frameworks/AppKit.framework/Versions/C/AppKit
0x000000000a9bf000 	/System/Library/Frameworks/CoreData.framework/Versions/A/CoreData
0x000000000a9bf000 	/System/Library/PrivateFrameworks/RemoteViewServices.framework/Versions/A/RemoteViewServices
0x000000000a9bf000 	/System/Library/PrivateFrameworks/UIFoundation.framework/Versions/A/UIFoundation
0x000000000a9bf000 	/System/Library/Frameworks/IOSurface.framework/Versions/A/IOSurface
0x000000000a9bf000 	/System/Library/Frameworks/AudioToolbox.framework/Versions/A/AudioToolbox
0x000000000a9bf000 	/System/Library/Frameworks/AudioUnit.framework/Versions/A/AudioUnit
0x000000000a9bf000 	/System/Library/PrivateFrameworks/DataDetectorsCore.framework/Versions/A/DataDetectorsCore
0x000000000a9bf000 	/System/Library/PrivateFrameworks/DesktopServicesPriv.framework/Versions/A/DesktopServicesPriv
0x000000000a9bf000 	/System/Library/Frameworks/Carbon.framework/Versions/A/Frameworks/HIToolbox.framework/Versions/A/HIToolbox
0x000000000a9bf000 	/System/Library/Frameworks/QuartzCore.framework/Versions/A/QuartzCore
0x000000000a9bf000 	/System/Library/Frameworks/Carbon.framework/Versions/A/Frameworks/SpeechRecognition.framework/Versions/A/SpeechRecognition
0x000000000a9bf000 	/usr/lib/libauto.dylib
0x000000000a9bf000 	/usr/lib/libicucore.A.dylib
0x000000000a9bf000 	/usr/lib/libxml2.2.dylib
0x000000000a9bf000 	/System/Library/PrivateFrameworks/CoreUI.framework/Versions/A/CoreUI
0x000000000a9bf000 	/System/Library/Frameworks/CoreAudio.framework/Versions/A/CoreAudio
0x000000000a9bf000 	/System/Library/Frameworks/DiskArbitration.framework/Versions/A/DiskArbitration
0x000000000a9bf000 	/usr/lib/liblangid.dylib
0x000000000a9bf000 	/System/Library/PrivateFrameworks/MultitouchSupport.framework/Versions/A/MultitouchSupport
0x000000000a9bf000 	/System/Library/Frameworks/IOKit.framework/Versions/A/IOKit
0x000000000a9bf000 	/usr/lib/libDiagnosticMessagesClient.dylib
0x000000000a9bf000 	/System/Library/Frameworks/CoreServices.framework/Versions/A/CoreServices
0x000000000a9bf000 	/System/Library/PrivateFrameworks/PerformanceAnalysis.framework/Versions/A/PerformanceAnalysis
0x000000000a9bf000 	/System/Library/PrivateFrameworks/GenerationalStorage.framework/Versions/A/GenerationalStorage
0x000000000a9bf000 	/System/Library/Frameworks/OpenGL.framework/Versions/A/OpenGL
0x000000000a9bf000 	/System/Library/PrivateFrameworks/Sharing.framework/Versions/A/Sharing
0x000000000a9bf000 	/System/Library/Frameworks/CoreGraphics.framework/Versions/A/CoreGraphics
0x000000000a9bf000 	/System/Library/Frameworks/CoreText.framework/Versions/A/CoreText
0x000000000a9bf000 	/System/Library/Frameworks/ImageIO.framework/Versions/A/ImageIO
0x000000000a9bf000 	/usr/lib/libextension.dylib
0x000000000a9bf000 	/System/Library/PrivateFrameworks/Backup.framework/Versions/A/Backup
0x000000000a9bf000 	/usr/lib/libarchive.2.dylib
0x000000000a9bf000 	/System/Library/Frameworks/CFNetwork.framework/Versions/A/CFNetwork
0x000000000a9bf000 	/System/Library/Frameworks/SystemConfiguration.framework/Versions/A/SystemConfiguration
0x000000000a9bf000 	/usr/lib/libCRFSuite.dylib
0x000000000a9bf000 	/usr/lib/libc++.1.dylib
0x000000000a9bf000 	/usr/lib/libc++abi.dylib
0x000000000a9bf000 	/usr/lib/system/libcache.dylib
0x000000000a9bf000 	/usr/lib/system/libcommonCrypto.dylib
0x000000000a9bf000 	/usr/lib/system/libcompiler_rt.dylib
0x000000000a9bf000 	/usr/lib/system/libcopyfile.dylib
0x000000000a9bf000 	/usr/lib/system/libcorecrypto.dylib
0x000000000a9bf000 	/usr/lib/system/libdispatch.dylib
0x000000000a9bf000 	/usr/lib/system/libdyld.dylib
0x000000000a9bf000 	/usr/lib/system/libkeymgr.dylib
0x000000000a9bf000 	/usr/lib/system/liblaunch.dylib
0x000000000a9bf000 	/usr/lib/system/libmacho.dylib
0x000000000a9bf000 	/usr/lib/system/libquarantine.dylib
0x000000000a9bf000 	/usr/lib/system/libremovefile.dylib
0x000000000a9bf000 	/usr/lib/system/libsystem_asl.dylib
0x000000000a9bf000 	/usr/lib/system/libsystem_blocks.dylib
0x000000000a9bf000 	/usr/lib/system/libsystem_c.dylib
0x000000000a9bf000 	/usr/lib/system/libsystem_configuration.dylib
0x000000000a9bf000 	/usr/lib/system/libsystem_coreservices.dylib
0x000000000a9bf000 	/usr/lib/system/libsystem_coretls.dylib
0x000000000a9bf000 	/usr/lib/system/libsystem_dnssd.dylib
0x000000000a9bf000 	/usr/lib/system/libsystem_info.dylib
0x000000000a9bf000 	/usr/lib/system/libsystem_kernel.dylib
0x000000000a9bf000 	/usr/lib/system/libsystem_m.dylib
0x000000000a9bf000 	/usr/lib/system/libsystem_malloc.dylib
0x000000000a9bf000 	/usr/lib/system/libsystem_network.dylib
0x000000000a9bf000 	/usr/lib/system/libsystem_networkextension.dylib
0x000000000a9bf000 	/usr/lib/system/libsystem_notify.dylib
0x000000000a9bf000 	/usr/lib/system/libsystem_platform.dylib
0x000000000a9bf000 	/usr/lib/system/libsystem_pthread.dylib
0x000000000a9bf000 	/usr/lib/system/libsystem_sandbox.dylib
0x000000000a9bf000 	/usr/lib/system/libsystem_secinit.dylib
0x000000000a9bf000 	/usr/lib/system/libsystem_stats.dylib
0x000000000a9bf000 	/usr/lib/system/libsystem_trace.dylib
0x000000000a9bf000 	/usr/lib/system/libunc.dylib
0x000000000a9bf000 	/usr/lib/system/libunwind.dylib
0x000000000a9bf000 	/usr/lib/system/libxpc.dylib
0x000000000a9bf000 	/usr/lib/libbz2.1.0.dylib
0x000000000a9bf000 	/usr/lib/liblzma.5.dylib
0x000000000a9bf000 	/usr/lib/libbsm.0.dylib
0x000000000a9bf000 	/usr/lib/libsqlite3.dylib
0x000000000a9bf000 	/usr/lib/system/libkxld.dylib
0x000000000a9bf000 	/usr/lib/libxar.1.dylib
0x000000000a9bf000 	/usr/lib/libpam.2.dylib
0x000000000a9bf000 	/usr/lib/libOpenScriptingUtil.dylib
0x000000000a9bf000 	/System/Library/Frameworks/CoreServices.framework/Versions/A/Frameworks/FSEvents.framework/Versions/A/FSEvents
0x000000000a9bf000 	/System/Library/Frameworks/CoreServices.framework/Versions/A/Frameworks/CarbonCore.framework/Versions/A/CarbonCore
0x000000000a9bf000 	/System/Library/Frameworks/CoreServices.framework/Versions/A/Frameworks/Metadata.framework/Versions/A/Metadata
0x000000000a9bf000 	/System/Library/Frameworks/CoreServices.framework/Versions/A/Frameworks/OSServices.framework/Versions/A/OSServices
0x000000000a9bf000 	/System/Library/Frameworks/CoreServices.framework/Versions/A/Frameworks/SearchKit.framework/Versions/A/SearchKit
0x000000000a9bf000 	/System/Library/Frameworks/CoreServices.framework/Versions/A/Frameworks/AE.framework/Versions/A/AE
0x000000000a9bf000 	/System/Library/Frameworks/CoreServices.framework/Versions/A/Frameworks/LaunchServices.framework/Versions/A/LaunchServices
0x000000000a9bf000 	/System/Library/Frameworks/CoreServices.framework/Versions/A/Frameworks/DictionaryServices.framework/Versions/A/DictionaryServices
0x000000000a9bf000 	/System/Library/Frameworks/NetFS.framework/Versions/A/NetFS
0x000000000a9bf000 	/System/Library/PrivateFrameworks/NetAuth.framework/Versions/A/NetAuth
0x000000000a9bf000 	/System/Library/PrivateFrameworks/login.framework/Versions/A/Frameworks/loginsupport.framework/Versions/A/loginsupport
0x000000000a9bf000 	/System/Library/PrivateFrameworks/TCC.framework/Versions/A/TCC
0x000000000a9bf000 	/usr/lib/libmecabra.dylib
0x000000000a9bf000 	/System/Library/Frameworks/ApplicationServices.framework/Versions/A/Frameworks/ATS.framework/Versions/A/ATS
0x000000000a9bf000 	/System/Library/Frameworks/ApplicationServices.framework/Versions/A/Frameworks/ColorSync.framework/Versions/A/ColorSync
0x000000000a9bf000 	/System/Library/Frameworks/ApplicationServices.framework/Versions/A/Frameworks/HIServices.framework/Versions/A/HIServices
0x000000000a9bf000 	/System/Library/Frameworks/ApplicationServices.framework/Versions/A/Frameworks/LangAnalysis.framework/Versions/A/LangAnalysis
0x000000000a9bf000 	/System/Library/Frameworks/ApplicationServices.framework/Versions/A/Frameworks/PrintCore.framework/Versions/A/PrintCore
0x000000000a9bf000 	/System/Library/Frameworks/ApplicationServices.framework/Versions/A/Frameworks/QD.framework/Versions/A/QD
0x000000000a9bf000 	/System/Library/Frameworks/ApplicationServices.framework/Versions/A/Frameworks/SpeechSynthesis.framework/Versions/A/SpeechSynthesis
0x000000000a9bf000 	/System/Library/Frameworks/Accelerate.framework/Versions/A/Accelerate
0x000000000a9bf000 	/System/Library/Frameworks/Accelerate.framework/Versions/A/Frameworks/vImage.framework/Versions/A/vImage
0x000000000a9bf000 	/System/Library/Frameworks/Accelerate.framework/Versions/A/Frameworks/vecLib.framework/Versions/A/vecLib
0x000000000a9bf000 	/System/Library/Frameworks/Accelerate.framework/Versions/A/Frameworks/vecLib.framework/Versions/A/libvDSP.dylib
0x000000000a9bf000 	/System/Library/Frameworks/Accelerate.framework/Versions/A/Frameworks/vecLib.framework/Versions/A/libvMisc.dylib
0x000000000a9bf000 	/System/Library/Frameworks/Accelerate.framework/Versions/A/Frameworks/vecLib.framework/Versions/A/libLAPACK.dylib
0x000000000a9bf000 	/System/Library/Frameworks/Accelerate.framework/Versions/A/Frameworks/vecLib.framework/Versions/A/libBLAS.dylib
0x000000000a9bf000 	/System/Library/Frameworks/Accelerate.framework/Versions/A/Frameworks/vecLib.framework/Versions/A/libLinearAlgebra.dylib
0x000000000a9bf000 	/System/Library/Frameworks/ApplicationServices.framework/Versions/A/Frameworks/ATS.framework/Versions/A/Resources/libFontParser.dylib
0x000000000a9bf000 	/System/Library/Frameworks/ApplicationServices.framework/Versions/A/Frameworks/ATS.framework/Versions/A/Resources/libFontRegistry.dylib
0x000000000a9bf000 	/System/Library/PrivateFrameworks/AppleVPA.framework/Versions/A/AppleVPA
0x000000000a9bf000 	/System/Library/PrivateFrameworks/AppleJPEG.framework/Versions/A/AppleJPEG
0x000000000a9bf000 	/System/Library/Frameworks/ImageIO.framework/Versions/A/Resources/libJPEG.dylib
0x000000000a9bf000 	/System/Library/Frameworks/ImageIO.framework/Versions/A/Resources/libTIFF.dylib
0x000000000a9bf000 	/System/Library/Frameworks/ImageIO.framework/Versions/A/Resources/libPng.dylib
0x000000000a9bf000 	/System/Library/Frameworks/ImageIO.framework/Versions/A/Resources/libGIF.dylib
0x000000000a9bf000 	/System/Library/Frameworks/ImageIO.framework/Versions/A/Resources/libJP2.dylib
0x000000000a9bf000 	/System/Library/Frameworks/ImageIO.framework/Versions/A/Resources/libRadiance.dylib
0x000000000a9bf000 	/System/Library/Frameworks/CoreVideo.framework/Versions/A/CoreVideo
0x000000000a9bf000 	/System/Library/Frameworks/OpenGL.framework/Versions/A/Libraries/libGLU.dylib
0x000000000a9bf000 	/System/Library/Frameworks/OpenGL.framework/Versions/A/Libraries/libGFXShared.dylib
0x000000000a9bf000 	/System/Library/Frameworks/OpenGL.framework/Versions/A/Libraries/libGL.dylib
0x000000000a9bf000 	/System/Library/Frameworks/OpenGL.framework/Versions/A/Libraries/libGLImage.dylib
0x000000000a9bf000 	/System/Library/Frameworks/OpenGL.framework/Versions/A/Libraries/libCVMSPluginSupport.dylib
0x000000000a9bf000 	/System/Library/Frameworks/OpenGL.framework/Versions/A/Libraries/libCoreVMClient.dylib
0x000000000a9bf000 	/usr/lib/libcups.2.dylib
0x000000000a9bf000 	/System/Library/Frameworks/Kerberos.framework/Versions/A/Kerberos
0x000000000a9bf000 	/System/Library/Frameworks/GSS.framework/Versions/A/GSS
0x000000000a9bf000 	/usr/lib/libresolv.9.dylib
0x000000000a9bf000 	/usr/lib/libiconv.2.dylib
0x000000000a9bf000 	/System/Library/PrivateFrameworks/Heimdal.framework/Versions/A/Heimdal
0x000000000a9bf000 	/usr/lib/libheimdal-asn1.dylib
0x000000000a9bf000 	/System/Library/Frameworks/OpenDirectory.framework/Versions/A/OpenDirectory
0x000000000a9bf000 	/System/Library/PrivateFrameworks/CommonAuth.framework/Versions/A/CommonAuth
0x000000000a9bf000 	/System/Library/Frameworks/OpenDirectory.framework/Versions/A/Frameworks/CFOpenDirectory.framework/Versions/A/CFOpenDirectory
0x000000000a9bf000 	/System/Library/Frameworks/SecurityFoundation.framework/Versions/A/SecurityFoundation
0x000000000a9bf000 	/System/Library/PrivateFrameworks/LanguageModeling.framework/Versions/A/LanguageModeling
0x000000000a9bf000 	/usr/lib/libcmph.dylib
0x000000000a9bf000 	/System/Library/Frameworks/ServiceManagement.framework/Versions/A/ServiceManagement
0x000000000a9bf000 	/usr/lib/libxslt.1.dylib
0x000000000a9bf000 	/System/Library/Frameworks/Carbon.framework/Versions/A/Frameworks/Ink.framework/Versions/A/Ink
0x000000000a9bf000 	/System/Library/Frameworks/QuartzCore.framework/Versions/A/Frameworks/CoreImage.framework/Versions/A/CoreImage
0x000000000a9bf000 	/System/Library/PrivateFrameworks/CrashReporterSupport.framework/Versions/A/CrashReporterSupport
0x000000000a9bf000 	/System/Library/Frameworks/OpenCL.framework/Versions/A/OpenCL
0x000000000a9bf000 	/System/Library/PrivateFrameworks/FaceCore.framework/Versions/A/FaceCore
0x000000000a9bf000 	/System/Library/PrivateFrameworks/Ubiquity.framework/Versions/A/Ubiquity
0x000000000a9bf000 	/System/Library/PrivateFrameworks/IconServices.framework/Versions/A/IconServices
0x000000000a9bf000 	/System/Library/PrivateFrameworks/ChunkingLibrary.framework/Versions/A/ChunkingLibrary
0x000000000a9bf000 	/System/Library/PrivateFrameworks/Apple80211.framework/Versions/A/Apple80211
0x000000000a9bf000 	/System/Library/Frameworks/CoreWLAN.framework/Versions/A/CoreWLAN
0x000000000a9bf000 	/System/Library/Frameworks/IOBluetooth.framework/Versions/A/IOBluetooth
0x000000000a9bf000 	/System/Library/PrivateFrameworks/CoreWiFi.framework/Versions/A/CoreWiFi
0x000000000a9bf000 	/System/Library/Frameworks/CoreBluetooth.framework/Versions/A/CoreBluetooth
0x000000000a9bf000 	/System/Library/PrivateFrameworks/DebugSymbols.framework/Versions/A/DebugSymbols
0x000000000a9bf000 	/System/Library/PrivateFrameworks/CoreSymbolication.framework/Versions/A/CoreSymbolication
0x000000000a9bf000 	/System/Library/PrivateFrameworks/Symbolication.framework/Versions/A/Symbolication
0x000000000a9bf000 	/System/Library/PrivateFrameworks/SpeechRecognitionCore.framework/Versions/A/SpeechRecognitionCore
0x000000010a200000 	/Library/Java/JavaVirtualMachines/jdk1.8.0_60.jdk/Contents/Home/jre/lib/server/libjvm.dylib
0x000000000a9bf000 	/usr/lib/libstdc++.6.dylib
0x000000010918e000 	/Library/Java/JavaVirtualMachines/jdk1.8.0_60.jdk/Contents/Home/jre/lib/libverify.dylib
0x000000010919c000 	/Library/Java/JavaVirtualMachines/jdk1.8.0_60.jdk/Contents/Home/jre/lib/libjava.dylib
0x00000001091db000 	/Library/Java/JavaVirtualMachines/jdk1.8.0_60.jdk/Contents/Home/jre/lib/libzip.dylib
0x00000001091e5000 	/System/Library/Frameworks/JavaVM.framework/Frameworks/JavaRuntimeSupport.framework/JavaRuntimeSupport
0x000000012238f000 	/System/Library/Frameworks/JavaVM.framework/Versions/A/Frameworks/JavaNativeFoundation.framework/Versions/A/JavaNativeFoundation
0x00000001223a4000 	/System/Library/Frameworks/JavaVM.framework/Versions/A/JavaVM
0x000000000a9bf000 	/System/Library/Frameworks/Carbon.framework/Versions/A/Carbon
0x00000001223b1000 	/System/Library/PrivateFrameworks/JavaLaunching.framework/Versions/A/JavaLaunching
0x000000000a9bf000 	/System/Library/Frameworks/Carbon.framework/Versions/A/Frameworks/CommonPanels.framework/Versions/A/CommonPanels
0x000000000a9bf000 	/System/Library/Frameworks/Carbon.framework/Versions/A/Frameworks/Help.framework/Versions/A/Help
0x000000000a9bf000 	/System/Library/Frameworks/Carbon.framework/Versions/A/Frameworks/ImageCapture.framework/Versions/A/ImageCapture
0x000000000a9bf000 	/System/Library/Frameworks/Carbon.framework/Versions/A/Frameworks/OpenScripting.framework/Versions/A/OpenScripting
0x000000000a9bf000 	/System/Library/Frameworks/Carbon.framework/Versions/A/Frameworks/Print.framework/Versions/A/Print
0x000000000a9bf000 	/System/Library/Frameworks/Carbon.framework/Versions/A/Frameworks/SecurityHI.framework/Versions/A/SecurityHI
0x0000000124405000 	/Library/Java/JavaVirtualMachines/jdk1.8.0_60.jdk/Contents/Home/jre/lib/libnet.dylib
0x0000000124468000 	/Library/Java/JavaVirtualMachines/jdk1.8.0_60.jdk/Contents/Home/jre/lib/libnio.dylib
0x00000001224c0000 	/Users/mschoett1/Code/DXRAM/dxram/jni/libJNILock.dylib

VM Arguments:
jvm_args: -Dnetwork.ip=127.0.0.1 -Dnetwork.port=22222 -Dlog4j.configuration=file:////Users/mschoett1/Code/DXRAM/dxram/config/log4j.properties 
java_command: de.uniduesseldorf.dxram.run.Peer
java_class_path (initial): lib/slf4j-log4j12-1.6.1.jar:lib/slf4j-api-1.6.1.jar:lib/zookeeper-3.4.3.jar:lib/log4j-1.2.16.jar:bin/
Launcher Type: SUN_STANDARD

Environment Variables:
JAVA_HOME=/Library/Java/JavaVirtualMachines/jdk1.8.0_60.jdk/Contents/Home
PATH=/Users/mschoett1/Scripts:/Users/mschoett1/Code/apache-ant-1.9.4/bin:/Users/mschoett1/Code/apache-maven-3.3.1/bin:/Users/mschoett1/Code/apache-spark-1.3.0/bin:/usr/local/bin:/usr/bin:/bin:/usr/sbin:/sbin:/opt/X11/bin:/usr/local/MacGPG2/bin:/Users/mschoett1/Code/myCPU/cc65/bin
SHELL=/bin/bash
DISPLAY=/private/tmp/com.apple.launchd.9sRwXNM8zX/org.macosforge.xquartz:0

Signal Handlers:
SIGSEGV: [libjvm.dylib+0x5a6d31], sa_mask[0]=11111111011111110111111111111111, sa_flags=SA_ONSTACK|SA_RESTART|SA_SIGINFO
SIGBUS: [libjvm.dylib+0x5a6d31], sa_mask[0]=11111111011111110111111111111111, sa_flags=SA_RESTART|SA_SIGINFO
SIGFPE: [libjvm.dylib+0x480a4c], sa_mask[0]=11111111011111110111111111111111, sa_flags=SA_RESTART|SA_SIGINFO
SIGPIPE: [libjvm.dylib+0x480a4c], sa_mask[0]=11111111011111110111111111111111, sa_flags=SA_RESTART|SA_SIGINFO
SIGXFSZ: [libjvm.dylib+0x480a4c], sa_mask[0]=11111111011111110111111111111111, sa_flags=SA_RESTART|SA_SIGINFO
SIGILL: [libjvm.dylib+0x480a4c], sa_mask[0]=11111111011111110111111111111111, sa_flags=SA_RESTART|SA_SIGINFO
SIGUSR1: SIG_DFL, sa_mask[0]=11011111011111100000000111000110, sa_flags=none
SIGUSR2: [libjvm.dylib+0x48056a], sa_mask[0]=00000000000000000000000000000000, sa_flags=SA_RESTART|SA_SIGINFO
SIGHUP: [libjvm.dylib+0x47eb41], sa_mask[0]=11111111011111110111111111111111, sa_flags=SA_RESTART|SA_SIGINFO
SIGINT: [libjvm.dylib+0x47eb41], sa_mask[0]=11111111011111110111111111111111, sa_flags=SA_RESTART|SA_SIGINFO
SIGTERM: [libjvm.dylib+0x47eb41], sa_mask[0]=11111111011111110111111111111111, sa_flags=SA_RESTART|SA_SIGINFO
SIGQUIT: [libjvm.dylib+0x47eb41], sa_mask[0]=11111111011111110111111111111111, sa_flags=SA_RESTART|SA_SIGINFO


---------------  S Y S T E M  ---------------

OS:Bsduname:Darwin 14.4.0 Darwin Kernel Version 14.4.0: Thu May 28 11:35:04 PDT 2015; root:xnu-2782.30.5~1/RELEASE_X86_64 x86_64
rlimit: STACK 8192k, CORE 0k, NPROC 709, NOFILE 10240, AS infinity
load average:3.42 2.98 2.74

CPU:total 8 (4 cores per cpu, 2 threads per core) family 6 model 42 stepping 7, cmov, cx8, fxsr, mmx, sse, sse2, sse3, ssse3, sse4.1, sse4.2, popcnt, avx, aes, clmul, ht, tsc, tscinvbit

Memory: 4k page, physical 8388608k(931796k free)

/proc/meminfo:


vm_info: Java HotSpot(TM) 64-Bit Server VM (25.60-b23) for bsd-amd64 JRE (1.8.0_60-b27), built on Aug  4 2015 10:47:24 by "java_re" with gcc 4.2.1 (Based on Apple Inc. build 5658) (LLVM build 2336.11.00)

time: Wed Aug 26 18:40:07 2015
elapsed time: 73 seconds (0d 0h 1m 13s)

