#
# A fatal error has been detected by the Java Runtime Environment:
#
#  SIGSEGV (0xb) at pc=0x00007fff91a9a152, pid=10358, tid=4867
#
# JRE version: Java(TM) SE Runtime Environment (8.0_60-b27) (build 1.8.0_60-b27)
# Java VM: Java HotSpot(TM) 64-Bit Server VM (25.60-b23 mixed mode bsd-amd64 compressed oops)
# Problematic frame:
# C  [libsystem_c.dylib+0x1152]  strlen+0x12
#
# Failed to write core dump. Core dumps have been disabled. To enable core dumping, try "ulimit -c unlimited" before starting Java again
#
# If you would like to submit a bug report, please visit:
#   http://bugreport.java.com/bugreport/crash.jsp
# The crash happened outside the Java Virtual Machine in native code.
# See problematic frame for where to report the bug.
#

---------------  T H R E A D  ---------------

Current thread (0x00007fa269003000):  JavaThread "main" [_thread_in_native, id=4867, stack(0x0000000106c7d000,0x0000000106d7d000)]

siginfo: si_signo: 11 (SIGSEGV), si_code: 1 (SEGV_MAPERR), si_addr: 0x0000000000000000

Registers:
RAX=0x0000000000000002, RBX=0x000000011dad66d0, RCX=0x0000000000000000, RDX=0x0000000000000000
RSP=0x0000000106d7c790, RBP=0x0000000106d7c790, RSI=0x00007fa268500000, RDI=0x0000000000000000
R8 =0x0000000000000001, R9 =0x00000000fffffe00, R10=0x0000000123fe653e, R11=0x00007fa1617c9540
R12=0x0000000000000000, R13=0x000000011dad66d0, R14=0x0000000106d7c878, R15=0x00007fa269003000
RIP=0x00007fff91a9a152, EFLAGS=0x0000000000010246, ERR=0x0000000000000004
  TRAPNO=0x000000000000000e

Top of Stack: (sp=0x0000000106d7c790)
0x0000000106d7c790:   0000000106d7c810 0000000123fc0e9e
0x0000000106d7c7a0:   0000000106d7c790 000000011d55010e
0x0000000106d7c7b0:   0000000106d7c808 000000011d5511c0
0x0000000106d7c7c0:   0000000000000000 000000011d550138
0x0000000106d7c7d0:   0000000000000000 0000000106d7c800
0x0000000106d7c7e0:   0000000123fe54f2 0000000000000000
0x0000000106d7c7f0:   0000000106d7c870 00007fa2690031f8
0x0000000106d7c800:   000000079630bcc8 c4000b13f33f28e3
0x0000000106d7c810:   0000000106d7c860 0000000108d9e954
0x0000000106d7c820:   0000000106d7c820 0000000000000000
0x0000000106d7c830:   0000000106d7c878 000000011dad6758
0x0000000106d7c840:   0000000000000000 000000011dad66d0
0x0000000106d7c850:   0000000000000000 0000000106d7c880
0x0000000106d7c860:   0000000106d7c8c0 0000000108d909d0
0x0000000106d7c870:   0000000797638488 0000000108d9857b
0x0000000106d7c880:   0000000106d7c880 000000011dad0388
0x0000000106d7c890:   0000000106d7c8e8 000000011dad4d80
0x0000000106d7c8a0:   0000000000000000 000000011dad0418
0x0000000106d7c8b0:   0000000106d7c880 0000000106d7c8f0
0x0000000106d7c8c0:   0000000106d7c930 0000000108d90c4d
0x0000000106d7c8d0:   00000007964870e8 000000079648c2b0
0x0000000106d7c8e0:   000000079648c450 000000079648c2e0
0x0000000106d7c8f0:   0000000106d7c8f0 000000011d80d467
0x0000000106d7c900:   0000000106d7c948 000000011d80d970
0x0000000106d7c910:   0000000000000000 000000011d80d4a0
0x0000000106d7c920:   0000000106d7c8f0 0000000106d7c948
0x0000000106d7c930:   0000000106d7c9b0 0000000108d897a7
0x0000000106d7c940:   0000000000000000 00000007976384f0
0x0000000106d7c950:   0000000100001fa0 000000000000000a
0x0000000106d7c960:   00007fa269003000 0000000000000001
0x0000000106d7c970:   0000000108d8971f 000000011d80d4a0
0x0000000106d7c980:   0000000106d7ca48 0000000106d7cdd0 

Instructions: (pc=0x00007fff91a9a152)
0x00007fff91a9a132:   0e 01 f3 0f 7f 44 0f 01 5d c3 90 90 90 90 55 48
0x00007fff91a9a142:   89 e5 48 89 f9 48 89 fa 48 83 e7 f0 66 0f ef c0
0x00007fff91a9a152:   66 0f 74 07 66 0f d7 f0 48 83 e1 0f 48 83 c8 ff
0x00007fff91a9a162:   48 d3 e0 21 c6 74 17 0f bc c6 48 29 d7 48 01 f8 

Register to memory mapping:

RAX=0x0000000000000002 is an unknown value
RBX={method} {0x000000011dad66d0} 'readline' '()[B' in 'de/uniduesseldorf/dxram/utils/JNIconsole'
RCX=0x0000000000000000 is an unknown value
RDX=0x0000000000000000 is an unknown value
RSP=0x0000000106d7c790 is pointing into the stack for thread: 0x00007fa269003000
RBP=0x0000000106d7c790 is pointing into the stack for thread: 0x00007fa269003000
RSI=0x00007fa268500000 is an unknown value
RDI=0x0000000000000000 is an unknown value
R8 =0x0000000000000001 is an unknown value
R9 =0x00000000fffffe00 is an unknown value
R10=0x0000000123fe653e: xfree+0x251e in /Users/mschoett1/Code/DXRAM/dxram/jni/libJNIconsole.dylib at 0x0000000123fc0000
R11=0x00007fa1617c9540 is an unknown value
R12=0x0000000000000000 is an unknown value
R13={method} {0x000000011dad66d0} 'readline' '()[B' in 'de/uniduesseldorf/dxram/utils/JNIconsole'
R14=0x0000000106d7c878 is pointing into the stack for thread: 0x00007fa269003000
R15=0x00007fa269003000 is a thread


Stack: [0x0000000106c7d000,0x0000000106d7d000],  sp=0x0000000106d7c790,  free space=1021k
Native frames: (J=compiled Java code, j=interpreted, Vv=VM code, C=native code)
C  [libsystem_c.dylib+0x1152]  strlen+0x12
C  [libJNIconsole.dylib+0xe9e]  Java_de_uniduesseldorf_dxram_utils_JNIconsole_readline+0x4e
j  de.uniduesseldorf.dxram.utils.JNIconsole.readline()[B+0
j  de.uniduesseldorf.dxram.commands.Shell.loop()V+8
j  de.uniduesseldorf.dxram.run.Monitor.main([Ljava/lang/String;)V+47
v  ~StubRoutines::call_stub
V  [libjvm.dylib+0x2eab0e]
V  [libjvm.dylib+0x321820]
V  [libjvm.dylib+0x31a59a]
C  [java+0x393e]  JavaMain+0x9b1
C  [libsystem_pthread.dylib+0x3268]  _pthread_body+0x83
C  [libsystem_pthread.dylib+0x31e5]  _pthread_body+0x0
C  [libsystem_pthread.dylib+0x141d]  thread_start+0xd
C  0x0000000000000000

Java frames: (J=compiled Java code, j=interpreted, Vv=VM code)
j  de.uniduesseldorf.dxram.utils.JNIconsole.readline()[B+0
j  de.uniduesseldorf.dxram.commands.Shell.loop()V+8
j  de.uniduesseldorf.dxram.run.Monitor.main([Ljava/lang/String;)V+47
v  ~StubRoutines::call_stub

---------------  P R O C E S S  ---------------

Java Threads: ( => current thread )
  0x00007fa26885c800 JavaThread "NIO-thread-3" daemon [_thread_in_native, id=23815, stack(0x0000000122339000,0x0000000122439000)]
  0x00007fa26a18e800 JavaThread "MessageHandler-thread-10" daemon [_thread_blocked, id=14347, stack(0x00000001255dd000,0x00000001256dd000)]
  0x00007fa26a18e000 JavaThread "MessageHandler-thread-9" daemon [_thread_blocked, id=15111, stack(0x00000001254da000,0x00000001255da000)]
  0x00007fa269061000 JavaThread "MessageHandler-thread-8" daemon [_thread_blocked, id=14087, stack(0x000000011feab000,0x000000011ffab000)]
  0x00007fa26918f000 JavaThread "MessageHandler-thread-7" daemon [_thread_blocked, id=33027, stack(0x00000001253d7000,0x00000001254d7000)]
  0x00007fa268857800 JavaThread "MessageHandler-thread-6" daemon [_thread_blocked, id=32515, stack(0x00000001252d4000,0x00000001253d4000)]
  0x00007fa268a5a000 JavaThread "MessageHandler-thread-5" daemon [_thread_blocked, id=32003, stack(0x0000000125047000,0x0000000125147000)]
  0x00007fa2699bb000 JavaThread "MessageHandler-thread-4" daemon [_thread_blocked, id=31491, stack(0x0000000124b33000,0x0000000124c33000)]
  0x00007fa26a0ba800 JavaThread "Default-thread-10" daemon [_thread_blocked, id=30979, stack(0x0000000124a30000,0x0000000124b30000)]
  0x00007fa2699ba000 JavaThread "Default-thread-9" daemon [_thread_blocked, id=30467, stack(0x000000012492d000,0x0000000124a2d000)]
  0x00007fa26918d000 JavaThread "MessageHandler-thread-3" daemon [_thread_blocked, id=29955, stack(0x000000012482a000,0x000000012492a000)]
  0x00007fa2699b9800 JavaThread "Default-thread-8" daemon [_thread_blocked, id=29443, stack(0x0000000124727000,0x0000000124827000)]
  0x00007fa26a0ba000 JavaThread "Default-thread-7" daemon [_thread_blocked, id=28931, stack(0x0000000124624000,0x0000000124724000)]
  0x00007fa26918c800 JavaThread "MessageHandler-thread-2" daemon [_thread_blocked, id=28419, stack(0x0000000124521000,0x0000000124621000)]
  0x00007fa26918b800 JavaThread "Default-thread-6" daemon [_thread_blocked, id=27907, stack(0x000000012441e000,0x000000012451e000)]
  0x00007fa26918b000 JavaThread "Default-thread-5" daemon [_thread_blocked, id=27395, stack(0x000000012431b000,0x000000012441b000)]
  0x00007fa26918a000 JavaThread "MessageHandler-thread-1" daemon [_thread_blocked, id=26883, stack(0x0000000124218000,0x0000000124318000)]
  0x00007fa2689dc800 JavaThread "Default-thread-4" daemon [_thread_blocked, id=26371, stack(0x0000000124115000,0x0000000124215000)]
  0x00007fa2691ba800 JavaThread "Default-thread-3" daemon [_thread_blocked, id=25859, stack(0x0000000124012000,0x0000000124112000)]
  0x00007fa26a0b3800 JavaThread "Default-thread-2" daemon [_thread_blocked, id=25347, stack(0x0000000122642000,0x0000000122742000)]
  0x00007fa268a63800 JavaThread "Default-thread-1" daemon [_thread_blocked, id=24835, stack(0x000000012253f000,0x000000012263f000)]
  0x00007fa2688ba000 JavaThread "NetworkStatistic" daemon [_thread_blocked, id=24323, stack(0x000000012243c000,0x000000012253c000)]
  0x00007fa269880800 JavaThread "main-EventThread" daemon [_thread_blocked, id=23299, stack(0x000000012206a000,0x000000012216a000)]
  0x00007fa26987d800 JavaThread "main-SendThread(localhost:2181)" daemon [_thread_in_native, id=23047, stack(0x0000000121f67000,0x0000000122067000)]
  0x00007fa26980f800 JavaThread "Service Thread" daemon [_thread_blocked, id=20739, stack(0x0000000121c9a000,0x0000000121d9a000)]
  0x00007fa26980e800 JavaThread "C1 CompilerThread3" daemon [_thread_blocked, id=20227, stack(0x0000000121b97000,0x0000000121c97000)]
  0x00007fa269808800 JavaThread "C2 CompilerThread2" daemon [_thread_blocked, id=19715, stack(0x0000000121a94000,0x0000000121b94000)]
  0x00007fa268818800 JavaThread "C2 CompilerThread1" daemon [_thread_blocked, id=19203, stack(0x0000000121991000,0x0000000121a91000)]
  0x00007fa26903b800 JavaThread "C2 CompilerThread0" daemon [_thread_blocked, id=18691, stack(0x000000012188e000,0x000000012198e000)]
  0x00007fa26903b000 JavaThread "Signal Dispatcher" daemon [_thread_blocked, id=18207, stack(0x000000012178b000,0x000000012188b000)]
  0x00007fa268812800 JavaThread "Finalizer" daemon [_thread_blocked, id=13571, stack(0x000000011fd62000,0x000000011fe62000)]
  0x00007fa268811800 JavaThread "Reference Handler" daemon [_thread_blocked, id=13059, stack(0x000000011fc5f000,0x000000011fd5f000)]
=>0x00007fa269003000 JavaThread "main" [_thread_in_native, id=4867, stack(0x0000000106c7d000,0x0000000106d7d000)]

Other Threads:
  0x00007fa269060000 VMThread [stack: 0x000000011fb5c000,0x000000011fc5c000] [id=12547]
  0x00007fa269859000 WatcherThread [stack: 0x0000000121d9d000,0x0000000121e9d000] [id=21251]

VM state:not at safepoint (normal execution)

VM Mutex/Monitor currently owned by a thread: None

Heap:
 PSYoungGen      total 38400K, used 13924K [0x0000000795580000, 0x0000000798000000, 0x00000007c0000000)
  eden space 33280K, 32% used [0x0000000795580000,0x00000007960255c0,0x0000000797600000)
  from space 5120K, 59% used [0x0000000797600000,0x00000007978f3d48,0x0000000797b00000)
  to   space 5120K, 0% used [0x0000000797b00000,0x0000000797b00000,0x0000000798000000)
 ParOldGen       total 87552K, used 8K [0x0000000740000000, 0x0000000745580000, 0x0000000795580000)
  object space 87552K, 0% used [0x0000000740000000,0x0000000740002000,0x0000000745580000)
 Metaspace       used 8125K, capacity 8294K, committed 8448K, reserved 1056768K
  class space    used 945K, capacity 1017K, committed 1024K, reserved 1048576K

Card table byte_map: [0x0000000118149000,0x000000011854a000] byte_map_base: 0x0000000114749000

Marking Bits: (ParMarkBitMap*) 0x00000001086dee20
 Begin Bits: [0x000000011900d000, 0x000000011b00d000)
 End Bits:   [0x000000011b00d000, 0x000000011d00d000)

Polling page: 0x0000000106dc2000

CodeCache: size=245760Kb used=2864Kb max_used=2864Kb free=242896Kb
 bounds [0x0000000108d89000, 0x0000000109059000, 0x0000000117d89000]
 total_blobs=1076 nmethods=736 adapters=254
 compilation: enabled

Compilation events (10 events):
Event: 62.025 Thread 0x00007fa26980e800  732  s    3       java.lang.Throwable::fillInStackTrace (29 bytes)
Event: 62.026 Thread 0x00007fa26980e800 nmethod 732 0x00000001090515d0 code [0x0000000109051740, 0x0000000109051ae8]
Event: 62.028 Thread 0x00007fa26980e800  734       3       java.util.jar.Attributes::getValue (9 bytes)
Event: 62.029 Thread 0x00007fa26980e800 nmethod 734 0x0000000109053bd0 code [0x0000000109053d60, 0x00000001090540c8]
Event: 62.029 Thread 0x00007fa26980e800  735       3       java.util.jar.Attributes::get (11 bytes)
Event: 62.029 Thread 0x00007fa26980e800 nmethod 735 0x0000000109053790 code [0x0000000109053900, 0x0000000109053b28]
Event: 62.031 Thread 0x00007fa26980e800  736   !   3       java.io.BufferedReader::readLine (304 bytes)
Event: 62.033 Thread 0x00007fa26980e800 nmethod 736 0x0000000109056510 code [0x00000001090567c0, 0x0000000109057f28]
Event: 62.033 Thread 0x00007fa26980e800  737       3       java.nio.CharBuffer::arrayOffset (35 bytes)
Event: 62.033 Thread 0x00007fa26980e800 nmethod 737 0x0000000109053190 code [0x0000000109053320, 0x0000000109053638]

GC Heap History (2 events):
Event: 44.405 GC heap before
{Heap before GC invocations=1 (full 0):
 PSYoungGen      total 38400K, used 33280K [0x0000000795580000, 0x0000000798000000, 0x00000007c0000000)
  eden space 33280K, 100% used [0x0000000795580000,0x0000000797600000,0x0000000797600000)
  from space 5120K, 0% used [0x0000000797b00000,0x0000000797b00000,0x0000000798000000)
  to   space 5120K, 0% used [0x0000000797600000,0x0000000797600000,0x0000000797b00000)
 ParOldGen       total 87552K, used 0K [0x0000000740000000, 0x0000000745580000, 0x0000000795580000)
  object space 87552K, 0% used [0x0000000740000000,0x0000000740000000,0x0000000745580000)
 Metaspace       used 8030K, capacity 8198K, committed 8448K, reserved 1056768K
  class space    used 925K, capacity 985K, committed 1024K, reserved 1048576K
Event: 44.409 GC heap after
Heap after GC invocations=1 (full 0):
 PSYoungGen      total 38400K, used 3023K [0x0000000795580000, 0x0000000798000000, 0x00000007c0000000)
  eden space 33280K, 0% used [0x0000000795580000,0x0000000795580000,0x0000000797600000)
  from space 5120K, 59% used [0x0000000797600000,0x00000007978f3d48,0x0000000797b00000)
  to   space 5120K, 0% used [0x0000000797b00000,0x0000000797b00000,0x0000000798000000)
 ParOldGen       total 87552K, used 8K [0x0000000740000000, 0x0000000745580000, 0x0000000795580000)
  object space 87552K, 0% used [0x0000000740000000,0x0000000740002000,0x0000000745580000)
 Metaspace       used 8030K, capacity 8198K, committed 8448K, reserved 1056768K
  class space    used 925K, capacity 985K, committed 1024K, reserved 1048576K
}

Deoptimization events (10 events):
Event: 11.683 Thread 0x00007fa26a0bb800 Uncommon trap: reason=unstable_if action=reinterpret pc=0x0000000108ff1c3c method=java.util.ArrayDeque.isEmpty()Z @ 8
Event: 12.974 Thread 0x00007fa26a0ba800 Uncommon trap: reason=unstable_if action=reinterpret pc=0x0000000109011180 method=java.util.concurrent.locks.ReentrantLock$Sync.nonfairTryAcquire(I)Z @ 10
Event: 13.979 Thread 0x00007fa268a63800 Uncommon trap: reason=unstable_if action=reinterpret pc=0x0000000108ff2ed8 method=java.util.concurrent.locks.AbstractQueuedSynchronizer.release(I)Z @ 14
Event: 14.980 Thread 0x00007fa268a5a000 Uncommon trap: reason=unstable_if action=reinterpret pc=0x0000000108ff2ed8 method=java.util.concurrent.locks.AbstractQueuedSynchronizer.release(I)Z @ 14
Event: 20.002 Thread 0x00007fa2691ba800 Uncommon trap: reason=unstable_if action=reinterpret pc=0x0000000108ff0d78 method=java.util.concurrent.locks.ReentrantLock$Sync.nonfairTryAcquire(I)Z @ 10
Event: 61.477 Thread 0x00007fa26a0bb800 Uncommon trap: reason=unstable_if action=reinterpret pc=0x000000010901e814 method=java.util.HashMap.removeNode(ILjava/lang/Object;Ljava/lang/Object;ZZ)Ljava/util/HashMap$Node; @ 46
Event: 61.478 Thread 0x00007fa26885b800 Uncommon trap: reason=unstable_if action=reinterpret pc=0x000000010903725c method=sun.nio.ch.SelectorImpl.processDeregisterQueue()V @ 15
Event: 61.478 Thread 0x00007fa26885b800 Uncommon trap: reason=unstable_if action=reinterpret pc=0x0000000109028b8c method=java.util.HashMap.keySet()Ljava/util/Set; @ 6
Event: 62.022 Thread 0x00007fa26987d800 Uncommon trap: reason=unstable_if action=reinterpret pc=0x0000000108feeaf8 method=java.util.HashMap.keySet()Ljava/util/Set; @ 6
Event: 62.050 Thread 0x00007fa26885c800 Uncommon trap: reason=unstable_if action=reinterpret pc=0x0000000108ff121c method=sun.nio.ch.SelectorImpl.processDeregisterQueue()V @ 15

Internal exceptions (10 events):
Event: 0.161 Thread 0x00007fa269003000 Exception <a 'java/lang/ClassNotFoundException': org/apache/log4j/LayoutCustomizer> (0x00000007958ee0b8) thrown at [/Users/java_re/workspace/8-2-build-macosx-x86_64/jdk8u60/4407/hotspot/src/share/vm/classfile/systemDictionary.cpp, line 210]
Event: 0.163 Thread 0x00007fa269003000 Exception <a 'java/lang/ClassNotFoundException': org/apache/log4j/PatternLayoutCustomizer> (0x0000000795903058) thrown at [/Users/java_re/workspace/8-2-build-macosx-x86_64/jdk8u60/4407/hotspot/src/share/vm/classfile/systemDictionary.cpp, line 210]
Event: 0.179 Thread 0x00007fa269003000 Exception <a 'java/security/PrivilegedActionException'> (0x0000000795955130) thrown at [/Users/java_re/workspace/8-2-build-macosx-x86_64/jdk8u60/4407/hotspot/src/share/vm/prims/jvm.cpp, line 1386]
Event: 0.179 Thread 0x00007fa269003000 Exception <a 'java/security/PrivilegedActionException'> (0x0000000795955528) thrown at [/Users/java_re/workspace/8-2-build-macosx-x86_64/jdk8u60/4407/hotspot/src/share/vm/prims/jvm.cpp, line 1386]
Event: 0.179 Thread 0x00007fa269003000 Exception <a 'java/security/PrivilegedActionException'> (0x0000000795958b98) thrown at [/Users/java_re/workspace/8-2-build-macosx-x86_64/jdk8u60/4407/hotspot/src/share/vm/prims/jvm.cpp, line 1386]
Event: 0.179 Thread 0x00007fa269003000 Exception <a 'java/security/PrivilegedActionException'> (0x0000000795958f90) thrown at [/Users/java_re/workspace/8-2-build-macosx-x86_64/jdk8u60/4407/hotspot/src/share/vm/prims/jvm.cpp, line 1386]
Event: 0.200 Thread 0x00007fa269003000 Exception <a 'java/net/BindException'> (0x000000079599bc20) thrown at [/Users/java_re/workspace/8-2-build-macosx-x86_64/jdk8u60/4407/hotspot/src/share/vm/prims/jni.cpp, line 709]
Event: 0.326 Thread 0x00007fa26987d800 Exception <a 'java/lang/NoSuchFieldError': method resolution failed> (0x0000000795d92228) thrown at [/Users/java_re/workspace/8-2-build-macosx-x86_64/jdk8u60/4407/hotspot/src/share/vm/prims/methodHandles.cpp, line 1146]
Event: 0.328 Thread 0x00007fa26987d800 Exception <a 'java/lang/NoSuchFieldError': method resolution failed> (0x0000000795d9f730) thrown at [/Users/java_re/workspace/8-2-build-macosx-x86_64/jdk8u60/4407/hotspot/src/share/vm/prims/methodHandles.cpp, line 1146]
Event: 61.478 Thread 0x00007fa26885b800 Implicit null exception at 0x0000000109028849 to 0x0000000109028b7d

Events (10 events):
Event: 62.031 loading class java/io/LineNumberReader done
Event: 62.031 Executing VM operation: Deoptimize
Event: 62.031 Executing VM operation: Deoptimize done
Event: 62.050 Thread 0x00007fa26885c800 Thread added: 0x00007fa26885c800
Event: 62.050 Thread 0x00007fa26885c800 Uncommon trap: trap_request=0xffffff65 fr.pc=0x0000000108ff121c
Event: 62.050 Thread 0x00007fa26885c800 DEOPT PACKING pc=0x0000000108ff121c sp=0x0000000122438510
Event: 62.050 Thread 0x00007fa26885c800 DEOPT UNPACKING pc=0x0000000108d8e229 sp=0x00000001224384a8 mode 2
Event: 62.050 Executing VM operation: RevokeBias
Event: 62.050 Executing VM operation: RevokeBias done
Event: 62.050 Thread 0x00007fa26885b800 Thread exited: 0x00007fa26885b800


Dynamic libraries:
0x000000000a9bf000 	/System/Library/Frameworks/Cocoa.framework/Versions/A/Cocoa
0x000000000a9bf000 	/System/Library/Frameworks/Security.framework/Versions/A/Security
0x000000000a9bf000 	/System/Library/Frameworks/ApplicationServices.framework/Versions/A/ApplicationServices
0x000000000a9bf000 	/usr/lib/libz.1.dylib
0x000000000a9bf000 	/usr/lib/libSystem.B.dylib
0x000000000a9bf000 	/usr/lib/libobjc.A.dylib
0x000000000a9bf000 	/System/Library/Frameworks/CoreFoundation.framework/Versions/A/CoreFoundation
0x000000000a9bf000 	/System/Library/Frameworks/Foundation.framework/Versions/C/Foundation
0x000000000a9bf000 	/System/Library/Frameworks/AppKit.framework/Versions/C/AppKit
0x000000000a9bf000 	/System/Library/Frameworks/CoreData.framework/Versions/A/CoreData
0x000000000a9bf000 	/System/Library/PrivateFrameworks/RemoteViewServices.framework/Versions/A/RemoteViewServices
0x000000000a9bf000 	/System/Library/PrivateFrameworks/UIFoundation.framework/Versions/A/UIFoundation
0x000000000a9bf000 	/System/Library/Frameworks/IOSurface.framework/Versions/A/IOSurface
0x000000000a9bf000 	/System/Library/Frameworks/AudioToolbox.framework/Versions/A/AudioToolbox
0x000000000a9bf000 	/System/Library/Frameworks/AudioUnit.framework/Versions/A/AudioUnit
0x000000000a9bf000 	/System/Library/PrivateFrameworks/DataDetectorsCore.framework/Versions/A/DataDetectorsCore
0x000000000a9bf000 	/System/Library/PrivateFrameworks/DesktopServicesPriv.framework/Versions/A/DesktopServicesPriv
0x000000000a9bf000 	/System/Library/Frameworks/Carbon.framework/Versions/A/Frameworks/HIToolbox.framework/Versions/A/HIToolbox
0x000000000a9bf000 	/System/Library/Frameworks/QuartzCore.framework/Versions/A/QuartzCore
0x000000000a9bf000 	/System/Library/Frameworks/Carbon.framework/Versions/A/Frameworks/SpeechRecognition.framework/Versions/A/SpeechRecognition
0x000000000a9bf000 	/usr/lib/libauto.dylib
0x000000000a9bf000 	/usr/lib/libicucore.A.dylib
0x000000000a9bf000 	/usr/lib/libxml2.2.dylib
0x000000000a9bf000 	/System/Library/PrivateFrameworks/CoreUI.framework/Versions/A/CoreUI
0x000000000a9bf000 	/System/Library/Frameworks/CoreAudio.framework/Versions/A/CoreAudio
0x000000000a9bf000 	/System/Library/Frameworks/DiskArbitration.framework/Versions/A/DiskArbitration
0x000000000a9bf000 	/usr/lib/liblangid.dylib
0x000000000a9bf000 	/System/Library/PrivateFrameworks/MultitouchSupport.framework/Versions/A/MultitouchSupport
0x000000000a9bf000 	/System/Library/Frameworks/IOKit.framework/Versions/A/IOKit
0x000000000a9bf000 	/usr/lib/libDiagnosticMessagesClient.dylib
0x000000000a9bf000 	/System/Library/Frameworks/CoreServices.framework/Versions/A/CoreServices
0x000000000a9bf000 	/System/Library/PrivateFrameworks/PerformanceAnalysis.framework/Versions/A/PerformanceAnalysis
0x000000000a9bf000 	/System/Library/PrivateFrameworks/GenerationalStorage.framework/Versions/A/GenerationalStorage
0x000000000a9bf000 	/System/Library/Frameworks/OpenGL.framework/Versions/A/OpenGL
0x000000000a9bf000 	/System/Library/PrivateFrameworks/Sharing.framework/Versions/A/Sharing
0x000000000a9bf000 	/System/Library/Frameworks/CoreGraphics.framework/Versions/A/CoreGraphics
0x000000000a9bf000 	/System/Library/Frameworks/CoreText.framework/Versions/A/CoreText
0x000000000a9bf000 	/System/Library/Frameworks/ImageIO.framework/Versions/A/ImageIO
0x000000000a9bf000 	/usr/lib/libextension.dylib
0x000000000a9bf000 	/System/Library/PrivateFrameworks/Backup.framework/Versions/A/Backup
0x000000000a9bf000 	/usr/lib/libarchive.2.dylib
0x000000000a9bf000 	/System/Library/Frameworks/CFNetwork.framework/Versions/A/CFNetwork
0x000000000a9bf000 	/System/Library/Frameworks/SystemConfiguration.framework/Versions/A/SystemConfiguration
0x000000000a9bf000 	/usr/lib/libCRFSuite.dylib
0x000000000a9bf000 	/usr/lib/libc++.1.dylib
0x000000000a9bf000 	/usr/lib/libc++abi.dylib
0x000000000a9bf000 	/usr/lib/system/libcache.dylib
0x000000000a9bf000 	/usr/lib/system/libcommonCrypto.dylib
0x000000000a9bf000 	/usr/lib/system/libcompiler_rt.dylib
0x000000000a9bf000 	/usr/lib/system/libcopyfile.dylib
0x000000000a9bf000 	/usr/lib/system/libcorecrypto.dylib
0x000000000a9bf000 	/usr/lib/system/libdispatch.dylib
0x000000000a9bf000 	/usr/lib/system/libdyld.dylib
0x000000000a9bf000 	/usr/lib/system/libkeymgr.dylib
0x000000000a9bf000 	/usr/lib/system/liblaunch.dylib
0x000000000a9bf000 	/usr/lib/system/libmacho.dylib
0x000000000a9bf000 	/usr/lib/system/libquarantine.dylib
0x000000000a9bf000 	/usr/lib/system/libremovefile.dylib
0x000000000a9bf000 	/usr/lib/system/libsystem_asl.dylib
0x000000000a9bf000 	/usr/lib/system/libsystem_blocks.dylib
0x000000000a9bf000 	/usr/lib/system/libsystem_c.dylib
0x000000000a9bf000 	/usr/lib/system/libsystem_configuration.dylib
0x000000000a9bf000 	/usr/lib/system/libsystem_coreservices.dylib
0x000000000a9bf000 	/usr/lib/system/libsystem_coretls.dylib
0x000000000a9bf000 	/usr/lib/system/libsystem_dnssd.dylib
0x000000000a9bf000 	/usr/lib/system/libsystem_info.dylib
0x000000000a9bf000 	/usr/lib/system/libsystem_kernel.dylib
0x000000000a9bf000 	/usr/lib/system/libsystem_m.dylib
0x000000000a9bf000 	/usr/lib/system/libsystem_malloc.dylib
0x000000000a9bf000 	/usr/lib/system/libsystem_network.dylib
0x000000000a9bf000 	/usr/lib/system/libsystem_networkextension.dylib
0x000000000a9bf000 	/usr/lib/system/libsystem_notify.dylib
0x000000000a9bf000 	/usr/lib/system/libsystem_platform.dylib
0x000000000a9bf000 	/usr/lib/system/libsystem_pthread.dylib
0x000000000a9bf000 	/usr/lib/system/libsystem_sandbox.dylib
0x000000000a9bf000 	/usr/lib/system/libsystem_secinit.dylib
0x000000000a9bf000 	/usr/lib/system/libsystem_stats.dylib
0x000000000a9bf000 	/usr/lib/system/libsystem_trace.dylib
0x000000000a9bf000 	/usr/lib/system/libunc.dylib
0x000000000a9bf000 	/usr/lib/system/libunwind.dylib
0x000000000a9bf000 	/usr/lib/system/libxpc.dylib
0x000000000a9bf000 	/usr/lib/libbz2.1.0.dylib
0x000000000a9bf000 	/usr/lib/liblzma.5.dylib
0x000000000a9bf000 	/usr/lib/libbsm.0.dylib
0x000000000a9bf000 	/usr/lib/libsqlite3.dylib
0x000000000a9bf000 	/usr/lib/system/libkxld.dylib
0x000000000a9bf000 	/usr/lib/libxar.1.dylib
0x000000000a9bf000 	/usr/lib/libpam.2.dylib
0x000000000a9bf000 	/usr/lib/libOpenScriptingUtil.dylib
0x000000000a9bf000 	/System/Library/Frameworks/CoreServices.framework/Versions/A/Frameworks/FSEvents.framework/Versions/A/FSEvents
0x000000000a9bf000 	/System/Library/Frameworks/CoreServices.framework/Versions/A/Frameworks/CarbonCore.framework/Versions/A/CarbonCore
0x000000000a9bf000 	/System/Library/Frameworks/CoreServices.framework/Versions/A/Frameworks/Metadata.framework/Versions/A/Metadata
0x000000000a9bf000 	/System/Library/Frameworks/CoreServices.framework/Versions/A/Frameworks/OSServices.framework/Versions/A/OSServices
0x000000000a9bf000 	/System/Library/Frameworks/CoreServices.framework/Versions/A/Frameworks/SearchKit.framework/Versions/A/SearchKit
0x000000000a9bf000 	/System/Library/Frameworks/CoreServices.framework/Versions/A/Frameworks/AE.framework/Versions/A/AE
0x000000000a9bf000 	/System/Library/Frameworks/CoreServices.framework/Versions/A/Frameworks/LaunchServices.framework/Versions/A/LaunchServices
0x000000000a9bf000 	/System/Library/Frameworks/CoreServices.framework/Versions/A/Frameworks/DictionaryServices.framework/Versions/A/DictionaryServices
0x000000000a9bf000 	/System/Library/Frameworks/NetFS.framework/Versions/A/NetFS
0x000000000a9bf000 	/System/Library/PrivateFrameworks/NetAuth.framework/Versions/A/NetAuth
0x000000000a9bf000 	/System/Library/PrivateFrameworks/login.framework/Versions/A/Frameworks/loginsupport.framework/Versions/A/loginsupport
0x000000000a9bf000 	/System/Library/PrivateFrameworks/TCC.framework/Versions/A/TCC
0x000000000a9bf000 	/usr/lib/libmecabra.dylib
0x000000000a9bf000 	/System/Library/Frameworks/ApplicationServices.framework/Versions/A/Frameworks/ATS.framework/Versions/A/ATS
0x000000000a9bf000 	/System/Library/Frameworks/ApplicationServices.framework/Versions/A/Frameworks/ColorSync.framework/Versions/A/ColorSync
0x000000000a9bf000 	/System/Library/Frameworks/ApplicationServices.framework/Versions/A/Frameworks/HIServices.framework/Versions/A/HIServices
0x000000000a9bf000 	/System/Library/Frameworks/ApplicationServices.framework/Versions/A/Frameworks/LangAnalysis.framework/Versions/A/LangAnalysis
0x000000000a9bf000 	/System/Library/Frameworks/ApplicationServices.framework/Versions/A/Frameworks/PrintCore.framework/Versions/A/PrintCore
0x000000000a9bf000 	/System/Library/Frameworks/ApplicationServices.framework/Versions/A/Frameworks/QD.framework/Versions/A/QD
0x000000000a9bf000 	/System/Library/Frameworks/ApplicationServices.framework/Versions/A/Frameworks/SpeechSynthesis.framework/Versions/A/SpeechSynthesis
0x000000000a9bf000 	/System/Library/Frameworks/Accelerate.framework/Versions/A/Accelerate
0x000000000a9bf000 	/System/Library/Frameworks/Accelerate.framework/Versions/A/Frameworks/vImage.framework/Versions/A/vImage
0x000000000a9bf000 	/System/Library/Frameworks/Accelerate.framework/Versions/A/Frameworks/vecLib.framework/Versions/A/vecLib
0x000000000a9bf000 	/System/Library/Frameworks/Accelerate.framework/Versions/A/Frameworks/vecLib.framework/Versions/A/libvDSP.dylib
0x000000000a9bf000 	/System/Library/Frameworks/Accelerate.framework/Versions/A/Frameworks/vecLib.framework/Versions/A/libvMisc.dylib
0x000000000a9bf000 	/System/Library/Frameworks/Accelerate.framework/Versions/A/Frameworks/vecLib.framework/Versions/A/libLAPACK.dylib
0x000000000a9bf000 	/System/Library/Frameworks/Accelerate.framework/Versions/A/Frameworks/vecLib.framework/Versions/A/libBLAS.dylib
0x000000000a9bf000 	/System/Library/Frameworks/Accelerate.framework/Versions/A/Frameworks/vecLib.framework/Versions/A/libLinearAlgebra.dylib
0x000000000a9bf000 	/System/Library/Frameworks/ApplicationServices.framework/Versions/A/Frameworks/ATS.framework/Versions/A/Resources/libFontParser.dylib
0x000000000a9bf000 	/System/Library/Frameworks/ApplicationServices.framework/Versions/A/Frameworks/ATS.framework/Versions/A/Resources/libFontRegistry.dylib
0x000000000a9bf000 	/System/Library/PrivateFrameworks/AppleVPA.framework/Versions/A/AppleVPA
0x000000000a9bf000 	/System/Library/PrivateFrameworks/AppleJPEG.framework/Versions/A/AppleJPEG
0x000000000a9bf000 	/System/Library/Frameworks/ImageIO.framework/Versions/A/Resources/libJPEG.dylib
0x000000000a9bf000 	/System/Library/Frameworks/ImageIO.framework/Versions/A/Resources/libTIFF.dylib
0x000000000a9bf000 	/System/Library/Frameworks/ImageIO.framework/Versions/A/Resources/libPng.dylib
0x000000000a9bf000 	/System/Library/Frameworks/ImageIO.framework/Versions/A/Resources/libGIF.dylib
0x000000000a9bf000 	/System/Library/Frameworks/ImageIO.framework/Versions/A/Resources/libJP2.dylib
0x000000000a9bf000 	/System/Library/Frameworks/ImageIO.framework/Versions/A/Resources/libRadiance.dylib
0x000000000a9bf000 	/System/Library/Frameworks/CoreVideo.framework/Versions/A/CoreVideo
0x000000000a9bf000 	/System/Library/Frameworks/OpenGL.framework/Versions/A/Libraries/libGLU.dylib
0x000000000a9bf000 	/System/Library/Frameworks/OpenGL.framework/Versions/A/Libraries/libGFXShared.dylib
0x000000000a9bf000 	/System/Library/Frameworks/OpenGL.framework/Versions/A/Libraries/libGL.dylib
0x000000000a9bf000 	/System/Library/Frameworks/OpenGL.framework/Versions/A/Libraries/libGLImage.dylib
0x000000000a9bf000 	/System/Library/Frameworks/OpenGL.framework/Versions/A/Libraries/libCVMSPluginSupport.dylib
0x000000000a9bf000 	/System/Library/Frameworks/OpenGL.framework/Versions/A/Libraries/libCoreVMClient.dylib
0x000000000a9bf000 	/usr/lib/libcups.2.dylib
0x000000000a9bf000 	/System/Library/Frameworks/Kerberos.framework/Versions/A/Kerberos
0x000000000a9bf000 	/System/Library/Frameworks/GSS.framework/Versions/A/GSS
0x000000000a9bf000 	/usr/lib/libresolv.9.dylib
0x000000000a9bf000 	/usr/lib/libiconv.2.dylib
0x000000000a9bf000 	/System/Library/PrivateFrameworks/Heimdal.framework/Versions/A/Heimdal
0x000000000a9bf000 	/usr/lib/libheimdal-asn1.dylib
0x000000000a9bf000 	/System/Library/Frameworks/OpenDirectory.framework/Versions/A/OpenDirectory
0x000000000a9bf000 	/System/Library/PrivateFrameworks/CommonAuth.framework/Versions/A/CommonAuth
0x000000000a9bf000 	/System/Library/Frameworks/OpenDirectory.framework/Versions/A/Frameworks/CFOpenDirectory.framework/Versions/A/CFOpenDirectory
0x000000000a9bf000 	/System/Library/Frameworks/SecurityFoundation.framework/Versions/A/SecurityFoundation
0x000000000a9bf000 	/System/Library/PrivateFrameworks/LanguageModeling.framework/Versions/A/LanguageModeling
0x000000000a9bf000 	/usr/lib/libcmph.dylib
0x000000000a9bf000 	/System/Library/Frameworks/ServiceManagement.framework/Versions/A/ServiceManagement
0x000000000a9bf000 	/usr/lib/libxslt.1.dylib
0x000000000a9bf000 	/System/Library/Frameworks/Carbon.framework/Versions/A/Frameworks/Ink.framework/Versions/A/Ink
0x000000000a9bf000 	/System/Library/Frameworks/QuartzCore.framework/Versions/A/Frameworks/CoreImage.framework/Versions/A/CoreImage
0x000000000a9bf000 	/System/Library/PrivateFrameworks/CrashReporterSupport.framework/Versions/A/CrashReporterSupport
0x000000000a9bf000 	/System/Library/Frameworks/OpenCL.framework/Versions/A/OpenCL
0x000000000a9bf000 	/System/Library/PrivateFrameworks/FaceCore.framework/Versions/A/FaceCore
0x000000000a9bf000 	/System/Library/PrivateFrameworks/Ubiquity.framework/Versions/A/Ubiquity
0x000000000a9bf000 	/System/Library/PrivateFrameworks/IconServices.framework/Versions/A/IconServices
0x000000000a9bf000 	/System/Library/PrivateFrameworks/ChunkingLibrary.framework/Versions/A/ChunkingLibrary
0x000000000a9bf000 	/System/Library/PrivateFrameworks/Apple80211.framework/Versions/A/Apple80211
0x000000000a9bf000 	/System/Library/Frameworks/CoreWLAN.framework/Versions/A/CoreWLAN
0x000000000a9bf000 	/System/Library/Frameworks/IOBluetooth.framework/Versions/A/IOBluetooth
0x000000000a9bf000 	/System/Library/PrivateFrameworks/CoreWiFi.framework/Versions/A/CoreWiFi
0x000000000a9bf000 	/System/Library/Frameworks/CoreBluetooth.framework/Versions/A/CoreBluetooth
0x000000000a9bf000 	/System/Library/PrivateFrameworks/DebugSymbols.framework/Versions/A/DebugSymbols
0x000000000a9bf000 	/System/Library/PrivateFrameworks/CoreSymbolication.framework/Versions/A/CoreSymbolication
0x000000000a9bf000 	/System/Library/PrivateFrameworks/Symbolication.framework/Versions/A/Symbolication
0x000000000a9bf000 	/System/Library/PrivateFrameworks/SpeechRecognitionCore.framework/Versions/A/SpeechRecognitionCore
0x0000000107e00000 	/Library/Java/JavaVirtualMachines/jdk1.8.0_60.jdk/Contents/Home/jre/lib/server/libjvm.dylib
0x000000000a9bf000 	/usr/lib/libstdc++.6.dylib
0x0000000106d7f000 	/Library/Java/JavaVirtualMachines/jdk1.8.0_60.jdk/Contents/Home/jre/lib/libverify.dylib
0x0000000106d8d000 	/Library/Java/JavaVirtualMachines/jdk1.8.0_60.jdk/Contents/Home/jre/lib/libjava.dylib
0x0000000106dcc000 	/Library/Java/JavaVirtualMachines/jdk1.8.0_60.jdk/Contents/Home/jre/lib/libzip.dylib
0x000000011fe64000 	/System/Library/Frameworks/JavaVM.framework/Frameworks/JavaRuntimeSupport.framework/JavaRuntimeSupport
0x000000011fe7c000 	/System/Library/Frameworks/JavaVM.framework/Versions/A/Frameworks/JavaNativeFoundation.framework/Versions/A/JavaNativeFoundation
0x000000011fe91000 	/System/Library/Frameworks/JavaVM.framework/Versions/A/JavaVM
0x000000000a9bf000 	/System/Library/Frameworks/Carbon.framework/Versions/A/Carbon
0x000000011fe9e000 	/System/Library/PrivateFrameworks/JavaLaunching.framework/Versions/A/JavaLaunching
0x000000000a9bf000 	/System/Library/Frameworks/Carbon.framework/Versions/A/Frameworks/CommonPanels.framework/Versions/A/CommonPanels
0x000000000a9bf000 	/System/Library/Frameworks/Carbon.framework/Versions/A/Frameworks/Help.framework/Versions/A/Help
0x000000000a9bf000 	/System/Library/Frameworks/Carbon.framework/Versions/A/Frameworks/ImageCapture.framework/Versions/A/ImageCapture
0x000000000a9bf000 	/System/Library/Frameworks/Carbon.framework/Versions/A/Frameworks/OpenScripting.framework/Versions/A/OpenScripting
0x000000000a9bf000 	/System/Library/Frameworks/Carbon.framework/Versions/A/Frameworks/Print.framework/Versions/A/Print
0x000000000a9bf000 	/System/Library/Frameworks/Carbon.framework/Versions/A/Frameworks/SecurityHI.framework/Versions/A/SecurityHI
0x0000000121ef3000 	/Library/Java/JavaVirtualMachines/jdk1.8.0_60.jdk/Contents/Home/jre/lib/libnet.dylib
0x0000000121f56000 	/Library/Java/JavaVirtualMachines/jdk1.8.0_60.jdk/Contents/Home/jre/lib/libnio.dylib
0x0000000123fc0000 	/Users/mschoett1/Code/DXRAM/dxram/jni/libJNIconsole.dylib
0x000000000a9bf000 	/usr/lib/libncurses.5.4.dylib

VM Arguments:
jvm_args: -Dnetwork.ip=127.0.0.1 -Dnetwork.port=22299 -Ddxram.role=Monitor -Dlog4j.configuration=file:////Users/mschoett1/Code/DXRAM/dxram/config/log4j.properties 
java_command: de.uniduesseldorf.dxram.run.Monitor
java_class_path (initial): lib/slf4j-log4j12-1.6.1.jar:lib/slf4j-api-1.6.1.jar:lib/zookeeper-3.4.3.jar:lib/log4j-1.2.16.jar:bin/
Launcher Type: SUN_STANDARD

Environment Variables:
JAVA_HOME=/Library/Java/JavaVirtualMachines/jdk1.8.0_60.jdk/Contents/Home
PATH=/Users/mschoett1/Scripts:/Users/mschoett1/Code/apache-ant-1.9.4/bin:/Users/mschoett1/Code/apache-maven-3.3.1/bin:/Users/mschoett1/Code/apache-spark-1.3.0/bin:/usr/local/bin:/usr/bin:/bin:/usr/sbin:/sbin:/opt/X11/bin:/usr/local/MacGPG2/bin:/Users/mschoett1/Code/myCPU/cc65/bin
SHELL=/bin/bash
DISPLAY=/private/tmp/com.apple.launchd.9sRwXNM8zX/org.macosforge.xquartz:0

Signal Handlers:
SIGSEGV: [libjvm.dylib+0x5a6d31], sa_mask[0]=11111111011111110111111111111111, sa_flags=SA_ONSTACK|SA_RESTART|SA_SIGINFO
SIGBUS: [libjvm.dylib+0x5a6d31], sa_mask[0]=11111111011111110111111111111111, sa_flags=SA_RESTART|SA_SIGINFO
SIGFPE: [libjvm.dylib+0x480a4c], sa_mask[0]=11111111011111110111111111111111, sa_flags=SA_RESTART|SA_SIGINFO
SIGPIPE: [libjvm.dylib+0x480a4c], sa_mask[0]=11111111011111110111111111111111, sa_flags=SA_RESTART|SA_SIGINFO
SIGXFSZ: [libjvm.dylib+0x480a4c], sa_mask[0]=11111111011111110111111111111111, sa_flags=SA_RESTART|SA_SIGINFO
SIGILL: [libjvm.dylib+0x480a4c], sa_mask[0]=11111111011111110111111111111111, sa_flags=SA_RESTART|SA_SIGINFO
SIGUSR1: SIG_DFL, sa_mask[0]=11011111011111100000000111000110, sa_flags=none
SIGUSR2: [libjvm.dylib+0x48056a], sa_mask[0]=00000000000000000000000000000000, sa_flags=SA_RESTART|SA_SIGINFO
SIGHUP: [libjvm.dylib+0x47eb41], sa_mask[0]=11111111011111110111111111111111, sa_flags=SA_RESTART|SA_SIGINFO
SIGINT: 