#
# A fatal error has been detected by the Java Runtime Environment:
#
#  SIGSEGV (0xb) at pc=0x000000011142296a, pid=1235, tid=4867
#
# JRE version: Java(TM) SE Runtime Environment (8.0_60-b27) (build 1.8.0_60-b27)
# Java VM: Java HotSpot(TM) 64-Bit Server VM (25.60-b23 mixed mode bsd-amd64 compressed oops)
# Problematic frame:
# J 879 C2 de.uniduesseldorf.dxram.core.chunk.storage.CIDTable.readEntry(JJ)J (56 bytes) @ 0x000000011142296a [0x0000000111422920+0x4a]
#
# Failed to write core dump. Core dumps have been disabled. To enable core dumping, try "ulimit -c unlimited" before starting Java again
#
# If you would like to submit a bug report, please visit:
#   http://bugreport.java.com/bugreport/crash.jsp
#

---------------  T H R E A D  ---------------

Current thread (0x00007f8d49808800):  JavaThread "main" [_thread_in_Java, id=4867, stack(0x000000010f03c000,0x000000010f13c000)]

siginfo: si_signo: 11 (SIGSEGV), si_code: 1 (SEGV_MAPERR), si_addr: 0x000000000003c788

Registers:
RAX=0x000000ffffffffff, RBX=0x0000000125f0c800, RCX=0x0000000125f0df20, RDX=0x000000000000c181
RSP=0x000000010f13b520, RBP=0x000000010f13b5b8, RSI=0x0000000000000000, RDI=0x0000000111190c4d
R8 =0x0000000754959a58, R9 =0x00000000ea95b34f, R10=0x000000000003c785, R11=0x0000000754956590
R12=0x0000000000000000, R13=0x000000010f13b558, R14=0x000000010f13b618, R15=0x00007f8d49808800
RIP=0x000000011142296a, EFLAGS=0x0000000000010202, ERR=0x0000000000000004
  TRAPNO=0x000000000000000e

Top of Stack: (sp=0x000000010f13b520)
0x000000010f13b520:   0000000000000000 00007f8d498089f8
0x000000010f13b530:   00000000ea960701 000000011119ee49
0x000000010f13b540:   000000010f13b5b8 0000000111190760
0x000000010f13b550:   0000000111190760 000000000000c181
0x000000010f13b560:   000000000000000c 0000000000000000
0x000000010f13b570:   0000000000000004 000000010f13b578
0x000000010f13b580:   0000000125f0cad1 000000010f13b618
0x000000010f13b590:   0000000125f0df20 0000000000000000
0x000000010f13b5a0:   0000000125f0cb70 000000010f13b558
0x000000010f13b5b0:   000000010f13b5f8 000000010f13b660
0x000000010f13b5c0:   0000000111190760 0000000000000000
0x000000010f13b5d0:   0000000000000000 000000000000c181
0x000000010f13b5e0:   0000000000000000 0000000000000000
0x000000010f13b5f0:   0000000000000000 0000000000000004
0x000000010f13b600:   0000000000000000 0000000111190c4d
0x000000010f13b610:   c181000000000001 0000000125839ae0
0x000000010f13b620:   000000010f13b620 0000000125f0c9eb
0x000000010f13b630:   000000010f13b688 0000000125f0df20
0x000000010f13b640:   0000000000000000 0000000125f0ca20
0x000000010f13b650:   000000010f13b5f8 000000010f13b680
0x000000010f13b660:   000000010f13b6d0 0000000111190760
0x000000010f13b670:   0000000000000000 0000000000000000
0x000000010f13b680:   c181000000000001 0000000111190c92
0x000000010f13b690:   000000010f13b690 0000000125eedf41
0x000000010f13b6a0:   000000010f13b6f8 0000000125eee248
0x000000010f13b6b0:   0000000000000000 0000000125eedf78
0x000000010f13b6c0:   000000010f13b680 000000010f13b6f0
0x000000010f13b6d0:   000000010f13b740 0000000111190420
0x000000010f13b6e0:   0000000000000000 0000000000000000
0x000000010f13b6f0:   c181000000000001 0000000754ad8478
0x000000010f13b700:   000000010f13b700 0000000125e6859e
0x000000010f13b710:   000000010f13b798 0000000125e6cc28 

Instructions: (pc=0x000000011142296a)
0x000000011142294a:   03 d2 4c 03 d6 48 b8 ff ff ff ff ff 00 00 00 49
0x000000011142295a:   bb 90 65 95 54 07 00 00 00 4d 03 93 88 00 00 00
0x000000011142296a:   49 23 42 03 48 83 c4 20 5d 85 05 87 e6 d5 fd c3
0x000000011142297a:   49 3b f2 bd ff ff ff ff 7c 08 40 0f 95 c5 40 0f 

Register to memory mapping:

RAX=0x000000ffffffffff is an unknown value
RBX={method} {0x0000000125f0c800} 'readEntry' '(JJ)J' in 'de/uniduesseldorf/dxram/core/chunk/storage/CIDTable'
RCX=0x0000000125f0df20 is pointing into metadata
RDX=0x000000000000c181 is an unknown value
RSP=0x000000010f13b520 is pointing into the stack for thread: 0x00007f8d49808800
RBP=0x000000010f13b5b8 is pointing into the stack for thread: 0x00007f8d49808800
RSI=0x0000000000000000 is an unknown value
RDI=0x0000000111190c4d is at code_begin+2093 in an Interpreter codelet
invoke return entry points  [0x0000000111190420, 0x0000000111190d20]  2304 bytes
R8 =0x0000000754959a58 is an oop
java.lang.Thread 
 - klass: 'java/lang/Thread'
R9 =0x00000000ea95b34f is an unknown value
R10=0x000000000003c785 is an unknown value
R11=0x0000000754956590 is an oop
java.lang.Class 
 - klass: 'java/lang/Class'
R12=0x0000000000000000 is an unknown value
R13=0x000000010f13b558 is pointing into the stack for thread: 0x00007f8d49808800
R14=0x000000010f13b618 is pointing into the stack for thread: 0x00007f8d49808800
R15=0x00007f8d49808800 is a thread


Stack: [0x000000010f03c000,0x000000010f13c000],  sp=0x000000010f13b520,  free space=1021k
Native frames: (J=compiled Java code, j=interpreted, Vv=VM code, C=native code)
J 879 C2 de.uniduesseldorf.dxram.core.chunk.storage.CIDTable.readEntry(JJ)J (56 bytes) @ 0x000000011142296a [0x0000000111422920+0x4a]
j  de.uniduesseldorf.dxram.core.chunk.storage.CIDTable.getEntry(JJI)J+41
j  de.uniduesseldorf.dxram.core.chunk.storage.CIDTable.get(J)J+11
j  de.uniduesseldorf.dxram.core.chunk.storage.MemoryManager.isResponsible(J)Z+1
j  de.uniduesseldorf.dxram.core.chunk.ChunkHandler.lock(JZ)Lde/uniduesseldorf/dxram/core/chunk/Chunk;+38
j  de.uniduesseldorf.dxram.core.api.Core.lock(JZ)Lde/uniduesseldorf/dxram/core/chunk/Chunk;+17
j  de.uniduesseldorf.dxram.core.api.Core.lock(J)Lde/uniduesseldorf/dxram/core/chunk/Chunk;+2
j  de.uniduesseldorf.dxram.test.MailboxTest$Client.start()V+76
j  de.uniduesseldorf.dxram.test.MailboxTest.main([Ljava/lang/String;)V+103
v  ~StubRoutines::call_stub
V  [libjvm.dylib+0x2eab0e]  JavaCalls::call_helper(JavaValue*, methodHandle*, JavaCallArguments*, Thread*)+0x6ae
V  [libjvm.dylib+0x321820]  jni_invoke_static(JNIEnv_*, JavaValue*, _jobject*, JNICallType, _jmethodID*, JNI_ArgumentPusher*, Thread*)+0x1bf
V  [libjvm.dylib+0x31a59a]  jni_CallStaticVoidMethod+0x15d
C  [java+0x393e]  JavaMain+0x9b1
C  [libsystem_pthread.dylib+0x3268]  _pthread_body+0x83
C  [libsystem_pthread.dylib+0x31e5]  _pthread_body+0x0
C  [libsystem_pthread.dylib+0x141d]  thread_start+0xd
C  0x0000000000000000


---------------  P R O C E S S  ---------------

Java Threads: ( => current thread )
  0x00007f8d4a047800 JavaThread "ShutdownThread" [_thread_in_native, id=15111, stack(0x000000012de9a000,0x000000012df9a000)]
  0x00007f8d498f5800 JavaThread "SIGINT handler" daemon [_thread_blocked, id=14087, stack(0x000000012826b000,0x000000012836b000)]
  0x00007f8d4901d000 JavaThread "MessageHandler-thread-10" daemon [_thread_blocked, id=14347, stack(0x000000012dd97000,0x000000012de97000)]
  0x00007f8d4a126800 JavaThread "MessageHandler-thread-9" daemon [_thread_blocked, id=35587, stack(0x000000012dc94000,0x000000012dd94000)]
  0x00007f8d4a9d4800 JavaThread "MessageHandler-thread-8" daemon [_thread_blocked, id=35075, stack(0x000000012db91000,0x000000012dc91000)]
  0x00007f8d491b4800 JavaThread "MessageHandler-thread-7" daemon [_thread_blocked, id=34563, stack(0x000000012da8e000,0x000000012db8e000)]
  0x00007f8d4a043000 JavaThread "MessageHandler-thread-6" daemon [_thread_blocked, id=34051, stack(0x000000012d98b000,0x000000012da8b000)]
  0x00007f8d4a97e000 JavaThread "MessageHandler-thread-5" daemon [_thread_blocked, id=33539, stack(0x000000012d7b7000,0x000000012d8b7000)]
  0x00007f8d4a160800 JavaThread "MessageHandler-thread-4" daemon [_thread_blocked, id=33027, stack(0x000000012d1ac000,0x000000012d2ac000)]
  0x00007f8d491e9800 JavaThread "MessageHandler-thread-3" daemon [_thread_blocked, id=32515, stack(0x000000012d0a9000,0x000000012d1a9000)]
  0x00007f8d4b860000 JavaThread "Default-thread-10" daemon [_thread_blocked, id=32003, stack(0x000000012cfa4000,0x000000012d0a4000)]
  0x00007f8d491bd800 JavaThread "Default-thread-9" daemon [_thread_blocked, id=31491, stack(0x000000012cea1000,0x000000012cfa1000)]
  0x00007f8d4a92a000 JavaThread "StatisticsManager" daemon [_thread_blocked, id=30979, stack(0x000000012cd9e000,0x000000012ce9e000)]
  0x00007f8d4a0fb000 JavaThread "Default-thread-8" daemon [_thread_blocked, id=30467, stack(0x000000012cc9b000,0x000000012cd9b000)]
  0x00007f8d4997a800 JavaThread "Default-thread-7" daemon [_thread_blocked, id=29955, stack(0x000000012cb98000,0x000000012cc98000)]
  0x00007f8d49afe800 JavaThread "Thread-2" [_thread_blocked, id=28931, stack(0x000000012b116000,0x000000012b216000)]
  0x00007f8d491c6000 JavaThread "MessageHandler-thread-2" daemon [_thread_blocked, id=28419, stack(0x000000012b013000,0x000000012b113000)]
  0x00007f8d491c5000 JavaThread "Default-thread-6" daemon [_thread_blocked, id=27907, stack(0x000000012af10000,0x000000012b010000)]
  0x00007f8d491c4800 JavaThread "Default-thread-5" daemon [_thread_blocked, id=27395, stack(0x000000012ae0d000,0x000000012af0d000)]
  0x00007f8d4919e000 JavaThread "MessageHandler-thread-1" daemon [_thread_blocked, id=26883, stack(0x000000012ad0a000,0x000000012ae0a000)]
  0x00007f8d491aa800 JavaThread "Default-thread-4" daemon [_thread_blocked, id=26371, stack(0x000000012ac07000,0x000000012ad07000)]
  0x00007f8d491a9800 JavaThread "Default-thread-3" daemon [_thread_blocked, id=25859, stack(0x000000012ab04000,0x000000012ac04000)]
  0x00007f8d4a87d000 JavaThread "Default-thread-2" daemon [_thread_blocked, id=25347, stack(0x000000012aa01000,0x000000012ab01000)]
  0x00007f8d4a87c800 JavaThread "Default-thread-1" daemon [_thread_blocked, id=24835, stack(0x000000012a8fe000,0x000000012a9fe000)]
  0x00007f8d4a127800 JavaThread "NetworkStatistic" daemon [_thread_blocked, id=24323, stack(0x000000012a7fb000,0x000000012a8fb000)]
  0x00007f8d4c040000 JavaThread "NIO-thread-1" daemon [_thread_blocked, id=23811, stack(0x000000012a6f8000,0x000000012a7f8000)]
  0x00007f8d4a8e8800 JavaThread "main-EventThread" daemon [_thread_blocked, id=23299, stack(0x000000012a429000,0x000000012a529000)]
  0x00007f8d4a8e8000 JavaThread "main-SendThread(localhost:2181)" daemon [_thread_in_native, id=23047, stack(0x000000012a326000,0x000000012a426000)]
  0x00007f8d4a008000 JavaThread "Service Thread" daemon [_thread_blocked, id=20739, stack(0x000000012a05a000,0x000000012a15a000)]
  0x00007f8d49022800 JavaThread "C1 CompilerThread3" daemon [_thread_blocked, id=20227, stack(0x0000000129f57000,0x000000012a057000)]
  0x00007f8d4b800000 JavaThread "C2 CompilerThread2" daemon [_thread_blocked, id=19715, stack(0x0000000129e54000,0x0000000129f54000)]
  0x00007f8d49022000 JavaThread "C2 CompilerThread1" daemon [_thread_blocked, id=19203, stack(0x0000000129d51000,0x0000000129e51000)]
  0x00007f8d4900b800 JavaThread "C2 CompilerThread0" daemon [_thread_blocked, id=18691, stack(0x0000000129c4e000,0x0000000129d4e000)]
  0x00007f8d4901e000 JavaThread "Signal Dispatcher" daemon [_thread_blocked, id=15383, stack(0x0000000129b4b000,0x0000000129c4b000)]
  0x00007f8d4a803000 JavaThread "Finalizer" daemon [_thread_blocked, id=13571, stack(0x000000012813a000,0x000000012823a000)]
  0x00007f8d4a802000 JavaThread "Reference Handler" daemon [_thread_blocked, id=13059, stack(0x0000000128037000,0x0000000128137000)]
=>0x00007f8d49808800 JavaThread "main" [_thread_in_Java, id=4867, stack(0x000000010f03c000,0x000000010f13c000)]

Other Threads:
  0x00007f8d4985a000 VMThread [stack: 0x0000000127f34000,0x0000000128034000] [id=12547]
  0x00007f8d4a049800 WatcherThread [stack: 0x000000012a15d000,0x000000012a25d000] [id=21251]

VM state:not at safepoint (normal execution)

VM Mutex/Monitor currently owned by a thread: None

Heap:
 PSYoungGen      total 38400K, used 7131K [0x0000000795580000, 0x0000000798000000, 0x00000007c0000000)
  eden space 33280K, 21% used [0x0000000795580000,0x0000000795c76e90,0x0000000797600000)
  from space 5120K, 0% used [0x0000000797600000,0x0000000797600000,0x0000000797b00000)
  to   space 5120K, 0% used [0x0000000797b00000,0x0000000797b00000,0x0000000798000000)
 ParOldGen       total 412672K, used 340437K [0x0000000740000000, 0x0000000759300000, 0x0000000795580000)
  object space 412672K, 82% used [0x0000000740000000,0x0000000754c75738,0x0000000759300000)
 Metaspace       used 8443K, capacity 8550K, committed 8704K, reserved 1056768K
  class space    used 948K, capacity 1017K, committed 1024K, reserved 1048576K

Card table byte_map: [0x0000000120549000,0x000000012094a000] byte_map_base: 0x000000011cb49000

Marking Bits: (ParMarkBitMap*) 0x0000000110adee20
 Begin Bits: [0x000000012140d000, 0x000000012340d000)
 End Bits:   [0x000000012340d000, 0x000000012540d000)

Polling page: 0x000000010f181000

CodeCache: size=245760Kb used=3015Kb max_used=3026Kb free=242744Kb
 bounds [0x0000000111189000, 0x0000000111489000, 0x0000000120189000]
 total_blobs=1231 nmethods=884 adapters=261
 compilation: enabled

Compilation events (10 events):
Event: 15.884 Thread 0x00007f8d4b800000  879       4       de.uniduesseldorf.dxram.core.chunk.storage.CIDTable::readEntry (56 bytes)
Event: 15.884 Thread 0x00007f8d4b800000 nmethod 879 0x00000001114227d0 code [0x0000000111422920, 0x00000001114229d8]
Event: 15.887 Thread 0x00007f8d49022800  880 %     3       de.uniduesseldorf.dxram.core.chunk.storage.CIDTable::disengage @ 19 (62 bytes)
Event: 15.888 Thread 0x00007f8d49022800 nmethod 880% 0x000000011147d850 code [0x000000011147da80, 0x000000011147e4d8]
Event: 15.940 Thread 0x00007f8d49022800  882 %     3       de.uniduesseldorf.dxram.core.log.storage.PrimaryWriteBuffer::closeWriteBuffer @ 13 (49 bytes)
Event: 15.941 Thread 0x00007f8d49022800 nmethod 882% 0x000000011147d010 code [0x000000011147d180, 0x000000011147d428]
Event: 15.941 Thread 0x00007f8d49022800  883       3       de.uniduesseldorf.dxram.core.log.storage.PrimaryWriteBuffer::closeWriteBuffer (49 bytes)
Event: 15.941 Thread 0x00007f8d49022800 nmethod 883 0x000000011147cb50 code [0x000000011147ccc0, 0x000000011147cf48]
Event: 15.950 Thread 0x00007f8d4900b800  884 %     4       de.uniduesseldorf.dxram.core.log.storage.PrimaryWriteBuffer::closeWriteBuffer @ 13 (49 bytes)
Event: 15.952 Thread 0x00007f8d4900b800 nmethod 884% 0x000000011147b350 code [0x000000011147b4a0, 0x000000011147b568]

GC Heap History (4 events):
Event: 13.022 GC heap before
{Heap before GC invocations=1 (full 0):
 PSYoungGen      total 38400K, used 33280K [0x0000000795580000, 0x0000000798000000, 0x00000007c0000000)
  eden space 33280K, 100% used [0x0000000795580000,0x0000000797600000,0x0000000797600000)
  from space 5120K, 0% used [0x0000000797b00000,0x0000000797b00000,0x0000000798000000)
  to   space 5120K, 0% used [0x0000000797600000,0x0000000797600000,0x0000000797b00000)
 ParOldGen       total 350208K, used 337144K [0x0000000740000000, 0x0000000755600000, 0x0000000795580000)
  object space 350208K, 96% used [0x0000000740000000,0x000000075493e020,0x0000000755600000)
 Metaspace       used 8388K, capacity 8518K, committed 8704K, reserved 1056768K
  class space    used 945K, capacity 985K, committed 1024K, reserved 1048576K
Event: 13.028 GC heap after
Heap after GC invocations=1 (full 0):
 PSYoungGen      total 38400K, used 3485K [0x0000000795580000, 0x0000000798000000, 0x00000007c0000000)
  eden space 33280K, 0% used [0x0000000795580000,0x0000000795580000,0x0000000797600000)
  from space 5120K, 68% used [0x0000000797600000,0x0000000797967798,0x0000000797b00000)
  to   space 5120K, 0% used [0x0000000797b00000,0x0000000797b00000,0x0000000798000000)
 ParOldGen       total 350208K, used 337160K [0x0000000740000000, 0x0000000755600000, 0x0000000795580000)
  object space 350208K, 96% used [0x0000000740000000,0x0000000754942020,0x0000000755600000)
 Metaspace       used 8388K, capacity 8518K, committed 8704K, reserved 1056768K
  class space    used 945K, capacity 985K, committed 1024K, reserved 1048576K
}
Event: 13.028 GC heap before
{Heap before GC invocations=2 (full 1):
 PSYoungGen      total 38400K, used 3485K [0x0000000795580000, 0x0000000798000000, 0x00000007c0000000)
  eden space 33280K, 0% used [0x0000000795580000,0x0000000795580000,0x0000000797600000)
  from space 5120K, 68% used [0x0000000797600000,0x0000000797967798,0x0000000797b00000)
  to   space 5120K, 0% used [0x0000000797b00000,0x0000000797b00000,0x0000000798000000)
 ParOldGen       total 350208K, used 337160K [0x0000000740000000, 0x0000000755600000, 0x0000000795580000)
  object space 350208K, 96% used [0x0000000740000000,0x0000000754942020,0x0000000755600000)
 Metaspace       used 8388K, capacity 8518K, committed 8704K, reserved 1056768K
  class space    used 945K, capacity 985K, committed 1024K, reserved 1048576K
Event: 13.047 GC heap after
Heap after GC invocations=2 (full 1):
 PSYoungGen      total 38400K, used 0K [0x0000000795580000, 0x0000000798000000, 0x00000007c0000000)
  eden space 33280K, 0% used [0x0000000795580000,0x0000000795580000,0x0000000797600000)
  from space 5120K, 0% used [0x0000000797600000,0x0000000797600000,0x0000000797b00000)
  to   space 5120K, 0% used [0x0000000797b00000,0x0000000797b00000,0x0000000798000000)
 ParOldGen       total 412672K, used 340437K [0x0000000740000000, 0x0000000759300000, 0x0000000795580000)
  object space 412672K, 82% used [0x0000000740000000,0x0000000754c75738,0x0000000759300000)
 Metaspace       used 8388K, capacity 8518K, committed 8704K, reserved 1056768K
  class space    used 945K, capacity 985K, committed 1024K, reserved 1048576K
}

Deoptimization events (8 events):
Event: 1.299 Thread 0x00007f8d4a8e8000 Uncommon trap: reason=unstable_if action=reinterpret pc=0x00000001112e9b54 method=java.lang.String.lastIndexOf([CII[CIII)I @ 66
Event: 1.451 Thread 0x00007f8d49808800 Uncommon trap: reason=unstable_if action=reinterpret pc=0x000000011134cd5c method=java.lang.String.replace(CC)Ljava/lang/String; @ 26
Event: 2.985 Thread 0x00007f8d49808800 Uncommon trap: reason=bimorphic action=maybe_recompile pc=0x00000001113eac68 method=java.util.concurrent.locks.AbstractQueuedSynchronizer.release(I)Z @ 2
Event: 2.994 Thread 0x00007f8d4c040000 Uncommon trap: reason=unstable_if action=reinterpret pc=0x00000001113eac18 method=java.util.concurrent.locks.AbstractQueuedSynchronizer.release(I)Z @ 14
Event: 3.160 Thread 0x00007f8d4a929000 Uncommon trap: reason=unstable_if action=reinterpret pc=0x00000001113fe2a0 method=de.uniduesseldorf.dxram.core.log.LogHandler$SecondaryLogsReorgThread.chooseLog()Lde/uniduesseldorf/dxram/core/log/storage/SecondaryLogWithSegments; @ 113
Event: 4.804 Thread 0x00007f8d4a8e8000 Uncommon trap: reason=unstable_if action=reinterpret pc=0x0000000111412a58 method=java.util.HashMap$HashIterator.<init>(Ljava/util/HashMap;)V @ 45
Event: 8.514 Thread 0x00007f8d491c4800 Uncommon trap: reason=unstable_if action=reinterpret pc=0x0000000111420650 method=java.util.HashMap.removeNode(ILjava/lang/Object;Ljava/lang/Object;ZZ)Ljava/util/HashMap$Node; @ 58
Event: 15.890 Thread 0x00007f8d4a047800 Uncommon trap: reason=unstable_if action=reinterpret pc=0x000000011143e284 method=java.util.concurrent.locks.ReentrantLock$NonfairSync.lock()V @ 6

Internal exceptions (10 events):
Event: 1.165 Thread 0x00007f8d49808800 Exception <a 'java/lang/ArrayIndexOutOfBoundsException': 160> (0x00000007958e6f20) thrown at [/Users/java_re/workspace/8-2-build-macosx-x86_64/jdk8u60/4407/hotspot/src/share/vm/interpreter/interpreterRuntime.cpp, line 366]
Event: 1.168 Thread 0x00007f8d49808800 Exception <a 'java/lang/ClassNotFoundException': org/apache/log4j/LayoutCustomizer> (0x00000007958eee00) thrown at [/Users/java_re/workspace/8-2-build-macosx-x86_64/jdk8u60/4407/hotspot/src/share/vm/classfile/systemDictionary.cpp, line 210]
Event: 1.170 Thread 0x00007f8d49808800 Exception <a 'java/lang/ClassNotFoundException': org/apache/log4j/PatternLayoutCustomizer> (0x0000000795903da0) thrown at [/Users/java_re/workspace/8-2-build-macosx-x86_64/jdk8u60/4407/hotspot/src/share/vm/classfile/systemDictionary.cpp, line 210]
Event: 1.186 Thread 0x00007f8d49808800 Exception <a 'java/security/PrivilegedActionException'> (0x0000000795955e78) thrown at [/Users/java_re/workspace/8-2-build-macosx-x86_64/jdk8u60/4407/hotspot/src/share/vm/prims/jvm.cpp, line 1386]
Event: 1.186 Thread 0x00007f8d49808800 Exception <a 'java/security/PrivilegedActionException'> (0x0000000795956270) thrown at [/Users/java_re/workspace/8-2-build-macosx-x86_64/jdk8u60/4407/hotspot/src/share/vm/prims/jvm.cpp, line 1386]
Event: 1.186 Thread 0x00007f8d49808800 Exception <a 'java/security/PrivilegedActionException'> (0x00000007959598e0) thrown at [/Users/java_re/workspace/8-2-build-macosx-x86_64/jdk8u60/4407/hotspot/src/share/vm/prims/jvm.cpp, line 1386]
Event: 1.186 Thread 0x00007f8d49808800 Exception <a 'java/security/PrivilegedActionException'> (0x0000000795959cd8) thrown at [/Users/java_re/workspace/8-2-build-macosx-x86_64/jdk8u60/4407/hotspot/src/share/vm/prims/jvm.cpp, line 1386]
Event: 1.207 Thread 0x00007f8d49808800 Exception <a 'java/net/BindException'> (0x000000079599c8d0) thrown at [/Users/java_re/workspace/8-2-build-macosx-x86_64/jdk8u60/4407/hotspot/src/share/vm/prims/jni.cpp, line 709]
Event: 1.335 Thread 0x00007f8d4a8e8000 Exception <a 'java/lang/NoSuchFieldError': method resolution failed> (0x0000000795d921a0) thrown at [/Users/java_re/workspace/8-2-build-macosx-x86_64/jdk8u60/4407/hotspot/src/share/vm/prims/methodHandles.cpp, line 1146]
Event: 1.337 Thread 0x00007f8d4a8e8000 Exception <a 'java/lang/NoSuchFieldError': method resolution failed> (0x0000000795d9f6a8) thrown at [/Users/java_re/workspace/8-2-build-macosx-x86_64/jdk8u60/4407/hotspot/src/share/vm/prims/methodHandles.cpp, line 1146]

Events (10 events):
Event: 15.883 loading class java/util/IdentityHashMap$IdentityHashMapIterator
Event: 15.883 loading class java/util/IdentityHashMap$IdentityHashMapIterator done
Event: 15.883 loading class java/util/IdentityHashMap$KeyIterator done
Event: 15.883 Thread 0x00007f8d4a047800 Thread added: 0x00007f8d4a047800
Event: 15.890 Thread 0x00007f8d4a047800 Uncommon trap: trap_request=0xffffff65 fr.pc=0x000000011143e284
Event: 15.890 Thread 0x00007f8d4a047800 DEOPT PACKING pc=0x000000011143e284 sp=0x000000012df99740
Event: 15.890 Thread 0x00007f8d4a047800 DEOPT UNPACKING pc=0x000000011118e229 sp=0x000000012df996b0 mode 2
Event: 15.922 Thread 0x00007f8d4a929000 Thread exited: 0x00007f8d4a929000
Event: 15.952 Thread 0x00007f8d4a047800 DEOPT PACKING pc=0x000000011147d339 sp=0x000000012df99730
Event: 15.952 Thread 0x00007f8d4a047800 DEOPT UNPACKING pc=0x00000001111d0633 sp=0x000000012df99488 mode 0


Dynamic libraries:
0x000000000ae5a000 	/System/Library/Frameworks/Cocoa.framework/Versions/A/Cocoa
0x000000000ae5a000 	/System/Library/Frameworks/Security.framework/Versions/A/Security
0x000000000ae5a000 	/System/Library/Frameworks/ApplicationServices.framework/Versions/A/ApplicationServices
0x000000000ae5a000 	/usr/lib/libz.1.dylib
0x000000000ae5a000 	/usr/lib/libSystem.B.dylib
0x000000000ae5a000 	/usr/lib/libobjc.A.dylib
0x000000000ae5a000 	/System/Library/Frameworks/CoreFoundation.framework/Versions/A/CoreFoundation
0x000000000ae5a000 	/System/Library/Frameworks/Foundation.framework/Versions/C/Foundation
0x000000000ae5a000 	/System/Library/Frameworks/AppKit.framework/Versions/C/AppKit
0x000000000ae5a000 	/System/Library/Frameworks/CoreData.framework/Versions/A/CoreData
0x000000000ae5a000 	/System/Library/PrivateFrameworks/RemoteViewServices.framework/Versions/A/RemoteViewServices
0x000000000ae5a000 	/System/Library/PrivateFrameworks/UIFoundation.framework/Versions/A/UIFoundation
0x000000000ae5a000 	/System/Library/Frameworks/IOSurface.framework/Versions/A/IOSurface
0x000000000ae5a000 	/System/Library/Frameworks/AudioToolbox.framework/Versions/A/AudioToolbox
0x000000000ae5a000 	/System/Library/Frameworks/AudioUnit.framework/Versions/A/AudioUnit
0x000000000ae5a000 	/System/Library/PrivateFrameworks/DataDetectorsCore.framework/Versions/A/DataDetectorsCore
0x000000000ae5a000 	/System/Library/PrivateFrameworks/DesktopServicesPriv.framework/Versions/A/DesktopServicesPriv
0x000000000ae5a000 	/System/Library/Frameworks/Carbon.framework/Versions/A/Frameworks/HIToolbox.framework/Versions/A/HIToolbox
0x000000000ae5a000 	/System/Library/Frameworks/QuartzCore.framework/Versions/A/QuartzCore
0x000000000ae5a000 	/System/Library/Frameworks/Carbon.framework/Versions/A/Frameworks/SpeechRecognition.framework/Versions/A/SpeechRecognition
0x000000000ae5a000 	/usr/lib/libauto.dylib
0x000000000ae5a000 	/usr/lib/libicucore.A.dylib
0x000000000ae5a000 	/usr/lib/libxml2.2.dylib
0x000000000ae5a000 	/System/Library/PrivateFrameworks/CoreUI.framework/Versions/A/CoreUI
0x000000000ae5a000 	/System/Library/Frameworks/CoreAudio.framework/Versions/A/CoreAudio
0x000000000ae5a000 	/System/Library/Frameworks/DiskArbitration.framework/Versions/A/DiskArbitration
0x000000000ae5a000 	/usr/lib/liblangid.dylib
0x000000000ae5a000 	/System/Library/PrivateFrameworks/MultitouchSupport.framework/Versions/A/MultitouchSupport
0x000000000ae5a000 	/System/Library/Frameworks/IOKit.framework/Versions/A/IOKit
0x000000000ae5a000 	/usr/lib/libDiagnosticMessagesClient.dylib
0x000000000ae5a000 	/System/Library/Frameworks/CoreServices.framework/Versions/A/CoreServices
0x000000000ae5a000 	/System/Library/PrivateFrameworks/PerformanceAnalysis.framework/Versions/A/PerformanceAnalysis
0x000000000ae5a000 	/System/Library/PrivateFrameworks/GenerationalStorage.framework/Versions/A/GenerationalStorage
0x000000000ae5a000 	/System/Library/Frameworks/OpenGL.framework/Versions/A/OpenGL
0x000000000ae5a000 	/System/Library/PrivateFrameworks/Sharing.framework/Versions/A/Sharing
0x000000000ae5a000 	/System/Library/Frameworks/CoreGraphics.framework/Versions/A/CoreGraphics
0x000000000ae5a000 	/System/Library/Frameworks/CoreText.framework/Versions/A/CoreText
0x000000000ae5a000 	/System/Library/Frameworks/ImageIO.framework/Versions/A/ImageIO
0x000000000ae5a000 	/usr/lib/libextension.dylib
0x000000000ae5a000 	/System/Library/PrivateFrameworks/Backup.framework/Versions/A/Backup
0x000000000ae5a000 	/usr/lib/libarchive.2.dylib
0x000000000ae5a000 	/System/Library/Frameworks/CFNetwork.framework/Versions/A/CFNetwork
0x000000000ae5a000 	/System/Library/Frameworks/SystemConfiguration.framework/Versions/A/SystemConfiguration
0x000000000ae5a000 	/usr/lib/libCRFSuite.dylib
0x000000000ae5a000 	/usr/lib/libc++.1.dylib
0x000000000ae5a000 	/usr/lib/libc++abi.dylib
0x000000000ae5a000 	/usr/lib/system/libcache.dylib
0x000000000ae5a000 	/usr/lib/system/libcommonCrypto.dylib
0x000000000ae5a000 	/usr/lib/system/libcompiler_rt.dylib
0x000000000ae5a000 	/usr/lib/system/libcopyfile.dylib
0x000000000ae5a000 	/usr/lib/system/libcorecrypto.dylib
0x000000000ae5a000 	/usr/lib/system/libdispatch.dylib
0x000000000ae5a000 	/usr/lib/system/libdyld.dylib
0x000000000ae5a000 	/usr/lib/system/libkeymgr.dylib
0x000000000ae5a000 	/usr/lib/system/liblaunch.dylib
0x000000000ae5a000 	/usr/lib/system/libmacho.dylib
0x000000000ae5a000 	/usr/lib/system/libquarantine.dylib
0x000000000ae5a000 	/usr/lib/system/libremovefile.dylib
0x000000000ae5a000 	/usr/lib/system/libsystem_asl.dylib
0x000000000ae5a000 	/usr/lib/system/libsystem_blocks.dylib
0x000000000ae5a000 	/usr/lib/system/libsystem_c.dylib
0x000000000ae5a000 	/usr/lib/system/libsystem_configuration.dylib
0x000000000ae5a000 	/usr/lib/system/libsystem_coreservices.dylib
0x000000000ae5a000 	/usr/lib/system/libsystem_coretls.dylib
0x000000000ae5a000 	/usr/lib/system/libsystem_dnssd.dylib
0x000000000ae5a000 	/usr/lib/system/libsystem_info.dylib
0x000000000ae5a000 	/usr/lib/system/libsystem_kernel.dylib
0x000000000ae5a000 	/usr/lib/system/libsystem_m.dylib
0x000000000ae5a000 	/usr/lib/system/libsystem_malloc.dylib
0x000000000ae5a000 	/usr/lib/system/libsystem_network.dylib
0x000000000ae5a000 	/usr/lib/system/libsystem_networkextension.dylib
0x000000000ae5a000 	/usr/lib/system/libsystem_notify.dylib
0x000000000ae5a000 	/usr/lib/system/libsystem_platform.dylib
0x000000000ae5a000 	/usr/lib/system/libsystem_pthread.dylib
0x000000000ae5a000 	/usr/lib/system/libsystem_sandbox.dylib
0x000000000ae5a000 	/usr/lib/system/libsystem_secinit.dylib
0x000000000ae5a000 	/usr/lib/system/libsystem_stats.dylib
0x000000000ae5a000 	/usr/lib/system/libsystem_trace.dylib
0x000000000ae5a000 	/usr/lib/system/libunc.dylib
0x000000000ae5a000 	/usr/lib/system/libunwind.dylib
0x000000000ae5a000 	/usr/lib/system/libxpc.dylib
0x000000000ae5a000 	/usr/lib/libbz2.1.0.dylib
0x000000000ae5a000 	/usr/lib/liblzma.5.dylib
0x000000000ae5a000 	/usr/lib/libbsm.0.dylib
0x000000000ae5a000 	/usr/lib/libsqlite3.dylib
0x000000000ae5a000 	/usr/lib/system/libkxld.dylib
0x000000000ae5a000 	/usr/lib/libxar.1.dylib
0x000000000ae5a000 	/usr/lib/libpam.2.dylib
0x000000000ae5a000 	/usr/lib/libOpenScriptingUtil.dylib
0x000000000ae5a000 	/System/Library/Frameworks/CoreServices.framework/Versions/A/Frameworks/FSEvents.framework/Versions/A/FSEvents
0x000000000ae5a000 	/System/Library/Frameworks/CoreServices.framework/Versions/A/Frameworks/CarbonCore.framework/Versions/A/CarbonCore
0x000000000ae5a000 	/System/Library/Frameworks/CoreServices.framework/Versions/A/Frameworks/Metadata.framework/Versions/A/Metadata
0x000000000ae5a000 	/System/Library/Frameworks/CoreServices.framework/Versions/A/Frameworks/OSServices.framework/Versions/A/OSServices
0x000000000ae5a000 	/System/Library/Frameworks/CoreServices.framework/Versions/A/Frameworks/SearchKit.framework/Versions/A/SearchKit
0x000000000ae5a000 	/System/Library/Frameworks/CoreServices.framework/Versions/A/Frameworks/AE.framework/Versions/A/AE
0x000000000ae5a000 	/System/Library/Frameworks/CoreServices.framework/Versions/A/Frameworks/LaunchServices.framework/Versions/A/LaunchServices
0x000000000ae5a000 	/System/Library/Frameworks/CoreServices.framework/Versions/A/Frameworks/DictionaryServices.framework/Versions/A/DictionaryServices
0x000000000ae5a000 	/System/Library/Frameworks/NetFS.framework/Versions/A/NetFS
0x000000000ae5a000 	/System/Library/PrivateFrameworks/NetAuth.framework/Versions/A/NetAuth
0x000000000ae5a000 	/System/Library/PrivateFrameworks/login.framework/Versions/A/Frameworks/loginsupport.framework/Versions/A/loginsupport
0x000000000ae5a000 	/System/Library/PrivateFrameworks/TCC.framework/Versions/A/TCC
0x000000000ae5a000 	/usr/lib/libmecabra.dylib
0x000000000ae5a000 	/System/Library/Frameworks/ApplicationServices.framework/Versions/A/Frameworks/ATS.framework/Versions/A/ATS
0x000000000ae5a000 	/System/Library/Frameworks/ApplicationServices.framework/Versions/A/Frameworks/ColorSync.framework/Versions/A/ColorSync
0x000000000ae5a000 	/System/Library/Frameworks/ApplicationServices.framework/Versions/A/Frameworks/HIServices.framework/Versions/A/HIServices
0x000000000ae5a000 	/System/Library/Frameworks/ApplicationServices.framework/Versions/A/Frameworks/LangAnalysis.framework/Versions/A/LangAnalysis
0x000000000ae5a000 	/System/Library/Frameworks/ApplicationServices.framework/Versions/A/Frameworks/PrintCore.framework/Versions/A/PrintCore
0x000000000ae5a000 	/System/Library/Frameworks/ApplicationServices.framework/Versions/A/Frameworks/QD.framework/Versions/A/QD
0x000000000ae5a000 	/System/Library/Frameworks/ApplicationServices.framework/Versions/A/Frameworks/SpeechSynthesis.framework/Versions/A/SpeechSynthesis
0x000000000ae5a000 	/System/Library/Frameworks/Accelerate.framework/Versions/A/Accelerate
0x000000000ae5a000 	/System/Library/Frameworks/Accelerate.framework/Versions/A/Frameworks/vImage.framework/Versions/A/vImage
0x000000000ae5a000 	/System/Library/Frameworks/Accelerate.framework/Versions/A/Frameworks/vecLib.framework/Versions/A/vecLib
0x000000000ae5a000 	/System/Library/Frameworks/Accelerate.framework/Versions/A/Frameworks/vecLib.framework/Versions/A/libvDSP.dylib
0x000000000ae5a000 	/System/Library/Frameworks/Accelerate.framework/Versions/A/Frameworks/vecLib.framework/Versions/A/libvMisc.dylib
0x000000000ae5a000 	/System/Library/Frameworks/Accelerate.framework/Versions/A/Frameworks/vecLib.framework/Versions/A/libLAPACK.dylib
0x000000000ae5a000 	/System/Library/Frameworks/Accelerate.framework/Versions/A/Frameworks/vecLib.framework/Versions/A/libBLAS.dylib
0x000000000ae5a000 	/System/Library/Frameworks/Accelerate.framework/Versions/A/Frameworks/vecLib.framework/Versions/A/libLinearAlgebra.dylib
0x000000000ae5a000 	/System/Library/Frameworks/ApplicationServices.framework/Versions/A/Frameworks/ATS.framework/Versions/A/Resources/libFontParser.dylib
0x000000000ae5a000 	/System/Library/Frameworks/ApplicationServices.framework/Versions/A/Frameworks/ATS.framework/Versions/A/Resources/libFontRegistry.dylib
0x000000000ae5a000 	/System/Library/PrivateFrameworks/AppleVPA.framework/Versions/A/AppleVPA
0x000000000ae5a000 	/System/Library/PrivateFrameworks/AppleJPEG.framework/Versions/A/AppleJPEG
0x000000000ae5a000 	/System/Library/Frameworks/ImageIO.framework/Versions/A/Resources/libJPEG.dylib
0x000000000ae5a000 	/System/Library/Frameworks/ImageIO.framework/Versions/A/Resources/libTIFF.dylib
0x000000000ae5a000 	/System/Library/Frameworks/ImageIO.framework/Versions/A/Resources/libPng.dylib
0x000000000ae5a000 	/System/Library/Frameworks/ImageIO.framework/Versions/A/Resources/libGIF.dylib
0x000000000ae5a000 	/System/Library/Frameworks/ImageIO.framework/Versions/A/Resources/libJP2.dylib
0x000000000ae5a000 	/System/Library/Frameworks/ImageIO.framework/Versions/A/Resources/libRadiance.dylib
0x000000000ae5a000 	/System/Library/Frameworks/CoreVideo.framework/Versions/A/CoreVideo
0x000000000ae5a000 	/System/Library/Frameworks/OpenGL.framework/Versions/A/Libraries/libGLU.dylib
0x000000000ae5a000 	/System/Library/Frameworks/OpenGL.framework/Versions/A/Libraries/libGFXShared.dylib
0x000000000ae5a000 	/System/Library/Frameworks/OpenGL.framework/Versions/A/Libraries/libGL.dylib
0x000000000ae5a000 	/System/Library/Frameworks/OpenGL.framework/Versions/A/Libraries/libGLImage.dylib
0x000000000ae5a000 	/System/Library/Frameworks/OpenGL.framework/Versions/A/Libraries/libCVMSPluginSupport.dylib
0x000000000ae5a000 	/System/Library/Frameworks/OpenGL.framework/Versions/A/Libraries/libCoreVMClient.dylib
0x000000000ae5a000 	/usr/lib/libcups.2.dylib
0x000000000ae5a000 	/System/Library/Frameworks/Kerberos.framework/Versions/A/Kerberos
0x000000000ae5a000 	/System/Library/Frameworks/GSS.framework/Versions/A/GSS
0x000000000ae5a000 	/usr/lib/libresolv.9.dylib
0x000000000ae5a000 	/usr/lib/libiconv.2.dylib
0x000000000ae5a000 	/System/Library/PrivateFrameworks/Heimdal.framework/Versions/A/Heimdal
0x000000000ae5a000 	/usr/lib/libheimdal-asn1.dylib
0x000000000ae5a000 	/System/Library/Frameworks/OpenDirectory.framework/Versions/A/OpenDirectory
0x000000000ae5a000 	/System/Library/PrivateFrameworks/CommonAuth.framework/Versions/A/CommonAuth
0x000000000ae5a000 	/System/Library/Frameworks/OpenDirectory.framework/Versions/A/Frameworks/CFOpenDirectory.framework/Versions/A/CFOpenDirectory
0x000000000ae5a000 	/System/Library/Frameworks/SecurityFoundation.framework/Versions/A/SecurityFoundation
0x000000000ae5a000 	/System/Library/PrivateFrameworks/LanguageModeling.framework/Versions/A/LanguageModeling
0x000000000ae5a000 	/usr/lib/libcmph.dylib
0x000000000ae5a000 	/System/Library/Frameworks/ServiceManagement.framework/Versions/A/ServiceManagement
0x000000000ae5a000 	/usr/lib/libxslt.1.dylib
0x000000000ae5a000 	/System/Library/Frameworks/Carbon.framework/Versions/A/Frameworks/Ink.framework/Versions/A/Ink
0x000000000ae5a000 	/System/Library/Frameworks/QuartzCore.framework/Versions/A/Frameworks/CoreImage.framework/Versions/A/CoreImage
0x000000000ae5a000 	/System/Library/PrivateFrameworks/CrashReporterSupport.framework/Versions/A/CrashReporterSupport
0x000000000ae5a000 	/System/Library/Frameworks/OpenCL.framework/Versions/A/OpenCL
0x000000000ae5a000 	/System/Library/PrivateFrameworks/FaceCore.framework/Versions/A/FaceCore
0x000000000ae5a000 	/System/Library/PrivateFrameworks/Ubiquity.framework/Versions/A/Ubiquity
0x000000000ae5a000 	/System/Library/PrivateFrameworks/IconServices.framework/Versions/A/IconServices
0x000000000ae5a000 	/System/Library/PrivateFrameworks/ChunkingLibrary.framework/Versions/A/ChunkingLibrary
0x000000000ae5a000 	/System/Library/PrivateFrameworks/Apple80211.framework/Versions/A/Apple80211
0x000000000ae5a000 	/System/Library/Frameworks/CoreWLAN.framework/Versions/A/CoreWLAN
0x000000000ae5a000 	/System/Library/Frameworks/IOBluetooth.framework/Versions/A/IOBluetooth
0x000000000ae5a000 	/System/Library/PrivateFrameworks/CoreWiFi.framework/Versions/A/CoreWiFi
0x000000000ae5a000 	/System/Library/Frameworks/CoreBluetooth.framework/Versions/A/CoreBluetooth
0x000000000ae5a000 	/System/Library/PrivateFrameworks/DebugSymbols.framework/Versions/A/DebugSymbols
0x000000000ae5a000 	/System/Library/PrivateFrameworks/CoreSymbolication.framework/Versions/A/CoreSymbolication
0x000000000ae5a000 	/System/Library/PrivateFrameworks/Symbolication.framework/Versions/A/Symbolication
0x000000000ae5a000 	/System/Library/PrivateFrameworks/SpeechRecognitionCore.framework/Versions/A/SpeechRecognitionCore
0x0000000110200000 	/Library/Java/JavaVirtualMachines/jdk1.8.0_60.jdk/Contents/Home/jre/lib/server/libjvm.dylib
0x000000000ae5a000 	/usr/lib/libstdc++.6.dylib
0x000000010f13e000 	/Library/Java/JavaVirtualMachines/jdk1.8.0_60.jdk/Contents/Home/jre/lib/libverify.dylib
0x000000010f14c000 	/Library/Java/JavaVirtualMachines/jdk1.8.0_60.jdk/Contents/Home/jre/lib/libjava.dylib
0x000000010f18b000 	/Library/Java/JavaVirtualMachines/jdk1.8.0_60.jdk/Contents/Home/jre/lib/libzip.dylib
0x000000010f1e5000 	/System/Library/Frameworks/JavaVM.framework/Frameworks/JavaRuntimeSupport.framework/JavaRuntimeSupport
0x000000012823c000 	/System/Library/Frameworks/JavaVM.framework/Versions/A/Frameworks/JavaNativeFoundation.framework/Versions/A/JavaNativeFoundation
0x0000000128251000 	/System/Library/Frameworks/JavaVM.framework/Versions/A/JavaVM
0x000000000ae5a000 	/System/Library/Frameworks/Carbon.framework/Versions/A/Carbon
0x000000012825e000 	/System/Library/PrivateFrameworks/JavaLaunching.framework/Versions/A/JavaLaunching
0x000000000ae5a000 	/System/Library/Frameworks/Carbon.framework/Versions/A/Frameworks/CommonPanels.framework/Versions/A/CommonPanels
0x000000000ae5a000 	/System/Library/Frameworks/Carbon.framework/Versions/A/Frameworks/Help.framework/Versions/A/Help
0x000000000ae5a000 	/System/Library/Frameworks/Carbon.framework/Versions/A/Frameworks/ImageCapture.framework/Versions/A/ImageCapture
0x000000000ae5a000 	/System/Library/Frameworks/Carbon.framework/Versions/A/Frameworks/OpenScripting.framework/Versions/A/OpenScripting
0x000000000ae5a000 	/System/Library/Frameworks/Carbon.framework/Versions/A/Frameworks/Print.framework/Versions/A/Print
0x000000000ae5a000 	/System/Library/Frameworks/Carbon.framework/Versions/A/Frameworks/SecurityHI.framework/Versions/A/SecurityHI
0x000000012a2b2000 	/Library/Java/JavaVirtualMachines/jdk1.8.0_60.jdk/Contents/Home/jre/lib/libnet.dylib
0x000000012a315000 	/Library/Java/JavaVirtualMachines/jdk1.8.0_60.jdk/Contents/Home/jre/lib/libnio.dylib
0x000000012d0a6000 	/Users/mschoett1/Code/DXRAM/dxram/jni/libJNILock.dylib

VM Arguments:
jvm_args: -Dnetwork.ip=127.0.0.3 -Dnetwork.port=22223 -Dlog4j.configuration=file:////Users/mschoett1/Code/DXRAM/dxram/config/log4j.properties 
java_command: de.uniduesseldorf.dxram.test.MailboxTest
java_class_path (initial): lib/slf4j-log4j12-1.6.1.jar:lib/slf4j-api-1.6.1.jar:lib/zookeeper-3.4.3.jar:lib/log4j-1.2.16.jar:bin/
Launcher Type: SUN_STANDARD

Environment Variables:
JAVA_HOME=/Library/Java/JavaVirtualMachines/jdk1.8.0_60.jdk/Contents/Home
PATH=/Users/mschoett1/Scripts:/Users/mschoett1/Code/apache-ant-1.9.4/bin:/Users/mschoett1/Code/apache-maven-3.3.1/bin:/Users/mschoett1/Code/apache-spark-1.3.0/bin:/usr/local/bin:/usr/bin:/bin:/usr/sbin:/sbin:/opt/X11/bin:/usr/local/MacGPG2/bin:/Users/mschoett1/Code/myCPU/cc65/bin
SHELL=/bin/bash
DISPLAY=/private/tmp/com.apple.launchd.vH4KAYLJ1v/org.macosforge.xquartz:0

Signal Handlers:
SIGSEGV: [libjvm.dylib+0x5a6d31], sa_mask[0]=11111111011111110111111111111111, sa_flags=SA_ONSTACK|SA_RESTART|SA_SIGINFO
SIGBUS: [libjvm.dylib+0x5a6d31], sa_mask[0]=11111111011111110111111111111111, sa_flags=SA_RESTART|SA_SIGINFO
SIGFPE: [libjvm.dylib+0x480a4c], sa_mask[0]=11111111011111110111111111111111, sa_flags=SA_RESTART|SA_SIGINFO
SIGPIPE: [libjvm.dylib+0x480a4c], sa_mask[0]=11111111011111110111111111111111, sa_flags=SA_RESTART|SA_SIGINFO
SIGXFSZ: [libjvm.dylib+0x480a4c], sa_mask[0]=11111111011111110111111111111111, sa_flags=SA_RESTART|SA_SIGINFO
SIGILL: [libjvm.dylib+0x480a4c], sa_mask[0]=11111111011111110111111111111111, sa_flags=SA_RESTART|SA_SIGINFO
SIGUSR1: SIG_DFL, sa_mask[0]=11011111011111100000000111000110, sa_flags=none
SIGUSR2: [libjvm.dylib+0x48056a], sa_mask[0]=00000000000000000000000000000000, sa_flags=SA_RESTART|SA_SIGINFO
SIGHUP: [libjvm.dylib+0x47eb41], sa_mask[0]=11111111011111110111111111111111, sa_flags=SA_RESTART|SA_SIGINFO
SIGINT: [libjvm.dylib+0x47eb41], sa_mask[0]=11111111011111110111111111111111, sa_flags=SA_RESTART|SA_SIGINFO
SIGTERM: [libjvm.dylib+0x47eb41], sa_mask[0]=11111111011111110111111111111111, sa_flags=SA_RESTART|SA_SIGINFO
SIGQUIT: [libjvm.dylib+0x47eb41], sa_mask[0]=11111111011111110111111111111111, sa_flags=SA_RESTART|SA_SIGINFO


---------------  S Y S T E M  ---------------

OS:Bsduname:Darwin 14.4.0 Darwin Kernel Version 14.4.0: Thu May 28 11:35:04 PDT 2015; root:xnu-2782.30.5~1/RELEASE_X86_64 x86_64
rlimit: STACK 8192k, CORE 0k, NPROC 709, NOFILE 10240, AS infinity
load average:2.54 1.78 1.56

CPU:total 8 (4 cores per cpu, 2 threads per core) family 6 model 42 stepping 7, cmov, cx8, fxsr, mmx, sse, sse2, sse3, ssse3, sse4.1, sse4.2, popcnt, avx, aes, clmul, ht, tsc, tscinvbit

Memory: 4k page, physical 8388608k(16740k free)

/proc/meminfo:


vm_info: Java HotSpot(TM) 64-Bit Server VM (25.60-b23) for bsd-amd64 JRE (1.8.0_60-b27), built on Aug  4 2015 10:47:24 by "java_re" with gcc 4.2.1 (Based on Apple Inc. build 5658) (LLVM build 2336.11.00)

time: Thu Aug 20 15:52:22 2015
elapsed time: 15 seconds (0d 0h 0m 15s)

