#
# A fatal error has been detected by the Java Runtime Environment:
#
#  SIGSEGV (0xb) at pc=0x00007fff92ca5152, pid=1848, tid=4867
#
# JRE version: Java(TM) SE Runtime Environment (8.0_60-b27) (build 1.8.0_60-b27)
# Java VM: Java HotSpot(TM) 64-Bit Server VM (25.60-b23 mixed mode bsd-amd64 compressed oops)
# Problematic frame:
# C  [libsystem_c.dylib+0x1152]  strlen+0x12
#
# Failed to write core dump. Core dumps have been disabled. To enable core dumping, try "ulimit -c unlimited" before starting Java again
#
# If you would like to submit a bug report, please visit:
#   http://bugreport.java.com/bugreport/crash.jsp
# The crash happened outside the Java Virtual Machine in native code.
# See problematic frame for where to report the bug.
#

---------------  T H R E A D  ---------------

Current thread (0x00007fed6a80e000):  JavaThread "main" [_thread_in_native, id=4867, stack(0x000000010bd8a000,0x000000010be8a000)]

siginfo: si_signo: 11 (SIGSEGV), si_code: 1 (SEGV_MAPERR), si_addr: 0x0000000000000000

Registers:
RAX=0x0000000000000001, RBX=0x0000000120bf44f8, RCX=0x0000000000000000, RDX=0x0000000000000000
RSP=0x000000010be89790, RBP=0x000000010be89790, RSI=0x00007fed6a400000, RDI=0x0000000000000000
R8 =0x0000000000000001, R9 =0x00000000ffffff80, R10=0x0000000000000035, R11=0x00007fed6a400000
R12=0x0000000000000000, R13=0x0000000120bf44f8, R14=0x000000010be89878, R15=0x00007fed6a80e000
RIP=0x00007fff92ca5152, EFLAGS=0x0000000000010246, ERR=0x0000000000000004
  TRAPNO=0x000000000000000e

Top of Stack: (sp=0x000000010be89790)
0x000000010be89790:   000000010be89810 00000001658a6e9e
0x000000010be897a0:   000000010be897f8 00000001206541c0
0x000000010be897b0:   0000000000000000 0000000120653138
0x000000010be897c0:   0000000000000000 000000010be897f0
0x000000010be897d0:   000000010be89840 000000010be93c4d
0x000000010be897e0:   00000001658cb4f2 0000000000000000
0x000000010be897f0:   000000010be89870 00007fed6a80e1f8
0x000000010be89800:   000000010be89800 6d00aca069d0c042
0x000000010be89810:   000000010be89860 000000010bea1954
0x000000010be89820:   000000010be89820 0000000000000000
0x000000010be89830:   000000010be89878 0000000120bf4580
0x000000010be89840:   0000000000000000 0000000120bf44f8
0x000000010be89850:   0000000000000000 000000010be89880
0x000000010be89860:   000000010be898c0 000000010be939d0
0x000000010be89870:   00000007976281c8 000000010be9b57b
0x000000010be89880:   000000010be89880 0000000120beb048
0x000000010be89890:   000000010be898e8 0000000120bf2828
0x000000010be898a0:   0000000000000000 0000000120beb0d8
0x000000010be898b0:   000000010be89880 000000010be898f0
0x000000010be898c0:   000000010be89930 000000010be93c4d
0x000000010be898d0:   000000079649b510 000000079649fd48
0x000000010be898e0:   000000079649ff88 000000079649fd60
0x000000010be898f0:   000000010be898f0 0000000120910467
0x000000010be89900:   000000010be89948 0000000120910970
0x000000010be89910:   0000000000000000 00000001209104a0
0x000000010be89920:   000000010be898f0 000000010be89948
0x000000010be89930:   000000010be899b0 000000010be8c7a7
0x000000010be89940:   0000000000000000 0000000797628230
0x000000010be89950:   0000000100001fa0 000000000000000a
0x000000010be89960:   00007fed6a80e000 0000000000000001
0x000000010be89970:   000000010be8c71f 00000001209104a0
0x000000010be89980:   000000010be89a48 000000010be89dd0 

Instructions: (pc=0x00007fff92ca5152)
0x00007fff92ca5132:   0e 01 f3 0f 7f 44 0f 01 5d c3 90 90 90 90 55 48
0x00007fff92ca5142:   89 e5 48 89 f9 48 89 fa 48 83 e7 f0 66 0f ef c0
0x00007fff92ca5152:   66 0f 74 07 66 0f d7 f0 48 83 e1 0f 48 83 c8 ff
0x00007fff92ca5162:   48 d3 e0 21 c6 74 17 0f bc c6 48 29 d7 48 01 f8 

Register to memory mapping:

RAX=0x0000000000000001 is an unknown value
RBX={method} {0x0000000120bf44f8} 'readline' '()[B' in 'de/uniduesseldorf/dxram/utils/JNIconsole'
RCX=0x0000000000000000 is an unknown value
RDX=0x0000000000000000 is an unknown value
RSP=0x000000010be89790 is pointing into the stack for thread: 0x00007fed6a80e000
RBP=0x000000010be89790 is pointing into the stack for thread: 0x00007fed6a80e000
RSI=0x00007fed6a400000 is an unknown value
RDI=0x0000000000000000 is an unknown value
R8 =0x0000000000000001 is an unknown value
R9 =0x00000000ffffff80 is an unknown value
R10=0x0000000000000035 is an unknown value
R11=0x00007fed6a400000 is an unknown value
R12=0x0000000000000000 is an unknown value
R13={method} {0x0000000120bf44f8} 'readline' '()[B' in 'de/uniduesseldorf/dxram/utils/JNIconsole'
R14=0x000000010be89878 is pointing into the stack for thread: 0x00007fed6a80e000
R15=0x00007fed6a80e000 is a thread


Stack: [0x000000010bd8a000,0x000000010be8a000],  sp=0x000000010be89790,  free space=1021k
Native frames: (J=compiled Java code, j=interpreted, Vv=VM code, C=native code)
C  [libsystem_c.dylib+0x1152]  strlen+0x12
C  [libJNIconsole.dylib+0xe9e]  Java_de_uniduesseldorf_dxram_utils_JNIconsole_readline+0x4e
j  de.uniduesseldorf.dxram.utils.JNIconsole.readline()[B+0
j  de.uniduesseldorf.dxram.commands.Shell.loop()V+8
j  de.uniduesseldorf.dxram.run.Monitor.main([Ljava/lang/String;)V+47
v  ~StubRoutines::call_stub
V  [libjvm.dylib+0x2eab0e]  JavaCalls::call_helper(JavaValue*, methodHandle*, JavaCallArguments*, Thread*)+0x6ae
V  [libjvm.dylib+0x321820]  jni_invoke_static(JNIEnv_*, JavaValue*, _jobject*, JNICallType, _jmethodID*, JNI_ArgumentPusher*, Thread*)+0x1bf
V  [libjvm.dylib+0x31a59a]  jni_CallStaticVoidMethod+0x15d
C  [java+0x393e]  JavaMain+0x9b1
C  [libsystem_pthread.dylib+0x3268]  _pthread_body+0x83
C  [libsystem_pthread.dylib+0x31e5]  _pthread_body+0x0
C  [libsystem_pthread.dylib+0x141d]  thread_start+0xd
C  0x0000000000000000

Java frames: (J=compiled Java code, j=interpreted, Vv=VM code)
j  de.uniduesseldorf.dxram.utils.JNIconsole.readline()[B+0
j  de.uniduesseldorf.dxram.commands.Shell.loop()V+8
j  de.uniduesseldorf.dxram.run.Monitor.main([Ljava/lang/String;)V+47
v  ~StubRoutines::call_stub

---------------  P R O C E S S  ---------------

Java Threads: ( => current thread )
  0x00007fed6aa13000 JavaThread "NIO-thread-3" daemon [_thread_in_native, id=23815, stack(0x0000000166845000,0x0000000166945000)]
  0x00007fed6a88f800 JavaThread "MessageHandler-thread-10" daemon [_thread_blocked, id=15111, stack(0x0000000122f96000,0x0000000123096000)]
  0x00007fed6da66000 JavaThread "MessageHandler-thread-9" daemon [_thread_blocked, id=34051, stack(0x000000016717b000,0x000000016727b000)]
  0x00007fed6da65000 JavaThread "MessageHandler-thread-8" daemon [_thread_blocked, id=33539, stack(0x0000000167078000,0x0000000167178000)]
  0x00007fed6d01b800 JavaThread "MessageHandler-thread-7" daemon [_thread_blocked, id=33027, stack(0x0000000166bc3000,0x0000000166cc3000)]
  0x00007fed6d989000 JavaThread "MessageHandler-thread-6" daemon [_thread_blocked, id=32515, stack(0x0000000166ac0000,0x0000000166bc0000)]
  0x00007fed6d987000 JavaThread "MessageHandler-thread-5" daemon [_thread_blocked, id=32003, stack(0x0000000166965000,0x0000000166a65000)]
  0x00007fed6d9f9800 JavaThread "MessageHandler-thread-4" daemon [_thread_blocked, id=31491, stack(0x0000000166419000,0x0000000166519000)]
  0x00007fed6b9e4000 JavaThread "MessageHandler-thread-3" daemon [_thread_blocked, id=30979, stack(0x0000000166316000,0x0000000166416000)]
  0x00007fed6d9f8000 JavaThread "Default-thread-10" daemon [_thread_blocked, id=30467, stack(0x0000000166213000,0x0000000166313000)]
  0x00007fed6a859800 JavaThread "Default-thread-9" daemon [_thread_blocked, id=29955, stack(0x0000000166110000,0x0000000166210000)]
  0x00007fed6c9d1800 JavaThread "Default-thread-8" daemon [_thread_blocked, id=29443, stack(0x000000016600d000,0x000000016610d000)]
  0x00007fed6b9e3800 JavaThread "Default-thread-7" daemon [_thread_blocked, id=28931, stack(0x0000000165f0a000,0x000000016600a000)]
  0x00007fed6b9e2800 JavaThread "MessageHandler-thread-2" daemon [_thread_blocked, id=28419, stack(0x0000000165e07000,0x0000000165f07000)]
  0x00007fed6e809800 JavaThread "Default-thread-6" daemon [_thread_blocked, id=27907, stack(0x0000000165d04000,0x0000000165e04000)]
  0x00007fed6d8fd000 JavaThread "Default-thread-5" daemon [_thread_blocked, id=27395, stack(0x0000000165c01000,0x0000000165d01000)]
  0x00007fed6b9e2000 JavaThread "MessageHandler-thread-1" daemon [_thread_blocked, id=26883, stack(0x0000000165afe000,0x0000000165bfe000)]
  0x00007fed6b9e1000 JavaThread "Default-thread-4" daemon [_thread_blocked, id=26371, stack(0x00000001659fb000,0x0000000165afb000)]
  0x00007fed6d8fc000 JavaThread "Default-thread-3" daemon [_thread_blocked, id=25859, stack(0x00000001658f8000,0x00000001659f8000)]
  0x00007fed6aa14000 JavaThread "Default-thread-2" daemon [_thread_blocked, id=25347, stack(0x00000001257a3000,0x00000001258a3000)]
  0x00007fed6c8cd000 JavaThread "Default-thread-1" daemon [_thread_blocked, id=24835, stack(0x00000001256a0000,0x00000001257a0000)]
  0x00007fed6c9ab800 JavaThread "NetworkStatistic" daemon [_thread_blocked, id=24323, stack(0x000000012559d000,0x000000012569d000)]
  0x00007fed6d89f000 JavaThread "main-EventThread" daemon [_thread_blocked, id=23299, stack(0x0000000125152000,0x0000000125252000)]
  0x00007fed6d896000 JavaThread "main-SendThread(localhost:2181)" daemon [_thread_in_native, id=23047, stack(0x000000012504f000,0x000000012514f000)]
  0x00007fed6d810000 JavaThread "Service Thread" daemon [_thread_blocked, id=20739, stack(0x0000000124d83000,0x0000000124e83000)]
  0x00007fed6a829800 JavaThread "C1 CompilerThread3" daemon [_thread_blocked, id=20227, stack(0x0000000124c80000,0x0000000124d80000)]
  0x00007fed6a828800 JavaThread "C2 CompilerThread2" daemon [_thread_blocked, id=19715, stack(0x0000000124b7d000,0x0000000124c7d000)]
  0x00007fed6a80d000 JavaThread "C2 CompilerThread1" daemon [_thread_blocked, id=19203, stack(0x0000000124a7a000,0x0000000124b7a000)]
  0x00007fed6b835800 JavaThread "C2 CompilerThread0" daemon [_thread_blocked, id=18691, stack(0x0000000124977000,0x0000000124a77000)]
  0x00007fed6b834800 JavaThread "Signal Dispatcher" daemon [_thread_blocked, id=15627, stack(0x0000000124874000,0x0000000124974000)]
  0x00007fed6b805800 JavaThread "Finalizer" daemon [_thread_blocked, id=13571, stack(0x0000000122e65000,0x0000000122f65000)]
  0x00007fed6c804000 JavaThread "Reference Handler" daemon [_thread_blocked, id=13059, stack(0x0000000122d62000,0x0000000122e62000)]
=>0x00007fed6a80e000 JavaThread "main" [_thread_in_native, id=4867, stack(0x000000010bd8a000,0x000000010be8a000)]

Other Threads:
  0x00007fed6b804800 VMThread [stack: 0x0000000122c5f000,0x0000000122d5f000] [id=12547]
  0x00007fed6a80b000 WatcherThread [stack: 0x0000000124e86000,0x0000000124f86000] [id=21251]

VM state:not at safepoint (normal execution)

VM Mutex/Monitor currently owned by a thread: None

Heap:
 PSYoungGen      total 38400K, used 31412K [0x0000000795580000, 0x0000000798000000, 0x00000007c0000000)
  eden space 33280K, 85% used [0x0000000795580000,0x00000007971393e0,0x0000000797600000)
  from space 5120K, 59% used [0x0000000797600000,0x00000007978f3d48,0x0000000797b00000)
  to   space 5120K, 0% used [0x0000000797b00000,0x0000000797b00000,0x0000000798000000)
 ParOldGen       total 87552K, used 8K [0x0000000740000000, 0x0000000745580000, 0x0000000795580000)
  object space 87552K, 0% used [0x0000000740000000,0x0000000740002000,0x0000000745580000)
 Metaspace       used 8207K, capacity 8358K, committed 8448K, reserved 1056768K
  class space    used 948K, capacity 1017K, committed 1024K, reserved 1048576K

Card table byte_map: [0x000000011b24c000,0x000000011b64d000] byte_map_base: 0x000000011784c000

Marking Bits: (ParMarkBitMap*) 0x000000010b6dee20
 Begin Bits: [0x000000011c110000, 0x000000011e110000)
 End Bits:   [0x000000011e110000, 0x0000000120110000)

Polling page: 0x0000000109da7000

CodeCache: size=245760Kb used=3095Kb max_used=3114Kb free=242664Kb
 bounds [0x000000010be8c000, 0x000000010c1ac000, 0x000000011ae8c000]
 total_blobs=1147 nmethods=807 adapters=254
 compilation: enabled

Compilation events (10 events):
Event: 206.121 Thread 0x00007fed6a829800  804       3       java.io.DataOutputStream::writeInt (65 bytes)
Event: 206.121 Thread 0x00007fed6a829800 nmethod 804 0x000000010c15b890 code [0x000000010c15ba40, 0x000000010c15bf98]
Event: 206.121 Thread 0x00007fed6a829800  805       3       org.apache.jute.BinaryOutputArchive::writeInt (11 bytes)
Event: 206.121 Thread 0x00007fed6a829800 nmethod 805 0x000000010c15b450 code [0x000000010c15b5c0, 0x000000010c15b7a8]
Event: 229.472 Thread 0x00007fed6a829800  806       3       org.apache.zookeeper.ClientCnxnSocket::getIdleRecv (11 bytes)
Event: 229.473 Thread 0x00007fed6a829800 nmethod 806 0x000000010c178f10 code [0x000000010c179060, 0x000000010c1791b0]
Event: 232.808 Thread 0x00007fed6a829800  807       3       java.nio.Buffer::rewind (12 bytes)
Event: 232.808 Thread 0x00007fed6a829800 nmethod 807 0x000000010c178bd0 code [0x000000010c178d20, 0x000000010c178e90]
Event: 242.815 Thread 0x00007fed6a829800  808       3       org.apache.log4j.Priority::isGreaterOrEqual (17 bytes)
Event: 242.816 Thread 0x00007fed6a829800 nmethod 808 0x000000010c178810 code [0x000000010c178980, 0x000000010c178b30]

GC Heap History (2 events):
Event: 39.960 GC heap before
{Heap before GC invocations=1 (full 0):
 PSYoungGen      total 38400K, used 33280K [0x0000000795580000, 0x0000000798000000, 0x00000007c0000000)
  eden space 33280K, 100% used [0x0000000795580000,0x0000000797600000,0x0000000797600000)
  from space 5120K, 0% used [0x0000000797b00000,0x0000000797b00000,0x0000000798000000)
  to   space 5120K, 0% used [0x0000000797600000,0x0000000797600000,0x0000000797b00000)
 ParOldGen       total 87552K, used 0K [0x0000000740000000, 0x0000000745580000, 0x0000000795580000)
  object space 87552K, 0% used [0x0000000740000000,0x0000000740000000,0x0000000745580000)
 Metaspace       used 8072K, capacity 8198K, committed 8448K, reserved 1056768K
  class space    used 927K, capacity 985K, committed 1024K, reserved 1048576K
Event: 39.964 GC heap after
Heap after GC invocations=1 (full 0):
 PSYoungGen      total 38400K, used 3023K [0x0000000795580000, 0x0000000798000000, 0x00000007c0000000)
  eden space 33280K, 0% used [0x0000000795580000,0x0000000795580000,0x0000000797600000)
  from space 5120K, 59% used [0x0000000797600000,0x00000007978f3d48,0x0000000797b00000)
  to   space 5120K, 0% used [0x0000000797b00000,0x0000000797b00000,0x0000000798000000)
 ParOldGen       total 87552K, used 8K [0x0000000740000000, 0x0000000745580000, 0x0000000795580000)
  object space 87552K, 0% used [0x0000000740000000,0x0000000740002000,0x0000000745580000)
 Metaspace       used 8072K, capacity 8198K, committed 8448K, reserved 1056768K
  class space    used 927K, capacity 985K, committed 1024K, reserved 1048576K
}

Deoptimization events (10 events):
Event: 3.200 Thread 0x00007fed6d896000 Uncommon trap: reason=unstable_if action=reinterpret pc=0x000000010c0ee518 method=java.util.HashMap$HashIterator.<init>(Ljava/util/HashMap;)V @ 45
Event: 4.389 Thread 0x00007fed6c001000 Uncommon trap: reason=unstable_if action=reinterpret pc=0x000000010c100740 method=java.util.concurrent.locks.AbstractQueuedSynchronizer$ConditionObject.signal()V @ 24
Event: 4.389 Thread 0x00007fed6c8cd000 Uncommon trap: reason=unstable_if action=reinterpret pc=0x000000010c0f7e4c method=java.util.concurrent.locks.AbstractQueuedSynchronizer$ConditionObject.signal()V @ 24
Event: 4.389 Thread 0x00007fed6c8cd000 Uncommon trap: reason=unstable_if action=reinterpret pc=0x000000010c0fcab0 method=java.util.concurrent.locks.AbstractQueuedSynchronizer.release(I)Z @ 14
Event: 4.389 Thread 0x00007fed6aa14000 Uncommon trap: reason=unstable_if action=reinterpret pc=0x000000010c0f0a18 method=java.util.concurrent.locks.AbstractQueuedSynchronizer.release(I)Z @ 14
Event: 5.390 Thread 0x00007fed6c001000 Uncommon trap: reason=unstable_if action=reinterpret pc=0x000000010c0f6464 method=java.util.concurrent.locks.AbstractQueuedSynchronizer$ConditionObject.signal()V @ 24
Event: 5.390 Thread 0x00007fed6d8fc000 Uncommon trap: reason=unstable_if action=reinterpret pc=0x000000010c0f492c method=java.util.concurrent.locks.AbstractQueuedSynchronizer.release(I)Z @ 14
Event: 14.418 Thread 0x00007fed6c8cd000 Uncommon trap: reason=unstable_if action=reinterpret pc=0x000000010c0f492c method=java.util.concurrent.locks.AbstractQueuedSynchronizer.release(I)Z @ 14
Event: 14.418 Thread 0x00007fed6d9f9800 Uncommon trap: reason=unstable_if action=reinterpret pc=0x000000010c0f492c method=java.util.concurrent.locks.AbstractQueuedSynchronizer.release(I)Z @ 14
Event: 166.125 Thread 0x00007fed6b8b6000 Uncommon trap: reason=unstable_if action=reinterpret pc=0x000000010c113914 method=java.util.HashMap.isEmpty()Z @ 4

Internal exceptions (10 events):
Event: 0.177 Thread 0x00007fed6a80e000 Exception <a 'java/lang/ClassNotFoundException': org/apache/log4j/PatternLayoutCustomizer> (0x0000000795900028) thrown at [/Users/java_re/workspace/8-2-build-macosx-x86_64/jdk8u60/4407/hotspot/src/share/vm/classfile/systemDictionary.cpp, line 210]
Event: 0.194 Thread 0x00007fed6a80e000 Exception <a 'java/security/PrivilegedActionException'> (0x0000000795952100) thrown at [/Users/java_re/workspace/8-2-build-macosx-x86_64/jdk8u60/4407/hotspot/src/share/vm/prims/jvm.cpp, line 1386]
Event: 0.194 Thread 0x00007fed6a80e000 Exception <a 'java/security/PrivilegedActionException'> (0x00000007959524f8) thrown at [/Users/java_re/workspace/8-2-build-macosx-x86_64/jdk8u60/4407/hotspot/src/share/vm/prims/jvm.cpp, line 1386]
Event: 0.194 Thread 0x00007fed6a80e000 Exception <a 'java/security/PrivilegedActionException'> (0x0000000795955b68) thrown at [/Users/java_re/workspace/8-2-build-macosx-x86_64/jdk8u60/4407/hotspot/src/share/vm/prims/jvm.cpp, line 1386]
Event: 0.194 Thread 0x00007fed6a80e000 Exception <a 'java/security/PrivilegedActionException'> (0x0000000795955f60) thrown at [/Users/java_re/workspace/8-2-build-macosx-x86_64/jdk8u60/4407/hotspot/src/share/vm/prims/jvm.cpp, line 1386]
Event: 0.216 Thread 0x00007fed6a80e000 Exception <a 'java/net/BindException'> (0x0000000795998448) thrown at [/Users/java_re/workspace/8-2-build-macosx-x86_64/jdk8u60/4407/hotspot/src/share/vm/prims/jni.cpp, line 709]
Event: 0.217 Thread 0x00007fed6a80e000 Exception <a 'java/net/BindException'> (0x00000007959988f8) thrown at [/Users/java_re/workspace/8-2-build-macosx-x86_64/jdk8u60/4407/hotspot/src/share/vm/prims/jni.cpp, line 709]
Event: 0.217 Thread 0x00007fed6a80e000 Exception <a 'java/net/BindException'> (0x0000000795998ca8) thrown at [/Users/java_re/workspace/8-2-build-macosx-x86_64/jdk8u60/4407/hotspot/src/share/vm/prims/jni.cpp, line 709]
Event: 0.346 Thread 0x00007fed6d896000 Exception <a 'java/lang/NoSuchFieldError': method resolution failed> (0x0000000795d8a458) thrown at [/Users/java_re/workspace/8-2-build-macosx-x86_64/jdk8u60/4407/hotspot/src/share/vm/prims/methodHandles.cpp, line 1146]
Event: 0.348 Thread 0x00007fed6d896000 Exception <a 'java/lang/NoSuchFieldError': method resolution failed> (0x0000000795d97960) thrown at [/Users/java_re/workspace/8-2-build-macosx-x86_64/jdk8u60/4407/hotspot/src/share/vm/prims/methodHandles.cpp, line 1146]

Events (10 events):
Event: 166.125 Thread 0x00007fed6b8b6000 Uncommon trap: trap_request=0xffffff65 fr.pc=0x000000010c113914
Event: 166.125 Thread 0x00007fed6b8b6000 DEOPT PACKING pc=0x000000010c113914 sp=0x000000016737d690
Event: 166.126 Thread 0x00007fed6b8b6000 DEOPT UNPACKING pc=0x000000010be91229 sp=0x000000016737d380 mode 2
Event: 166.126 Thread 0x00007fed6c001000 Thread exited: 0x00007fed6c001000
Event: 170.527 Thread 0x00007fed6b8b6000 DEOPT PACKING pc=0x000000010c127f0f sp=0x000000016737d770
Event: 170.527 Thread 0x00007fed6b8b6000 DEOPT UNPACKING pc=0x000000010bed3633 sp=0x000000016737d570 mode 0
Event: 171.759 Thread 0x00007fed6aa13000 Thread added: 0x00007fed6aa13000
Event: 171.760 Executing VM operation: RevokeBias
Event: 171.760 Executing VM operation: RevokeBias done
Event: 171.760 Thread 0x00007fed6b8b6000 Thread exited: 0x00007fed6b8b6000


Dynamic libraries:
0x000000000bbca000 	/System/Library/Frameworks/Cocoa.framework/Versions/A/Cocoa
0x000000000bbca000 	/System/Library/Frameworks/Security.framework/Versions/A/Security
0x000000000bbca000 	/System/Library/Frameworks/ApplicationServices.framework/Versions/A/ApplicationServices
0x000000000bbca000 	/usr/lib/libz.1.dylib
0x000000000bbca000 	/usr/lib/libSystem.B.dylib
0x000000000bbca000 	/usr/lib/libobjc.A.dylib
0x000000000bbca000 	/System/Library/Frameworks/CoreFoundation.framework/Versions/A/CoreFoundation
0x000000000bbca000 	/System/Library/Frameworks/Foundation.framework/Versions/C/Foundation
0x000000000bbca000 	/System/Library/Frameworks/AppKit.framework/Versions/C/AppKit
0x000000000bbca000 	/System/Library/Frameworks/CoreData.framework/Versions/A/CoreData
0x000000000bbca000 	/System/Library/PrivateFrameworks/RemoteViewServices.framework/Versions/A/RemoteViewServices
0x000000000bbca000 	/System/Library/PrivateFrameworks/UIFoundation.framework/Versions/A/UIFoundation
0x000000000bbca000 	/System/Library/Frameworks/IOSurface.framework/Versions/A/IOSurface
0x000000000bbca000 	/System/Library/Frameworks/AudioToolbox.framework/Versions/A/AudioToolbox
0x000000000bbca000 	/System/Library/Frameworks/AudioUnit.framework/Versions/A/AudioUnit
0x000000000bbca000 	/System/Library/PrivateFrameworks/DataDetectorsCore.framework/Versions/A/DataDetectorsCore
0x000000000bbca000 	/System/Library/PrivateFrameworks/DesktopServicesPriv.framework/Versions/A/DesktopServicesPriv
0x000000000bbca000 	/System/Library/Frameworks/Carbon.framework/Versions/A/Frameworks/HIToolbox.framework/Versions/A/HIToolbox
0x000000000bbca000 	/System/Library/Frameworks/QuartzCore.framework/Versions/A/QuartzCore
0x000000000bbca000 	/System/Library/Frameworks/Carbon.framework/Versions/A/Frameworks/SpeechRecognition.framework/Versions/A/SpeechRecognition
0x000000000bbca000 	/usr/lib/libauto.dylib
0x000000000bbca000 	/usr/lib/libicucore.A.dylib
0x000000000bbca000 	/usr/lib/libxml2.2.dylib
0x000000000bbca000 	/System/Library/PrivateFrameworks/CoreUI.framework/Versions/A/CoreUI
0x000000000bbca000 	/System/Library/Frameworks/CoreAudio.framework/Versions/A/CoreAudio
0x000000000bbca000 	/System/Library/Frameworks/DiskArbitration.framework/Versions/A/DiskArbitration
0x000000000bbca000 	/usr/lib/liblangid.dylib
0x000000000bbca000 	/System/Library/PrivateFrameworks/MultitouchSupport.framework/Versions/A/MultitouchSupport
0x000000000bbca000 	/System/Library/Frameworks/IOKit.framework/Versions/A/IOKit
0x000000000bbca000 	/usr/lib/libDiagnosticMessagesClient.dylib
0x000000000bbca000 	/System/Library/Frameworks/CoreServices.framework/Versions/A/CoreServices
0x000000000bbca000 	/System/Library/PrivateFrameworks/PerformanceAnalysis.framework/Versions/A/PerformanceAnalysis
0x000000000bbca000 	/System/Library/PrivateFrameworks/GenerationalStorage.framework/Versions/A/GenerationalStorage
0x000000000bbca000 	/System/Library/Frameworks/OpenGL.framework/Versions/A/OpenGL
0x000000000bbca000 	/System/Library/PrivateFrameworks/Sharing.framework/Versions/A/Sharing
0x000000000bbca000 	/System/Library/Frameworks/CoreGraphics.framework/Versions/A/CoreGraphics
0x000000000bbca000 	/System/Library/Frameworks/CoreText.framework/Versions/A/CoreText
0x000000000bbca000 	/System/Library/Frameworks/ImageIO.framework/Versions/A/ImageIO
0x000000000bbca000 	/usr/lib/libextension.dylib
0x000000000bbca000 	/System/Library/PrivateFrameworks/Backup.framework/Versions/A/Backup
0x000000000bbca000 	/usr/lib/libarchive.2.dylib
0x000000000bbca000 	/System/Library/Frameworks/CFNetwork.framework/Versions/A/CFNetwork
0x000000000bbca000 	/System/Library/Frameworks/SystemConfiguration.framework/Versions/A/SystemConfiguration
0x000000000bbca000 	/usr/lib/libCRFSuite.dylib
0x000000000bbca000 	/usr/lib/libc++.1.dylib
0x000000000bbca000 	/usr/lib/libc++abi.dylib
0x000000000bbca000 	/usr/lib/system/libcache.dylib
0x000000000bbca000 	/usr/lib/system/libcommonCrypto.dylib
0x000000000bbca000 	/usr/lib/system/libcompiler_rt.dylib
0x000000000bbca000 	/usr/lib/system/libcopyfile.dylib
0x000000000bbca000 	/usr/lib/system/libcorecrypto.dylib
0x000000000bbca000 	/usr/lib/system/libdispatch.dylib
0x000000000bbca000 	/usr/lib/system/libdyld.dylib
0x000000000bbca000 	/usr/lib/system/libkeymgr.dylib
0x000000000bbca000 	/usr/lib/system/liblaunch.dylib
0x000000000bbca000 	/usr/lib/system/libmacho.dylib
0x000000000bbca000 	/usr/lib/system/libquarantine.dylib
0x000000000bbca000 	/usr/lib/system/libremovefile.dylib
0x000000000bbca000 	/usr/lib/system/libsystem_asl.dylib
0x000000000bbca000 	/usr/lib/system/libsystem_blocks.dylib
0x000000000bbca000 	/usr/lib/system/libsystem_c.dylib
0x000000000bbca000 	/usr/lib/system/libsystem_configuration.dylib
0x000000000bbca000 	/usr/lib/system/libsystem_coreservices.dylib
0x000000000bbca000 	/usr/lib/system/libsystem_coretls.dylib
0x000000000bbca000 	/usr/lib/system/libsystem_dnssd.dylib
0x000000000bbca000 	/usr/lib/system/libsystem_info.dylib
0x000000000bbca000 	/usr/lib/system/libsystem_kernel.dylib
0x000000000bbca000 	/usr/lib/system/libsystem_m.dylib
0x000000000bbca000 	/usr/lib/system/libsystem_malloc.dylib
0x000000000bbca000 	/usr/lib/system/libsystem_network.dylib
0x000000000bbca000 	/usr/lib/system/libsystem_networkextension.dylib
0x000000000bbca000 	/usr/lib/system/libsystem_notify.dylib
0x000000000bbca000 	/usr/lib/system/libsystem_platform.dylib
0x000000000bbca000 	/usr/lib/system/libsystem_pthread.dylib
0x000000000bbca000 	/usr/lib/system/libsystem_sandbox.dylib
0x000000000bbca000 	/usr/lib/system/libsystem_secinit.dylib
0x000000000bbca000 	/usr/lib/system/libsystem_stats.dylib
0x000000000bbca000 	/usr/lib/system/libsystem_trace.dylib
0x000000000bbca000 	/usr/lib/system/libunc.dylib
0x000000000bbca000 	/usr/lib/system/libunwind.dylib
0x000000000bbca000 	/usr/lib/system/libxpc.dylib
0x000000000bbca000 	/usr/lib/libbz2.1.0.dylib
0x000000000bbca000 	/usr/lib/liblzma.5.dylib
0x000000000bbca000 	/usr/lib/libbsm.0.dylib
0x000000000bbca000 	/usr/lib/libsqlite3.dylib
0x000000000bbca000 	/usr/lib/system/libkxld.dylib
0x000000000bbca000 	/usr/lib/libxar.1.dylib
0x000000000bbca000 	/usr/lib/libpam.2.dylib
0x000000000bbca000 	/usr/lib/libOpenScriptingUtil.dylib
0x000000000bbca000 	/System/Library/Frameworks/CoreServices.framework/Versions/A/Frameworks/FSEvents.framework/Versions/A/FSEvents
0x000000000bbca000 	/System/Library/Frameworks/CoreServices.framework/Versions/A/Frameworks/CarbonCore.framework/Versions/A/CarbonCore
0x000000000bbca000 	/System/Library/Frameworks/CoreServices.framework/Versions/A/Frameworks/Metadata.framework/Versions/A/Metadata
0x000000000bbca000 	/System/Library/Frameworks/CoreServices.framework/Versions/A/Frameworks/OSServices.framework/Versions/A/OSServices
0x000000000bbca000 	/System/Library/Frameworks/CoreServices.framework/Versions/A/Frameworks/SearchKit.framework/Versions/A/SearchKit
0x000000000bbca000 	/System/Library/Frameworks/CoreServices.framework/Versions/A/Frameworks/AE.framework/Versions/A/AE
0x000000000bbca000 	/System/Library/Frameworks/CoreServices.framework/Versions/A/Frameworks/LaunchServices.framework/Versions/A/LaunchServices
0x000000000bbca000 	/System/Library/Frameworks/CoreServices.framework/Versions/A/Frameworks/DictionaryServices.framework/Versions/A/DictionaryServices
0x000000000bbca000 	/System/Library/Frameworks/NetFS.framework/Versions/A/NetFS
0x000000000bbca000 	/System/Library/PrivateFrameworks/NetAuth.framework/Versions/A/NetAuth
0x000000000bbca000 	/System/Library/PrivateFrameworks/login.framework/Versions/A/Frameworks/loginsupport.framework/Versions/A/loginsupport
0x000000000bbca000 	/System/Library/PrivateFrameworks/TCC.framework/Versions/A/TCC
0x000000000bbca000 	/usr/lib/libmecabra.dylib
0x000000000bbca000 	/System/Library/Frameworks/ApplicationServices.framework/Versions/A/Frameworks/ATS.framework/Versions/A/ATS
0x000000000bbca000 	/System/Library/Frameworks/ApplicationServices.framework/Versions/A/Frameworks/ColorSync.framework/Versions/A/ColorSync
0x000000000bbca000 	/System/Library/Frameworks/ApplicationServices.framework/Versions/A/Frameworks/HIServices.framework/Versions/A/HIServices
0x000000000bbca000 	/System/Library/Frameworks/ApplicationServices.framework/Versions/A/Frameworks/LangAnalysis.framework/Versions/A/LangAnalysis
0x000000000bbca000 	/System/Library/Frameworks/ApplicationServices.framework/Versions/A/Frameworks/PrintCore.framework/Versions/A/PrintCore
0x000000000bbca000 	/System/Library/Frameworks/ApplicationServices.framework/Versions/A/Frameworks/QD.framework/Versions/A/QD
0x000000000bbca000 	/System/Library/Frameworks/ApplicationServices.framework/Versions/A/Frameworks/SpeechSynthesis.framework/Versions/A/SpeechSynthesis
0x000000000bbca000 	/System/Library/Frameworks/Accelerate.framework/Versions/A/Accelerate
0x000000000bbca000 	/System/Library/Frameworks/Accelerate.framework/Versions/A/Frameworks/vImage.framework/Versions/A/vImage
0x000000000bbca000 	/System/Library/Frameworks/Accelerate.framework/Versions/A/Frameworks/vecLib.framework/Versions/A/vecLib
0x000000000bbca000 	/System/Library/Frameworks/Accelerate.framework/Versions/A/Frameworks/vecLib.framework/Versions/A/libvDSP.dylib
0x000000000bbca000 	/System/Library/Frameworks/Accelerate.framework/Versions/A/Frameworks/vecLib.framework/Versions/A/libvMisc.dylib
0x000000000bbca000 	/System/Library/Frameworks/Accelerate.framework/Versions/A/Frameworks/vecLib.framework/Versions/A/libLAPACK.dylib
0x000000000bbca000 	/System/Library/Frameworks/Accelerate.framework/Versions/A/Frameworks/vecLib.framework/Versions/A/libBLAS.dylib
0x000000000bbca000 	/System/Library/Frameworks/Accelerate.framework/Versions/A/Frameworks/vecLib.framework/Versions/A/libLinearAlgebra.dylib
0x000000000bbca000 	/System/Library/Frameworks/ApplicationServices.framework/Versions/A/Frameworks/ATS.framework/Versions/A/Resources/libFontParser.dylib
0x000000000bbca000 	/System/Library/Frameworks/ApplicationServices.framework/Versions/A/Frameworks/ATS.framework/Versions/A/Resources/libFontRegistry.dylib
0x000000000bbca000 	/System/Library/PrivateFrameworks/AppleVPA.framework/Versions/A/AppleVPA
0x000000000bbca000 	/System/Library/PrivateFrameworks/AppleJPEG.framework/Versions/A/AppleJPEG
0x000000000bbca000 	/System/Library/Frameworks/ImageIO.framework/Versions/A/Resources/libJPEG.dylib
0x000000000bbca000 	/System/Library/Frameworks/ImageIO.framework/Versions/A/Resources/libTIFF.dylib
0x000000000bbca000 	/System/Library/Frameworks/ImageIO.framework/Versions/A/Resources/libPng.dylib
0x000000000bbca000 	/System/Library/Frameworks/ImageIO.framework/Versions/A/Resources/libGIF.dylib
0x000000000bbca000 	/System/Library/Frameworks/ImageIO.framework/Versions/A/Resources/libJP2.dylib
0x000000000bbca000 	/System/Library/Frameworks/ImageIO.framework/Versions/A/Resources/libRadiance.dylib
0x000000000bbca000 	/System/Library/Frameworks/CoreVideo.framework/Versions/A/CoreVideo
0x000000000bbca000 	/System/Library/Frameworks/OpenGL.framework/Versions/A/Libraries/libGLU.dylib
0x000000000bbca000 	/System/Library/Frameworks/OpenGL.framework/Versions/A/Libraries/libGFXShared.dylib
0x000000000bbca000 	/System/Library/Frameworks/OpenGL.framework/Versions/A/Libraries/libGL.dylib
0x000000000bbca000 	/System/Library/Frameworks/OpenGL.framework/Versions/A/Libraries/libGLImage.dylib
0x000000000bbca000 	/System/Library/Frameworks/OpenGL.framework/Versions/A/Libraries/libCVMSPluginSupport.dylib
0x000000000bbca000 	/System/Library/Frameworks/OpenGL.framework/Versions/A/Libraries/libCoreVMClient.dylib
0x000000000bbca000 	/usr/lib/libcups.2.dylib
0x000000000bbca000 	/System/Library/Frameworks/Kerberos.framework/Versions/A/Kerberos
0x000000000bbca000 	/System/Library/Frameworks/GSS.framework/Versions/A/GSS
0x000000000bbca000 	/usr/lib/libresolv.9.dylib
0x000000000bbca000 	/usr/lib/libiconv.2.dylib
0x000000000bbca000 	/System/Library/PrivateFrameworks/Heimdal.framework/Versions/A/Heimdal
0x000000000bbca000 	/usr/lib/libheimdal-asn1.dylib
0x000000000bbca000 	/System/Library/Frameworks/OpenDirectory.framework/Versions/A/OpenDirectory
0x000000000bbca000 	/System/Library/PrivateFrameworks/CommonAuth.framework/Versions/A/CommonAuth
0x000000000bbca000 	/System/Library/Frameworks/OpenDirectory.framework/Versions/A/Frameworks/CFOpenDirectory.framework/Versions/A/CFOpenDirectory
0x000000000bbca000 	/System/Library/Frameworks/SecurityFoundation.framework/Versions/A/SecurityFoundation
0x000000000bbca000 	/System/Library/PrivateFrameworks/LanguageModeling.framework/Versions/A/LanguageModeling
0x000000000bbca000 	/usr/lib/libcmph.dylib
0x000000000bbca000 	/System/Library/Frameworks/ServiceManagement.framework/Versions/A/ServiceManagement
0x000000000bbca000 	/usr/lib/libxslt.1.dylib
0x000000000bbca000 	/System/Library/Frameworks/Carbon.framework/Versions/A/Frameworks/Ink.framework/Versions/A/Ink
0x000000000bbca000 	/System/Library/Frameworks/QuartzCore.framework/Versions/A/Frameworks/CoreImage.framework/Versions/A/CoreImage
0x000000000bbca000 	/System/Library/PrivateFrameworks/CrashReporterSupport.framework/Versions/A/CrashReporterSupport
0x000000000bbca000 	/System/Library/Frameworks/OpenCL.framework/Versions/A/OpenCL
0x000000000bbca000 	/System/Library/PrivateFrameworks/FaceCore.framework/Versions/A/FaceCore
0x000000000bbca000 	/System/Library/PrivateFrameworks/Ubiquity.framework/Versions/A/Ubiquity
0x000000000bbca000 	/System/Library/PrivateFrameworks/IconServices.framework/Versions/A/IconServices
0x000000000bbca000 	/System/Library/PrivateFrameworks/ChunkingLibrary.framework/Versions/A/ChunkingLibrary
0x000000000bbca000 	/System/Library/PrivateFrameworks/Apple80211.framework/Versions/A/Apple80211
0x000000000bbca000 	/System/Library/Frameworks/CoreWLAN.framework/Versions/A/CoreWLAN
0x000000000bbca000 	/System/Library/Frameworks/IOBluetooth.framework/Versions/A/IOBluetooth
0x000000000bbca000 	/System/Library/PrivateFrameworks/CoreWiFi.framework/Versions/A/CoreWiFi
0x000000000bbca000 	/System/Library/Frameworks/CoreBluetooth.framework/Versions/A/CoreBluetooth
0x000000000bbca000 	/System/Library/PrivateFrameworks/DebugSymbols.framework/Versions/A/DebugSymbols
0x000000000bbca000 	/System/Library/PrivateFrameworks/CoreSymbolication.framework/Versions/A/CoreSymbolication
0x000000000bbca000 	/System/Library/PrivateFrameworks/Symbolication.framework/Versions/A/Symbolication
0x000000000bbca000 	/System/Library/PrivateFrameworks/SpeechRecognitionCore.framework/Versions/A/SpeechRecognitionCore
0x000000010ae00000 	/Library/Java/JavaVirtualMachines/jdk1.8.0_60.jdk/Contents/Home/jre/lib/server/libjvm.dylib
0x000000000bbca000 	/usr/lib/libstdc++.6.dylib
0x0000000109d64000 	/Library/Java/JavaVirtualMachines/jdk1.8.0_60.jdk/Contents/Home/jre/lib/libverify.dylib
0x0000000109d72000 	/Library/Java/JavaVirtualMachines/jdk1.8.0_60.jdk/Contents/Home/jre/lib/libjava.dylib
0x0000000109db1000 	/Library/Java/JavaVirtualMachines/jdk1.8.0_60.jdk/Contents/Home/jre/lib/libzip.dylib
0x0000000109de3000 	/System/Library/Frameworks/JavaVM.framework/Frameworks/JavaRuntimeSupport.framework/JavaRuntimeSupport
0x0000000122f67000 	/System/Library/Frameworks/JavaVM.framework/Versions/A/Frameworks/JavaNativeFoundation.framework/Versions/A/JavaNativeFoundation
0x0000000122f7c000 	/System/Library/Frameworks/JavaVM.framework/Versions/A/JavaVM
0x000000000bbca000 	/System/Library/Frameworks/Carbon.framework/Versions/A/Carbon
0x0000000122f89000 	/System/Library/PrivateFrameworks/JavaLaunching.framework/Versions/A/JavaLaunching
0x000000000bbca000 	/System/Library/Frameworks/Carbon.framework/Versions/A/Frameworks/CommonPanels.framework/Versions/A/CommonPanels
0x000000000bbca000 	/System/Library/Frameworks/Carbon.framework/Versions/A/Frameworks/Help.framework/Versions/A/Help
0x000000000bbca000 	/System/Library/Frameworks/Carbon.framework/Versions/A/Frameworks/ImageCapture.framework/Versions/A/ImageCapture
0x000000000bbca000 	/System/Library/Frameworks/Carbon.framework/Versions/A/Frameworks/OpenScripting.framework/Versions/A/OpenScripting
0x000000000bbca000 	/System/Library/Frameworks/Carbon.framework/Versions/A/Frameworks/Print.framework/Versions/A/Print
0x000000000bbca000 	/System/Library/Frameworks/Carbon.framework/Versions/A/Frameworks/SecurityHI.framework/Versions/A/SecurityHI
0x0000000124fdb000 	/Library/Java/JavaVirtualMachines/jdk1.8.0_60.jdk/Contents/Home/jre/lib/libnet.dylib
0x000000012503e000 	/Library/Java/JavaVirtualMachines/jdk1.8.0_60.jdk/Contents/Home/jre/lib/libnio.dylib
0x00000001658a6000 	/Users/mschoett1/Code/dxram/jni/libJNIconsole.dylib
0x000000000bbca000 	/usr/lib/libncurses.5.4.dylib

VM Arguments:
jvm_args: -Dnetwork.ip=127.0.0.1 -Dnetwork.port=22299 -Ddxram.role=Monitor -Dlog4j.configuration=file:////Users/mschoett1/Code/dxram/config/log4j.properties 
java_command: de.uniduesseldorf.dxram.run.Monitor
java_class_path (initial): lib/slf4j-log4j12-1.6.1.jar:lib/slf4j-api-1.6.1.jar:lib/zookeeper-3.4.3.jar:lib/log4j-1.2.16.jar:bin/
Launcher Type: SUN_STANDARD

Environment Variables:
JAVA_HOME=/Library/Java/JavaVirtualMachines/jdk1.8.0_60.jdk/Contents/Home
PATH=/Users/mschoett1/Scripts:/Users/mschoett1/Code/apache-ant-1.9.4/bin:/Users/mschoett1/Code/apache-maven-3.3.1/bin:/Users/mschoett1/Code/apache-spark-1.3.0/bin:/usr/local/bin:/usr/bin:/bin:/usr/sbin:/sbin:/opt/X11/bin:/usr/local/MacGPG2/bin:/Users/mschoett1/Code/myCPU/cc65/bin
SHELL=/bin/bash
DISPLAY=/private/tmp/com.apple.launchd.W2sBkJIj4S/org.macosforge.xquartz:0

Signal Handlers:
SIGSEGV: [libjvm.dylib+0x5a6d31], sa_mask[0]=11111111011111110111111111111111, sa_flags=SA_ONSTACK|SA_RESTART|SA_SIGINFO
SIGBUS: [libjvm.dylib+0x5a6d31], sa_mask[0]=11111111011111110111111111111111, sa_flags=SA_RESTART|SA_SIGINFO
SIGFPE: [libjvm.dylib+0x480a4c], sa_mask[0]=11111111011111110111111111111111, sa_flags=SA_RESTART|SA_SIGINFO
SIGPIPE: [libjvm.dylib+0x480a4c], sa_mask[0]=11111111011111110111111111111111, sa_flags=SA_RESTART|SA_SIGINFO
SIGXFSZ: [libjvm.dylib+0x480a4c], sa_mask[0]=11111111011111110111111111111111, sa_flags=SA_RESTART|SA_SIGINFO
SIGILL: [libjvm.dylib+0x480a4c], sa_mask[0]=11111111011111110111111111111111, sa_flags=SA_RESTART|SA_SIGINFO
SIGUSR1: SIG_DFL, sa_mask[0]=11011111011111100000000111000110, sa_flags=none
SIGUSR2: [libjvm.dylib+0x48056a], sa_mask[0]=00000000000000000000000000000000, sa_flags=SA_RESTART|SA_SIGINFO
SIGHUP: [libjvm.dylib+0x47eb41], sa_mask[0]=11111111011111110111111111111111, sa_flags=SA_RESTART|SA_SIGINFO
SIGINT: [libjvm.dylib+0x47eb41], sa_mask[0]=11111111011111110111111111111111, sa_flags=SA_RESTART|SA_SIGINFO
SIGTERM: [libjvm.dylib+0x47eb41], sa_mask[0]=11111111011111110111111111111111, sa_flags=SA_RESTART|SA_SIGINFO
SIGQUIT: [libjvm.dylib+0x47eb41], sa_mask[0]=11111111011111110111111111111111, sa_flags=SA_RESTART|SA_SIGINFO


---------------  S Y S T E M  ---------------

OS:Bsduname:Darwin 14.4.0 Darwin Kernel Version 14.4.0: Thu May 28 11:35:04 PDT 2015; root:xnu-2782.30.5~1/RELEASE_X86_64 x86_64
rlimit: STACK 8192k, CORE 0k, NPROC 709, NOFILE 10240, AS infinity
load average:1.90 2.87 6.07

CPU:total 8 (4 cores per cpu, 2 threads per core) family 6 model 42 stepping 7, cmov, cx8, fxsr, mmx, sse, sse2, sse3, ssse3, sse4.1, sse4.2, popcnt, avx, aes, clmul, ht, tsc, tscinvbit

Memory: 4k page, physical 8388608k(662840k free)

/proc/meminfo:


vm_info: Java HotSpot(TM) 64-Bit Server VM (25.60-b23) for bsd-amd64 JRE (1.8.0_60-b27), built on Aug  4 2015 10:47:24 by "java_re" with gcc 4.2.1 (Based on Apple Inc. build 5658) (LLVM build 2336.11.00)

time: Tue Sep  8 21:06:46 2015
elapsed time: 258 seconds (0d 0h 4m 18s)

