#
# A fatal error has been detected by the Java Runtime Environment:
#
#  SIGSEGV (0xb) at pc=0x0000000132b19c7c, pid=1833, tid=4867
#
# JRE version: Java(TM) SE Runtime Environment (8.0_51-b16) (build 1.8.0_51-b16)
# Java VM: Java HotSpot(TM) 64-Bit Server VM (25.51-b03 mixed mode bsd-amd64 compressed oops)
# Problematic frame:
# C  [libJNILock.dylib+0xc7c]  Java_de_uniduesseldorf_dxram_utils_locks_JNILock_readLock+0x1c
#
# Failed to write core dump. Core dumps have been disabled. To enable core dumping, try "ulimit -c unlimited" before starting Java again
#
# If you would like to submit a bug report, please visit:
#   http://bugreport.java.com/bugreport/crash.jsp
# The crash happened outside the Java Virtual Machine in native code.
# See problematic frame for where to report the bug.
#

---------------  T H R E A D  ---------------

Current thread (0x00007fc992801800):  JavaThread "main" [_thread_in_native, id=4867, stack(0x0000000106ea0000,0x0000000106fa0000)]

siginfo: si_signo: 11 (SIGSEGV), si_code: 1 (SEGV_MAPERR), si_addr: 0x0000000122e2c003

Registers:
RAX=0x0000000122e2c003, RBX=0x0000000122e2c003, RCX=0x00000000ea92d1ce, RDX=0x0000000122e2c003
RSP=0x0000000106f9f620, RBP=0x0000000106f9f620, RSI=0x0000000106f9f660, RDI=0x00007fc9928019f8
R8 =0x0000000754968e70, R9 =0x00000000ea95d2f1, R10=0x000000010928a7c1, R11=0x00000000ea96091e
R12=0x0000000000000000, R13=0x0000000106f9f868, R14=0x0000000106f9f660, R15=0x00007fc992801800
RIP=0x0000000132b19c7c, EFLAGS=0x0000000000010246, ERR=0x0000000000000004
  TRAPNO=0x000000000000000e

Top of Stack: (sp=0x0000000106f9f620)
0x0000000106f9f620:   0000000106f9f670 000000010928a831
0x0000000106f9f630:   0000000106f9f650 000000010813aed8
0x0000000106f9f640:   00000007549506b8 00000000006d2189
0x0000000106f9f650:   000000075493e5a8 0000000754b04860
0x0000000106f9f660:   000000075495d920 0000000109290c24
0x0000000106f9f670:   0000000106f9f8b8 00000001092e7bb4
0x0000000106f9f680:   0000000106f9f680 00007fc992801800
0x0000000106f9f690:   00007fc992801800 0000000106f9f6f8
0x0000000106f9f6a0:   00000007965bd720 00000007549d08d0
0x0000000106f9f6b0:   000000079597efd0 0000000754950690
0x0000000106f9f6c0:   0000000754950718 00000007965bd698
0x0000000106f9f6d0:   00000007549506b8 0000000108f70760
0x0000000106f9f6e0:   0000000106f9f740 0000000108f70c4d
0x0000000106f9f6f0:   0000000108f70c4d 0000000754950690
0x0000000106f9f700:   0000000106f9f700 000000011db98cdc
0x0000000106f9f710:   0000000106f9f798 000000011dbeec28
0x0000000106f9f720:   0000000000000000 000000011db98da0
0x0000000106f9f730:   0000000000000000 0000000106f9f780
0x0000000106f9f740:   0000000106f9f7e0 0000000108f70aa4
0x0000000106f9f750:   0000000000000000 9401000000000008
0x0000000106f9f760:   000000075494b1b0 000000075495df48
0x0000000106f9f770:   0000000000005003 000000079597eff0
0x0000000106f9f780:   0000000000000000 9401000000000008
0x0000000106f9f790:   000000075493e5a8 000000079597eff0
0x0000000106f9f7a0:   0000000106f9f7a0 000000011da3b411
0x0000000106f9f7b0:   0000000106f9f8b8 00000001092bc2a4
0x0000000106f9f7c0:   0000000000000000 000000011da3b480
0x0000000106f9f7d0:   0000000000000000 0000000106f9f800
0x0000000106f9f7e0:   0000000106f9f858 0000000108f709d0
0x0000000106f9f7f0:   0000000000000000 000000079597eff0
0x0000000106f9f800:   0000000000000000 9401000000000008
0x0000000106f9f810:   0000000106f9f8b8 0000000106f9f818 

Instructions: (pc=0x0000000132b19c7c)
0x0000000132b19c5c:   00 00 00 00 55 48 89 e5 48 89 7d f8 48 89 75 f0
0x0000000132b19c6c:   48 89 55 e8 48 8b 55 e8 48 89 55 e0 48 8b 45 e0
0x0000000132b19c7c:   8b 08 81 e1 00 00 00 80 81 f9 00 00 00 00 0f 84
0x0000000132b19c8c:   05 00 00 00 e9 e3 ff ff ff e9 00 00 00 00 48 8b 

Register to memory mapping:

RAX=0x0000000122e2c003 is an unknown value
RBX=0x0000000122e2c003 is an unknown value
RCX=0x00000000ea92d1ce is an unknown value
RDX=0x0000000122e2c003 is an unknown value
RSP=0x0000000106f9f620 is pointing into the stack for thread: 0x00007fc992801800
RBP=0x0000000106f9f620 is pointing into the stack for thread: 0x00007fc992801800
RSI=0x0000000106f9f660 is pointing into the stack for thread: 0x00007fc992801800
RDI=0x00007fc9928019f8 is an unknown value
R8 =0x0000000754968e70 is an oop
java.lang.Thread 
 - klass: 'java/lang/Thread'
R9 =0x00000000ea95d2f1 is an unknown value
R10=0x000000010928a7c1 is at entry_point+65 in (nmethod*)0x000000010928a610
R11=0x00000000ea96091e is an unknown value
R12=0x0000000000000000 is an unknown value
R13=0x0000000106f9f868 is pointing into the stack for thread: 0x00007fc992801800
R14=0x0000000106f9f660 is pointing into the stack for thread: 0x00007fc992801800
R15=0x00007fc992801800 is a thread


Stack: [0x0000000106ea0000,0x0000000106fa0000],  sp=0x0000000106f9f620,  free space=1021k
Native frames: (J=compiled Java code, j=interpreted, Vv=VM code, C=native code)
C  [libJNILock.dylib+0xc7c]  Java_de_uniduesseldorf_dxram_utils_locks_JNILock_readLock+0x1c
J 977  de.uniduesseldorf.dxram.utils.locks.JNILock.readLock(J)V (0 bytes) @ 0x000000010928a831 [0x000000010928a780+0xb1]
J 1097 C1 de.uniduesseldorf.dxram.core.chunk.ChunkHandler.unlock(J)V (148 bytes) @ 0x00000001092e7bb4 [0x00000001092e76e0+0x4d4]
J 1046 C1 de.uniduesseldorf.dxram.core.api.Core.unlock(J)V (42 bytes) @ 0x00000001092bc2a4 [0x00000001092bc0e0+0x1c4]
j  de.uniduesseldorf.dxram.test.MailboxTest$Client.start()V+81
j  de.uniduesseldorf.dxram.test.MailboxTest.main([Ljava/lang/String;)V+103
v  ~StubRoutines::call_stub
V  [libjvm.dylib+0x2e01e2]  JavaCalls::call_helper(JavaValue*, methodHandle*, JavaCallArguments*, Thread*)+0x6ae
V  [libjvm.dylib+0x3168ee]  jni_invoke_static(JNIEnv_*, JavaValue*, _jobject*, JNICallType, _jmethodID*, JNI_ArgumentPusher*, Thread*)+0x1bf
V  [libjvm.dylib+0x30f668]  jni_CallStaticVoidMethod+0x15d
C  [java+0x393e]  JavaMain+0x9b1
C  [libsystem_pthread.dylib+0x3268]  _pthread_body+0x83
C  [libsystem_pthread.dylib+0x31e5]  _pthread_body+0x0
C  [libsystem_pthread.dylib+0x141d]  thread_start+0xd
C  0x0000000000000000

Java frames: (J=compiled Java code, j=interpreted, Vv=VM code)
J 977  de.uniduesseldorf.dxram.utils.locks.JNILock.readLock(J)V (0 bytes) @ 0x000000010928a7c1 [0x000000010928a780+0x41]
J 1097 C1 de.uniduesseldorf.dxram.core.chunk.ChunkHandler.unlock(J)V (148 bytes) @ 0x00000001092e7bb4 [0x00000001092e76e0+0x4d4]
J 1046 C1 de.uniduesseldorf.dxram.core.api.Core.unlock(J)V (42 bytes) @ 0x00000001092bc2a4 [0x00000001092bc0e0+0x1c4]
j  de.uniduesseldorf.dxram.test.MailboxTest$Client.start()V+81
j  de.uniduesseldorf.dxram.test.MailboxTest.main([Ljava/lang/String;)V+103
v  ~StubRoutines::call_stub

---------------  P R O C E S S  ---------------

Java Threads: ( => current thread )
  0x00007fc993058800 JavaThread "ShutdownThread" [_thread_in_vm, id=14859, stack(0x00000001339ad000,0x0000000133aad000)]
  0x00007fc993057800 JavaThread "SIGTERM handler" daemon [_thread_blocked, id=14091, stack(0x00000001200b4000,0x00000001201b4000)]
  0x00007fc992135000 JavaThread "MessageHandler-thread-10" daemon [_thread_blocked, id=14347, stack(0x00000001338aa000,0x00000001339aa000)]
  0x00007fc9928a2800 JavaThread "MessageHandler-thread-9" daemon [_thread_blocked, id=35587, stack(0x00000001337a7000,0x00000001338a7000)]
  0x00007fc9950ac000 JavaThread "MessageHandler-thread-8" daemon [_thread_blocked, id=35075, stack(0x00000001336a4000,0x00000001337a4000)]
  0x00007fc992132800 JavaThread "MessageHandler-thread-7" daemon [_thread_blocked, id=34563, stack(0x00000001335a1000,0x00000001336a1000)]
  0x00007fc9931e9000 JavaThread "MessageHandler-thread-6" daemon [_thread_blocked, id=34051, stack(0x000000013349e000,0x000000013359e000)]
  0x00007fc99293c800 JavaThread "MessageHandler-thread-5" daemon [_thread_blocked, id=33539, stack(0x000000013339b000,0x000000013349b000)]
  0x00007fc99313c800 JavaThread "MessageHandler-thread-4" daemon [_thread_blocked, id=33027, stack(0x0000000132c1f000,0x0000000132d1f000)]
  0x00007fc9922a8000 JavaThread "MessageHandler-thread-3" daemon [_thread_blocked, id=32515, stack(0x0000000132b1c000,0x0000000132c1c000)]
  0x00007fc9922a9000 JavaThread "Default-thread-10" daemon [_thread_blocked, id=32003, stack(0x0000000132a17000,0x0000000132b17000)]
  0x00007fc993120800 JavaThread "Default-thread-9" daemon [_thread_blocked, id=31491, stack(0x0000000132914000,0x0000000132a14000)]
  0x00007fc9922a5800 JavaThread "StatisticsManager" daemon [_thread_blocked, id=30979, stack(0x0000000132811000,0x0000000132911000)]
  0x00007fc9928ba800 JavaThread "Default-thread-8" daemon [_thread_blocked, id=30467, stack(0x000000013270e000,0x000000013280e000)]
  0x00007fc9928c2000 JavaThread "Default-thread-7" daemon [_thread_blocked, id=29955, stack(0x000000013260b000,0x000000013270b000)]
  0x00007fc9928c0000 JavaThread "MessageHandler-thread-2" daemon [_thread_blocked, id=29443, stack(0x0000000132508000,0x0000000132608000)]
  0x00007fc9922a7800 JavaThread "Default-thread-6" daemon [_thread_blocked, id=28931, stack(0x0000000132405000,0x0000000132505000)]
  0x00007fc9922a6800 JavaThread "Default-thread-5" daemon [_thread_blocked, id=28419, stack(0x0000000132302000,0x0000000132402000)]
  0x00007fc992179000 JavaThread "Thread-3" [_thread_blocked, id=27907, stack(0x0000000122d25000,0x0000000122e25000)]
  0x00007fc9928c1000 JavaThread "Thread-2" [_thread_blocked, id=27395, stack(0x0000000122c22000,0x0000000122d22000)]
  0x00007fc99311b000 JavaThread "MessageHandler-thread-1" daemon [_thread_blocked, id=26883, stack(0x0000000122b1f000,0x0000000122c1f000)]
  0x00007fc9928bf800 JavaThread "Default-thread-4" daemon [_thread_blocked, id=26371, stack(0x0000000122a1c000,0x0000000122b1c000)]
  0x00007fc9928be800 JavaThread "Default-thread-3" daemon [_thread_blocked, id=25859, stack(0x0000000122919000,0x0000000122a19000)]
  0x00007fc993123000 JavaThread "Default-thread-2" daemon [_thread_blocked, id=25347, stack(0x0000000122816000,0x0000000122916000)]
  0x00007fc992178000 JavaThread "Default-thread-1" daemon [_thread_blocked, id=24835, stack(0x0000000122713000,0x0000000122813000)]
  0x00007fc992185800 JavaThread "NetworkStatistic" daemon [_thread_blocked, id=24323, stack(0x0000000122610000,0x0000000122710000)]
  0x00007fc992175800 JavaThread "NIO-thread-1" daemon [_thread_blocked, id=24071, stack(0x0000000122373000,0x0000000122473000)]
  0x00007fc9920c4000 JavaThread "main-EventThread" daemon [_thread_blocked, id=22275, stack(0x0000000122270000,0x0000000122370000)]
  0x00007fc992157000 JavaThread "main-SendThread(localhost:2181)" daemon [_thread_in_native, id=21763, stack(0x000000012216d000,0x000000012226d000)]
  0x00007fc993026000 JavaThread "Service Thread" daemon [_thread_blocked, id=20739, stack(0x0000000121e9f000,0x0000000121f9f000)]
  0x00007fc993028000 JavaThread "C1 CompilerThread3" daemon [_thread_blocked, id=20227, stack(0x0000000121d9c000,0x0000000121e9c000)]
  0x00007fc99281d800 JavaThread "C2 CompilerThread2" daemon [_thread_blocked, id=19715, stack(0x0000000121c99000,0x0000000121d99000)]
  0x00007fc99206e000 JavaThread "C2 CompilerThread1" daemon [_thread_blocked, id=19203, stack(0x0000000121b96000,0x0000000121c96000)]
  0x00007fc99206c000 JavaThread "C2 CompilerThread0" daemon [_thread_blocked, id=18691, stack(0x0000000121a93000,0x0000000121b93000)]
  0x00007fc992078000 JavaThread "Signal Dispatcher" daemon [_thread_blocked, id=15379, stack(0x0000000121990000,0x0000000121a90000)]
  0x00007fc993020000 JavaThread "Finalizer" daemon [_thread_blocked, id=13571, stack(0x000000011ff6b000,0x000000012006b000)]
  0x00007fc99280f000 JavaThread "Reference Handler" daemon [_thread_blocked, id=13059, stack(0x000000011fe68000,0x000000011ff68000)]
=>0x00007fc992801800 JavaThread "main" [_thread_in_native, id=4867, stack(0x0000000106ea0000,0x0000000106fa0000)]

Other Threads:
  0x00007fc99301f800 VMThread [stack: 0x000000011fd65000,0x000000011fe65000] [id=12547]
  0x00007fc992801000 WatcherThread [stack: 0x0000000121fa2000,0x00000001220a2000] [id=21251]

VM state:not at safepoint (normal execution)

VM Mutex/Monitor currently owned by a thread: None

Heap:
 PSYoungGen      total 38400K, used 17987K [0x0000000795580000, 0x0000000798000000, 0x00000007c0000000)
  eden space 33280K, 54% used [0x0000000795580000,0x0000000796710db8,0x0000000797600000)
  from space 5120K, 0% used [0x0000000797600000,0x0000000797600000,0x0000000797b00000)
  to   space 5120K, 0% used [0x0000000797b00000,0x0000000797b00000,0x0000000798000000)
 ParOldGen       total 412672K, used 340267K [0x0000000740000000, 0x0000000759300000, 0x0000000795580000)
  object space 412672K, 82% used [0x0000000740000000,0x0000000754c4ad68,0x0000000759300000)
 Metaspace       used 8066K, capacity 8234K, committed 8448K, reserved 1056768K
  class space    used 867K, capacity 953K, committed 1024K, reserved 1048576K

Card table byte_map: [0x0000000118329000,0x000000011872a000] byte_map_base: 0x0000000114929000

Marking Bits: (ParMarkBitMap*) 0x00000001088c27a0
 Begin Bits: [0x00000001191ed000, 0x000000011b1ed000)
 End Bits:   [0x000000011b1ed000, 0x000000011d1ed000)

Polling page: 0x0000000106fe5000

CodeCache: size=245760Kb used=3596Kb max_used=3602Kb free=242164Kb
 bounds [0x0000000108f69000, 0x00000001092f9000, 0x0000000117f69000]
 total_blobs=1449 nmethods=1106 adapters=257
 compilation: enabled

Compilation events (10 events):
Event: 45.633 Thread 0x00007fc99281d800 1102 % !   4       java.util.concurrent.ThreadPoolExecutor::runWorker @ 21 (225 bytes)
Event: 45.641 Thread 0x00007fc99281d800 nmethod 1102% 0x00000001092ed6d0 code [0x00000001092ed8a0, 0x00000001092ede20]
Event: 46.442 Thread 0x00007fc993028000 1103       3       java.util.AbstractSet::<init> (5 bytes)
Event: 46.442 Thread 0x00007fc993028000 nmethod 1103 0x00000001092ed250 code [0x00000001092ed3c0, 0x00000001092ed5d0]
Event: 47.329 Thread 0x00007fc993028000 1104       3       de.uniduesseldorf.dxram.core.net.AbstractConnection$ByteStreamInterpreter::readPayloadSize (122 bytes)
Event: 47.330 Thread 0x00007fc993028000 nmethod 1104 0x00000001092ec1d0 code [0x00000001092ec3c0, 0x00000001092ece98]
Event: 47.373 Thread 0x00007fc99206e000 1105       4       de.uniduesseldorf.dxram.core.chunk.storage.CIDTable::readEntry (56 bytes)
Event: 47.374 Thread 0x00007fc99206e000 nmethod 1105 0x00000001092eaa50 code [0x00000001092eaba0, 0x00000001092eac58]
Event: 47.376 Thread 0x00007fc993028000 1106 %     3       de.uniduesseldorf.dxram.core.chunk.storage.CIDTable::disengage @ 19 (62 bytes)
Event: 47.380 Thread 0x00007fc993028000 nmethod 1106% 0x00000001092eae50 code [0x00000001092eb080, 0x00000001092ebad8]

GC Heap History (4 events):
Event: 11.956 GC heap before
{Heap before GC invocations=1 (full 0):
 PSYoungGen      total 38400K, used 33280K [0x0000000795580000, 0x0000000798000000, 0x00000007c0000000)
  eden space 33280K, 100% used [0x0000000795580000,0x0000000797600000,0x0000000797600000)
  from space 5120K, 0% used [0x0000000797b00000,0x0000000797b00000,0x0000000798000000)
  to   space 5120K, 0% used [0x0000000797600000,0x0000000797600000,0x0000000797b00000)
 ParOldGen       total 350208K, used 337144K [0x0000000740000000, 0x0000000755600000, 0x0000000795580000)
  object space 350208K, 96% used [0x0000000740000000,0x000000075493e020,0x0000000755600000)
 Metaspace       used 7879K, capacity 8004K, committed 8192K, reserved 1056768K
  class space    used 862K, capacity 920K, committed 1024K, reserved 1048576K
Event: 11.961 GC heap after
Heap after GC invocations=1 (full 0):
 PSYoungGen      total 38400K, used 3309K [0x0000000795580000, 0x0000000798000000, 0x00000007c0000000)
  eden space 33280K, 0% used [0x0000000795580000,0x0000000795580000,0x0000000797600000)
  from space 5120K, 64% used [0x0000000797600000,0x000000079793b7a8,0x0000000797b00000)
  to   space 5120K, 0% used [0x0000000797b00000,0x0000000797b00000,0x0000000798000000)
 ParOldGen       total 350208K, used 337160K [0x0000000740000000, 0x0000000755600000, 0x0000000795580000)
  object space 350208K, 96% used [0x0000000740000000,0x0000000754942020,0x0000000755600000)
 Metaspace       used 7879K, capacity 8004K, committed 8192K, reserved 1056768K
  class space    used 862K, capacity 920K, committed 1024K, reserved 1048576K
}
Event: 11.962 GC heap before
{Heap before GC invocations=2 (full 1):
 PSYoungGen      total 38400K, used 3309K [0x0000000795580000, 0x0000000798000000, 0x00000007c0000000)
  eden space 33280K, 0% used [0x0000000795580000,0x0000000795580000,0x0000000797600000)
  from space 5120K, 64% used [0x0000000797600000,0x000000079793b7a8,0x0000000797b00000)
  to   space 5120K, 0% used [0x0000000797b00000,0x0000000797b00000,0x0000000798000000)
 ParOldGen       total 350208K, used 337160K [0x0000000740000000, 0x0000000755600000, 0x0000000795580000)
  object space 350208K, 96% used [0x0000000740000000,0x0000000754942020,0x0000000755600000)
 Metaspace       used 7879K, capacity 8004K, committed 8192K, reserved 1056768K
  class space    used 862K, capacity 920K, committed 1024K, reserved 1048576K
Event: 11.981 GC heap after
Heap after GC invocations=2 (full 1):
 PSYoungGen      total 38400K, used 0K [0x0000000795580000, 0x0000000798000000, 0x00000007c0000000)
  eden space 33280K, 0% used [0x0000000795580000,0x0000000795580000,0x0000000797600000)
  from space 5120K, 0% used [0x0000000797600000,0x0000000797600000,0x0000000797b00000)
  to   space 5120K, 0% used [0x0000000797b00000,0x0000000797b00000,0x0000000798000000)
 ParOldGen       total 412672K, used 340267K [0x0000000740000000, 0x0000000759300000, 0x0000000795580000)
  object space 412672K, 82% used [0x0000000740000000,0x0000000754c4ad68,0x0000000759300000)
 Metaspace       used 7879K, capacity 8004K, committed 8192K, reserved 1056768K
  class space    used 862K, capacity 920K, committed 1024K, reserved 1048576K
}

Deoptimization events (6 events):
Event: 3.055 Thread 0x00007fc992801800 Uncommon trap: reason=bimorphic action=maybe_recompile pc=0x00000001091e0ae8 method=java.util.concurrent.locks.AbstractQueuedSynchronizer.release(I)Z @ 2
Event: 3.058 Thread 0x00007fc9922a5800 Uncommon trap: reason=unstable_if action=reinterpret pc=0x00000001091e4120 method=java.util.concurrent.locks.AbstractQueuedSynchronizer.release(I)Z @ 14
Event: 3.058 Thread 0x00007fc992801800 Uncommon trap: reason=unstable_if action=reinterpret pc=0x00000001091e0a98 method=java.util.concurrent.locks.AbstractQueuedSynchronizer.release(I)Z @ 14
Event: 3.088 Thread 0x00007fc992179000 Uncommon trap: reason=unstable_if action=reinterpret pc=0x00000001091e1420 method=de.uniduesseldorf.dxram.core.log.LogHandler$SecondaryLogsReorgThread.chooseLog()Lde/uniduesseldorf/dxram/core/log/storage/SecondaryLogWithSegments; @ 113
Event: 4.794 Thread 0x00007fc992157000 Uncommon trap: reason=unstable_if action=reinterpret pc=0x00000001091df198 method=java.util.HashMap$HashIterator.<init>(Ljava/util/HashMap;)V @ 45
Event: 8.588 Thread 0x00007fc9922a6800 Uncommon trap: reason=unstable_if action=reinterpret pc=0x0000000109211810 method=java.util.HashMap.removeNode(ILjava/lang/Object;Ljava/lang/Object;ZZ)Ljava/util/HashMap$Node; @ 58

Internal exceptions (10 events):
Event: 0.129 Thread 0x00007fc992801800 Exception <a 'java/security/PrivilegedActionException'> (0x00000007957b2fc0) thrown at [/Users/java_re/workspace/8-2-build-macosx-x86_64/jdk8u51/3951/hotspot/src/share/vm/prims/jvm.cpp, line 1382]
Event: 1.166 Thread 0x00007fc992801800 Exception <a 'java/security/PrivilegedActionException'> (0x000000079586e1a0) thrown at [/Users/java_re/workspace/8-2-build-macosx-x86_64/jdk8u51/3951/hotspot/src/share/vm/prims/jvm.cpp, line 1382]
Event: 1.166 Thread 0x00007fc992801800 Exception <a 'java/security/PrivilegedActionException'> (0x000000079586e358) thrown at [/Users/java_re/workspace/8-2-build-macosx-x86_64/jdk8u51/3951/hotspot/src/share/vm/prims/jvm.cpp, line 1382]
Event: 1.167 Thread 0x00007fc992801800 Exception <a 'java/security/PrivilegedActionException'> (0x0000000795871548) thrown at [/Users/java_re/workspace/8-2-build-macosx-x86_64/jdk8u51/3951/hotspot/src/share/vm/prims/jvm.cpp, line 1382]
Event: 1.167 Thread 0x00007fc992801800 Exception <a 'java/security/PrivilegedActionException'> (0x0000000795871700) thrown at [/Users/java_re/workspace/8-2-build-macosx-x86_64/jdk8u51/3951/hotspot/src/share/vm/prims/jvm.cpp, line 1382]
Event: 1.318 Thread 0x00007fc992157000 Exception <a 'java/lang/NoSuchFieldError': method resolution failed> (0x0000000795d31130) thrown at [/Users/java_re/workspace/8-2-build-macosx-x86_64/jdk8u51/3951/hotspot/src/share/vm/prims/methodHandles.cpp, line 1125]
Event: 1.320 Thread 0x00007fc992157000 Exception <a 'java/lang/NoSuchFieldError': method resolution failed> (0x0000000795d3f900) thrown at [/Users/java_re/workspace/8-2-build-macosx-x86_64/jdk8u51/3951/hotspot/src/share/vm/prims/methodHandles.cpp, line 1125]
Event: 47.374 Thread 0x00007fc992801800 Exception <a 'java/io/IOException'> (0x00000007965bcf88) thrown at [/Users/java_re/workspace/8-2-build-macosx-x86_64/jdk8u51/3951/hotspot/src/share/vm/prims/jni.cpp, line 709]
Event: 47.374 Thread 0x00007fc992801800 Exception <a 'java/io/IOException'> (0x00000007965bd248) thrown at [/Users/java_re/workspace/8-2-build-macosx-x86_64/jdk8u51/3951/hotspot/src/share/vm/prims/jni.cpp, line 709]
Event: 47.374 Thread 0x00007fc992801800 Exception <a 'java/io/IOException'> (0x00000007965bd458) thrown at [/Users/java_re/workspace/8-2-build-macosx-x86_64/jdk8u51/3951/hotspot/src/share/vm/prims/jni.cpp, line 709]

Events (10 events):
Event: 47.372 Thread 0x00007fc993057800 Thread added: 0x00007fc993057800
Event: 47.372 loading class java/util/IdentityHashMap$KeySet
Event: 47.372 loading class java/util/IdentityHashMap$KeySet done
Event: 47.372 loading class java/util/IdentityHashMap$KeyIterator
Event: 47.372 loading class java/util/IdentityHashMap$IdentityHashMapIterator
Event: 47.373 loading class java/util/IdentityHashMap$IdentityHashMapIterator done
Event: 47.373 loading class java/util/IdentityHashMap$KeyIterator done
Event: 47.373 Thread 0x00007fc993058800 Thread added: 0x00007fc993058800
Event: 47.374 loading class java/io/InterruptedIOException
Event: 47.374 loading class java/io/InterruptedIOException done


Dynamic libraries:
0x0000000008efa000 	/System/Library/Frameworks/Cocoa.framework/Versions/A/Cocoa
0x0000000008efa000 	/System/Library/Frameworks/Security.framework/Versions/A/Security
0x0000000008efa000 	/System/Library/Frameworks/ApplicationServices.framework/Versions/A/ApplicationServices
0x0000000008efa000 	/usr/lib/libz.1.dylib
0x0000000008efa000 	/usr/lib/libSystem.B.dylib
0x0000000008efa000 	/usr/lib/libobjc.A.dylib
0x0000000008efa000 	/System/Library/Frameworks/CoreFoundation.framework/Versions/A/CoreFoundation
0x0000000008efa000 	/System/Library/Frameworks/Foundation.framework/Versions/C/Foundation
0x0000000008efa000 	/System/Library/Frameworks/AppKit.framework/Versions/C/AppKit
0x0000000008efa000 	/System/Library/Frameworks/CoreData.framework/Versions/A/CoreData
0x0000000008efa000 	/System/Library/PrivateFrameworks/RemoteViewServices.framework/Versions/A/RemoteViewServices
0x0000000008efa000 	/System/Library/PrivateFrameworks/UIFoundation.framework/Versions/A/UIFoundation
0x0000000008efa000 	/System/Library/Frameworks/IOSurface.framework/Versions/A/IOSurface
0x0000000008efa000 	/System/Library/Frameworks/AudioToolbox.framework/Versions/A/AudioToolbox
0x0000000008efa000 	/System/Library/Frameworks/AudioUnit.framework/Versions/A/AudioUnit
0x0000000008efa000 	/System/Library/PrivateFrameworks/DataDetectorsCore.framework/Versions/A/DataDetectorsCore
0x0000000008efa000 	/System/Library/PrivateFrameworks/DesktopServicesPriv.framework/Versions/A/DesktopServicesPriv
0x0000000008efa000 	/System/Library/Frameworks/Carbon.framework/Versions/A/Frameworks/HIToolbox.framework/Versions/A/HIToolbox
0x0000000008efa000 	/System/Library/Frameworks/QuartzCore.framework/Versions/A/QuartzCore
0x0000000008efa000 	/System/Library/Frameworks/Carbon.framework/Versions/A/Frameworks/SpeechRecognition.framework/Versions/A/SpeechRecognition
0x0000000008efa000 	/usr/lib/libauto.dylib
0x0000000008efa000 	/usr/lib/libicucore.A.dylib
0x0000000008efa000 	/usr/lib/libxml2.2.dylib
0x0000000008efa000 	/System/Library/PrivateFrameworks/CoreUI.framework/Versions/A/CoreUI
0x0000000008efa000 	/System/Library/Frameworks/CoreAudio.framework/Versions/A/CoreAudio
0x0000000008efa000 	/System/Library/Frameworks/DiskArbitration.framework/Versions/A/DiskArbitration
0x0000000008efa000 	/usr/lib/liblangid.dylib
0x0000000008efa000 	/System/Library/PrivateFrameworks/MultitouchSupport.framework/Versions/A/MultitouchSupport
0x0000000008efa000 	/System/Library/Frameworks/IOKit.framework/Versions/A/IOKit
0x0000000008efa000 	/usr/lib/libDiagnosticMessagesClient.dylib
0x0000000008efa000 	/System/Library/Frameworks/CoreServices.framework/Versions/A/CoreServices
0x0000000008efa000 	/System/Library/PrivateFrameworks/PerformanceAnalysis.framework/Versions/A/PerformanceAnalysis
0x0000000008efa000 	/System/Library/PrivateFrameworks/GenerationalStorage.framework/Versions/A/GenerationalStorage
0x0000000008efa000 	/System/Library/Frameworks/OpenGL.framework/Versions/A/OpenGL
0x0000000008efa000 	/System/Library/PrivateFrameworks/Sharing.framework/Versions/A/Sharing
0x0000000008efa000 	/System/Library/Frameworks/CoreGraphics.framework/Versions/A/CoreGraphics
0x0000000008efa000 	/System/Library/Frameworks/CoreText.framework/Versions/A/CoreText
0x0000000008efa000 	/System/Library/Frameworks/ImageIO.framework/Versions/A/ImageIO
0x0000000008efa000 	/usr/lib/libextension.dylib
0x0000000008efa000 	/System/Library/PrivateFrameworks/Backup.framework/Versions/A/Backup
0x0000000008efa000 	/usr/lib/libarchive.2.dylib
0x0000000008efa000 	/System/Library/Frameworks/CFNetwork.framework/Versions/A/CFNetwork
0x0000000008efa000 	/System/Library/Frameworks/SystemConfiguration.framework/Versions/A/SystemConfiguration
0x0000000008efa000 	/usr/lib/libCRFSuite.dylib
0x0000000008efa000 	/usr/lib/libc++.1.dylib
0x0000000008efa000 	/usr/lib/libc++abi.dylib
0x0000000008efa000 	/usr/lib/system/libcache.dylib
0x0000000008efa000 	/usr/lib/system/libcommonCrypto.dylib
0x0000000008efa000 	/usr/lib/system/libcompiler_rt.dylib
0x0000000008efa000 	/usr/lib/system/libcopyfile.dylib
0x0000000008efa000 	/usr/lib/system/libcorecrypto.dylib
0x0000000008efa000 	/usr/lib/system/libdispatch.dylib
0x0000000008efa000 	/usr/lib/system/libdyld.dylib
0x0000000008efa000 	/usr/lib/system/libkeymgr.dylib
0x0000000008efa000 	/usr/lib/system/liblaunch.dylib
0x0000000008efa000 	/usr/lib/system/libmacho.dylib
0x0000000008efa000 	/usr/lib/system/libquarantine.dylib
0x0000000008efa000 	/usr/lib/system/libremovefile.dylib
0x0000000008efa000 	/usr/lib/system/libsystem_asl.dylib
0x0000000008efa000 	/usr/lib/system/libsystem_blocks.dylib
0x0000000008efa000 	/usr/lib/system/libsystem_c.dylib
0x0000000008efa000 	/usr/lib/system/libsystem_configuration.dylib
0x0000000008efa000 	/usr/lib/system/libsystem_coreservices.dylib
0x0000000008efa000 	/usr/lib/system/libsystem_coretls.dylib
0x0000000008efa000 	/usr/lib/system/libsystem_dnssd.dylib
0x0000000008efa000 	/usr/lib/system/libsystem_info.dylib
0x0000000008efa000 	/usr/lib/system/libsystem_kernel.dylib
0x0000000008efa000 	/usr/lib/system/libsystem_m.dylib
0x0000000008efa000 	/usr/lib/system/libsystem_malloc.dylib
0x0000000008efa000 	/usr/lib/system/libsystem_network.dylib
0x0000000008efa000 	/usr/lib/system/libsystem_networkextension.dylib
0x0000000008efa000 	/usr/lib/system/libsystem_notify.dylib
0x0000000008efa000 	/usr/lib/system/libsystem_platform.dylib
0x0000000008efa000 	/usr/lib/system/libsystem_pthread.dylib
0x0000000008efa000 	/usr/lib/system/libsystem_sandbox.dylib
0x0000000008efa000 	/usr/lib/system/libsystem_secinit.dylib
0x0000000008efa000 	/usr/lib/system/libsystem_stats.dylib
0x0000000008efa000 	/usr/lib/system/libsystem_trace.dylib
0x0000000008efa000 	/usr/lib/system/libunc.dylib
0x0000000008efa000 	/usr/lib/system/libunwind.dylib
0x0000000008efa000 	/usr/lib/system/libxpc.dylib
0x0000000008efa000 	/usr/lib/libbz2.1.0.dylib
0x0000000008efa000 	/usr/lib/liblzma.5.dylib
0x0000000008efa000 	/usr/lib/libbsm.0.dylib
0x0000000008efa000 	/usr/lib/libsqlite3.dylib
0x0000000008efa000 	/usr/lib/system/libkxld.dylib
0x0000000008efa000 	/usr/lib/libxar.1.dylib
0x0000000008efa000 	/usr/lib/libpam.2.dylib
0x0000000008efa000 	/usr/lib/libOpenScriptingUtil.dylib
0x0000000008efa000 	/System/Library/Frameworks/CoreServices.framework/Versions/A/Frameworks/FSEvents.framework/Versions/A/FSEvents
0x0000000008efa000 	/System/Library/Frameworks/CoreServices.framework/Versions/A/Frameworks/CarbonCore.framework/Versions/A/CarbonCore
0x0000000008efa000 	/System/Library/Frameworks/CoreServices.framework/Versions/A/Frameworks/Metadata.framework/Versions/A/Metadata
0x0000000008efa000 	/System/Library/Frameworks/CoreServices.framework/Versions/A/Frameworks/OSServices.framework/Versions/A/OSServices
0x0000000008efa000 	/System/Library/Frameworks/CoreServices.framework/Versions/A/Frameworks/SearchKit.framework/Versions/A/SearchKit
0x0000000008efa000 	/System/Library/Frameworks/CoreServices.framework/Versions/A/Frameworks/AE.framework/Versions/A/AE
0x0000000008efa000 	/System/Library/Frameworks/CoreServices.framework/Versions/A/Frameworks/LaunchServices.framework/Versions/A/LaunchServices
0x0000000008efa000 	/System/Library/Frameworks/CoreServices.framework/Versions/A/Frameworks/DictionaryServices.framework/Versions/A/DictionaryServices
0x0000000008efa000 	/System/Library/Frameworks/NetFS.framework/Versions/A/NetFS
0x0000000008efa000 	/System/Library/PrivateFrameworks/NetAuth.framework/Versions/A/NetAuth
0x0000000008efa000 	/System/Library/PrivateFrameworks/login.framework/Versions/A/Frameworks/loginsupport.framework/Versions/A/loginsupport
0x0000000008efa000 	/System/Library/PrivateFrameworks/TCC.framework/Versions/A/TCC
0x0000000008efa000 	/usr/lib/libmecabra.dylib
0x0000000008efa000 	/System/Library/Frameworks/ApplicationServices.framework/Versions/A/Frameworks/ATS.framework/Versions/A/ATS
0x0000000008efa000 	/System/Library/Frameworks/ApplicationServices.framework/Versions/A/Frameworks/ColorSync.framework/Versions/A/ColorSync
0x0000000008efa000 	/System/Library/Frameworks/ApplicationServices.framework/Versions/A/Frameworks/HIServices.framework/Versions/A/HIServices
0x0000000008efa000 	/System/Library/Frameworks/ApplicationServices.framework/Versions/A/Frameworks/LangAnalysis.framework/Versions/A/LangAnalysis
0x0000000008efa000 	/System/Library/Frameworks/ApplicationServices.framework/Versions/A/Frameworks/PrintCore.framework/Versions/A/PrintCore
0x0000000008efa000 	/System/Library/Frameworks/ApplicationServices.framework/Versions/A/Frameworks/QD.framework/Versions/A/QD
0x0000000008efa000 	/System/Library/Frameworks/ApplicationServices.framework/Versions/A/Frameworks/SpeechSynthesis.framework/Versions/A/SpeechSynthesis
0x0000000008efa000 	/System/Library/Frameworks/Accelerate.framework/Versions/A/Accelerate
0x0000000008efa000 	/System/Library/Frameworks/Accelerate.framework/Versions/A/Frameworks/vImage.framework/Versions/A/vImage
0x0000000008efa000 	/System/Library/Frameworks/Accelerate.framework/Versions/A/Frameworks/vecLib.framework/Versions/A/vecLib
0x0000000008efa000 	/System/Library/Frameworks/Accelerate.framework/Versions/A/Frameworks/vecLib.framework/Versions/A/libvDSP.dylib
0x0000000008efa000 	/System/Library/Frameworks/Accelerate.framework/Versions/A/Frameworks/vecLib.framework/Versions/A/libvMisc.dylib
0x0000000008efa000 	/System/Library/Frameworks/Accelerate.framework/Versions/A/Frameworks/vecLib.framework/Versions/A/libLAPACK.dylib
0x0000000008efa000 	/System/Library/Frameworks/Accelerate.framework/Versions/A/Frameworks/vecLib.framework/Versions/A/libBLAS.dylib
0x0000000008efa000 	/System/Library/Frameworks/Accelerate.framework/Versions/A/Frameworks/vecLib.framework/Versions/A/libLinearAlgebra.dylib
0x0000000008efa000 	/System/Library/Frameworks/ApplicationServices.framework/Versions/A/Frameworks/ATS.framework/Versions/A/Resources/libFontParser.dylib
0x0000000008efa000 	/System/Library/Frameworks/ApplicationServices.framework/Versions/A/Frameworks/ATS.framework/Versions/A/Resources/libFontRegistry.dylib
0x0000000008efa000 	/System/Library/PrivateFrameworks/AppleVPA.framework/Versions/A/AppleVPA
0x0000000008efa000 	/System/Library/PrivateFrameworks/AppleJPEG.framework/Versions/A/AppleJPEG
0x0000000008efa000 	/System/Library/Frameworks/ImageIO.framework/Versions/A/Resources/libJPEG.dylib
0x0000000008efa000 	/System/Library/Frameworks/ImageIO.framework/Versions/A/Resources/libTIFF.dylib
0x0000000008efa000 	/System/Library/Frameworks/ImageIO.framework/Versions/A/Resources/libPng.dylib
0x0000000008efa000 	/System/Library/Frameworks/ImageIO.framework/Versions/A/Resources/libGIF.dylib
0x0000000008efa000 	/System/Library/Frameworks/ImageIO.framework/Versions/A/Resources/libJP2.dylib
0x0000000008efa000 	/System/Library/Frameworks/ImageIO.framework/Versions/A/Resources/libRadiance.dylib
0x0000000008efa000 	/System/Library/Frameworks/CoreVideo.framework/Versions/A/CoreVideo
0x0000000008efa000 	/System/Library/Frameworks/OpenGL.framework/Versions/A/Libraries/libGLU.dylib
0x0000000008efa000 	/System/Library/Frameworks/OpenGL.framework/Versions/A/Libraries/libGFXShared.dylib
0x0000000008efa000 	/System/Library/Frameworks/OpenGL.framework/Versions/A/Libraries/libGL.dylib
0x0000000008efa000 	/System/Library/Frameworks/OpenGL.framework/Versions/A/Libraries/libGLImage.dylib
0x0000000008efa000 	/System/Library/Frameworks/OpenGL.framework/Versions/A/Libraries/libCVMSPluginSupport.dylib
0x0000000008efa000 	/System/Library/Frameworks/OpenGL.framework/Versions/A/Libraries/libCoreVMClient.dylib
0x0000000008efa000 	/usr/lib/libcups.2.dylib
0x0000000008efa000 	/System/Library/Frameworks/Kerberos.framework/Versions/A/Kerberos
0x0000000008efa000 	/System/Library/Frameworks/GSS.framework/Versions/A/GSS
0x0000000008efa000 	/usr/lib/libresolv.9.dylib
0x0000000008efa000 	/usr/lib/libiconv.2.dylib
0x0000000008efa000 	/System/Library/PrivateFrameworks/Heimdal.framework/Versions/A/Heimdal
0x0000000008efa000 	/usr/lib/libheimdal-asn1.dylib
0x0000000008efa000 	/System/Library/Frameworks/OpenDirectory.framework/Versions/A/OpenDirectory
0x0000000008efa000 	/System/Library/PrivateFrameworks/CommonAuth.framework/Versions/A/CommonAuth
0x0000000008efa000 	/System/Library/Frameworks/OpenDirectory.framework/Versions/A/Frameworks/CFOpenDirectory.framework/Versions/A/CFOpenDirectory
0x0000000008efa000 	/System/Library/Frameworks/SecurityFoundation.framework/Versions/A/SecurityFoundation
0x0000000008efa000 	/System/Library/PrivateFrameworks/LanguageModeling.framework/Versions/A/LanguageModeling
0x0000000008efa000 	/usr/lib/libcmph.dylib
0x0000000008efa000 	/System/Library/Frameworks/ServiceManagement.framework/Versions/A/ServiceManagement
0x0000000008efa000 	/usr/lib/libxslt.1.dylib
0x0000000008efa000 	/System/Library/Frameworks/Carbon.framework/Versions/A/Frameworks/Ink.framework/Versions/A/Ink
0x0000000008efa000 	/System/Library/Frameworks/QuartzCore.framework/Versions/A/Frameworks/CoreImage.framework/Versions/A/CoreImage
0x0000000008efa000 	/System/Library/PrivateFrameworks/CrashReporterSupport.framework/Versions/A/CrashReporterSupport
0x0000000008efa000 	/System/Library/Frameworks/OpenCL.framework/Versions/A/OpenCL
0x0000000008efa000 	/System/Library/PrivateFrameworks/FaceCore.framework/Versions/A/FaceCore
0x0000000008efa000 	/System/Library/PrivateFrameworks/Ubiquity.framework/Versions/A/Ubiquity
0x0000000008efa000 	/System/Library/PrivateFrameworks/IconServices.framework/Versions/A/IconServices
0x0000000008efa000 	/System/Library/PrivateFrameworks/ChunkingLibrary.framework/Versions/A/ChunkingLibrary
0x0000000008efa000 	/System/Library/PrivateFrameworks/Apple80211.framework/Versions/A/Apple80211
0x0000000008efa000 	/System/Library/Frameworks/CoreWLAN.framework/Versions/A/CoreWLAN
0x0000000008efa000 	/System/Library/Frameworks/IOBluetooth.framework/Versions/A/IOBluetooth
0x0000000008efa000 	/System/Library/PrivateFrameworks/CoreWiFi.framework/Versions/A/CoreWiFi
0x0000000008efa000 	/System/Library/Frameworks/CoreBluetooth.framework/Versions/A/CoreBluetooth
0x0000000008efa000 	/System/Library/PrivateFrameworks/DebugSymbols.framework/Versions/A/DebugSymbols
0x0000000008efa000 	/System/Library/PrivateFrameworks/CoreSymbolication.framework/Versions/A/CoreSymbolication
0x0000000008efa000 	/System/Library/PrivateFrameworks/Symbolication.framework/Versions/A/Symbolication
0x0000000008efa000 	/System/Library/PrivateFrameworks/SpeechRecognitionCore.framework/Versions/A/SpeechRecognitionCore
0x0000000108000000 	/Library/Java/JavaVirtualMachines/jdk1.8.0_51.jdk/Contents/Home/jre/lib/server/libjvm.dylib
0x0000000008efa000 	/usr/lib/libstdc++.6.dylib
0x0000000106fa2000 	/Library/Java/JavaVirtualMachines/jdk1.8.0_51.jdk/Contents/Home/jre/lib/libverify.dylib
0x0000000106fb0000 	/Library/Java/JavaVirtualMachines/jdk1.8.0_51.jdk/Contents/Home/jre/lib/libjava.dylib
0x0000000106fef000 	/Library/Java/JavaVirtualMachines/jdk1.8.0_51.jdk/Contents/Home/jre/lib/libzip.dylib
0x000000012006d000 	/System/Library/Frameworks/JavaVM.framework/Frameworks/JavaRuntimeSupport.framework/JavaRuntimeSupport
0x0000000120085000 	/System/Library/Frameworks/JavaVM.framework/Versions/A/Frameworks/JavaNativeFoundation.framework/Versions/A/JavaNativeFoundation
0x000000012009a000 	/System/Library/Frameworks/JavaVM.framework/Versions/A/JavaVM
0x0000000008efa000 	/System/Library/Frameworks/Carbon.framework/Versions/A/Carbon
0x00000001200a7000 	/System/Library/PrivateFrameworks/JavaLaunching.framework/Versions/A/JavaLaunching
0x0000000008efa000 	/System/Library/Frameworks/Carbon.framework/Versions/A/Frameworks/CommonPanels.framework/Versions/A/CommonPanels
0x0000000008efa000 	/System/Library/Frameworks/Carbon.framework/Versions/A/Frameworks/Help.framework/Versions/A/Help
0x0000000008efa000 	/System/Library/Frameworks/Carbon.framework/Versions/A/Frameworks/ImageCapture.framework/Versions/A/ImageCapture
0x0000000008efa000 	/System/Library/Frameworks/Carbon.framework/Versions/A/Frameworks/OpenScripting.framework/Versions/A/OpenScripting
0x0000000008efa000 	/System/Library/Frameworks/Carbon.framework/Versions/A/Frameworks/Print.framework/Versions/A/Print
0x0000000008efa000 	/System/Library/Frameworks/Carbon.framework/Versions/A/Frameworks/SecurityHI.framework/Versions/A/SecurityHI
0x00000001220f9000 	/Library/Java/JavaVirtualMachines/jdk1.8.0_51.jdk/Contents/Home/jre/lib/libnet.dylib
0x000000012215c000 	/Library/Java/JavaVirtualMachines/jdk1.8.0_51.jdk/Contents/Home/jre/lib/libnio.dylib
0x0000000132b19000 	/Users/mschoett1/Code/DXRAM/dxram/jni/libJNILock.dylib

VM Arguments:
jvm_args: -Dnetwok.ip=127.0.0.4 -Dnetwork.port=22224 -Dfile.encoding=UTF-8 
java_command: de.uniduesseldorf.dxram.test.MailboxTest
java_class_path (initial): /Users/mschoett1/Code/DXRAM/dxram/bin:/Users/mschoett1/Code/DXRAM/dxram/lib/log4j-1.2.16.jar:/Users/mschoett1/Code/DXRAM/dxram/lib/SizeOf.jar:/Users/mschoett1/Code/DXRAM/dxram/lib/slf4j-api-1.6.1.jar:/Users/mschoett1/Code/DXRAM/dxram/lib/slf4j-log4j12-1.6.1.jar:/Users/mschoett1/Code/DXRAM/dxram/lib/zookeeper-3.4.3.jar
Launcher Type: SUN_STANDARD

Environment Variables:
PATH=/usr/bin:/bin:/usr/sbin:/sbin
SHELL=/bin/bash
DISPLAY=/private/tmp/com.apple.launchd.ZwBs7KVIho/org.macosforge.xquartz:0

Signal Handlers:
SIGSEGV: [libjvm.dylib+0x58ef35], sa_mask[0]=11111111011111110111111111111111, sa_flags=SA_ONSTACK|SA_RESTART|SA_SIGINFO
SIGBUS: [libjvm.dylib+0x58ef35], sa_mask[0]=11111111011111110111111111111111, sa_flags=SA_RESTART|SA_SIGINFO
SIGFPE: [libjvm.dylib+0x46c028], sa_mask[0]=11111111011111110111111111111111, sa_flags=SA_RESTART|SA_SIGINFO
SIGPIPE: [libjvm.dylib+0x46c028], sa_mask[0]=11111111011111110111111111111111, sa_flags=SA_RESTART|SA_SIGINFO
SIGXFSZ: [libjvm.dylib+0x46c028], sa_mask[0]=11111111011111110111111111111111, sa_flags=SA_RESTART|SA_SIGINFO
SIGILL: [libjvm.dylib+0x46c028], sa_mask[0]=11111111011111110111111111111111, sa_flags=SA_RESTART|SA_SIGINFO
SIGUSR1: SIG_DFL, sa_mask[0]=00000000000000000000000000000000, sa_flags=none
SIGUSR2: [libjvm.dylib+0x46bb46], sa_mask[0]=00100000000000000000000000000000, sa_flags=SA_RESTART|SA_SIGINFO
SIGHUP: [libjvm.dylib+0x46a119], sa_mask[0]=11111111011111110111111111111111, sa_flags=SA_RESTART|SA_SIGINFO
SIGINT: [libjvm.dylib+0x46a119], sa_mask[0]=11111111011111110111111111111111, sa_flags=SA_RESTART|SA_SIGINFO
SIGTERM: [libjvm.dylib+0x46a119], sa_mask[0]=11111111011111110111111111111111, sa_flags=SA_RESTART|SA_SIGINFO
SIGQUIT: [libjvm.dylib+0x46a119], sa_mask[0]=11111111011111110111111111111111, sa_flags=SA_RESTART|SA_SIGINFO


---------------  S Y S T E M  ---------------

OS:Bsduname:Darwin 14.4.0 Darwin Kernel Version 14.4.0: Thu May 28 11:35:04 PDT 2015; root:xnu-2782.30.5~1/RELEASE_X86_64 x86_64
rlimit: STACK 8192k, CORE 0k, NPROC 709, NOFILE 10240, AS infinity
load average:3.01 2.22 2.03

CPU:total 8 (4 cores per cpu, 2 threads per core) family 6 model 42 stepping 7, cmov, cx8, fxsr, mmx, sse, sse2, sse3, ssse3, sse4.1, sse4.2, popcnt, avx, aes, clmul, ht, tsc, tscinvbit

Memory: 4k page, physical 8388608k(297596k free)

/proc/meminfo:


vm_info: Java HotSpot(TM) 64-Bit Server VM (25.51-b03) for bsd-amd64 JRE (1.8.0_51-b16), built on Jun  8 2015 18:01:11 by "java_re" with gcc 4.2.1 (Based on Apple Inc. build 5658) (LLVM build 2336.11.00)

time: Thu Aug 20 12:07:30 2015
elapsed time: 47 seconds (0d 0h 0m 47s)

