#
# A fatal error has been detected by the Java Runtime Environment:
#
#  SIGSEGV (0xb) at pc=0x0000000129ff1c7c, pid=995, tid=28419
#
# JRE version: Java(TM) SE Runtime Environment (8.0_60-b27) (build 1.8.0_60-b27)
# Java VM: Java HotSpot(TM) 64-Bit Server VM (25.60-b23 mixed mode bsd-amd64 compressed oops)
# Problematic frame:
# C  [libJNILock.dylib+0xc7c]  Java_de_uniduesseldorf_dxram_utils_locks_JNILock_readLock+0x1c
#
# Failed to write core dump. Core dumps have been disabled. To enable core dumping, try "ulimit -c unlimited" before starting Java again
#
# If you would like to submit a bug report, please visit:
#   http://bugreport.java.com/bugreport/crash.jsp
# The crash happened outside the Java Virtual Machine in native code.
# See problematic frame for where to report the bug.
#

---------------  T H R E A D  ---------------

Current thread (0x00007ffc6ba3f000):  JavaThread "MessageHandler-thread-2" daemon [_thread_in_native, id=28419, stack(0x0000000129eef000,0x0000000129fef000)]

siginfo: si_signo: 11 (SIGSEGV), si_code: 1 (SEGV_MAPERR), si_addr: 0x0000000000005003

Registers:
RAX=0x0000000000005003, RBX=0x0000000124ded820, RCX=0x000000010f815310, RDX=0x0000000000005003
RSP=0x0000000129fee430, RBP=0x0000000129fee430, RSI=0x0000000129fee4a8, RDI=0x00007ffc6ba3f1f8
R8 =0x0000000000000000, R9 =0x0000000000000004, R10=0x00000001100a1928, R11=0x000000010f4dc4db
R12=0x0000000000000000, R13=0x0000000124ded820, R14=0x0000000129fee4c0, R15=0x00007ffc6ba3f000
RIP=0x0000000129ff1c7c, EFLAGS=0x0000000000010212, ERR=0x0000000000000004
  TRAPNO=0x000000000000000e

Top of Stack: (sp=0x0000000129fee430)
0x0000000129fee430:   0000000129fee498 00000001100a1954
0x0000000129fee440:   0000000129fee498 00000001100a16e7
0x0000000129fee450:   00000001100a16a2 0000000129fee458
0x0000000129fee460:   0000000124ded820 0000000129fee4c0
0x0000000129fee470:   0000000124dedd68 0000000000000000
0x0000000129fee480:   0000000124ded820 0000000000000000
0x0000000129fee490:   0000000129fee4b8 0000000129fee508
0x0000000129fee4a0:   0000000110093c4d 00000007967ab3a8
0x0000000129fee4b0:   000000011009b578 0000000000005003
0x0000000129fee4c0:   00000001100ac6bf 0000000129fee4c8
0x0000000129fee4d0:   0000000124dec102 0000000129fee520
0x0000000129fee4e0:   0000000124decb60 0000000000000000
0x0000000129fee4f0:   0000000124dec120 0000000129fee4b8
0x0000000129fee500:   0000000129fee518 0000000129fee568
0x0000000129fee510:   0000000110093c4d 0000000000000000
0x0000000129fee520:   00000001100ac6bf 0000000129fee528
0x0000000129fee530:   0000000124deb623 0000000129fee590
0x0000000129fee540:   0000000124decb60 0000000000000000
0x0000000129fee550:   0000000124deb660 0000000129fee518
0x0000000129fee560:   0000000129fee588 0000000129fee5d8
0x0000000129fee570:   0000000110093760 0000000000000000
0x0000000129fee580:   0000000000000000 c181000000000001
0x0000000129fee590:   00000007966f2338 0000000129fee598
0x0000000129fee5a0:   0000000124dd8cfe 0000000129fee608
0x0000000129fee5b0:   0000000124dd91f0 0000000000000000
0x0000000129fee5c0:   0000000124dd8d58 0000000129fee588
0x0000000129fee5d0:   0000000129fee608 0000000129fee650
0x0000000129fee5e0:   0000000110093c4d 0000000000000000
0x0000000129fee5f0:   0000000000000000 c181000000000001
0x0000000129fee600:   0000000000000000 00000007966f2338
0x0000000129fee610:   0000000129fee610 0000000124d6ea3d
0x0000000129fee620:   0000000129fee6c8 0000000124d70700 

Instructions: (pc=0x0000000129ff1c7c)
0x0000000129ff1c5c:   00 00 00 00 55 48 89 e5 48 89 7d f8 48 89 75 f0
0x0000000129ff1c6c:   48 89 55 e8 48 8b 55 e8 48 89 55 e0 48 8b 45 e0
0x0000000129ff1c7c:   8b 08 81 e1 00 00 00 80 81 f9 00 00 00 00 0f 84
0x0000000129ff1c8c:   05 00 00 00 e9 e3 ff ff ff e9 00 00 00 00 48 8b 

Register to memory mapping:

RAX=0x0000000000005003 is an unknown value
RBX={method} {0x0000000124ded820} 'readLock' '(J)V' in 'de/uniduesseldorf/dxram/utils/locks/JNILock'
RCX=0x000000010f815310: UseMembar+0 in /Library/Java/JavaVirtualMachines/jdk1.8.0_60.jdk/Contents/Home/jre/lib/server/libjvm.dylib at 0x000000010f000000
RDX=0x0000000000005003 is an unknown value
RSP=0x0000000129fee430 is pointing into the stack for thread: 0x00007ffc6ba3f000
RBP=0x0000000129fee430 is pointing into the stack for thread: 0x00007ffc6ba3f000
RSI=0x0000000129fee4a8 is pointing into the stack for thread: 0x00007ffc6ba3f000
RDI=0x00007ffc6ba3f1f8 is an unknown value
R8 =0x0000000000000000 is an unknown value
R9 =0x0000000000000004 is an unknown value
R10=0x00000001100a1928 is at code_begin+808 in an Interpreter codelet
method entry point (kind = native)  [0x00000001100a1600, 0x00000001100a1f00]  2304 bytes
R11=0x000000010f4dc4db: throw_unsatisfied_link_error+0 in /Library/Java/JavaVirtualMachines/jdk1.8.0_60.jdk/Contents/Home/jre/lib/server/libjvm.dylib at 0x000000010f000000
R12=0x0000000000000000 is an unknown value
R13={method} {0x0000000124ded820} 'readLock' '(J)V' in 'de/uniduesseldorf/dxram/utils/locks/JNILock'
R14=0x0000000129fee4c0 is pointing into the stack for thread: 0x00007ffc6ba3f000
R15=0x00007ffc6ba3f000 is a thread


Stack: [0x0000000129eef000,0x0000000129fef000],  sp=0x0000000129fee430,  free space=1021k
Native frames: (J=compiled Java code, j=interpreted, Vv=VM code, C=native code)
C  [libJNILock.dylib+0xc7c]  Java_de_uniduesseldorf_dxram_utils_locks_JNILock_readLock+0x1c
j  de.uniduesseldorf.dxram.utils.locks.JNILock.readLock(J)V+0
j  de.uniduesseldorf.dxram.core.chunk.storage.CIDTable.readLock(J)V+10
j  de.uniduesseldorf.dxram.core.chunk.storage.CIDTable.get(J)J+3
j  de.uniduesseldorf.dxram.core.chunk.storage.MemoryManager.put(Lde/uniduesseldorf/dxram/core/chunk/Chunk;)V+6
j  de.uniduesseldorf.dxram.core.chunk.ChunkHandler.incomingDataRequest(Lde/uniduesseldorf/dxram/core/chunk/ChunkMessages$DataRequest;)V+45
j  de.uniduesseldorf.dxram.core.chunk.ChunkHandler.onIncomingMessage(Lde/uniduesseldorf/dxram/core/net/AbstractMessage;)V+180
j  de.uniduesseldorf.dxram.core.net.NetworkHandler$Entry.newMessage(Lde/uniduesseldorf/dxram/core/net/AbstractMessage;)V+25
j  de.uniduesseldorf.dxram.core.net.NetworkHandler$MessageHandler.run()V+68
j  java.util.concurrent.ThreadPoolExecutor.runWorker(Ljava/util/concurrent/ThreadPoolExecutor$Worker;)V+95
j  java.util.concurrent.ThreadPoolExecutor$Worker.run()V+5
j  java.lang.Thread.run()V+11
v  ~StubRoutines::call_stub
V  [libjvm.dylib+0x2eab0e]  JavaCalls::call_helper(JavaValue*, methodHandle*, JavaCallArguments*, Thread*)+0x6ae
V  [libjvm.dylib+0x2eb29c]  JavaCalls::call_virtual(JavaValue*, KlassHandle, Symbol*, Symbol*, JavaCallArguments*, Thread*)+0x164
V  [libjvm.dylib+0x2eb448]  JavaCalls::call_virtual(JavaValue*, Handle, KlassHandle, Symbol*, Symbol*, Thread*)+0x4a
V  [libjvm.dylib+0x345965]  thread_entry(JavaThread*, Thread*)+0x7c
V  [libjvm.dylib+0x5612d3]  JavaThread::thread_main_inner()+0x9b
V  [libjvm.dylib+0x5629ce]  JavaThread::run()+0x1c2
V  [libjvm.dylib+0x48343a]  java_start(Thread*)+0xf6
C  [libsystem_pthread.dylib+0x3268]  _pthread_body+0x83
C  [libsystem_pthread.dylib+0x31e5]  _pthread_body+0x0
C  [libsystem_pthread.dylib+0x141d]  thread_start+0xd
C  0x0000000000000000

Java frames: (J=compiled Java code, j=interpreted, Vv=VM code)
j  de.uniduesseldorf.dxram.utils.locks.JNILock.readLock(J)V+0
j  de.uniduesseldorf.dxram.core.chunk.storage.CIDTable.readLock(J)V+10
j  de.uniduesseldorf.dxram.core.chunk.storage.CIDTable.get(J)J+3
j  de.uniduesseldorf.dxram.core.chunk.storage.MemoryManager.put(Lde/uniduesseldorf/dxram/core/chunk/Chunk;)V+6
j  de.uniduesseldorf.dxram.core.chunk.ChunkHandler.incomingDataRequest(Lde/uniduesseldorf/dxram/core/chunk/ChunkMessages$DataRequest;)V+45
j  de.uniduesseldorf.dxram.core.chunk.ChunkHandler.onIncomingMessage(Lde/uniduesseldorf/dxram/core/net/AbstractMessage;)V+180
j  de.uniduesseldorf.dxram.core.net.NetworkHandler$Entry.newMessage(Lde/uniduesseldorf/dxram/core/net/AbstractMessage;)V+25
j  de.uniduesseldorf.dxram.core.net.NetworkHandler$MessageHandler.run()V+68
j  java.util.concurrent.ThreadPoolExecutor.runWorker(Ljava/util/concurrent/ThreadPoolExecutor$Worker;)V+95
j  java.util.concurrent.ThreadPoolExecutor$Worker.run()V+5
j  java.lang.Thread.run()V+11
v  ~StubRoutines::call_stub

---------------  P R O C E S S  ---------------

Java Threads: ( => current thread )
=>0x00007ffc6ba3f000 JavaThread "MessageHandler-thread-2" daemon [_thread_in_native, id=28419, stack(0x0000000129eef000,0x0000000129fef000)]
  0x00007ffc6b1e1800 JavaThread "Default-thread-6" daemon [_thread_blocked, id=27907, stack(0x0000000129dec000,0x0000000129eec000)]
  0x00007ffc6a99b800 JavaThread "Default-thread-5" daemon [_thread_blocked, id=27395, stack(0x0000000129ce9000,0x0000000129de9000)]
  0x00007ffc6b1e1000 JavaThread "MessageHandler-thread-1" daemon [_thread_blocked, id=26883, stack(0x0000000129be6000,0x0000000129ce6000)]
  0x00007ffc6ba7c000 JavaThread "Default-thread-4" daemon [_thread_blocked, id=26371, stack(0x0000000129ae3000,0x0000000129be3000)]
  0x00007ffc6c127000 JavaThread "Default-thread-3" daemon [_thread_blocked, id=25859, stack(0x00000001299e0000,0x0000000129ae0000)]
  0x00007ffc6aab5000 JavaThread "Default-thread-2" daemon [_thread_blocked, id=25347, stack(0x00000001298dd000,0x00000001299dd000)]
  0x00007ffc6b134800 JavaThread "Default-thread-1" daemon [_thread_blocked, id=24835, stack(0x00000001297da000,0x00000001298da000)]
  0x00007ffc6aab4000 JavaThread "NetworkStatistic" daemon [_thread_blocked, id=24323, stack(0x00000001296d7000,0x00000001297d7000)]
  0x00007ffc6c048800 JavaThread "NIO-thread-1" daemon [_thread_blocked, id=23811, stack(0x00000001295d4000,0x00000001296d4000)]
  0x00007ffc6b0a0800 JavaThread "main-EventThread" daemon [_thread_blocked, id=23299, stack(0x0000000129305000,0x0000000129405000)]
  0x00007ffc6b09d800 JavaThread "main-SendThread(localhost:2181)" daemon [_thread_in_native, id=23047, stack(0x0000000129202000,0x0000000129302000)]
  0x00007ffc6c02a000 JavaThread "Service Thread" daemon [_thread_blocked, id=20739, stack(0x0000000128f35000,0x0000000129035000)]
  0x00007ffc6c007000 JavaThread "C1 CompilerThread3" daemon [_thread_blocked, id=20227, stack(0x0000000128e32000,0x0000000128f32000)]
  0x00007ffc6b000000 JavaThread "C2 CompilerThread2" daemon [_thread_blocked, id=19715, stack(0x0000000128d2f000,0x0000000128e2f000)]
  0x00007ffc6c006000 JavaThread "C2 CompilerThread1" daemon [_thread_blocked, id=19203, stack(0x0000000128c2c000,0x0000000128d2c000)]
  0x00007ffc6a870000 JavaThread "C2 CompilerThread0" daemon [_thread_blocked, id=18691, stack(0x0000000128b29000,0x0000000128c29000)]
  0x00007ffc6a888000 JavaThread "Signal Dispatcher" daemon [_thread_blocked, id=15383, stack(0x0000000128a26000,0x0000000128b26000)]
  0x00007ffc6b01f000 JavaThread "Finalizer" daemon [_thread_blocked, id=13571, stack(0x0000000126ffd000,0x00000001270fd000)]
  0x00007ffc6c002000 JavaThread "Reference Handler" daemon [_thread_blocked, id=13059, stack(0x0000000126efa000,0x0000000126ffa000)]
  0x00007ffc6a80f000 JavaThread "main" [_thread_in_vm, id=4867, stack(0x000000010ff8a000,0x000000011008a000)]

Other Threads:
  0x00007ffc6a852800 VMThread [stack: 0x0000000126df7000,0x0000000126ef7000] [id=12547]
  0x00007ffc6a82f000 WatcherThread [stack: 0x0000000129038000,0x0000000129138000] [id=21251]

VM state:not at safepoint (normal execution)

VM Mutex/Monitor currently owned by a thread: None

Heap:
 PSYoungGen      total 38400K, used 19195K [0x0000000795580000, 0x0000000798000000, 0x00000007c0000000)
  eden space 33280K, 57% used [0x0000000795580000,0x000000079683ef60,0x0000000797600000)
  from space 5120K, 0% used [0x0000000797b00000,0x0000000797b00000,0x0000000798000000)
  to   space 5120K, 0% used [0x0000000797600000,0x0000000797600000,0x0000000797b00000)
 ParOldGen       total 350208K, used 262144K [0x0000000740000000, 0x0000000755600000, 0x0000000795580000)
  object space 350208K, 74% used [0x0000000740000000,0x0000000750000010,0x0000000755600000)
 Metaspace       used 7916K, capacity 8064K, committed 8192K, reserved 1056768K
  class space    used 908K, capacity 984K, committed 1024K, reserved 1048576K

Card table byte_map: [0x000000011f44c000,0x000000011f84d000] byte_map_base: 0x000000011ba4c000

Marking Bits: (ParMarkBitMap*) 0x000000010f8dee20
 Begin Bits: [0x0000000120310000, 0x0000000122310000)
 End Bits:   [0x0000000122310000, 0x0000000124310000)

Polling page: 0x000000010df5a000

CodeCache: size=245760Kb used=2445Kb max_used=2457Kb free=243314Kb
 bounds [0x000000011008c000, 0x00000001102fc000, 0x000000011f08c000]
 total_blobs=936 nmethods=594 adapters=256
 compilation: enabled

Compilation events (10 events):
Event: 2.283 Thread 0x00007ffc6c007000  589       1       java.util.concurrent.ThreadPoolExecutor::afterExecute (1 bytes)
Event: 2.283 Thread 0x00007ffc6c007000 nmethod 589 0x00000001102ee510 code [0x00000001102ee660, 0x00000001102ee770]
Event: 2.314 Thread 0x00007ffc6c007000  590       3       java.nio.HeapByteBuffer::put (16 bytes)
Event: 2.314 Thread 0x00007ffc6c007000 nmethod 590 0x00000001102ee7d0 code [0x00000001102ee960, 0x00000001102eed68]
Event: 2.359 Thread 0x00007ffc6c007000  591       1       java.util.concurrent.ThreadPoolExecutor::beforeExecute (1 bytes)
Event: 2.359 Thread 0x00007ffc6c007000 nmethod 591 0x00000001102eef50 code [0x00000001102ef0a0, 0x00000001102ef1b0]
Event: 2.527 Thread 0x00007ffc6c007000  593       3       java.nio.HeapByteBuffer::get (14 bytes)
Event: 2.528 Thread 0x00007ffc6c007000 nmethod 593 0x00000001102ef210 code [0x00000001102ef3a0, 0x00000001102ef7a8]
Event: 2.528 Thread 0x00007ffc6c007000  592       3       java.nio.Buffer::hasRemaining (17 bytes)
Event: 2.528 Thread 0x00007ffc6c007000 nmethod 592 0x00000001102ef950 code [0x00000001102efac0, 0x00000001102efc70]

GC Heap History (0 events):
No events

Deoptimization events (2 events):
Event: 1.308 Thread 0x00007ffc6b09d800 Uncommon trap: reason=unstable_if action=reinterpret pc=0x00000001101f33d4 method=java.lang.String.lastIndexOf([CII[CIII)I @ 66
Event: 1.460 Thread 0x00007ffc6a80f000 Uncommon trap: reason=unstable_if action=reinterpret pc=0x000000011024f21c method=java.lang.String.replace(CC)Ljava/lang/String; @ 26

Internal exceptions (10 events):
Event: 1.175 Thread 0x00007ffc6a80f000 Exception <a 'java/lang/ArrayIndexOutOfBoundsException': 160> (0x00000007958e6d20) thrown at [/Users/java_re/workspace/8-2-build-macosx-x86_64/jdk8u60/4407/hotspot/src/share/vm/interpreter/interpreterRuntime.cpp, line 366]
Event: 1.178 Thread 0x00007ffc6a80f000 Exception <a 'java/lang/ClassNotFoundException': org/apache/log4j/LayoutCustomizer> (0x00000007958eec00) thrown at [/Users/java_re/workspace/8-2-build-macosx-x86_64/jdk8u60/4407/hotspot/src/share/vm/classfile/systemDictionary.cpp, line 210]
Event: 1.180 Thread 0x00007ffc6a80f000 Exception <a 'java/lang/ClassNotFoundException': org/apache/log4j/PatternLayoutCustomizer> (0x0000000795903ba0) thrown at [/Users/java_re/workspace/8-2-build-macosx-x86_64/jdk8u60/4407/hotspot/src/share/vm/classfile/systemDictionary.cpp, line 210]
Event: 1.195 Thread 0x00007ffc6a80f000 Exception <a 'java/security/PrivilegedActionException'> (0x0000000795955c78) thrown at [/Users/java_re/workspace/8-2-build-macosx-x86_64/jdk8u60/4407/hotspot/src/share/vm/prims/jvm.cpp, line 1386]
Event: 1.196 Thread 0x00007ffc6a80f000 Exception <a 'java/security/PrivilegedActionException'> (0x0000000795956070) thrown at [/Users/java_re/workspace/8-2-build-macosx-x86_64/jdk8u60/4407/hotspot/src/share/vm/prims/jvm.cpp, line 1386]
Event: 1.196 Thread 0x00007ffc6a80f000 Exception <a 'java/security/PrivilegedActionException'> (0x00000007959596e0) thrown at [/Users/java_re/workspace/8-2-build-macosx-x86_64/jdk8u60/4407/hotspot/src/share/vm/prims/jvm.cpp, line 1386]
Event: 1.196 Thread 0x00007ffc6a80f000 Exception <a 'java/security/PrivilegedActionException'> (0x0000000795959ad8) thrown at [/Users/java_re/workspace/8-2-build-macosx-x86_64/jdk8u60/4407/hotspot/src/share/vm/prims/jvm.cpp, line 1386]
Event: 1.217 Thread 0x00007ffc6a80f000 Exception <a 'java/net/BindException'> (0x000000079599c700) thrown at [/Users/java_re/workspace/8-2-build-macosx-x86_64/jdk8u60/4407/hotspot/src/share/vm/prims/jni.cpp, line 709]
Event: 1.346 Thread 0x00007ffc6b09d800 Exception <a 'java/lang/NoSuchFieldError': method resolution failed> (0x0000000795d922a8) thrown at [/Users/java_re/workspace/8-2-build-macosx-x86_64/jdk8u60/4407/hotspot/src/share/vm/prims/methodHandles.cpp, line 1146]
Event: 1.347 Thread 0x00007ffc6b09d800 Exception <a 'java/lang/NoSuchFieldError': method resolution failed> (0x0000000795d9f7b0) thrown at [/Users/java_re/workspace/8-2-build-macosx-x86_64/jdk8u60/4407/hotspot/src/share/vm/prims/methodHandles.cpp, line 1146]

Events (10 events):
Event: 2.314 Thread 0x00007ffc6b1e1000 Thread added: 0x00007ffc6b1e1000
Event: 2.527 Thread 0x00007ffc6a99b800 Thread added: 0x00007ffc6a99b800
Event: 2.528 Thread 0x00007ffc6b1e1800 Thread added: 0x00007ffc6b1e1800
Event: 2.528 Thread 0x00007ffc6ba3f000 Thread added: 0x00007ffc6ba3f000
Event: 2.529 loading class de/uniduesseldorf/dxram/core/chunk/storage/MemoryManager
Event: 2.529 loading class de/uniduesseldorf/dxram/core/chunk/storage/MemoryManager done
Event: 2.529 loading class de/uniduesseldorf/dxram/core/chunk/storage/CIDTable
Event: 2.529 loading class de/uniduesseldorf/dxram/core/chunk/storage/CIDTable done
Event: 2.530 loading class de/uniduesseldorf/dxram/utils/locks/JNILock
Event: 2.530 loading class de/uniduesseldorf/dxram/utils/locks/JNILock done


Dynamic libraries:
0x000000000ae5a000 	/System/Library/Frameworks/Cocoa.framework/Versions/A/Cocoa
0x000000000ae5a000 	/System/Library/Frameworks/Security.framework/Versions/A/Security
0x000000000ae5a000 	/System/Library/Frameworks/ApplicationServices.framework/Versions/A/ApplicationServices
0x000000000ae5a000 	/usr/lib/libz.1.dylib
0x000000000ae5a000 	/usr/lib/libSystem.B.dylib
0x000000000ae5a000 	/usr/lib/libobjc.A.dylib
0x000000000ae5a000 	/System/Library/Frameworks/CoreFoundation.framework/Versions/A/CoreFoundation
0x000000000ae5a000 	/System/Library/Frameworks/Foundation.framework/Versions/C/Foundation
0x000000000ae5a000 	/System/Library/Frameworks/AppKit.framework/Versions/C/AppKit
0x000000000ae5a000 	/System/Library/Frameworks/CoreData.framework/Versions/A/CoreData
0x000000000ae5a000 	/System/Library/PrivateFrameworks/RemoteViewServices.framework/Versions/A/RemoteViewServices
0x000000000ae5a000 	/System/Library/PrivateFrameworks/UIFoundation.framework/Versions/A/UIFoundation
0x000000000ae5a000 	/System/Library/Frameworks/IOSurface.framework/Versions/A/IOSurface
0x000000000ae5a000 	/System/Library/Frameworks/AudioToolbox.framework/Versions/A/AudioToolbox
0x000000000ae5a000 	/System/Library/Frameworks/AudioUnit.framework/Versions/A/AudioUnit
0x000000000ae5a000 	/System/Library/PrivateFrameworks/DataDetectorsCore.framework/Versions/A/DataDetectorsCore
0x000000000ae5a000 	/System/Library/PrivateFrameworks/DesktopServicesPriv.framework/Versions/A/DesktopServicesPriv
0x000000000ae5a000 	/System/Library/Frameworks/Carbon.framework/Versions/A/Frameworks/HIToolbox.framework/Versions/A/HIToolbox
0x000000000ae5a000 	/System/Library/Frameworks/QuartzCore.framework/Versions/A/QuartzCore
0x000000000ae5a000 	/System/Library/Frameworks/Carbon.framework/Versions/A/Frameworks/SpeechRecognition.framework/Versions/A/SpeechRecognition
0x000000000ae5a000 	/usr/lib/libauto.dylib
0x000000000ae5a000 	/usr/lib/libicucore.A.dylib
0x000000000ae5a000 	/usr/lib/libxml2.2.dylib
0x000000000ae5a000 	/System/Library/PrivateFrameworks/CoreUI.framework/Versions/A/CoreUI
0x000000000ae5a000 	/System/Library/Frameworks/CoreAudio.framework/Versions/A/CoreAudio
0x000000000ae5a000 	/System/Library/Frameworks/DiskArbitration.framework/Versions/A/DiskArbitration
0x000000000ae5a000 	/usr/lib/liblangid.dylib
0x000000000ae5a000 	/System/Library/PrivateFrameworks/MultitouchSupport.framework/Versions/A/MultitouchSupport
0x000000000ae5a000 	/System/Library/Frameworks/IOKit.framework/Versions/A/IOKit
0x000000000ae5a000 	/usr/lib/libDiagnosticMessagesClient.dylib
0x000000000ae5a000 	/System/Library/Frameworks/CoreServices.framework/Versions/A/CoreServices
0x000000000ae5a000 	/System/Library/PrivateFrameworks/PerformanceAnalysis.framework/Versions/A/PerformanceAnalysis
0x000000000ae5a000 	/System/Library/PrivateFrameworks/GenerationalStorage.framework/Versions/A/GenerationalStorage
0x000000000ae5a000 	/System/Library/Frameworks/OpenGL.framework/Versions/A/OpenGL
0x000000000ae5a000 	/System/Library/PrivateFrameworks/Sharing.framework/Versions/A/Sharing
0x000000000ae5a000 	/System/Library/Frameworks/CoreGraphics.framework/Versions/A/CoreGraphics
0x000000000ae5a000 	/System/Library/Frameworks/CoreText.framework/Versions/A/CoreText
0x000000000ae5a000 	/System/Library/Frameworks/ImageIO.framework/Versions/A/ImageIO
0x000000000ae5a000 	/usr/lib/libextension.dylib
0x000000000ae5a000 	/System/Library/PrivateFrameworks/Backup.framework/Versions/A/Backup
0x000000000ae5a000 	/usr/lib/libarchive.2.dylib
0x000000000ae5a000 	/System/Library/Frameworks/CFNetwork.framework/Versions/A/CFNetwork
0x000000000ae5a000 	/System/Library/Frameworks/SystemConfiguration.framework/Versions/A/SystemConfiguration
0x000000000ae5a000 	/usr/lib/libCRFSuite.dylib
0x000000000ae5a000 	/usr/lib/libc++.1.dylib
0x000000000ae5a000 	/usr/lib/libc++abi.dylib
0x000000000ae5a000 	/usr/lib/system/libcache.dylib
0x000000000ae5a000 	/usr/lib/system/libcommonCrypto.dylib
0x000000000ae5a000 	/usr/lib/system/libcompiler_rt.dylib
0x000000000ae5a000 	/usr/lib/system/libcopyfile.dylib
0x000000000ae5a000 	/usr/lib/system/libcorecrypto.dylib
0x000000000ae5a000 	/usr/lib/system/libdispatch.dylib
0x000000000ae5a000 	/usr/lib/system/libdyld.dylib
0x000000000ae5a000 	/usr/lib/system/libkeymgr.dylib
0x000000000ae5a000 	/usr/lib/system/liblaunch.dylib
0x000000000ae5a000 	/usr/lib/system/libmacho.dylib
0x000000000ae5a000 	/usr/lib/system/libquarantine.dylib
0x000000000ae5a000 	/usr/lib/system/libremovefile.dylib
0x000000000ae5a000 	/usr/lib/system/libsystem_asl.dylib
0x000000000ae5a000 	/usr/lib/system/libsystem_blocks.dylib
0x000000000ae5a000 	/usr/lib/system/libsystem_c.dylib
0x000000000ae5a000 	/usr/lib/system/libsystem_configuration.dylib
0x000000000ae5a000 	/usr/lib/system/libsystem_coreservices.dylib
0x000000000ae5a000 	/usr/lib/system/libsystem_coretls.dylib
0x000000000ae5a000 	/usr/lib/system/libsystem_dnssd.dylib
0x000000000ae5a000 	/usr/lib/system/libsystem_info.dylib
0x000000000ae5a000 	/usr/lib/system/libsystem_kernel.dylib
0x000000000ae5a000 	/usr/lib/system/libsystem_m.dylib
0x000000000ae5a000 	/usr/lib/system/libsystem_malloc.dylib
0x000000000ae5a000 	/usr/lib/system/libsystem_network.dylib
0x000000000ae5a000 	/usr/lib/system/libsystem_networkextension.dylib
0x000000000ae5a000 	/usr/lib/system/libsystem_notify.dylib
0x000000000ae5a000 	/usr/lib/system/libsystem_platform.dylib
0x000000000ae5a000 	/usr/lib/system/libsystem_pthread.dylib
0x000000000ae5a000 	/usr/lib/system/libsystem_sandbox.dylib
0x000000000ae5a000 	/usr/lib/system/libsystem_secinit.dylib
0x000000000ae5a000 	/usr/lib/system/libsystem_stats.dylib
0x000000000ae5a000 	/usr/lib/system/libsystem_trace.dylib
0x000000000ae5a000 	/usr/lib/system/libunc.dylib
0x000000000ae5a000 	/usr/lib/system/libunwind.dylib
0x000000000ae5a000 	/usr/lib/system/libxpc.dylib
0x000000000ae5a000 	/usr/lib/libbz2.1.0.dylib
0x000000000ae5a000 	/usr/lib/liblzma.5.dylib
0x000000000ae5a000 	/usr/lib/libbsm.0.dylib
0x000000000ae5a000 	/usr/lib/libsqlite3.dylib
0x000000000ae5a000 	/usr/lib/system/libkxld.dylib
0x000000000ae5a000 	/usr/lib/libxar.1.dylib
0x000000000ae5a000 	/usr/lib/libpam.2.dylib
0x000000000ae5a000 	/usr/lib/libOpenScriptingUtil.dylib
0x000000000ae5a000 	/System/Library/Frameworks/CoreServices.framework/Versions/A/Frameworks/FSEvents.framework/Versions/A/FSEvents
0x000000000ae5a000 	/System/Library/Frameworks/CoreServices.framework/Versions/A/Frameworks/CarbonCore.framework/Versions/A/CarbonCore
0x000000000ae5a000 	/System/Library/Frameworks/CoreServices.framework/Versions/A/Frameworks/Metadata.framework/Versions/A/Metadata
0x000000000ae5a000 	/System/Library/Frameworks/CoreServices.framework/Versions/A/Frameworks/OSServices.framework/Versions/A/OSServices
0x000000000ae5a000 	/System/Library/Frameworks/CoreServices.framework/Versions/A/Frameworks/SearchKit.framework/Versions/A/SearchKit
0x000000000ae5a000 	/System/Library/Frameworks/CoreServices.framework/Versions/A/Frameworks/AE.framework/Versions/A/AE
0x000000000ae5a000 	/System/Library/Frameworks/CoreServices.framework/Versions/A/Frameworks/LaunchServices.framework/Versions/A/LaunchServices
0x000000000ae5a000 	/System/Library/Frameworks/CoreServices.framework/Versions/A/Frameworks/DictionaryServices.framework/Versions/A/DictionaryServices
0x000000000ae5a000 	/System/Library/Frameworks/NetFS.framework/Versions/A/NetFS
0x000000000ae5a000 	/System/Library/PrivateFrameworks/NetAuth.framework/Versions/A/NetAuth
0x000000000ae5a000 	/System/Library/PrivateFrameworks/login.framework/Versions/A/Frameworks/loginsupport.framework/Versions/A/loginsupport
0x000000000ae5a000 	/System/Library/PrivateFrameworks/TCC.framework/Versions/A/TCC
0x000000000ae5a000 	/usr/lib/libmecabra.dylib
0x000000000ae5a000 	/System/Library/Frameworks/ApplicationServices.framework/Versions/A/Frameworks/ATS.framework/Versions/A/ATS
0x000000000ae5a000 	/System/Library/Frameworks/ApplicationServices.framework/Versions/A/Frameworks/ColorSync.framework/Versions/A/ColorSync
0x000000000ae5a000 	/System/Library/Frameworks/ApplicationServices.framework/Versions/A/Frameworks/HIServices.framework/Versions/A/HIServices
0x000000000ae5a000 	/System/Library/Frameworks/ApplicationServices.framework/Versions/A/Frameworks/LangAnalysis.framework/Versions/A/LangAnalysis
0x000000000ae5a000 	/System/Library/Frameworks/ApplicationServices.framework/Versions/A/Frameworks/PrintCore.framework/Versions/A/PrintCore
0x000000000ae5a000 	/System/Library/Frameworks/ApplicationServices.framework/Versions/A/Frameworks/QD.framework/Versions/A/QD
0x000000000ae5a000 	/System/Library/Frameworks/ApplicationServices.framework/Versions/A/Frameworks/SpeechSynthesis.framework/Versions/A/SpeechSynthesis
0x000000000ae5a000 	/System/Library/Frameworks/Accelerate.framework/Versions/A/Accelerate
0x000000000ae5a000 	/System/Library/Frameworks/Accelerate.framework/Versions/A/Frameworks/vImage.framework/Versions/A/vImage
0x000000000ae5a000 	/System/Library/Frameworks/Accelerate.framework/Versions/A/Frameworks/vecLib.framework/Versions/A/vecLib
0x000000000ae5a000 	/System/Library/Frameworks/Accelerate.framework/Versions/A/Frameworks/vecLib.framework/Versions/A/libvDSP.dylib
0x000000000ae5a000 	/System/Library/Frameworks/Accelerate.framework/Versions/A/Frameworks/vecLib.framework/Versions/A/libvMisc.dylib
0x000000000ae5a000 	/System/Library/Frameworks/Accelerate.framework/Versions/A/Frameworks/vecLib.framework/Versions/A/libLAPACK.dylib
0x000000000ae5a000 	/System/Library/Frameworks/Accelerate.framework/Versions/A/Frameworks/vecLib.framework/Versions/A/libBLAS.dylib
0x000000000ae5a000 	/System/Library/Frameworks/Accelerate.framework/Versions/A/Frameworks/vecLib.framework/Versions/A/libLinearAlgebra.dylib
0x000000000ae5a000 	/System/Library/Frameworks/ApplicationServices.framework/Versions/A/Frameworks/ATS.framework/Versions/A/Resources/libFontParser.dylib
0x000000000ae5a000 	/System/Library/Frameworks/ApplicationServices.framework/Versions/A/Frameworks/ATS.framework/Versions/A/Resources/libFontRegistry.dylib
0x000000000ae5a000 	/System/Library/PrivateFrameworks/AppleVPA.framework/Versions/A/AppleVPA
0x000000000ae5a000 	/System/Library/PrivateFrameworks/AppleJPEG.framework/Versions/A/AppleJPEG
0x000000000ae5a000 	/System/Library/Frameworks/ImageIO.framework/Versions/A/Resources/libJPEG.dylib
0x000000000ae5a000 	/System/Library/Frameworks/ImageIO.framework/Versions/A/Resources/libTIFF.dylib
0x000000000ae5a000 	/System/Library/Frameworks/ImageIO.framework/Versions/A/Resources/libPng.dylib
0x000000000ae5a000 	/System/Library/Frameworks/ImageIO.framework/Versions/A/Resources/libGIF.dylib
0x000000000ae5a000 	/System/Library/Frameworks/ImageIO.framework/Versions/A/Resources/libJP2.dylib
0x000000000ae5a000 	/System/Library/Frameworks/ImageIO.framework/Versions/A/Resources/libRadiance.dylib
0x000000000ae5a000 	/System/Library/Frameworks/CoreVideo.framework/Versions/A/CoreVideo
0x000000000ae5a000 	/System/Library/Frameworks/OpenGL.framework/Versions/A/Libraries/libGLU.dylib
0x000000000ae5a000 	/System/Library/Frameworks/OpenGL.framework/Versions/A/Libraries/libGFXShared.dylib
0x000000000ae5a000 	/System/Library/Frameworks/OpenGL.framework/Versions/A/Libraries/libGL.dylib
0x000000000ae5a000 	/System/Library/Frameworks/OpenGL.framework/Versions/A/Libraries/libGLImage.dylib
0x000000000ae5a000 	/System/Library/Frameworks/OpenGL.framework/Versions/A/Libraries/libCVMSPluginSupport.dylib
0x000000000ae5a000 	/System/Library/Frameworks/OpenGL.framework/Versions/A/Libraries/libCoreVMClient.dylib
0x000000000ae5a000 	/usr/lib/libcups.2.dylib
0x000000000ae5a000 	/System/Library/Frameworks/Kerberos.framework/Versions/A/Kerberos
0x000000000ae5a000 	/System/Library/Frameworks/GSS.framework/Versions/A/GSS
0x000000000ae5a000 	/usr/lib/libresolv.9.dylib
0x000000000ae5a000 	/usr/lib/libiconv.2.dylib
0x000000000ae5a000 	/System/Library/PrivateFrameworks/Heimdal.framework/Versions/A/Heimdal
0x000000000ae5a000 	/usr/lib/libheimdal-asn1.dylib
0x000000000ae5a000 	/System/Library/Frameworks/OpenDirectory.framework/Versions/A/OpenDirectory
0x000000000ae5a000 	/System/Library/PrivateFrameworks/CommonAuth.framework/Versions/A/CommonAuth
0x000000000ae5a000 	/System/Library/Frameworks/OpenDirectory.framework/Versions/A/Frameworks/CFOpenDirectory.framework/Versions/A/CFOpenDirectory
0x000000000ae5a000 	/System/Library/Frameworks/SecurityFoundation.framework/Versions/A/SecurityFoundation
0x000000000ae5a000 	/System/Library/PrivateFrameworks/LanguageModeling.framework/Versions/A/LanguageModeling
0x000000000ae5a000 	/usr/lib/libcmph.dylib
0x000000000ae5a000 	/System/Library/Frameworks/ServiceManagement.framework/Versions/A/ServiceManagement
0x000000000ae5a000 	/usr/lib/libxslt.1.dylib
0x000000000ae5a000 	/System/Library/Frameworks/Carbon.framework/Versions/A/Frameworks/Ink.framework/Versions/A/Ink
0x000000000ae5a000 	/System/Library/Frameworks/QuartzCore.framework/Versions/A/Frameworks/CoreImage.framework/Versions/A/CoreImage
0x000000000ae5a000 	/System/Library/PrivateFrameworks/CrashReporterSupport.framework/Versions/A/CrashReporterSupport
0x000000000ae5a000 	/System/Library/Frameworks/OpenCL.framework/Versions/A/OpenCL
0x000000000ae5a000 	/System/Library/PrivateFrameworks/FaceCore.framework/Versions/A/FaceCore
0x000000000ae5a000 	/System/Library/PrivateFrameworks/Ubiquity.framework/Versions/A/Ubiquity
0x000000000ae5a000 	/System/Library/PrivateFrameworks/IconServices.framework/Versions/A/IconServices
0x000000000ae5a000 	/System/Library/PrivateFrameworks/ChunkingLibrary.framework/Versions/A/ChunkingLibrary
0x000000000ae5a000 	/System/Library/PrivateFrameworks/Apple80211.framework/Versions/A/Apple80211
0x000000000ae5a000 	/System/Library/Frameworks/CoreWLAN.framework/Versions/A/CoreWLAN
0x000000000ae5a000 	/System/Library/Frameworks/IOBluetooth.framework/Versions/A/IOBluetooth
0x000000000ae5a000 	/System/Library/PrivateFrameworks/CoreWiFi.framework/Versions/A/CoreWiFi
0x000000000ae5a000 	/System/Library/Frameworks/CoreBluetooth.framework/Versions/A/CoreBluetooth
0x000000000ae5a000 	/System/Library/PrivateFrameworks/DebugSymbols.framework/Versions/A/DebugSymbols
0x000000000ae5a000 	/System/Library/PrivateFrameworks/CoreSymbolication.framework/Versions/A/CoreSymbolication
0x000000000ae5a000 	/System/Library/PrivateFrameworks/Symbolication.framework/Versions/A/Symbolication
0x000000000ae5a000 	/System/Library/PrivateFrameworks/SpeechRecognitionCore.framework/Versions/A/SpeechRecognitionCore
0x000000010f000000 	/Library/Java/JavaVirtualMachines/jdk1.8.0_60.jdk/Contents/Home/jre/lib/server/libjvm.dylib
0x000000000ae5a000 	/usr/lib/libstdc++.6.dylib
0x000000010df17000 	/Library/Java/JavaVirtualMachines/jdk1.8.0_60.jdk/Contents/Home/jre/lib/libverify.dylib
0x000000010df25000 	/Library/Java/JavaVirtualMachines/jdk1.8.0_60.jdk/Contents/Home/jre/lib/libjava.dylib
0x000000010df64000 	/Library/Java/JavaVirtualMachines/jdk1.8.0_60.jdk/Contents/Home/jre/lib/libzip.dylib
0x00000001270ff000 	/System/Library/Frameworks/JavaVM.framework/Frameworks/JavaRuntimeSupport.framework/JavaRuntimeSupport
0x0000000127117000 	/System/Library/Frameworks/JavaVM.framework/Versions/A/Frameworks/JavaNativeFoundation.framework/Versions/A/JavaNativeFoundation
0x000000012712c000 	/System/Library/Frameworks/JavaVM.framework/Versions/A/JavaVM
0x000000000ae5a000 	/System/Library/Frameworks/Carbon.framework/Versions/A/Carbon
0x0000000127139000 	/System/Library/PrivateFrameworks/JavaLaunching.framework/Versions/A/JavaLaunching
0x000000000ae5a000 	/System/Library/Frameworks/Carbon.framework/Versions/A/Frameworks/CommonPanels.framework/Versions/A/CommonPanels
0x000000000ae5a000 	/System/Library/Frameworks/Carbon.framework/Versions/A/Frameworks/Help.framework/Versions/A/Help
0x000000000ae5a000 	/System/Library/Frameworks/Carbon.framework/Versions/A/Frameworks/ImageCapture.framework/Versions/A/ImageCapture
0x000000000ae5a000 	/System/Library/Frameworks/Carbon.framework/Versions/A/Frameworks/OpenScripting.framework/Versions/A/OpenScripting
0x000000000ae5a000 	/System/Library/Frameworks/Carbon.framework/Versions/A/Frameworks/Print.framework/Versions/A/Print
0x000000000ae5a000 	/System/Library/Frameworks/Carbon.framework/Versions/A/Frameworks/SecurityHI.framework/Versions/A/SecurityHI
0x000000012918e000 	/Library/Java/JavaVirtualMachines/jdk1.8.0_60.jdk/Contents/Home/jre/lib/libnet.dylib
0x00000001291f1000 	/Library/Java/JavaVirtualMachines/jdk1.8.0_60.jdk/Contents/Home/jre/lib/libnio.dylib
0x0000000129ff1000 	/Users/mschoett1/Code/DXRAM/dxram/jni/libJNILock.dylib

VM Arguments:
jvm_args: -Dnetwork.ip=127.0.0.3 -Dnetwork.port=22223 -Dlog4j.configuration=file:////Users/mschoett1/Code/DXRAM/dxram/config/log4j.properties 
java_command: de.uniduesseldorf.dxram.test.MailboxTest
java_class_path (initial): lib/slf4j-log4j12-1.6.1.jar:lib/slf4j-api-1.6.1.jar:lib/zookeeper-3.4.3.jar:lib/log4j-1.2.16.jar:bin/
Launcher Type: SUN_STANDARD

Environment Variables:
JAVA_HOME=/Library/Java/JavaVirtualMachines/jdk1.8.0_60.jdk/Contents/Home
PATH=/Users/mschoett1/Scripts:/Users/mschoett1/Code/apache-ant-1.9.4/bin:/Users/mschoett1/Code/apache-maven-3.3.1/bin:/Users/mschoett1/Code/apache-spark-1.3.0/bin:/usr/local/bin:/usr/bin:/bin:/usr/sbin:/sbin:/opt/X11/bin:/usr/local/MacGPG2/bin:/Users/mschoett1/Code/myCPU/cc65/bin
SHELL=/bin/bash
DISPLAY=/private/tmp/com.apple.launchd.vH4KAYLJ1v/org.macosforge.xquartz:0

Signal Handlers:
SIGSEGV: [libjvm.dylib+0x5a6d31], sa_mask[0]=11111111011111110111111111111111, sa_flags=SA_ONSTACK|SA_RESTART|SA_SIGINFO
SIGBUS: [libjvm.dylib+0x5a6d31], sa_mask[0]=11111111011111110111111111111111, sa_flags=SA_RESTART|SA_SIGINFO
SIGFPE: [libjvm.dylib+0x480a4c], sa_mask[0]=11111111011111110111111111111111, sa_flags=SA_RESTART|SA_SIGINFO
SIGPIPE: [libjvm.dylib+0x480a4c], sa_mask[0]=11111111011111110111111111111111, sa_flags=SA_RESTART|SA_SIGINFO
SIGXFSZ: [libjvm.dylib+0x480a4c], sa_mask[0]=11111111011111110111111111111111, sa_flags=SA_RESTART|SA_SIGINFO
SIGILL: [libjvm.dylib+0x480a4c], sa_mask[0]=11111111011111110111111111111111, sa_flags=SA_RESTART|SA_SIGINFO
SIGUSR1: SIG_DFL, sa_mask[0]=11011111011111100000000111000110, sa_flags=none
SIGUSR2: [libjvm.dylib+0x48056a], sa_mask[0]=00000000000000000000000000000000, sa_flags=SA_RESTART|SA_SIGINFO
SIGHUP: [libjvm.dylib+0x47eb41], sa_mask[0]=11111111011111110111111111111111, sa_flags=SA_RESTART|SA_SIGINFO
SIGINT: [libjvm.dylib+0x47eb41], sa_mask[0]=11111111011111110111111111111111, sa_flags=SA_RESTART|SA_SIGINFO
SIGTERM: [libjvm.dylib+0x47eb41], sa_mask[0]=11111111011111110111111111111111, sa_flags=SA_RESTART|SA_SIGINFO
SIGQUIT: [libjvm.dylib+0x47eb41], sa_mask[0]=11111111011111110111111111111111, sa_flags=SA_RESTART|SA_SIGINFO


---------------  S Y S T E M  ---------------

OS:Bsduname:Darwin 14.4.0 Darwin Kernel Version 14.4.0: Thu May 28 11:35:04 PDT 2015; root:xnu-2782.30.5~1/RELEASE_X86_64 x86_64
rlimit: STACK 8192k, CORE 0k, NPROC 709, NOFILE 10240, AS infinity
load average:1.63 1.37 1.35

CPU:total 8 (4 cores per cpu, 2 threads per core) family 6 model 42 stepping 7, cmov, cx8, fxsr, mmx, sse, sse2, sse3, ssse3, sse4.1, sse4.2, popcnt, avx, aes, clmul, ht, tsc, tscinvbit

Memory: 4k page, physical 8388608k(367648k free)

/proc/meminfo:


vm_info: Java HotSpot(TM) 64-Bit Server VM (25.60-b23) for bsd-amd64 JRE (1.8.0_60-b27), built on Aug  4 2015 10:47:24 by "java_re" with gcc 4.2.1 (Based on Apple Inc. build 5658) (LLVM build 2336.11.00)

time: Thu Aug 20 15:12:01 2015
elapsed time: 2 seconds (0d 0h 0m 2s)

