#
# A fatal error has been detected by the Java Runtime Environment:
#
#  SIGSEGV (0xb) at pc=0x00007fff87438152, pid=16328, tid=4867
#
# JRE version: Java(TM) SE Runtime Environment (8.0_60-b27) (build 1.8.0_60-b27)
# Java VM: Java HotSpot(TM) 64-Bit Server VM (25.60-b23 mixed mode bsd-amd64 compressed oops)
# Problematic frame:
# C  [libsystem_c.dylib+0x1152]  strlen+0x12
#
# Failed to write core dump. Core dumps have been disabled. To enable core dumping, try "ulimit -c unlimited" before starting Java again
#
# If you would like to submit a bug report, please visit:
#   http://bugreport.java.com/bugreport/crash.jsp
# The crash happened outside the Java Virtual Machine in native code.
# See problematic frame for where to report the bug.
#

---------------  T H R E A D  ---------------

Current thread (0x00007fb775806000):  JavaThread "main" [_thread_in_native, id=4867, stack(0x000000010d18a000,0x000000010d28a000)]

siginfo: si_signo: 11 (SIGSEGV), si_code: 1 (SEGV_MAPERR), si_addr: 0x0000000000000000

Registers:
RAX=0x0000000000000003, RBX=0x0000000121ff9190, RCX=0x0000000000000000, RDX=0x0000000000000000
RSP=0x000000010d289790, RBP=0x000000010d289790, RSI=0x00007fb774900000, RDI=0x0000000000000000
R8 =0x0000000000000001, R9 =0x00000000ffffff80, R10=0x0000000166f3d53e, R11=0x00007fb6676bcfd0
R12=0x0000000000000000, R13=0x0000000121ff9190, R14=0x000000010d289878, R15=0x00007fb775806000
RIP=0x00007fff87438152, EFLAGS=0x0000000000010246, ERR=0x0000000000000004
  TRAPNO=0x000000000000000e

Top of Stack: (sp=0x000000010d289790)
0x000000010d289790:   000000010d289810 0000000166f17e9e
0x000000010d2897a0:   00000007966a4f00 000000079669f8e0
0x000000010d2897b0:   000000010d2897b0 0000000121fee01c
0x000000010d2897c0:   000000010d289810 0000000121ff7360
0x000000010d2897d0:   0000000000000000 0000000121fee058
0x000000010d2897e0:   0000000166f3c4f2 0000000000000000
0x000000010d2897f0:   000000010d289870 00007fb7758061f8
0x000000010d289800:   0000000000000000 ac007940d3608ff3
0x000000010d289810:   000000010d289860 000000010d2a1954
0x000000010d289820:   000000010d289820 0000000000000000
0x000000010d289830:   000000010d289878 0000000121ff9218
0x000000010d289840:   0000000000000000 0000000121ff9190
0x000000010d289850:   0000000000000000 000000010d289880
0x000000010d289860:   000000010d2898c0 000000010d2939d0
0x000000010d289870:   00000007966a35a8 000000010d29b57b
0x000000010d289880:   000000010d289880 0000000121fecaa8
0x000000010d289890:   000000010d2898e8 0000000121ff6fd8
0x000000010d2898a0:   0000000000000000 0000000121fecb38
0x000000010d2898b0:   000000010d289880 000000010d2898f0
0x000000010d2898c0:   000000010d289930 000000010d293c4d
0x000000010d2898d0:   000000079669f8e0 00000007966a4de8
0x000000010d2898e0:   00000007966a4f00 00000007966a4e08
0x000000010d2898f0:   000000010d2898f0 0000000121d1041d
0x000000010d289900:   000000010d289948 0000000121d107c0
0x000000010d289910:   0000000000000000 0000000121d10458
0x000000010d289920:   000000010d2898f0 000000010d289948
0x000000010d289930:   000000010d2899b0 000000010d28c7a7
0x000000010d289940:   0000000000000000 0000000795799488
0x000000010d289950:   0000000100001fa0 000000000000000a
0x000000010d289960:   00007fb775806000 0000000000000001
0x000000010d289970:   000000010d28c71f 0000000121d10458
0x000000010d289980:   000000010d289a48 000000010d289dd0 

Instructions: (pc=0x00007fff87438152)
0x00007fff87438132:   0e 01 f3 0f 7f 44 0f 01 5d c3 90 90 90 90 55 48
0x00007fff87438142:   89 e5 48 89 f9 48 89 fa 48 83 e7 f0 66 0f ef c0
0x00007fff87438152:   66 0f 74 07 66 0f d7 f0 48 83 e1 0f 48 83 c8 ff
0x00007fff87438162:   48 d3 e0 21 c6 74 17 0f bc c6 48 29 d7 48 01 f8 

Register to memory mapping:

RAX=0x0000000000000003 is an unknown value
RBX={method} {0x0000000121ff9190} 'readline' '()[B' in 'de/uniduesseldorf/dxram/utils/JNIconsole'
RCX=0x0000000000000000 is an unknown value
RDX=0x0000000000000000 is an unknown value
RSP=0x000000010d289790 is pointing into the stack for thread: 0x00007fb775806000
RBP=0x000000010d289790 is pointing into the stack for thread: 0x00007fb775806000
RSI=0x00007fb774900000 is an unknown value
RDI=0x0000000000000000 is an unknown value
R8 =0x0000000000000001 is an unknown value
R9 =0x00000000ffffff80 is an unknown value
R10=0x0000000166f3d53e: xfree+0x251e in /Users/mschoett1/Code/dxram/jni/libJNIconsole.dylib at 0x0000000166f17000
R11=0x00007fb6676bcfd0 is an unknown value
R12=0x0000000000000000 is an unknown value
R13={method} {0x0000000121ff9190} 'readline' '()[B' in 'de/uniduesseldorf/dxram/utils/JNIconsole'
R14=0x000000010d289878 is pointing into the stack for thread: 0x00007fb775806000
R15=0x00007fb775806000 is a thread


Stack: [0x000000010d18a000,0x000000010d28a000],  sp=0x000000010d289790,  free space=1021k
Native frames: (J=compiled Java code, j=interpreted, Vv=VM code, C=native code)
C  [libsystem_c.dylib+0x1152]  strlen+0x12
C  [libJNIconsole.dylib+0xe9e]  Java_de_uniduesseldorf_dxram_utils_JNIconsole_readline+0x4e
j  de.uniduesseldorf.dxram.utils.JNIconsole.readline()[B+0
j  de.uniduesseldorf.dxram.commands.Shell.loop()V+8
j  de.uniduesseldorf.dxram.run.Monitor.main([Ljava/lang/String;)V+37
v  ~StubRoutines::call_stub
V  [libjvm.dylib+0x2eab0e]
V  [libjvm.dylib+0x321820]
V  [libjvm.dylib+0x31a59a]
C  [java+0x393e]  JavaMain+0x9b1
C  [libsystem_pthread.dylib+0x3268]  _pthread_body+0x83
C  [libsystem_pthread.dylib+0x31e5]  _pthread_body+0x0
C  [libsystem_pthread.dylib+0x141d]  thread_start+0xd
C  0x0000000000000000

Java frames: (J=compiled Java code, j=interpreted, Vv=VM code)
j  de.uniduesseldorf.dxram.utils.JNIconsole.readline()[B+0
j  de.uniduesseldorf.dxram.commands.Shell.loop()V+8
j  de.uniduesseldorf.dxram.run.Monitor.main([Ljava/lang/String;)V+37
v  ~StubRoutines::call_stub

---------------  P R O C E S S  ---------------

Java Threads: ( => current thread )
  0x00007fb7768ef800 JavaThread "ShutdownThread" [_thread_in_vm, id=34311, stack(0x00000001686d3000,0x00000001687d3000)]
  0x00007fb773802000 JavaThread "SIGHUP handler" daemon [_thread_blocked, id=23815, stack(0x00000001266f8000,0x00000001267f8000)]
  0x00007fb773129800 JavaThread "NIO-thread-2" daemon [_thread_in_native, id=34567, stack(0x00000001685d0000,0x00000001686d0000)]
  0x00007fb77300d000 JavaThread "MessageHandler-thread-10" daemon [_thread_blocked, id=14087, stack(0x00000001684cd000,0x00000001685cd000)]
  0x00007fb776000000 JavaThread "MessageHandler-thread-9" daemon [_thread_blocked, id=15111, stack(0x0000000124359000,0x0000000124459000)]
  0x00007fb775103000 JavaThread "MessageHandler-thread-8" daemon [_thread_blocked, id=33539, stack(0x00000001683ca000,0x00000001684ca000)]
  0x00007fb7751f5000 JavaThread "MessageHandler-thread-7" daemon [_thread_blocked, id=33027, stack(0x00000001682c7000,0x00000001683c7000)]
  0x00007fb77314d800 JavaThread "MessageHandler-thread-6" daemon [_thread_blocked, id=32515, stack(0x0000000167ee8000,0x0000000167fe8000)]
  0x00007fb775a5b000 JavaThread "MessageHandler-thread-5" daemon [_thread_blocked, id=32003, stack(0x0000000167884000,0x0000000167984000)]
  0x00007fb77293b000 JavaThread "MessageHandler-thread-4" daemon [_thread_blocked, id=31491, stack(0x0000000167781000,0x0000000167881000)]
  0x00007fb775102000 JavaThread "Default-thread-10" daemon [_thread_blocked, id=30979, stack(0x000000016767e000,0x000000016777e000)]
  0x00007fb7730bb000 JavaThread "Default-thread-9" daemon [_thread_blocked, id=30467, stack(0x000000016757b000,0x000000016767b000)]
  0x00007fb775101800 JavaThread "MessageHandler-thread-3" daemon [_thread_blocked, id=29955, stack(0x0000000167478000,0x0000000167578000)]
  0x00007fb775a5a000 JavaThread "Default-thread-8" daemon [_thread_blocked, id=29443, stack(0x0000000167375000,0x0000000167475000)]
  0x00007fb77293a800 JavaThread "Default-thread-7" daemon [_thread_blocked, id=28931, stack(0x0000000167272000,0x0000000167372000)]
  0x00007fb7730ba000 JavaThread "MessageHandler-thread-2" daemon [_thread_blocked, id=28419, stack(0x000000016716f000,0x000000016726f000)]
  0x00007fb776080000 JavaThread "Default-thread-6" daemon [_thread_blocked, id=27907, stack(0x000000016706c000,0x000000016716c000)]
  0x00007fb772925000 JavaThread "Default-thread-5" daemon [_thread_blocked, id=27395, stack(0x0000000166f69000,0x0000000167069000)]
  0x00007fb775105000 JavaThread "MessageHandler-thread-1" daemon [_thread_blocked, id=26883, stack(0x0000000166e15000,0x0000000166f15000)]
  0x00007fb7750dd800 JavaThread "Default-thread-4" daemon [_thread_blocked, id=26371, stack(0x0000000166d12000,0x0000000166e12000)]
  0x00007fb775974800 JavaThread "Default-thread-3" daemon [_thread_blocked, id=25859, stack(0x0000000166c0f000,0x0000000166d0f000)]
  0x00007fb772982800 JavaThread "Default-thread-2" daemon [_thread_blocked, id=25347, stack(0x0000000126b0b000,0x0000000126c0b000)]
  0x00007fb77307c800 JavaThread "Default-thread-1" daemon [_thread_blocked, id=24835, stack(0x0000000126a08000,0x0000000126b08000)]
  0x00007fb77596b000 JavaThread "NetworkStatistic" daemon [_thread_blocked, id=24323, stack(0x0000000126905000,0x0000000126a05000)]
  0x00007fb7758fd000 JavaThread "main-EventThread" daemon [_thread_blocked, id=23299, stack(0x0000000126516000,0x0000000126616000)]
  0x00007fb77586b800 JavaThread "main-SendThread(localhost:2181)" daemon [_thread_in_native, id=23047, stack(0x0000000126413000,0x0000000126513000)]
  0x00007fb77300c000 JavaThread "Service Thread" daemon [_thread_blocked, id=20739, stack(0x0000000126146000,0x0000000126246000)]
  0x00007fb775832800 JavaThread "C1 CompilerThread3" daemon [_thread_blocked, id=20227, stack(0x0000000126043000,0x0000000126143000)]
  0x00007fb775832000 JavaThread "C2 CompilerThread2" daemon [_thread_blocked, id=19715, stack(0x0000000125f40000,0x0000000126040000)]
  0x00007fb775831000 JavaThread "C2 CompilerThread1" daemon [_thread_blocked, id=19203, stack(0x0000000125e3d000,0x0000000125f3d000)]
  0x00007fb77582f800 JavaThread "C2 CompilerThread0" daemon [_thread_blocked, id=18691, stack(0x0000000125d3a000,0x0000000125e3a000)]
  0x00007fb77581a000 JavaThread "Signal Dispatcher" daemon [_thread_blocked, id=15379, stack(0x0000000125c37000,0x0000000125d37000)]
  0x00007fb775820000 JavaThread "Finalizer" daemon [_thread_blocked, id=13571, stack(0x000000012421d000,0x000000012431d000)]
  0x00007fb77581f800 JavaThread "Reference Handler" daemon [_thread_blocked, id=13059, stack(0x000000012411a000,0x000000012421a000)]
=>0x00007fb775806000 JavaThread "main" [_thread_in_native, id=4867, stack(0x000000010d18a000,0x000000010d28a000)]

Other Threads:
  0x00007fb775801000 VMThread [stack: 0x0000000124017000,0x0000000124117000] [id=12547]
  0x00007fb772836000 WatcherThread [stack: 0x0000000126249000,0x0000000126349000] [id=21251]

VM state:not at safepoint (normal execution)

VM Mutex/Monitor currently owned by a thread: None

Heap:
 PSYoungGen      total 38400K, used 33280K [0x0000000795580000, 0x0000000798000000, 0x00000007c0000000)
  eden space 33280K, 100% used [0x0000000795580000,0x0000000797600000,0x0000000797600000)
  from space 5120K, 0% used [0x0000000797b00000,0x0000000797b00000,0x0000000798000000)
  to   space 5120K, 0% used [0x0000000797600000,0x0000000797600000,0x0000000797b00000)
 ParOldGen       total 87552K, used 0K [0x0000000740000000, 0x0000000745580000, 0x0000000795580000)
  object space 87552K, 0% used [0x0000000740000000,0x0000000740000000,0x0000000745580000)
 Metaspace       used 8192K, capacity 8358K, committed 8448K, reserved 1056768K
  class space    used 957K, capacity 1017K, committed 1024K, reserved 1048576K

Card table byte_map: [0x000000011c64c000,0x000000011ca4d000] byte_map_base: 0x0000000118c4c000

Marking Bits: (ParMarkBitMap*) 0x000000010cadee20
 Begin Bits: [0x000000011d510000, 0x000000011f510000)
 End Bits:   [0x000000011f510000, 0x0000000121510000)

Polling page: 0x000000010b16b000

CodeCache: size=245760Kb used=2738Kb max_used=2744Kb free=243021Kb
 bounds [0x000000010d28c000, 0x000000010d54c000, 0x000000011c28c000]
 total_blobs=1034 nmethods=693 adapters=255
 compilation: enabled

Compilation events (10 events):
Event: 54.253 Thread 0x00007fb775832800  686       3       java.nio.ByteBuffer::arrayOffset (35 bytes)
Event: 54.253 Thread 0x00007fb775832800 nmethod 686 0x000000010d52f590 code [0x000000010d52f720, 0x000000010d52fa38]
Event: 54.253 Thread 0x00007fb775832800  687       3       java.io.BufferedReader::ensureOpen (18 bytes)
Event: 54.253 Thread 0x00007fb775832800 nmethod 687 0x000000010d52f110 code [0x000000010d52f280, 0x000000010d52f4c8]
Event: 64.251 Thread 0x00007fb775832800  688       3       org.apache.zookeeper.ZooKeeper$States::isAlive (20 bytes)
Event: 64.252 Thread 0x00007fb775832800 nmethod 688 0x000000010d52ed10 code [0x000000010d52ee80, 0x000000010d52f090]
Event: 64.252 Thread 0x00007fb775832800  689       3       java.nio.Buffer::checkBounds (25 bytes)
Event: 64.252 Thread 0x00007fb775832800 nmethod 689 0x000000010d52e890 code [0x000000010d52ea00, 0x000000010d52ec28]
Event: 70.927 Thread 0x00007fb775832800  690       1       org.apache.zookeeper.proto.RequestHeader::getType (5 bytes)
Event: 70.927 Thread 0x00007fb775832800 nmethod 690 0x000000010d536410 code [0x000000010d536560, 0x000000010d536670]

GC Heap History (0 events):
No events

Deoptimization events (10 events):
Event: 5.001 Thread 0x00007fb7768ef800 Uncommon trap: reason=unstable_if action=reinterpret pc=0x000000010d4fb840 method=java.util.concurrent.locks.AbstractQueuedSynchronizer$ConditionObject.signal()V @ 24
Event: 5.001 Thread 0x00007fb77307c800 Uncommon trap: reason=unstable_if action=reinterpret pc=0x000000010d4f4b24 method=java.util.concurrent.locks.AbstractQueuedSynchronizer$ConditionObject.signal()V @ 24
Event: 5.001 Thread 0x00007fb77307c800 Uncommon trap: reason=unstable_if action=reinterpret pc=0x000000010d4f6b9c method=java.util.concurrent.locks.AbstractQueuedSynchronizer.release(I)Z @ 14
Event: 5.001 Thread 0x00007fb772982800 Uncommon trap: reason=unstable_if action=reinterpret pc=0x000000010d4f1c18 method=java.util.concurrent.locks.AbstractQueuedSynchronizer.release(I)Z @ 14
Event: 6.005 Thread 0x00007fb775974800 Uncommon trap: reason=unstable_if action=reinterpret pc=0x000000010d4f3018 method=java.util.concurrent.locks.AbstractQueuedSynchronizer.release(I)Z @ 14
Event: 15.047 Thread 0x00007fb77307c800 Uncommon trap: reason=unstable_if action=reinterpret pc=0x000000010d4f3018 method=java.util.concurrent.locks.AbstractQueuedSynchronizer.release(I)Z @ 14
Event: 15.047 Thread 0x00007fb775a5b000 Uncommon trap: reason=unstable_if action=reinterpret pc=0x000000010d4f3018 method=java.util.concurrent.locks.AbstractQueuedSynchronizer.release(I)Z @ 14
Event: 33.115 Thread 0x00007fb775a5a000 Uncommon trap: reason=unstable_if action=reinterpret pc=0x000000010d4f0c78 method=java.util.concurrent.locks.ReentrantLock$Sync.nonfairTryAcquire(I)Z @ 10
Event: 42.147 Thread 0x00007fb776080000 Uncommon trap: reason=unstable_if action=reinterpret pc=0x000000010d5076c0 method=java.util.concurrent.locks.ReentrantLock$Sync.nonfairTryAcquire(I)Z @ 10
Event: 54.259 Thread 0x00007fb773129800 Uncommon trap: reason=unstable_if action=reinterpret pc=0x000000010d510914 method=sun.nio.ch.SelectorImpl.processDeregisterQueue()V @ 15

Internal exceptions (10 events):
Event: 0.180 Thread 0x00007fb775806000 Exception <a 'java/lang/ArrayIndexOutOfBoundsException': 160> (0x00000007958e0c08) thrown at [/Users/java_re/workspace/8-2-build-macosx-x86_64/jdk8u60/4407/hotspot/src/share/vm/interpreter/interpreterRuntime.cpp, line 366]
Event: 0.183 Thread 0x00007fb775806000 Exception <a 'java/lang/ClassNotFoundException': org/apache/log4j/LayoutCustomizer> (0x00000007958e85f8) thrown at [/Users/java_re/workspace/8-2-build-macosx-x86_64/jdk8u60/4407/hotspot/src/share/vm/classfile/systemDictionary.cpp, line 210]
Event: 0.185 Thread 0x00007fb775806000 Exception <a 'java/lang/ClassNotFoundException': org/apache/log4j/PatternLayoutCustomizer> (0x00000007958fd088) thrown at [/Users/java_re/workspace/8-2-build-macosx-x86_64/jdk8u60/4407/hotspot/src/share/vm/classfile/systemDictionary.cpp, line 210]
Event: 0.201 Thread 0x00007fb775806000 Exception <a 'java/security/PrivilegedActionException'> (0x000000079594f160) thrown at [/Users/java_re/workspace/8-2-build-macosx-x86_64/jdk8u60/4407/hotspot/src/share/vm/prims/jvm.cpp, line 1386]
Event: 0.202 Thread 0x00007fb775806000 Exception <a 'java/security/PrivilegedActionException'> (0x000000079594f558) thrown at [/Users/java_re/workspace/8-2-build-macosx-x86_64/jdk8u60/4407/hotspot/src/share/vm/prims/jvm.cpp, line 1386]
Event: 0.202 Thread 0x00007fb775806000 Exception <a 'java/security/PrivilegedActionException'> (0x0000000795952bc8) thrown at [/Users/java_re/workspace/8-2-build-macosx-x86_64/jdk8u60/4407/hotspot/src/share/vm/prims/jvm.cpp, line 1386]
Event: 0.202 Thread 0x00007fb775806000 Exception <a 'java/security/PrivilegedActionException'> (0x0000000795952fc0) thrown at [/Users/java_re/workspace/8-2-build-macosx-x86_64/jdk8u60/4407/hotspot/src/share/vm/prims/jvm.cpp, line 1386]
Event: 0.228 Thread 0x00007fb775806000 Exception <a 'java/net/BindException'> (0x0000000795995fd0) thrown at [/Users/java_re/workspace/8-2-build-macosx-x86_64/jdk8u60/4407/hotspot/src/share/vm/prims/jni.cpp, line 709]
Event: 0.375 Thread 0x00007fb77586b800 Exception <a 'java/lang/NoSuchFieldError': method resolution failed> (0x0000000795d87c30) thrown at [/Users/java_re/workspace/8-2-build-macosx-x86_64/jdk8u60/4407/hotspot/src/share/vm/prims/methodHandles.cpp, line 1146]
Event: 0.378 Thread 0x00007fb77586b800 Exception <a 'java/lang/NoSuchFieldError': method resolution failed> (0x0000000795d95138) thrown at [/Users/java_re/workspace/8-2-build-macosx-x86_64/jdk8u60/4407/hotspot/src/share/vm/prims/methodHandles.cpp, line 1146]

Events (10 events):
Event: 54.250 loading class java/io/LineNumberReader done
Event: 54.250 Executing VM operation: Deoptimize
Event: 54.250 Executing VM operation: Deoptimize done
Event: 54.259 Thread 0x00007fb773129800 Thread added: 0x00007fb773129800
Event: 54.259 Thread 0x00007fb773129800 Uncommon trap: trap_request=0xffffff65 fr.pc=0x000000010d510914
Event: 54.259 loading class java/lang/Throwable$WrappedPrintStream
Event: 54.259 Thread 0x00007fb773129800 DEOPT PACKING pc=0x000000010d510914 sp=0x00000001686cf690
Event: 54.259 Thread 0x00007fb773129800 DEOPT UNPACKING pc=0x000000010d291229 sp=0x00000001686cf430 mode 2
Event: 54.259 loading class java/lang/Throwable$WrappedPrintStream done
Event: 54.260 Thread 0x00007fb7768ef800 Thread exited: 0x00007fb7768ef800


Dynamic libraries:
0x000000000035d000 	/System/Library/Frameworks/Cocoa.framework/Versions/A/Cocoa
0x000000000035d000 	/System/Library/Frameworks/Security.framework/Versions/A/Security
0x000000000035d000 	/System/Library/Frameworks/ApplicationServices.framework/Versions/A/ApplicationServices
0x000000000035d000 	/usr/lib/libz.1.dylib
0x000000000035d000 	/usr/lib/libSystem.B.dylib
0x000000000035d000 	/usr/lib/libobjc.A.dylib
0x000000000035d000 	/System/Library/Frameworks/CoreFoundation.framework/Versions/A/CoreFoundation
0x000000000035d000 	/System/Library/Frameworks/Foundation.framework/Versions/C/Foundation
0x000000000035d000 	/System/Library/Frameworks/AppKit.framework/Versions/C/AppKit
0x000000000035d000 	/System/Library/Frameworks/CoreData.framework/Versions/A/CoreData
0x000000000035d000 	/System/Library/PrivateFrameworks/RemoteViewServices.framework/Versions/A/RemoteViewServices
0x000000000035d000 	/System/Library/PrivateFrameworks/UIFoundation.framework/Versions/A/UIFoundation
0x000000000035d000 	/System/Library/Frameworks/IOSurface.framework/Versions/A/IOSurface
0x000000000035d000 	/System/Library/Frameworks/AudioToolbox.framework/Versions/A/AudioToolbox
0x000000000035d000 	/System/Library/Frameworks/AudioUnit.framework/Versions/A/AudioUnit
0x000000000035d000 	/System/Library/PrivateFrameworks/DataDetectorsCore.framework/Versions/A/DataDetectorsCore
0x000000000035d000 	/System/Library/PrivateFrameworks/DesktopServicesPriv.framework/Versions/A/DesktopServicesPriv
0x000000000035d000 	/System/Library/Frameworks/Carbon.framework/Versions/A/Frameworks/HIToolbox.framework/Versions/A/HIToolbox
0x000000000035d000 	/System/Library/Frameworks/QuartzCore.framework/Versions/A/QuartzCore
0x000000000035d000 	/System/Library/Frameworks/Carbon.framework/Versions/A/Frameworks/SpeechRecognition.framework/Versions/A/SpeechRecognition
0x000000000035d000 	/usr/lib/libauto.dylib
0x000000000035d000 	/usr/lib/libicucore.A.dylib
0x000000000035d000 	/usr/lib/libxml2.2.dylib
0x000000000035d000 	/System/Library/PrivateFrameworks/CoreUI.framework/Versions/A/CoreUI
0x000000000035d000 	/System/Library/Frameworks/CoreAudio.framework/Versions/A/CoreAudio
0x000000000035d000 	/System/Library/Frameworks/DiskArbitration.framework/Versions/A/DiskArbitration
0x000000000035d000 	/usr/lib/liblangid.dylib
0x000000000035d000 	/System/Library/PrivateFrameworks/MultitouchSupport.framework/Versions/A/MultitouchSupport
0x000000000035d000 	/System/Library/Frameworks/IOKit.framework/Versions/A/IOKit
0x000000000035d000 	/usr/lib/libDiagnosticMessagesClient.dylib
0x000000000035d000 	/System/Library/Frameworks/CoreServices.framework/Versions/A/CoreServices
0x000000000035d000 	/System/Library/PrivateFrameworks/PerformanceAnalysis.framework/Versions/A/PerformanceAnalysis
0x000000000035d000 	/System/Library/PrivateFrameworks/GenerationalStorage.framework/Versions/A/GenerationalStorage
0x000000000035d000 	/System/Library/Frameworks/OpenGL.framework/Versions/A/OpenGL
0x000000000035d000 	/System/Library/PrivateFrameworks/Sharing.framework/Versions/A/Sharing
0x000000000035d000 	/System/Library/Frameworks/CoreGraphics.framework/Versions/A/CoreGraphics
0x000000000035d000 	/System/Library/Frameworks/CoreText.framework/Versions/A/CoreText
0x000000000035d000 	/System/Library/Frameworks/ImageIO.framework/Versions/A/ImageIO
0x000000000035d000 	/usr/lib/libextension.dylib
0x000000000035d000 	/System/Library/PrivateFrameworks/Backup.framework/Versions/A/Backup
0x000000000035d000 	/usr/lib/libarchive.2.dylib
0x000000000035d000 	/System/Library/Frameworks/CFNetwork.framework/Versions/A/CFNetwork
0x000000000035d000 	/System/Library/Frameworks/SystemConfiguration.framework/Versions/A/SystemConfiguration
0x000000000035d000 	/usr/lib/libCRFSuite.dylib
0x000000000035d000 	/usr/lib/libc++.1.dylib
0x000000000035d000 	/usr/lib/libc++abi.dylib
0x000000000035d000 	/usr/lib/system/libcache.dylib
0x000000000035d000 	/usr/lib/system/libcommonCrypto.dylib
0x000000000035d000 	/usr/lib/system/libcompiler_rt.dylib
0x000000000035d000 	/usr/lib/system/libcopyfile.dylib
0x000000000035d000 	/usr/lib/system/libcorecrypto.dylib
0x000000000035d000 	/usr/lib/system/libdispatch.dylib
0x000000000035d000 	/usr/lib/system/libdyld.dylib
0x000000000035d000 	/usr/lib/system/libkeymgr.dylib
0x000000000035d000 	/usr/lib/system/liblaunch.dylib
0x000000000035d000 	/usr/lib/system/libmacho.dylib
0x000000000035d000 	/usr/lib/system/libquarantine.dylib
0x000000000035d000 	/usr/lib/system/libremovefile.dylib
0x000000000035d000 	/usr/lib/system/libsystem_asl.dylib
0x000000000035d000 	/usr/lib/system/libsystem_blocks.dylib
0x000000000035d000 	/usr/lib/system/libsystem_c.dylib
0x000000000035d000 	/usr/lib/system/libsystem_configuration.dylib
0x000000000035d000 	/usr/lib/system/libsystem_coreservices.dylib
0x000000000035d000 	/usr/lib/system/libsystem_coretls.dylib
0x000000000035d000 	/usr/lib/system/libsystem_dnssd.dylib
0x000000000035d000 	/usr/lib/system/libsystem_info.dylib
0x000000000035d000 	/usr/lib/system/libsystem_kernel.dylib
0x000000000035d000 	/usr/lib/system/libsystem_m.dylib
0x000000000035d000 	/usr/lib/system/libsystem_malloc.dylib
0x000000000035d000 	/usr/lib/system/libsystem_network.dylib
0x000000000035d000 	/usr/lib/system/libsystem_networkextension.dylib
0x000000000035d000 	/usr/lib/system/libsystem_notify.dylib
0x000000000035d000 	/usr/lib/system/libsystem_platform.dylib
0x000000000035d000 	/usr/lib/system/libsystem_pthread.dylib
0x000000000035d000 	/usr/lib/system/libsystem_sandbox.dylib
0x000000000035d000 	/usr/lib/system/libsystem_secinit.dylib
0x000000000035d000 	/usr/lib/system/libsystem_stats.dylib
0x000000000035d000 	/usr/lib/system/libsystem_trace.dylib
0x000000000035d000 	/usr/lib/system/libunc.dylib
0x000000000035d000 	/usr/lib/system/libunwind.dylib
0x000000000035d000 	/usr/lib/system/libxpc.dylib
0x000000000035d000 	/usr/lib/libbz2.1.0.dylib
0x000000000035d000 	/usr/lib/liblzma.5.dylib
0x000000000035d000 	/usr/lib/libbsm.0.dylib
0x000000000035d000 	/usr/lib/libsqlite3.dylib
0x000000000035d000 	/usr/lib/system/libkxld.dylib
0x000000000035d000 	/usr/lib/libxar.1.dylib
0x000000000035d000 	/usr/lib/libpam.2.dylib
0x000000000035d000 	/usr/lib/libOpenScriptingUtil.dylib
0x000000000035d000 	/System/Library/Frameworks/CoreServices.framework/Versions/A/Frameworks/FSEvents.framework/Versions/A/FSEvents
0x000000000035d000 	/System/Library/Frameworks/CoreServices.framework/Versions/A/Frameworks/CarbonCore.framework/Versions/A/CarbonCore
0x000000000035d000 	/System/Library/Frameworks/CoreServices.framework/Versions/A/Frameworks/Metadata.framework/Versions/A/Metadata
0x000000000035d000 	/System/Library/Frameworks/CoreServices.framework/Versions/A/Frameworks/OSServices.framework/Versions/A/OSServices
0x000000000035d000 	/System/Library/Frameworks/CoreServices.framework/Versions/A/Frameworks/SearchKit.framework/Versions/A/SearchKit
0x000000000035d000 	/System/Library/Frameworks/CoreServices.framework/Versions/A/Frameworks/AE.framework/Versions/A/AE
0x000000000035d000 	/System/Library/Frameworks/CoreServices.framework/Versions/A/Frameworks/LaunchServices.framework/Versions/A/LaunchServices
0x000000000035d000 	/System/Library/Frameworks/CoreServices.framework/Versions/A/Frameworks/DictionaryServices.framework/Versions/A/DictionaryServices
0x000000000035d000 	/System/Library/Frameworks/NetFS.framework/Versions/A/NetFS
0x000000000035d000 	/System/Library/PrivateFrameworks/NetAuth.framework/Versions/A/NetAuth
0x000000000035d000 	/System/Library/PrivateFrameworks/login.framework/Versions/A/Frameworks/loginsupport.framework/Versions/A/loginsupport
0x000000000035d000 	/System/Library/PrivateFrameworks/TCC.framework/Versions/A/TCC
0x000000000035d000 	/usr/lib/libmecabra.dylib
0x000000000035d000 	/System/Library/Frameworks/ApplicationServices.framework/Versions/A/Frameworks/ATS.framework/Versions/A/ATS
0x000000000035d000 	/System/Library/Frameworks/ApplicationServices.framework/Versions/A/Frameworks/ColorSync.framework/Versions/A/ColorSync
0x000000000035d000 	/System/Library/Frameworks/ApplicationServices.framework/Versions/A/Frameworks/HIServices.framework/Versions/A/HIServices
0x000000000035d000 	/System/Library/Frameworks/ApplicationServices.framework/Versions/A/Frameworks/LangAnalysis.framework/Versions/A/LangAnalysis
0x000000000035d000 	/System/Library/Frameworks/ApplicationServices.framework/Versions/A/Frameworks/PrintCore.framework/Versions/A/PrintCore
0x000000000035d000 	/System/Library/Frameworks/ApplicationServices.framework/Versions/A/Frameworks/QD.framework/Versions/A/QD
0x000000000035d000 	/System/Library/Frameworks/ApplicationServices.framework/Versions/A/Frameworks/SpeechSynthesis.framework/Versions/A/SpeechSynthesis
0x000000000035d000 	/System/Library/Frameworks/Accelerate.framework/Versions/A/Accelerate
0x000000000035d000 	/System/Library/Frameworks/Accelerate.framework/Versions/A/Frameworks/vImage.framework/Versions/A/vImage
0x000000000035d000 	/System/Library/Frameworks/Accelerate.framework/Versions/A/Frameworks/vecLib.framework/Versions/A/vecLib
0x000000000035d000 	/System/Library/Frameworks/Accelerate.framework/Versions/A/Frameworks/vecLib.framework/Versions/A/libvDSP.dylib
0x000000000035d000 	/System/Library/Frameworks/Accelerate.framework/Versions/A/Frameworks/vecLib.framework/Versions/A/libvMisc.dylib
0x000000000035d000 	/System/Library/Frameworks/Accelerate.framework/Versions/A/Frameworks/vecLib.framework/Versions/A/libLAPACK.dylib
0x000000000035d000 	/System/Library/Frameworks/Accelerate.framework/Versions/A/Frameworks/vecLib.framework/Versions/A/libBLAS.dylib
0x000000000035d000 	/System/Library/Frameworks/Accelerate.framework/Versions/A/Frameworks/vecLib.framework/Versions/A/libLinearAlgebra.dylib
0x000000000035d000 	/System/Library/Frameworks/ApplicationServices.framework/Versions/A/Frameworks/ATS.framework/Versions/A/Resources/libFontParser.dylib
0x000000000035d000 	/System/Library/Frameworks/ApplicationServices.framework/Versions/A/Frameworks/ATS.framework/Versions/A/Resources/libFontRegistry.dylib
0x000000000035d000 	/System/Library/PrivateFrameworks/AppleVPA.framework/Versions/A/AppleVPA
0x000000000035d000 	/System/Library/PrivateFrameworks/AppleJPEG.framework/Versions/A/AppleJPEG
0x000000000035d000 	/System/Library/Frameworks/ImageIO.framework/Versions/A/Resources/libJPEG.dylib
0x000000000035d000 	/System/Library/Frameworks/ImageIO.framework/Versions/A/Resources/libTIFF.dylib
0x000000000035d000 	/System/Library/Frameworks/ImageIO.framework/Versions/A/Resources/libPng.dylib
0x000000000035d000 	/System/Library/Frameworks/ImageIO.framework/Versions/A/Resources/libGIF.dylib
0x000000000035d000 	/System/Library/Frameworks/ImageIO.framework/Versions/A/Resources/libJP2.dylib
0x000000000035d000 	/System/Library/Frameworks/ImageIO.framework/Versions/A/Resources/libRadiance.dylib
0x000000000035d000 	/System/Library/Frameworks/CoreVideo.framework/Versions/A/CoreVideo
0x000000000035d000 	/System/Library/Frameworks/OpenGL.framework/Versions/A/Libraries/libGLU.dylib
0x000000000035d000 	/System/Library/Frameworks/OpenGL.framework/Versions/A/Libraries/libGFXShared.dylib
0x000000000035d000 	/System/Library/Frameworks/OpenGL.framework/Versions/A/Libraries/libGL.dylib
0x000000000035d000 	/System/Library/Frameworks/OpenGL.framework/Versions/A/Libraries/libGLImage.dylib
0x000000000035d000 	/System/Library/Frameworks/OpenGL.framework/Versions/A/Libraries/libCVMSPluginSupport.dylib
0x000000000035d000 	/System/Library/Frameworks/OpenGL.framework/Versions/A/Libraries/libCoreVMClient.dylib
0x000000000035d000 	/usr/lib/libcups.2.dylib
0x000000000035d000 	/System/Library/Frameworks/Kerberos.framework/Versions/A/Kerberos
0x000000000035d000 	/System/Library/Frameworks/GSS.framework/Versions/A/GSS
0x000000000035d000 	/usr/lib/libresolv.9.dylib
0x000000000035d000 	/usr/lib/libiconv.2.dylib
0x000000000035d000 	/System/Library/PrivateFrameworks/Heimdal.framework/Versions/A/Heimdal
0x000000000035d000 	/usr/lib/libheimdal-asn1.dylib
0x000000000035d000 	/System/Library/Frameworks/OpenDirectory.framework/Versions/A/OpenDirectory
0x000000000035d000 	/System/Library/PrivateFrameworks/CommonAuth.framework/Versions/A/CommonAuth
0x000000000035d000 	/System/Library/Frameworks/OpenDirectory.framework/Versions/A/Frameworks/CFOpenDirectory.framework/Versions/A/CFOpenDirectory
0x000000000035d000 	/System/Library/Frameworks/SecurityFoundation.framework/Versions/A/SecurityFoundation
0x000000000035d000 	/System/Library/PrivateFrameworks/LanguageModeling.framework/Versions/A/LanguageModeling
0x000000000035d000 	/usr/lib/libcmph.dylib
0x000000000035d000 	/System/Library/Frameworks/ServiceManagement.framework/Versions/A/ServiceManagement
0x000000000035d000 	/usr/lib/libxslt.1.dylib
0x000000000035d000 	/System/Library/Frameworks/Carbon.framework/Versions/A/Frameworks/Ink.framework/Versions/A/Ink
0x000000000035d000 	/System/Library/Frameworks/QuartzCore.framework/Versions/A/Frameworks/CoreImage.framework/Versions/A/CoreImage
0x000000000035d000 	/System/Library/PrivateFrameworks/CrashReporterSupport.framework/Versions/A/CrashReporterSupport
0x000000000035d000 	/System/Library/Frameworks/OpenCL.framework/Versions/A/OpenCL
0x000000000035d000 	/System/Library/PrivateFrameworks/FaceCore.framework/Versions/A/FaceCore
0x000000000035d000 	/System/Library/PrivateFrameworks/Ubiquity.framework/Versions/A/Ubiquity
0x000000000035d000 	/System/Library/PrivateFrameworks/IconServices.framework/Versions/A/IconServices
0x000000000035d000 	/System/Library/PrivateFrameworks/ChunkingLibrary.framework/Versions/A/ChunkingLibrary
0x000000000035d000 	/System/Library/PrivateFrameworks/Apple80211.framework/Versions/A/Apple80211
0x000000000035d000 	/System/Library/Frameworks/CoreWLAN.framework/Versions/A/CoreWLAN
0x000000000035d000 	/System/Library/Frameworks/IOBluetooth.framework/Versions/A/IOBluetooth
0x000000000035d000 	/System/Library/PrivateFrameworks/CoreWiFi.framework/Versions/A/CoreWiFi
0x000000000035d000 	/System/Library/Frameworks/CoreBluetooth.framework/Versions/A/CoreBluetooth
0x000000000035d000 	/System/Library/PrivateFrameworks/DebugSymbols.framework/Versions/A/DebugSymbols
0x000000000035d000 	/System/Library/PrivateFrameworks/CoreSymbolication.framework/Versions/A/CoreSymbolication
0x000000000035d000 	/System/Library/PrivateFrameworks/Symbolication.framework/Versions/A/Symbolication
0x000000000035d000 	/System/Library/PrivateFrameworks/SpeechRecognitionCore.framework/Versions/A/SpeechRecognitionCore
0x000000010c200000 	/Library/Java/JavaVirtualMachines/jdk1.8.0_60.jdk/Contents/Home/jre/lib/server/libjvm.dylib
0x000000000035d000 	/usr/lib/libstdc++.6.dylib
0x000000010b128000 	/Library/Java/JavaVirtualMachines/jdk1.8.0_60.jdk/Contents/Home/jre/lib/libverify.dylib
0x000000010b136000 	/Library/Java/JavaVirtualMachines/jdk1.8.0_60.jdk/Contents/Home/jre/lib/libjava.dylib
0x000000010b175000 	/Library/Java/JavaVirtualMachines/jdk1.8.0_60.jdk/Contents/Home/jre/lib/libzip.dylib
0x000000012431f000 	/System/Library/Frameworks/JavaVM.framework/Frameworks/JavaRuntimeSupport.framework/JavaRuntimeSupport
0x0000000124337000 	/System/Library/Frameworks/JavaVM.framework/Versions/A/Frameworks/JavaNativeFoundation.framework/Versions/A/JavaNativeFoundation
0x000000010b1ef000 	/System/Library/Frameworks/JavaVM.framework/Versions/A/JavaVM
0x000000000035d000 	/System/Library/Frameworks/Carbon.framework/Versions/A/Carbon
0x000000012434c000 	/System/Library/PrivateFrameworks/JavaLaunching.framework/Versions/A/JavaLaunching
0x000000000035d000 	/System/Library/Frameworks/Carbon.framework/Versions/A/Frameworks/CommonPanels.framework/Versions/A/CommonPanels
0x000000000035d000 	/System/Library/Frameworks/Carbon.framework/Versions/A/Frameworks/Help.framework/Versions/A/Help
0x000000000035d000 	/System/Library/Frameworks/Carbon.framework/Versions/A/Frameworks/ImageCapture.framework/Versions/A/ImageCapture
0x000000000035d000 	/System/Library/Frameworks/Carbon.framework/Versions/A/Frameworks/OpenScripting.framework/Versions/A/OpenScripting
0x000000000035d000 	/System/Library/Frameworks/Carbon.framework/Versions/A/Frameworks/Print.framework/Versions/A/Print
0x000000000035d000 	/System/Library/Frameworks/Carbon.framework/Versions/A/Frameworks/SecurityHI.framework/Versions/A/SecurityHI
0x000000012639f000 	/Library/Java/JavaVirtualMachines/jdk1.8.0_60.jdk/Contents/Home/jre/lib/libnet.dylib
0x0000000126402000 	/Library/Java/JavaVirtualMachines/jdk1.8.0_60.jdk/Contents/Home/jre/lib/libnio.dylib
0x0000000166f17000 	/Users/mschoett1/Code/dxram/jni/libJNIconsole.dylib
0x000000000035d000 	/usr/lib/libncurses.5.4.dylib

VM Arguments:
jvm_args: -Dnetwork.ip=127.0.0.1 -Dnetwork.port=22299 -Ddxram.role=Monitor -Dlog4j.configuration=file:////Users/mschoett1/Code/dxram/config/log4j.properties 
java_command: de.uniduesseldorf.dxram.run.Monitor
java_class_path (initial): lib/slf4j-log4j12-1.6.1.jar:lib/slf4j-api-1.6.1.jar:lib/zookeeper-3.4.3.jar:lib/log4j-1.2.16.jar:bin/
Launcher Type: SUN_STANDARD

Environment Variables:
JAVA_HOME=/Library/Java/JavaVirtualMachines/jdk1.8.0_60.jdk/Contents/Home
PATH=/Users/mschoett1/Scripts:/Users/mschoett1/Code/apache-ant-1.9.4/bin:/Users/mschoett1/Code/apache-maven-3.3.1/bin:/Users/mschoett1/Code/apache-spark-1.3.0/bin:/usr/local/bin:/usr/bin:/bin:/usr/sbin:/sbin:/opt/X11/bin:/usr/local/MacGPG2/bin:/Users/mschoett1/Code/myCPU/cc65/bin
SHELL=/bin/bash
DISPLAY=/private/tmp/com.apple.launchd.Yf1yyNnSCQ/org.macosforge.xquartz:0

Signal Handlers:
SIGSEGV: [libjvm.dylib+0x5a6d31], sa_mask[0]=11111111011111110111111111111111, sa_flags=SA_ONSTACK|SA_RESTART|SA_SIGINFO
SIGBUS: [libjvm.dylib+0x5a6d31], sa_mask[0]=11111111011111110111111111111111, sa_flags=SA_RESTART|SA_SIGINFO
SIGFPE: [libjvm.dylib+0x480a4c], sa_mask[0]=11111111011111110111111111111111, sa_flags=SA_RESTART|SA_SIGINFO
SIGPIPE: [libjvm.dylib+0x480a4c], sa_mask[0]=11111111011111110111111111111111, sa_flags=SA_RESTART|SA_SIGINFO
SIGXFSZ: [libjvm.dylib+0x480a4c], sa_mask[0]=11111111011111110111111111111111, sa_flags=SA_RESTART|SA_SIGINFO
SIGILL: [libjvm.dylib+0x480a4c], sa_mask[0]=11111111011111110111111111111111, sa_flags=SA_RESTART|SA_SIGINFO
SIGUSR1: SIG_DFL, sa_mask[0]=11011111011111100000000111000110, sa_flags=none
SIGUSR2: [libjvm.dylib+0x48056a], sa_mask[0]=00000000000000000000000000000000, sa_flags=SA_RESTART|SA_SIGINFO
SIGHUP: [libjvm.dylib+0x47eb41], sa_mask[0]=11111111011111110111111111111111, sa_flags=SA_RESTART|SA_SIGINFO
SIGINT: [libjvm.dylib+0x47eb41], sa_mask[0]=11111111011111110111111111111111, sa_flags=SA_RESTART|SA_SIGINFO
SIGTERM: [libjvm.dylib+0x47eb41], sa_mask[0]=11111111011111110111111111111111, sa_flags=SA_RESTART|SA_SIGINFO
SIGQUIT: [libjvm.dylib+0x47eb41], sa_mask[0]=11111111011111110111111111111111, sa_flags=SA_RESTART|SA_SIGINFO


---------------  S Y S T E M  ---------------

OS:Bsduname:Darwin 14.4.0 Darwin Kernel Version 14.4.0: Thu May 28 11:35:04 PDT 2015; root:xnu-2782.30.5~1/RELEASE_X86_64 x86_64
rlimit: STACK 8192k, CORE 0k, NPROC 709, NOFILE 10240, AS infinity
load average:2.25 2.33 2.18

CPU:total 8 (4 cores per cpu, 2 threads per core) family 6 model 42 stepping 7, cmov, cx8, fxsr, mmx, sse, sse2, sse3, ssse3, sse4.1, sse4.2, popcnt, avx, aes, clmul, ht, tsc, tscinvbit

Memory: 4k page, physical 8388608k(89316k free)

/proc/meminfo:


vm_info: Java HotSpot(TM) 64-Bit Server VM (25.60-b23) for bsd-amd64 JRE (1.8.0_60-b27), built on Aug  4 2015 10:47:24 by "java_re" with gcc 4.2.1 (Based on Apple Inc. build 5658) (LLVM build 2336.11.00)

time: Tue Sep 15 22:25:31 2015
elapsed time: 73 seconds (0d 0h 1m 13s)

