#
# A fatal error has been detected by the Java Runtime Environment:
#
#  SIGSEGV (0xb) at pc=0x00007fff92ca5152, pid=2895, tid=4867
#
# JRE version: Java(TM) SE Runtime Environment (8.0_60-b27) (build 1.8.0_60-b27)
# Java VM: Java HotSpot(TM) 64-Bit Server VM (25.60-b23 mixed mode bsd-amd64 compressed oops)
# Problematic frame:
# C  [libsystem_c.dylib+0x1152]  strlen+0x12
#
# Failed to write core dump. Core dumps have been disabled. To enable core dumping, try "ulimit -c unlimited" before starting Java again
#
# If you would like to submit a bug report, please visit:
#   http://bugreport.java.com/bugreport/crash.jsp
# The crash happened outside the Java Virtual Machine in native code.
# See problematic frame for where to report the bug.
#

---------------  T H R E A D  ---------------

Current thread (0x00007fba6b802800):  JavaThread "main" [_thread_in_native, id=4867, stack(0x0000000105c2b000,0x0000000105d2b000)]

siginfo: si_signo: 11 (SIGSEGV), si_code: 1 (SEGV_MAPERR), si_addr: 0x0000000000000000

Registers:
RAX=0x0000000000000005, RBX=0x000000011caf14f8, RCX=0x0000000000000000, RDX=0x0000000000000000
RSP=0x0000000105d2a790, RBP=0x0000000105d2a790, RSI=0x00007fba6a800000, RDI=0x0000000000000000
R8 =0x0000000000000001, R9 =0x00000000fffffff0, R10=0x0000000000000002, R11=0x00007fba6a800000
R12=0x0000000000000000, R13=0x000000011caf14f8, R14=0x0000000105d2a878, R15=0x00007fba6b802800
RIP=0x00007fff92ca5152, EFLAGS=0x0000000000010246, ERR=0x0000000000000004
  TRAPNO=0x000000000000000e

Top of Stack: (sp=0x0000000105d2a790)
0x0000000105d2a790:   0000000105d2a810 0000000161c02e9e
0x0000000105d2a7a0:   000000011c54f4dc 0000000105d2a7f8
0x0000000105d2a7b0:   000000011c5511c0 0000000000000000
0x0000000105d2a7c0:   000000011c54f538 0000000000000000
0x0000000105d2a7d0:   0000000105d2a7f8 0000000105d2a850
0x0000000105d2a7e0:   0000000161c274f2 0000000000000000
0x0000000105d2a7f0:   0000000105d2a870 00007fba6b8029f8
0x0000000105d2a800:   0000000000000009 7900d3437699b250
0x0000000105d2a810:   0000000105d2a860 0000000107d9e954
0x0000000105d2a820:   0000000105d2a820 0000000000000000
0x0000000105d2a830:   0000000105d2a878 000000011caf1580
0x0000000105d2a840:   0000000000000000 000000011caf14f8
0x0000000105d2a850:   0000000000000000 0000000105d2a880
0x0000000105d2a860:   0000000105d2a8c0 0000000107d909d0
0x0000000105d2a870:   0000000797610c90 0000000107d9857b
0x0000000105d2a880:   0000000105d2a880 000000011cae8048
0x0000000105d2a890:   0000000105d2a8e8 000000011caef828
0x0000000105d2a8a0:   0000000000000000 000000011cae80d8
0x0000000105d2a8b0:   0000000105d2a880 0000000105d2a8f0
0x0000000105d2a8c0:   0000000105d2a930 0000000107d90c4d
0x0000000105d2a8d0:   0000000000000000 0000000796942d28
0x0000000105d2a8e0:   0000000796942d78 0000000796942d38
0x0000000105d2a8f0:   0000000105d2a8f0 000000011c80d467
0x0000000105d2a900:   0000000105d2a948 000000011c80d970
0x0000000105d2a910:   0000000000000000 000000011c80d4a0
0x0000000105d2a920:   0000000105d2a8f0 0000000105d2a948
0x0000000105d2a930:   0000000105d2a9b0 0000000107d897a7
0x0000000105d2a940:   0000000000000000 0000000797610cf8
0x0000000105d2a950:   0000000100001fa0 000000000000000a
0x0000000105d2a960:   00007fba6b802800 0000000000000001
0x0000000105d2a970:   0000000107d8971f 000000011c80d4a0
0x0000000105d2a980:   0000000105d2aa48 0000000105d2add0 

Instructions: (pc=0x00007fff92ca5152)
0x00007fff92ca5132:   0e 01 f3 0f 7f 44 0f 01 5d c3 90 90 90 90 55 48
0x00007fff92ca5142:   89 e5 48 89 f9 48 89 fa 48 83 e7 f0 66 0f ef c0
0x00007fff92ca5152:   66 0f 74 07 66 0f d7 f0 48 83 e1 0f 48 83 c8 ff
0x00007fff92ca5162:   48 d3 e0 21 c6 74 17 0f bc c6 48 29 d7 48 01 f8 

Register to memory mapping:

RAX=0x0000000000000005 is an unknown value
RBX={method} {0x000000011caf14f8} 'readline' '()[B' in 'de/uniduesseldorf/dxram/utils/JNIconsole'
RCX=0x0000000000000000 is an unknown value
RDX=0x0000000000000000 is an unknown value
RSP=0x0000000105d2a790 is pointing into the stack for thread: 0x00007fba6b802800
RBP=0x0000000105d2a790 is pointing into the stack for thread: 0x00007fba6b802800
RSI=0x00007fba6a800000 is an unknown value
RDI=0x0000000000000000 is an unknown value
R8 =0x0000000000000001 is an unknown value
R9 =0x00000000fffffff0 is an unknown value
R10=0x0000000000000002 is an unknown value
R11=0x00007fba6a800000 is an unknown value
R12=0x0000000000000000 is an unknown value
R13={method} {0x000000011caf14f8} 'readline' '()[B' in 'de/uniduesseldorf/dxram/utils/JNIconsole'
R14=0x0000000105d2a878 is pointing into the stack for thread: 0x00007fba6b802800
R15=0x00007fba6b802800 is a thread


Stack: [0x0000000105c2b000,0x0000000105d2b000],  sp=0x0000000105d2a790,  free space=1021k
Native frames: (J=compiled Java code, j=interpreted, Vv=VM code, C=native code)
C  [libsystem_c.dylib+0x1152]  strlen+0x12
C  [libJNIconsole.dylib+0xe9e]  Java_de_uniduesseldorf_dxram_utils_JNIconsole_readline+0x4e
j  de.uniduesseldorf.dxram.utils.JNIconsole.readline()[B+0
j  de.uniduesseldorf.dxram.commands.Shell.loop()V+8
j  de.uniduesseldorf.dxram.run.Monitor.main([Ljava/lang/String;)V+47
v  ~StubRoutines::call_stub
V  [libjvm.dylib+0x2eab0e]  JavaCalls::call_helper(JavaValue*, methodHandle*, JavaCallArguments*, Thread*)+0x6ae
V  [libjvm.dylib+0x321820]  jni_invoke_static(JNIEnv_*, JavaValue*, _jobject*, JNICallType, _jmethodID*, JNI_ArgumentPusher*, Thread*)+0x1bf
V  [libjvm.dylib+0x31a59a]  jni_CallStaticVoidMethod+0x15d
C  [java+0x393e]  JavaMain+0x9b1
C  [libsystem_pthread.dylib+0x3268]  _pthread_body+0x83
C  [libsystem_pthread.dylib+0x31e5]  _pthread_body+0x0
C  [libsystem_pthread.dylib+0x141d]  thread_start+0xd
C  0x0000000000000000

Java frames: (J=compiled Java code, j=interpreted, Vv=VM code)
j  de.uniduesseldorf.dxram.utils.JNIconsole.readline()[B+0
j  de.uniduesseldorf.dxram.commands.Shell.loop()V+8
j  de.uniduesseldorf.dxram.run.Monitor.main([Ljava/lang/String;)V+47
v  ~StubRoutines::call_stub

---------------  P R O C E S S  ---------------

Java Threads: ( => current thread )
  0x00007fba6989f000 JavaThread "NIO-thread-3" daemon [_thread_in_native, id=24075, stack(0x000000012126a000,0x000000012136a000)]
  0x00007fba6c901800 JavaThread "MessageHandler-thread-10" daemon [_thread_blocked, id=34563, stack(0x0000000162e3f000,0x0000000162f3f000)]
  0x00007fba698a6800 JavaThread "MessageHandler-thread-9" daemon [_thread_blocked, id=34051, stack(0x0000000162d3c000,0x0000000162e3c000)]
  0x00007fba6c900800 JavaThread "MessageHandler-thread-8" daemon [_thread_blocked, id=33539, stack(0x0000000162c39000,0x0000000162d39000)]
  0x00007fba6a10e000 JavaThread "MessageHandler-thread-7" daemon [_thread_blocked, id=33027, stack(0x0000000162b36000,0x0000000162c36000)]
  0x00007fba698e9800 JavaThread "MessageHandler-thread-6" daemon [_thread_blocked, id=32515, stack(0x0000000162637000,0x0000000162737000)]
  0x00007fba6a10b800 JavaThread "MessageHandler-thread-5" daemon [_thread_blocked, id=32003, stack(0x0000000162369000,0x0000000162469000)]
  0x00007fba6c09b800 JavaThread "Default-thread-10" daemon [_thread_blocked, id=31491, stack(0x0000000162266000,0x0000000162366000)]
  0x00007fba69898000 JavaThread "MessageHandler-thread-4" daemon [_thread_blocked, id=30979, stack(0x0000000162163000,0x0000000162263000)]
  0x00007fba6a115800 JavaThread "Default-thread-9" daemon [_thread_blocked, id=30467, stack(0x0000000162060000,0x0000000162160000)]
  0x00007fba6a114800 JavaThread "Default-thread-8" daemon [_thread_blocked, id=29955, stack(0x0000000161f5d000,0x000000016205d000)]
  0x00007fba6a10a800 JavaThread "MessageHandler-thread-3" daemon [_thread_blocked, id=29443, stack(0x0000000161e5a000,0x0000000161f5a000)]
  0x00007fba6c09a000 JavaThread "Default-thread-7" daemon [_thread_blocked, id=28931, stack(0x0000000161d57000,0x0000000161e57000)]
  0x00007fba6a109800 JavaThread "Default-thread-6" daemon [_thread_blocked, id=28419, stack(0x0000000161c54000,0x0000000161d54000)]
  0x00007fba6a0c2000 JavaThread "MessageHandler-thread-2" daemon [_thread_blocked, id=27907, stack(0x0000000161b00000,0x0000000161c00000)]
  0x00007fba6a09e800 JavaThread "Default-thread-5" daemon [_thread_blocked, id=27395, stack(0x00000001619fd000,0x0000000161afd000)]
  0x00007fba6d032000 JavaThread "Default-thread-4" daemon [_thread_blocked, id=26883, stack(0x00000001618fa000,0x00000001619fa000)]
  0x00007fba6a081800 JavaThread "MessageHandler-thread-1" daemon [_thread_blocked, id=26371, stack(0x00000001217f6000,0x00000001218f6000)]
  0x00007fba6c8fd800 JavaThread "Default-thread-3" daemon [_thread_blocked, id=25859, stack(0x00000001216f3000,0x00000001217f3000)]
  0x00007fba6c8fc800 JavaThread "Default-thread-2" daemon [_thread_blocked, id=25347, stack(0x00000001215f0000,0x00000001216f0000)]
  0x00007fba6c951000 JavaThread "Default-thread-1" daemon [_thread_blocked, id=24835, stack(0x00000001214ed000,0x00000001215ed000)]
  0x00007fba6c095800 JavaThread "NetworkStatistic" daemon [_thread_blocked, id=24323, stack(0x00000001213ea000,0x00000001214ea000)]
  0x00007fba6c8b1000 JavaThread "main-EventThread" daemon [_thread_blocked, id=22275, stack(0x0000000121018000,0x0000000121118000)]
  0x00007fba6c8b0000 JavaThread "main-SendThread(localhost:2181)" daemon [_thread_in_native, id=21763, stack(0x0000000120f15000,0x0000000121015000)]
  0x00007fba69826000 JavaThread "Service Thread" daemon [_thread_blocked, id=20739, stack(0x0000000120c48000,0x0000000120d48000)]
  0x00007fba6c826000 JavaThread "C1 CompilerThread3" daemon [_thread_blocked, id=20227, stack(0x0000000120b45000,0x0000000120c45000)]
  0x00007fba6c818000 JavaThread "C2 CompilerThread2" daemon [_thread_blocked, id=19715, stack(0x0000000120a42000,0x0000000120b42000)]
  0x00007fba6c817000 JavaThread "C2 CompilerThread1" daemon [_thread_blocked, id=19203, stack(0x000000012093f000,0x0000000120a3f000)]
  0x00007fba6c810800 JavaThread "C2 CompilerThread0" daemon [_thread_blocked, id=18691, stack(0x000000012083c000,0x000000012093c000)]
  0x00007fba6c815000 JavaThread "Signal Dispatcher" daemon [_thread_blocked, id=15383, stack(0x0000000120739000,0x0000000120839000)]
  0x00007fba69823000 JavaThread "Finalizer" daemon [_thread_blocked, id=13571, stack(0x000000011ed1a000,0x000000011ee1a000)]
  0x00007fba69822800 JavaThread "Reference Handler" daemon [_thread_blocked, id=13059, stack(0x000000011ec17000,0x000000011ed17000)]
=>0x00007fba6b802800 JavaThread "main" [_thread_in_native, id=4867, stack(0x0000000105c2b000,0x0000000105d2b000)]

Other Threads:
  0x00007fba69820000 VMThread [stack: 0x000000011eb14000,0x000000011ec14000] [id=12547]
  0x00007fba6c847000 WatcherThread [stack: 0x0000000120d4b000,0x0000000120e4b000] [id=21251]

VM state:not at safepoint (normal execution)

VM Mutex/Monitor currently owned by a thread: None

Heap:
 PSYoungGen      total 38400K, used 23714K [0x0000000795580000, 0x0000000798000000, 0x00000007c0000000)
  eden space 33280K, 62% used [0x0000000795580000,0x00000007969ad060,0x0000000797600000)
  from space 5120K, 59% used [0x0000000797600000,0x00000007978fb7a0,0x0000000797b00000)
  to   space 5120K, 0% used [0x0000000797b00000,0x0000000797b00000,0x0000000798000000)
 ParOldGen       total 87552K, used 16K [0x0000000740000000, 0x0000000745580000, 0x0000000795580000)
  object space 87552K, 0% used [0x0000000740000000,0x0000000740004000,0x0000000745580000)
 Metaspace       used 8219K, capacity 8358K, committed 8448K, reserved 1056768K
  class space    used 949K, capacity 1017K, committed 1024K, reserved 1048576K

Card table byte_map: [0x0000000117149000,0x000000011754a000] byte_map_base: 0x0000000113749000

Marking Bits: (ParMarkBitMap*) 0x00000001076dee20
 Begin Bits: [0x000000011800d000, 0x000000011a00d000)
 End Bits:   [0x000000011a00d000, 0x000000011c00d000)

Polling page: 0x0000000105d70000

CodeCache: size=245760Kb used=3083Kb max_used=3083Kb free=242676Kb
 bounds [0x0000000107d89000, 0x0000000108099000, 0x0000000116d89000]
 total_blobs=1149 nmethods=809 adapters=254
 compilation: enabled

Compilation events (10 events):
Event: 180.591 Thread 0x00007fba6c826000  805   !   3       org.apache.zookeeper.ClientCnxnSocketNIO::doTransport (193 bytes)
Event: 180.594 Thread 0x00007fba6c826000 nmethod 805 0x0000000108089f50 code [0x000000010808a280, 0x000000010808c038]
Event: 197.278 Thread 0x00007fba6c826000  806       3       java.io.DataOutputStream::writeInt (65 bytes)
Event: 197.279 Thread 0x00007fba6c826000 nmethod 806 0x000000010808cd10 code [0x000000010808cec0, 0x000000010808d418]
Event: 200.616 Thread 0x00007fba6c826000  807       3       org.apache.jute.BinaryOutputArchive::writeInt (11 bytes)
Event: 200.616 Thread 0x00007fba6c826000 nmethod 807 0x000000010808d5d0 code [0x000000010808d740, 0x000000010808d928]
Event: 227.314 Thread 0x00007fba6c826000  808       3       java.nio.Buffer::rewind (12 bytes)
Event: 227.314 Thread 0x00007fba6c826000 nmethod 808 0x000000010808da10 code [0x000000010808db60, 0x000000010808dcd0]
Event: 254.009 Thread 0x00007fba6c826000  809       3       java.util.LinkedList::unlinkFirst (64 bytes)
Event: 254.010 Thread 0x00007fba6c826000 nmethod 809 0x000000010808dd50 code [0x000000010808dec0, 0x000000010808e110]

GC Heap History (2 events):
Event: 44.088 GC heap before
{Heap before GC invocations=1 (full 0):
 PSYoungGen      total 38400K, used 33280K [0x0000000795580000, 0x0000000798000000, 0x00000007c0000000)
  eden space 33280K, 100% used [0x0000000795580000,0x0000000797600000,0x0000000797600000)
  from space 5120K, 0% used [0x0000000797b00000,0x0000000797b00000,0x0000000798000000)
  to   space 5120K, 0% used [0x0000000797600000,0x0000000797600000,0x0000000797b00000)
 ParOldGen       total 87552K, used 0K [0x0000000740000000, 0x0000000745580000, 0x0000000795580000)
  object space 87552K, 0% used [0x0000000740000000,0x0000000740000000,0x0000000745580000)
 Metaspace       used 8073K, capacity 8198K, committed 8448K, reserved 1056768K
  class space    used 928K, capacity 985K, committed 1024K, reserved 1048576K
Event: 44.104 GC heap after
Heap after GC invocations=1 (full 0):
 PSYoungGen      total 38400K, used 3053K [0x0000000795580000, 0x0000000798000000, 0x00000007c0000000)
  eden space 33280K, 0% used [0x0000000795580000,0x0000000795580000,0x0000000797600000)
  from space 5120K, 59% used [0x0000000797600000,0x00000007978fb7a0,0x0000000797b00000)
  to   space 5120K, 0% used [0x0000000797b00000,0x0000000797b00000,0x0000000798000000)
 ParOldGen       total 87552K, used 16K [0x0000000740000000, 0x0000000745580000, 0x0000000795580000)
  object space 87552K, 0% used [0x0000000740000000,0x0000000740004000,0x0000000745580000)
 Metaspace       used 8073K, capacity 8198K, committed 8448K, reserved 1056768K
  class space    used 928K, capacity 985K, committed 1024K, reserved 1048576K
}

Deoptimization events (10 events):
Event: 11.446 Thread 0x00007fba6d031000 Uncommon trap: reason=unstable_if action=reinterpret pc=0x0000000107ff5ea0 method=java.util.HashMap$HashIterator.nextNode()Ljava/util/HashMap$Node; @ 95
Event: 11.448 Thread 0x00007fba6d031000 Uncommon trap: reason=unstable_if action=reinterpret pc=0x0000000108005274 method=de.uniduesseldorf.dxram.core.net.NIOConnectionCreator$SelectionKeyHandler.run()V @ 105
Event: 11.448 Thread 0x00007fba6d031000 Uncommon trap: reason=unstable_if action=reinterpret pc=0x0000000107ff387c method=java.util.ArrayDeque.isEmpty()Z @ 8
Event: 11.449 Thread 0x00007fba6d031000 Uncommon trap: reason=unstable_if action=reinterpret pc=0x0000000108003440 method=java.util.ArrayDeque.isEmpty()Z @ 8
Event: 13.585 Thread 0x00007fba6c09b800 Uncommon trap: reason=unstable_if action=reinterpret pc=0x0000000107ff6698 method=java.util.concurrent.locks.AbstractQueuedSynchronizer.release(I)Z @ 14
Event: 14.586 Thread 0x00007fba6a10b800 Uncommon trap: reason=unstable_if action=reinterpret pc=0x0000000107ff6698 method=java.util.concurrent.locks.AbstractQueuedSynchronizer.release(I)Z @ 14
Event: 119.814 Thread 0x00007fba6d031000 Uncommon trap: reason=unstable_if action=reinterpret pc=0x000000010801c0d0 method=java.util.HashMap.removeNode(ILjava/lang/Object;Ljava/lang/Object;ZZ)Ljava/util/HashMap$Node; @ 58
Event: 119.815 Thread 0x00007fba698a0800 Uncommon trap: reason=unstable_if action=reinterpret pc=0x000000010803749c method=sun.nio.ch.SelectorImpl.processDeregisterQueue()V @ 15
Event: 119.815 Thread 0x00007fba698a0800 Uncommon trap: reason=unstable_if action=reinterpret pc=0x0000000108028038 method=java.util.HashMap.keySet()Ljava/util/Set; @ 6
Event: 123.882 Thread 0x00007fba6989f000 Uncommon trap: reason=unstable_if action=reinterpret pc=0x0000000107ff519c method=sun.nio.ch.SelectorImpl.processDeregisterQueue()V @ 15

Internal exceptions (10 events):
Event: 0.184 Thread 0x00007fba6b802800 Exception <a 'java/lang/ClassNotFoundException': org/apache/log4j/LayoutCustomizer> (0x00000007958eb618) thrown at [/Users/java_re/workspace/8-2-build-macosx-x86_64/jdk8u60/4407/hotspot/src/share/vm/classfile/systemDictionary.cpp, line 210]
Event: 0.186 Thread 0x00007fba6b802800 Exception <a 'java/lang/ClassNotFoundException': org/apache/log4j/PatternLayoutCustomizer> (0x00000007959000a8) thrown at [/Users/java_re/workspace/8-2-build-macosx-x86_64/jdk8u60/4407/hotspot/src/share/vm/classfile/systemDictionary.cpp, line 210]
Event: 0.205 Thread 0x00007fba6b802800 Exception <a 'java/security/PrivilegedActionException'> (0x0000000795952180) thrown at [/Users/java_re/workspace/8-2-build-macosx-x86_64/jdk8u60/4407/hotspot/src/share/vm/prims/jvm.cpp, line 1386]
Event: 0.205 Thread 0x00007fba6b802800 Exception <a 'java/security/PrivilegedActionException'> (0x0000000795952578) thrown at [/Users/java_re/workspace/8-2-build-macosx-x86_64/jdk8u60/4407/hotspot/src/share/vm/prims/jvm.cpp, line 1386]
Event: 0.205 Thread 0x00007fba6b802800 Exception <a 'java/security/PrivilegedActionException'> (0x0000000795955be8) thrown at [/Users/java_re/workspace/8-2-build-macosx-x86_64/jdk8u60/4407/hotspot/src/share/vm/prims/jvm.cpp, line 1386]
Event: 0.205 Thread 0x00007fba6b802800 Exception <a 'java/security/PrivilegedActionException'> (0x0000000795955fe0) thrown at [/Users/java_re/workspace/8-2-build-macosx-x86_64/jdk8u60/4407/hotspot/src/share/vm/prims/jvm.cpp, line 1386]
Event: 0.228 Thread 0x00007fba6b802800 Exception <a 'java/net/BindException'> (0x00000007959984c8) thrown at [/Users/java_re/workspace/8-2-build-macosx-x86_64/jdk8u60/4407/hotspot/src/share/vm/prims/jni.cpp, line 709]
Event: 0.229 Thread 0x00007fba6b802800 Exception <a 'java/net/BindException'> (0x0000000795998978) thrown at [/Users/java_re/workspace/8-2-build-macosx-x86_64/jdk8u60/4407/hotspot/src/share/vm/prims/jni.cpp, line 709]
Event: 0.380 Thread 0x00007fba6c8b0000 Exception <a 'java/lang/NoSuchFieldError': method resolution failed> (0x0000000795d8a480) thrown at [/Users/java_re/workspace/8-2-build-macosx-x86_64/jdk8u60/4407/hotspot/src/share/vm/prims/methodHandles.cpp, line 1146]
Event: 0.383 Thread 0x00007fba6c8b0000 Exception <a 'java/lang/NoSuchFieldError': method resolution failed> (0x0000000795d97988) thrown at [/Users/java_re/workspace/8-2-build-macosx-x86_64/jdk8u60/4407/hotspot/src/share/vm/prims/methodHandles.cpp, line 1146]

Events (10 events):
Event: 123.865 loading class java/io/LineNumberReader done
Event: 123.865 Executing VM operation: Deoptimize
Event: 123.865 Executing VM operation: Deoptimize done
Event: 123.882 Thread 0x00007fba6989f000 Thread added: 0x00007fba6989f000
Event: 123.882 Thread 0x00007fba6989f000 Uncommon trap: trap_request=0xffffff65 fr.pc=0x0000000107ff519c
Event: 123.882 Thread 0x00007fba6989f000 DEOPT PACKING pc=0x0000000107ff519c sp=0x0000000121369510
Event: 123.882 Thread 0x00007fba6989f000 DEOPT UNPACKING pc=0x0000000107d8e229 sp=0x00000001213694a8 mode 2
Event: 123.883 Executing VM operation: RevokeBias
Event: 123.883 Executing VM operation: RevokeBias done
Event: 123.883 Thread 0x00007fba698a0800 Thread exited: 0x00007fba698a0800


Dynamic libraries:
0x000000000bbca000 	/System/Library/Frameworks/Cocoa.framework/Versions/A/Cocoa
0x000000000bbca000 	/System/Library/Frameworks/Security.framework/Versions/A/Security
0x000000000bbca000 	/System/Library/Frameworks/ApplicationServices.framework/Versions/A/ApplicationServices
0x000000000bbca000 	/usr/lib/libz.1.dylib
0x000000000bbca000 	/usr/lib/libSystem.B.dylib
0x000000000bbca000 	/usr/lib/libobjc.A.dylib
0x000000000bbca000 	/System/Library/Frameworks/CoreFoundation.framework/Versions/A/CoreFoundation
0x000000000bbca000 	/System/Library/Frameworks/Foundation.framework/Versions/C/Foundation
0x000000000bbca000 	/System/Library/Frameworks/AppKit.framework/Versions/C/AppKit
0x000000000bbca000 	/System/Library/Frameworks/CoreData.framework/Versions/A/CoreData
0x000000000bbca000 	/System/Library/PrivateFrameworks/RemoteViewServices.framework/Versions/A/RemoteViewServices
0x000000000bbca000 	/System/Library/PrivateFrameworks/UIFoundation.framework/Versions/A/UIFoundation
0x000000000bbca000 	/System/Library/Frameworks/IOSurface.framework/Versions/A/IOSurface
0x000000000bbca000 	/System/Library/Frameworks/AudioToolbox.framework/Versions/A/AudioToolbox
0x000000000bbca000 	/System/Library/Frameworks/AudioUnit.framework/Versions/A/AudioUnit
0x000000000bbca000 	/System/Library/PrivateFrameworks/DataDetectorsCore.framework/Versions/A/DataDetectorsCore
0x000000000bbca000 	/System/Library/PrivateFrameworks/DesktopServicesPriv.framework/Versions/A/DesktopServicesPriv
0x000000000bbca000 	/System/Library/Frameworks/Carbon.framework/Versions/A/Frameworks/HIToolbox.framework/Versions/A/HIToolbox
0x000000000bbca000 	/System/Library/Frameworks/QuartzCore.framework/Versions/A/QuartzCore
0x000000000bbca000 	/System/Library/Frameworks/Carbon.framework/Versions/A/Frameworks/SpeechRecognition.framework/Versions/A/SpeechRecognition
0x000000000bbca000 	/usr/lib/libauto.dylib
0x000000000bbca000 	/usr/lib/libicucore.A.dylib
0x000000000bbca000 	/usr/lib/libxml2.2.dylib
0x000000000bbca000 	/System/Library/PrivateFrameworks/CoreUI.framework/Versions/A/CoreUI
0x000000000bbca000 	/System/Library/Frameworks/CoreAudio.framework/Versions/A/CoreAudio
0x000000000bbca000 	/System/Library/Frameworks/DiskArbitration.framework/Versions/A/DiskArbitration
0x000000000bbca000 	/usr/lib/liblangid.dylib
0x000000000bbca000 	/System/Library/PrivateFrameworks/MultitouchSupport.framework/Versions/A/MultitouchSupport
0x000000000bbca000 	/System/Library/Frameworks/IOKit.framework/Versions/A/IOKit
0x000000000bbca000 	/usr/lib/libDiagnosticMessagesClient.dylib
0x000000000bbca000 	/System/Library/Frameworks/CoreServices.framework/Versions/A/CoreServices
0x000000000bbca000 	/System/Library/PrivateFrameworks/PerformanceAnalysis.framework/Versions/A/PerformanceAnalysis
0x000000000bbca000 	/System/Library/PrivateFrameworks/GenerationalStorage.framework/Versions/A/GenerationalStorage
0x000000000bbca000 	/System/Library/Frameworks/OpenGL.framework/Versions/A/OpenGL
0x000000000bbca000 	/System/Library/PrivateFrameworks/Sharing.framework/Versions/A/Sharing
0x000000000bbca000 	/System/Library/Frameworks/CoreGraphics.framework/Versions/A/CoreGraphics
0x000000000bbca000 	/System/Library/Frameworks/CoreText.framework/Versions/A/CoreText
0x000000000bbca000 	/System/Library/Frameworks/ImageIO.framework/Versions/A/ImageIO
0x000000000bbca000 	/usr/lib/libextension.dylib
0x000000000bbca000 	/System/Library/PrivateFrameworks/Backup.framework/Versions/A/Backup
0x000000000bbca000 	/usr/lib/libarchive.2.dylib
0x000000000bbca000 	/System/Library/Frameworks/CFNetwork.framework/Versions/A/CFNetwork
0x000000000bbca000 	/System/Library/Frameworks/SystemConfiguration.framework/Versions/A/SystemConfiguration
0x000000000bbca000 	/usr/lib/libCRFSuite.dylib
0x000000000bbca000 	/usr/lib/libc++.1.dylib
0x000000000bbca000 	/usr/lib/libc++abi.dylib
0x000000000bbca000 	/usr/lib/system/libcache.dylib
0x000000000bbca000 	/usr/lib/system/libcommonCrypto.dylib
0x000000000bbca000 	/usr/lib/system/libcompiler_rt.dylib
0x000000000bbca000 	/usr/lib/system/libcopyfile.dylib
0x000000000bbca000 	/usr/lib/system/libcorecrypto.dylib
0x000000000bbca000 	/usr/lib/system/libdispatch.dylib
0x000000000bbca000 	/usr/lib/system/libdyld.dylib
0x000000000bbca000 	/usr/lib/system/libkeymgr.dylib
0x000000000bbca000 	/usr/lib/system/liblaunch.dylib
0x000000000bbca000 	/usr/lib/system/libmacho.dylib
0x000000000bbca000 	/usr/lib/system/libquarantine.dylib
0x000000000bbca000 	/usr/lib/system/libremovefile.dylib
0x000000000bbca000 	/usr/lib/system/libsystem_asl.dylib
0x000000000bbca000 	/usr/lib/system/libsystem_blocks.dylib
0x000000000bbca000 	/usr/lib/system/libsystem_c.dylib
0x000000000bbca000 	/usr/lib/system/libsystem_configuration.dylib
0x000000000bbca000 	/usr/lib/system/libsystem_coreservices.dylib
0x000000000bbca000 	/usr/lib/system/libsystem_coretls.dylib
0x000000000bbca000 	/usr/lib/system/libsystem_dnssd.dylib
0x000000000bbca000 	/usr/lib/system/libsystem_info.dylib
0x000000000bbca000 	/usr/lib/system/libsystem_kernel.dylib
0x000000000bbca000 	/usr/lib/system/libsystem_m.dylib
0x000000000bbca000 	/usr/lib/system/libsystem_malloc.dylib
0x000000000bbca000 	/usr/lib/system/libsystem_network.dylib
0x000000000bbca000 	/usr/lib/system/libsystem_networkextension.dylib
0x000000000bbca000 	/usr/lib/system/libsystem_notify.dylib
0x000000000bbca000 	/usr/lib/system/libsystem_platform.dylib
0x000000000bbca000 	/usr/lib/system/libsystem_pthread.dylib
0x000000000bbca000 	/usr/lib/system/libsystem_sandbox.dylib
0x000000000bbca000 	/usr/lib/system/libsystem_secinit.dylib
0x000000000bbca000 	/usr/lib/system/libsystem_stats.dylib
0x000000000bbca000 	/usr/lib/system/libsystem_trace.dylib
0x000000000bbca000 	/usr/lib/system/libunc.dylib
0x000000000bbca000 	/usr/lib/system/libunwind.dylib
0x000000000bbca000 	/usr/lib/system/libxpc.dylib
0x000000000bbca000 	/usr/lib/libbz2.1.0.dylib
0x000000000bbca000 	/usr/lib/liblzma.5.dylib
0x000000000bbca000 	/usr/lib/libbsm.0.dylib
0x000000000bbca000 	/usr/lib/libsqlite3.dylib
0x000000000bbca000 	/usr/lib/system/libkxld.dylib
0x000000000bbca000 	/usr/lib/libxar.1.dylib
0x000000000bbca000 	/usr/lib/libpam.2.dylib
0x000000000bbca000 	/usr/lib/libOpenScriptingUtil.dylib
0x000000000bbca000 	/System/Library/Frameworks/CoreServices.framework/Versions/A/Frameworks/FSEvents.framework/Versions/A/FSEvents
0x000000000bbca000 	/System/Library/Frameworks/CoreServices.framework/Versions/A/Frameworks/CarbonCore.framework/Versions/A/CarbonCore
0x000000000bbca000 	/System/Library/Frameworks/CoreServices.framework/Versions/A/Frameworks/Metadata.framework/Versions/A/Metadata
0x000000000bbca000 	/System/Library/Frameworks/CoreServices.framework/Versions/A/Frameworks/OSServices.framework/Versions/A/OSServices
0x000000000bbca000 	/System/Library/Frameworks/CoreServices.framework/Versions/A/Frameworks/SearchKit.framework/Versions/A/SearchKit
0x000000000bbca000 	/System/Library/Frameworks/CoreServices.framework/Versions/A/Frameworks/AE.framework/Versions/A/AE
0x000000000bbca000 	/System/Library/Frameworks/CoreServices.framework/Versions/A/Frameworks/LaunchServices.framework/Versions/A/LaunchServices
0x000000000bbca000 	/System/Library/Frameworks/CoreServices.framework/Versions/A/Frameworks/DictionaryServices.framework/Versions/A/DictionaryServices
0x000000000bbca000 	/System/Library/Frameworks/NetFS.framework/Versions/A/NetFS
0x000000000bbca000 	/System/Library/PrivateFrameworks/NetAuth.framework/Versions/A/NetAuth
0x000000000bbca000 	/System/Library/PrivateFrameworks/login.framework/Versions/A/Frameworks/loginsupport.framework/Versions/A/loginsupport
0x000000000bbca000 	/System/Library/PrivateFrameworks/TCC.framework/Versions/A/TCC
0x000000000bbca000 	/usr/lib/libmecabra.dylib
0x000000000bbca000 	/System/Library/Frameworks/ApplicationServices.framework/Versions/A/Frameworks/ATS.framework/Versions/A/ATS
0x000000000bbca000 	/System/Library/Frameworks/ApplicationServices.framework/Versions/A/Frameworks/ColorSync.framework/Versions/A/ColorSync
0x000000000bbca000 	/System/Library/Frameworks/ApplicationServices.framework/Versions/A/Frameworks/HIServices.framework/Versions/A/HIServices
0x000000000bbca000 	/System/Library/Frameworks/ApplicationServices.framework/Versions/A/Frameworks/LangAnalysis.framework/Versions/A/LangAnalysis
0x000000000bbca000 	/System/Library/Frameworks/ApplicationServices.framework/Versions/A/Frameworks/PrintCore.framework/Versions/A/PrintCore
0x000000000bbca000 	/System/Library/Frameworks/ApplicationServices.framework/Versions/A/Frameworks/QD.framework/Versions/A/QD
0x000000000bbca000 	/System/Library/Frameworks/ApplicationServices.framework/Versions/A/Frameworks/SpeechSynthesis.framework/Versions/A/SpeechSynthesis
0x000000000bbca000 	/System/Library/Frameworks/Accelerate.framework/Versions/A/Accelerate
0x000000000bbca000 	/System/Library/Frameworks/Accelerate.framework/Versions/A/Frameworks/vImage.framework/Versions/A/vImage
0x000000000bbca000 	/System/Library/Frameworks/Accelerate.framework/Versions/A/Frameworks/vecLib.framework/Versions/A/vecLib
0x000000000bbca000 	/System/Library/Frameworks/Accelerate.framework/Versions/A/Frameworks/vecLib.framework/Versions/A/libvDSP.dylib
0x000000000bbca000 	/System/Library/Frameworks/Accelerate.framework/Versions/A/Frameworks/vecLib.framework/Versions/A/libvMisc.dylib
0x000000000bbca000 	/System/Library/Frameworks/Accelerate.framework/Versions/A/Frameworks/vecLib.framework/Versions/A/libLAPACK.dylib
0x000000000bbca000 	/System/Library/Frameworks/Accelerate.framework/Versions/A/Frameworks/vecLib.framework/Versions/A/libBLAS.dylib
0x000000000bbca000 	/System/Library/Frameworks/Accelerate.framework/Versions/A/Frameworks/vecLib.framework/Versions/A/libLinearAlgebra.dylib
0x000000000bbca000 	/System/Library/Frameworks/ApplicationServices.framework/Versions/A/Frameworks/ATS.framework/Versions/A/Resources/libFontParser.dylib
0x000000000bbca000 	/System/Library/Frameworks/ApplicationServices.framework/Versions/A/Frameworks/ATS.framework/Versions/A/Resources/libFontRegistry.dylib
0x000000000bbca000 	/System/Library/PrivateFrameworks/AppleVPA.framework/Versions/A/AppleVPA
0x000000000bbca000 	/System/Library/PrivateFrameworks/AppleJPEG.framework/Versions/A/AppleJPEG
0x000000000bbca000 	/System/Library/Frameworks/ImageIO.framework/Versions/A/Resources/libJPEG.dylib
0x000000000bbca000 	/System/Library/Frameworks/ImageIO.framework/Versions/A/Resources/libTIFF.dylib
0x000000000bbca000 	/System/Library/Frameworks/ImageIO.framework/Versions/A/Resources/libPng.dylib
0x000000000bbca000 	/System/Library/Frameworks/ImageIO.framework/Versions/A/Resources/libGIF.dylib
0x000000000bbca000 	/System/Library/Frameworks/ImageIO.framework/Versions/A/Resources/libJP2.dylib
0x000000000bbca000 	/System/Library/Frameworks/ImageIO.framework/Versions/A/Resources/libRadiance.dylib
0x000000000bbca000 	/System/Library/Frameworks/CoreVideo.framework/Versions/A/CoreVideo
0x000000000bbca000 	/System/Library/Frameworks/OpenGL.framework/Versions/A/Libraries/libGLU.dylib
0x000000000bbca000 	/System/Library/Frameworks/OpenGL.framework/Versions/A/Libraries/libGFXShared.dylib
0x000000000bbca000 	/System/Library/Frameworks/OpenGL.framework/Versions/A/Libraries/libGL.dylib
0x000000000bbca000 	/System/Library/Frameworks/OpenGL.framework/Versions/A/Libraries/libGLImage.dylib
0x000000000bbca000 	/System/Library/Frameworks/OpenGL.framework/Versions/A/Libraries/libCVMSPluginSupport.dylib
0x000000000bbca000 	/System/Library/Frameworks/OpenGL.framework/Versions/A/Libraries/libCoreVMClient.dylib
0x000000000bbca000 	/usr/lib/libcups.2.dylib
0x000000000bbca000 	/System/Library/Frameworks/Kerberos.framework/Versions/A/Kerberos
0x000000000bbca000 	/System/Library/Frameworks/GSS.framework/Versions/A/GSS
0x000000000bbca000 	/usr/lib/libresolv.9.dylib
0x000000000bbca000 	/usr/lib/libiconv.2.dylib
0x000000000bbca000 	/System/Library/PrivateFrameworks/Heimdal.framework/Versions/A/Heimdal
0x000000000bbca000 	/usr/lib/libheimdal-asn1.dylib
0x000000000bbca000 	/System/Library/Frameworks/OpenDirectory.framework/Versions/A/OpenDirectory
0x000000000bbca000 	/System/Library/PrivateFrameworks/CommonAuth.framework/Versions/A/CommonAuth
0x000000000bbca000 	/System/Library/Frameworks/OpenDirectory.framework/Versions/A/Frameworks/CFOpenDirectory.framework/Versions/A/CFOpenDirectory
0x000000000bbca000 	/System/Library/Frameworks/SecurityFoundation.framework/Versions/A/SecurityFoundation
0x000000000bbca000 	/System/Library/PrivateFrameworks/LanguageModeling.framework/Versions/A/LanguageModeling
0x000000000bbca000 	/usr/lib/libcmph.dylib
0x000000000bbca000 	/System/Library/Frameworks/ServiceManagement.framework/Versions/A/ServiceManagement
0x000000000bbca000 	/usr/lib/libxslt.1.dylib
0x000000000bbca000 	/System/Library/Frameworks/Carbon.framework/Versions/A/Frameworks/Ink.framework/Versions/A/Ink
0x000000000bbca000 	/System/Library/Frameworks/QuartzCore.framework/Versions/A/Frameworks/CoreImage.framework/Versions/A/CoreImage
0x000000000bbca000 	/System/Library/PrivateFrameworks/CrashReporterSupport.framework/Versions/A/CrashReporterSupport
0x000000000bbca000 	/System/Library/Frameworks/OpenCL.framework/Versions/A/OpenCL
0x000000000bbca000 	/System/Library/PrivateFrameworks/FaceCore.framework/Versions/A/FaceCore
0x000000000bbca000 	/System/Library/PrivateFrameworks/Ubiquity.framework/Versions/A/Ubiquity
0x000000000bbca000 	/System/Library/PrivateFrameworks/IconServices.framework/Versions/A/IconServices
0x000000000bbca000 	/System/Library/PrivateFrameworks/ChunkingLibrary.framework/Versions/A/ChunkingLibrary
0x000000000bbca000 	/System/Library/PrivateFrameworks/Apple80211.framework/Versions/A/Apple80211
0x000000000bbca000 	/System/Library/Frameworks/CoreWLAN.framework/Versions/A/CoreWLAN
0x000000000bbca000 	/System/Library/Frameworks/IOBluetooth.framework/Versions/A/IOBluetooth
0x000000000bbca000 	/System/Library/PrivateFrameworks/CoreWiFi.framework/Versions/A/CoreWiFi
0x000000000bbca000 	/System/Library/Frameworks/CoreBluetooth.framework/Versions/A/CoreBluetooth
0x000000000bbca000 	/System/Library/PrivateFrameworks/DebugSymbols.framework/Versions/A/DebugSymbols
0x000000000bbca000 	/System/Library/PrivateFrameworks/CoreSymbolication.framework/Versions/A/CoreSymbolication
0x000000000bbca000 	/System/Library/PrivateFrameworks/Symbolication.framework/Versions/A/Symbolication
0x000000000bbca000 	/System/Library/PrivateFrameworks/SpeechRecognitionCore.framework/Versions/A/SpeechRecognitionCore
0x0000000106e00000 	/Library/Java/JavaVirtualMachines/jdk1.8.0_60.jdk/Contents/Home/jre/lib/server/libjvm.dylib
0x000000000bbca000 	/usr/lib/libstdc++.6.dylib
0x0000000105d2d000 	/Library/Java/JavaVirtualMachines/jdk1.8.0_60.jdk/Contents/Home/jre/lib/libverify.dylib
0x0000000105d3b000 	/Library/Java/JavaVirtualMachines/jdk1.8.0_60.jdk/Contents/Home/jre/lib/libjava.dylib
0x0000000105d7a000 	/Library/Java/JavaVirtualMachines/jdk1.8.0_60.jdk/Contents/Home/jre/lib/libzip.dylib
0x000000011ee1c000 	/System/Library/Frameworks/JavaVM.framework/Frameworks/JavaRuntimeSupport.framework/JavaRuntimeSupport
0x000000011ee34000 	/System/Library/Frameworks/JavaVM.framework/Versions/A/Frameworks/JavaNativeFoundation.framework/Versions/A/JavaNativeFoundation
0x000000011ee49000 	/System/Library/Frameworks/JavaVM.framework/Versions/A/JavaVM
0x000000000bbca000 	/System/Library/Frameworks/Carbon.framework/Versions/A/Carbon
0x0000000105df4000 	/System/Library/PrivateFrameworks/JavaLaunching.framework/Versions/A/JavaLaunching
0x000000000bbca000 	/System/Library/Frameworks/Carbon.framework/Versions/A/Frameworks/CommonPanels.framework/Versions/A/CommonPanels
0x000000000bbca000 	/System/Library/Frameworks/Carbon.framework/Versions/A/Frameworks/Help.framework/Versions/A/Help
0x000000000bbca000 	/System/Library/Frameworks/Carbon.framework/Versions/A/Frameworks/ImageCapture.framework/Versions/A/ImageCapture
0x000000000bbca000 	/System/Library/Frameworks/Carbon.framework/Versions/A/Frameworks/OpenScripting.framework/Versions/A/OpenScripting
0x000000000bbca000 	/System/Library/Frameworks/Carbon.framework/Versions/A/Frameworks/Print.framework/Versions/A/Print
0x000000000bbca000 	/System/Library/Frameworks/Carbon.framework/Versions/A/Frameworks/SecurityHI.framework/Versions/A/SecurityHI
0x0000000120ea1000 	/Library/Java/JavaVirtualMachines/jdk1.8.0_60.jdk/Contents/Home/jre/lib/libnet.dylib
0x0000000120f04000 	/Library/Java/JavaVirtualMachines/jdk1.8.0_60.jdk/Contents/Home/jre/lib/libnio.dylib
0x0000000161c02000 	/Users/mschoett1/Code/dxram/jni/libJNIconsole.dylib
0x000000000bbca000 	/usr/lib/libncurses.5.4.dylib

VM Arguments:
jvm_args: -Dnetwork.ip=127.0.0.1 -Dnetwork.port=22299 -Ddxram.role=Monitor -Dlog4j.configuration=file:////Users/mschoett1/Code/dxram/config/log4j.properties 
java_command: de.uniduesseldorf.dxram.run.Monitor
java_class_path (initial): lib/slf4j-log4j12-1.6.1.jar:lib/slf4j-api-1.6.1.jar:lib/zookeeper-3.4.3.jar:lib/log4j-1.2.16.jar:bin/
Launcher Type: SUN_STANDARD

Environment Variables:
JAVA_HOME=/Library/Java/JavaVirtualMachines/jdk1.8.0_60.jdk/Contents/Home
PATH=/Users/mschoett1/Scripts:/Users/mschoett1/Code/apache-ant-1.9.4/bin:/Users/mschoett1/Code/apache-maven-3.3.1/bin:/Users/mschoett1/Code/apache-spark-1.3.0/bin:/usr/local/bin:/usr/bin:/bin:/usr/sbin:/sbin:/opt/X11/bin:/usr/local/MacGPG2/bin:/Users/mschoett1/Code/myCPU/cc65/bin
SHELL=/bin/bash
DISPLAY=/private/tmp/com.apple.launchd.W2sBkJIj4S/org.macosforge.xquartz:0

Signal Handlers:
SIGSEGV: [libjvm.dylib+0x5a6d31], sa_mask[0]=11111111011111110111111111111111, sa_flags=SA_ONSTACK|SA_RESTART|SA_SIGINFO
SIGBUS: [libjvm.dylib+0x5a6d31], sa_mask[0]=11111111011111110111111111111111, sa_flags=SA_RESTART|SA_SIGINFO
SIGFPE: [libjvm.dylib+0x480a4c], sa_mask[0]=11111111011111110111111111111111, sa_flags=SA_RESTART|SA_SIGINFO
SIGPIPE: [libjvm.dylib+0x480a4c], sa_mask[0]=11111111011111110111111111111111, sa_flags=SA_RESTART|SA_SIGINFO
SIGXFSZ: [libjvm.dylib+0x480a4c], sa_mask[0]=11111111011111110111111111111111, sa_flags=SA_RESTART|SA_SIGINFO
SIGILL: [libjvm.dylib+0x480a4c], sa_mask[0]=11111111011111110111111111111111, sa_flags=SA_RESTART|SA_SIGINFO
SIGUSR1: SIG_DFL, sa_mask[0]=11011111011111100000000111000110, sa_flags=none
SIGUSR2: [libjvm.dylib+0x48056a], sa_mask[0]=00000000000000000000000000000000, sa_flags=SA_RESTART|SA_SIGINFO
SIGHUP: [libjvm.dylib+0x47eb41], sa_mask[0]=11111111011111110111111111111111, sa_flags=SA_RESTART|SA_SIGINFO
SIGINT: [libjvm.dylib+0x47eb41], sa_mask[0]=11111111011111110111111111111111, sa_flags=SA_RESTART|SA_SIGINFO
SIGTERM: [libjvm.dylib+0x47eb41], sa_mask[0]=11111111011111110111111111111111, sa_flags=SA_RESTART|SA_SIGINFO
SIGQUIT: [libjvm.dylib+0x47eb41], sa_mask[0]=11111111011111110111111111111111, sa_flags=SA_RESTART|SA_SIGINFO


---------------  S Y S T E M  ---------------

OS:Bsduname:Darwin 14.4.0 Darwin Kernel Version 14.4.0: Thu May 28 11:35:04 PDT 2015; root:xnu-2782.30.5~1/RELEASE_X86_64 x86_64
rlimit: STACK 8192k, CORE 0k, NPROC 709, NOFILE 10240, AS infinity
load average:2.59 2.64 4.48

CPU:total 8 (4 cores per cpu, 2 threads per core) family 6 model 42 stepping 7, cmov, cx8, fxsr, mmx, sse, sse2, sse3, ssse3, sse4.1, sse4.2, popcnt, avx, aes, clmul, ht, tsc, tscinvbit

Memory: 4k page, physical 8388608k(56964k free)

/proc/meminfo:


vm_info: Java HotSpot(TM) 64-Bit Server VM (25.60-b23) for bsd-amd64 JRE (1.8.0_60-b27), built on Aug  4 2015 10:47:24 by "java_re" with gcc 4.2.1 (Based on Apple Inc. build 5658) (LLVM build 2336.11.00)

time: Wed Sep  9 09:58:11 2015
elapsed time: 273 seconds (0d 0h 4m 33s)

